04.Feb 2024 23:45:08 [DEBUG] Start examing 0: 10up-sanitize.css
04.Feb 2024 23:45:09 [DEBUG] Start examing 1: 6to5
04.Feb 2024 23:46:01 [DEBUG] Start examing 2: 960gs
04.Feb 2024 23:46:01 [DEBUG] Start examing 3: AniJS
04.Feb 2024 23:46:04 [DEBUG] Start examing 4: Blotter
04.Feb 2024 23:46:04 [DEBUG] Start examing 5: BrowserFS
04.Feb 2024 23:46:14 [DEBUG] Start examing 6: Buttons
04.Feb 2024 23:46:14 [INFO]   [Dep Found] Buttons: 1.0 - jquery/2.2.4/jquery.min.js
04.Feb 2024 23:46:14 [INFO]   [Dep Found] Buttons: 1.1.1 - jquery/2.2.4/jquery.min.js
04.Feb 2024 23:46:14 [INFO]   [Dep Found] Buttons: 2.0.0 - jquery/2.2.4/jquery.min.js
04.Feb 2024 23:46:14 [DEBUG] Start examing 7: Chart.js
04.Feb 2024 23:46:34 [WARNING]   [Dep Not Found] Chart.js: 4.0.0-alpha.2
04.Feb 2024 23:46:34 [WARNING]   [Dep Not Found] Chart.js: 4.0.0-alpha.3
04.Feb 2024 23:46:35 [WARNING]   [Dep Not Found] Chart.js: 4.0.0-release
04.Feb 2024 23:46:35 [WARNING]   [Dep Not Found] Chart.js: 4.0.1
04.Feb 2024 23:46:36 [WARNING]   [Dep Not Found] Chart.js: 4.1.0
04.Feb 2024 23:46:36 [WARNING]   [Dep Not Found] Chart.js: 4.1.1
04.Feb 2024 23:46:37 [WARNING]   [Dep Not Found] Chart.js: 4.1.2
04.Feb 2024 23:46:37 [WARNING]   [Dep Not Found] Chart.js: 4.2.0
04.Feb 2024 23:46:38 [WARNING]   [Dep Not Found] Chart.js: 4.2.1
04.Feb 2024 23:46:38 [WARNING]   [Dep Not Found] Chart.js: 4.3.0
04.Feb 2024 23:46:38 [WARNING]   [Dep Not Found] Chart.js: 4.3.1
04.Feb 2024 23:46:39 [WARNING]   [Dep Not Found] Chart.js: 4.3.2
04.Feb 2024 23:46:39 [WARNING]   [Dep Not Found] Chart.js: 4.3.3
04.Feb 2024 23:46:40 [WARNING]   [Dep Not Found] Chart.js: 4.4.0
04.Feb 2024 23:46:40 [WARNING]   [Dep Not Found] Chart.js: 4.4.1
04.Feb 2024 23:46:40 [DEBUG] Start examing 8: ContentTools
04.Feb 2024 23:46:49 [DEBUG] Start examing 9: Director
04.Feb 2024 23:46:50 [DEBUG] Start examing 10: EaselJS
04.Feb 2024 23:46:51 [DEBUG] Start examing 11: EventEmitter
04.Feb 2024 23:46:58 [DEBUG] Start examing 12: FileSaver.js
04.Feb 2024 23:47:00 [WARNING]   [Dep Not Found] FileSaver.js: 2.0.0-rc.3
04.Feb 2024 23:47:02 [DEBUG] Start examing 13: FitText.js
04.Feb 2024 23:47:02 [INFO]   [Dep Found] FitText.js: 1.1 - jquery/2.2.4/jquery.min.js
04.Feb 2024 23:47:02 [INFO]   [Dep Found] FitText.js: 1.2.0 - jquery/2.2.4/jquery.min.js
04.Feb 2024 23:47:02 [DEBUG] Start examing 14: FlexSearch
04.Feb 2024 23:47:05 [DEBUG] Start examing 15: Flowtype.js
04.Feb 2024 23:47:05 [INFO]   [Dep Found] Flowtype.js: 1.1.0 - jquery/2.2.4/jquery.min.js
04.Feb 2024 23:47:05 [DEBUG] Start examing 16: FrozenUI
04.Feb 2024 23:47:06 [WARNING]   [Dep Not Found] FrozenUI: 1.3.0
04.Feb 2024 23:47:06 [DEBUG] Start examing 17: Glide.js
04.Feb 2024 23:47:06 [INFO]   [Dep Found] Glide.js: 1.0.6 - jquery/2.2.4/jquery.min.js
04.Feb 2024 23:47:06 [INFO]   [Dep Found] Glide.js: 1.0.7 - jquery/2.2.4/jquery.min.js
04.Feb 2024 23:47:07 [INFO]   [Dep Found] Glide.js: 2.0.0 - jquery/2.2.4/jquery.min.js
04.Feb 2024 23:47:07 [INFO]   [Dep Found] Glide.js: 2.0.1 - jquery/2.2.4/jquery.min.js
04.Feb 2024 23:47:07 [INFO]   [Dep Found] Glide.js: 2.0.2 - jquery/2.2.4/jquery.min.js
04.Feb 2024 23:47:07 [INFO]   [Dep Found] Glide.js: 2.0.3 - jquery/2.2.4/jquery.min.js
04.Feb 2024 23:47:08 [INFO]   [Dep Found] Glide.js: 2.0.4 - jquery/2.2.4/jquery.min.js
04.Feb 2024 23:47:08 [INFO]   [Dep Found] Glide.js: 2.0.5 - jquery/2.2.4/jquery.min.js
04.Feb 2024 23:47:08 [INFO]   [Dep Found] Glide.js: 2.0.6 - jquery/2.2.4/jquery.min.js
04.Feb 2024 23:47:08 [INFO]   [Dep Found] Glide.js: 2.0.7 - jquery/2.2.4/jquery.min.js
04.Feb 2024 23:47:09 [INFO]   [Dep Found] Glide.js: 2.0.8 - jquery/2.2.4/jquery.min.js
04.Feb 2024 23:47:09 [INFO]   [Dep Found] Glide.js: 2.0.9 - jquery/2.2.4/jquery.min.js
04.Feb 2024 23:47:09 [INFO]   [Dep Found] Glide.js: 2.1.0 - jquery/2.2.4/jquery.min.js
04.Feb 2024 23:47:12 [DEBUG] Start examing 18: Halfmoon
04.Feb 2024 23:47:14 [DEBUG] Start examing 19: IBM-type
04.Feb 2024 23:47:15 [DEBUG] Start examing 20: Iosevka
04.Feb 2024 23:47:16 [DEBUG] Start examing 21: KaTeX
04.Feb 2024 23:47:34 [DEBUG] Start examing 22: Ladda
04.Feb 2024 23:47:38 [DEBUG] Start examing 23: Mock.js
04.Feb 2024 23:47:42 [DEBUG] Start examing 24: Nestable
04.Feb 2024 23:47:42 [INFO]   [Dep Found] Nestable: 2012-06-27 - jquery/2.2.4/jquery.min.js
04.Feb 2024 23:47:42 [INFO]   [Dep Found] Nestable: 2012-10-15 - jquery/2.2.4/jquery.min.js
04.Feb 2024 23:47:42 [DEBUG] Start examing 25: OwlCarousel2
04.Feb 2024 23:47:43 [INFO]   [Dep Found] OwlCarousel2: 2.0.0-beta.2.4 - jquery/2.2.4/jquery.min.js
04.Feb 2024 23:47:43 [INFO]   [Dep Found] OwlCarousel2: 2.0.0-beta.3 - jquery/2.2.4/jquery.min.js
04.Feb 2024 23:47:43 [INFO]   [Dep Found] OwlCarousel2: 2.1.0 - jquery/2.2.4/jquery.min.js
04.Feb 2024 23:47:43 [INFO]   [Dep Found] OwlCarousel2: 2.1.1 - jquery/2.2.4/jquery.min.js
04.Feb 2024 23:47:43 [INFO]   [Dep Found] OwlCarousel2: 2.1.2 - jquery/2.2.4/jquery.min.js
04.Feb 2024 23:47:44 [INFO]   [Dep Found] OwlCarousel2: 2.1.3 - jquery/2.2.4/jquery.min.js
04.Feb 2024 23:47:44 [INFO]   [Dep Found] OwlCarousel2: 2.1.4 - jquery/2.2.4/jquery.min.js
04.Feb 2024 23:47:44 [INFO]   [Dep Found] OwlCarousel2: 2.1.5 - jquery/2.2.4/jquery.min.js
04.Feb 2024 23:47:44 [INFO]   [Dep Found] OwlCarousel2: 2.1.6 - jquery/2.2.4/jquery.min.js
04.Feb 2024 23:47:45 [INFO]   [Dep Found] OwlCarousel2: 2.2.0 - jquery/2.2.4/jquery.min.js
04.Feb 2024 23:47:45 [INFO]   [Dep Found] OwlCarousel2: 2.2.1 - jquery/2.2.4/jquery.min.js
04.Feb 2024 23:47:45 [INFO]   [Dep Found] OwlCarousel2: 2.3.1 - jquery/2.2.4/jquery.min.js
04.Feb 2024 23:47:45 [INFO]   [Dep Found] OwlCarousel2: 2.3.2 - jquery/2.2.4/jquery.min.js
04.Feb 2024 23:47:45 [INFO]   [Dep Found] OwlCarousel2: 2.3.3 - jquery/2.2.4/jquery.min.js
04.Feb 2024 23:47:45 [INFO]   [Dep Found] OwlCarousel2: 2.3.4 - jquery/2.2.4/jquery.min.js
04.Feb 2024 23:47:45 [DEBUG] Start examing 26: PapaParse
04.Feb 2024 23:47:46 [WARNING]   [Dep Not Found] PapaParse: 3.0.0
04.Feb 2024 23:47:46 [WARNING]   [Dep Not Found] PapaParse: 3.0.1
04.Feb 2024 23:47:47 [WARNING]   [Dep Not Found] PapaParse: 3.1.0
04.Feb 2024 23:47:47 [WARNING]   [Dep Not Found] PapaParse: 3.1.1
04.Feb 2024 23:47:48 [WARNING]   [Dep Not Found] PapaParse: 3.1.2
04.Feb 2024 23:47:48 [WARNING]   [Dep Not Found] PapaParse: 3.1.3
04.Feb 2024 23:47:49 [WARNING]   [Dep Not Found] PapaParse: 3.1.4
04.Feb 2024 23:47:49 [WARNING]   [Dep Not Found] PapaParse: 4.0.0
04.Feb 2024 23:47:50 [WARNING]   [Dep Not Found] PapaParse: 4.0.1
04.Feb 2024 23:47:50 [WARNING]   [Dep Not Found] PapaParse: 4.0.2
04.Feb 2024 23:47:51 [WARNING]   [Dep Not Found] PapaParse: 4.0.3
04.Feb 2024 23:47:51 [WARNING]   [Dep Not Found] PapaParse: 4.0.4
04.Feb 2024 23:47:52 [WARNING]   [Dep Not Found] PapaParse: 4.0.5
04.Feb 2024 23:47:53 [WARNING]   [Dep Not Found] PapaParse: 4.0.6
04.Feb 2024 23:47:53 [WARNING]   [Dep Not Found] PapaParse: 4.0.7
04.Feb 2024 23:47:59 [DEBUG] Start examing 27: PhysicsJS
04.Feb 2024 23:48:00 [DEBUG] Start examing 28: PreloadJS
04.Feb 2024 23:48:02 [DEBUG] Start examing 29: RecordRTC
04.Feb 2024 23:48:10 [WARNING]   [Dep Not Found] RecordRTC: 5.2.3
04.Feb 2024 23:48:18 [DEBUG] Start examing 30: ResponsiveSlides.js
04.Feb 2024 23:48:19 [INFO]   [Dep Found] ResponsiveSlides.js: 1.2 - jquery/2.2.4/jquery.min.js
04.Feb 2024 23:48:19 [INFO]   [Dep Found] ResponsiveSlides.js: 1.21 - jquery/2.2.4/jquery.min.js
04.Feb 2024 23:48:19 [INFO]   [Dep Found] ResponsiveSlides.js: 1.22 - jquery/2.2.4/jquery.min.js
04.Feb 2024 23:48:19 [INFO]   [Dep Found] ResponsiveSlides.js: 1.23 - jquery/2.2.4/jquery.min.js
04.Feb 2024 23:48:20 [INFO]   [Dep Found] ResponsiveSlides.js: 1.24 - jquery/2.2.4/jquery.min.js
04.Feb 2024 23:48:20 [INFO]   [Dep Found] ResponsiveSlides.js: 1.25 - jquery/2.2.4/jquery.min.js
04.Feb 2024 23:48:20 [INFO]   [Dep Found] ResponsiveSlides.js: 1.3 - jquery/2.2.4/jquery.min.js
04.Feb 2024 23:48:20 [INFO]   [Dep Found] ResponsiveSlides.js: 1.31 - jquery/2.2.4/jquery.min.js
04.Feb 2024 23:48:21 [INFO]   [Dep Found] ResponsiveSlides.js: 1.32 - jquery/2.2.4/jquery.min.js
04.Feb 2024 23:48:21 [INFO]   [Dep Found] ResponsiveSlides.js: 1.50 - jquery/2.2.4/jquery.min.js
04.Feb 2024 23:48:21 [INFO]   [Dep Found] ResponsiveSlides.js: 1.51 - jquery/2.2.4/jquery.min.js
04.Feb 2024 23:48:22 [INFO]   [Dep Found] ResponsiveSlides.js: 1.52 - jquery/2.2.4/jquery.min.js
04.Feb 2024 23:48:22 [INFO]   [Dep Found] ResponsiveSlides.js: 1.53 - jquery/2.2.4/jquery.min.js
04.Feb 2024 23:48:22 [INFO]   [Dep Found] ResponsiveSlides.js: 1.54 - jquery/2.2.4/jquery.min.js
04.Feb 2024 23:48:22 [INFO]   [Dep Found] ResponsiveSlides.js: 1.55 - jquery/2.2.4/jquery.min.js
04.Feb 2024 23:48:22 [DEBUG] Start examing 31: ScrollMagic
04.Feb 2024 23:48:23 [WARNING]   [Dep Not Found] ScrollMagic: 1.3.0
04.Feb 2024 23:48:24 [DEBUG] Start examing 32: ScrollTrigger
04.Feb 2024 23:48:29 [DEBUG] Start examing 33: Sly
04.Feb 2024 23:48:29 [INFO]   [Dep Found] Sly: 1.0.0 - jquery/2.2.4/jquery.min.js
04.Feb 2024 23:48:30 [INFO]   [Dep Found] Sly: 1.0.1 - jquery/2.2.4/jquery.min.js
04.Feb 2024 23:48:30 [INFO]   [Dep Found] Sly: 1.0.2 - jquery/2.2.4/jquery.min.js
04.Feb 2024 23:48:30 [INFO]   [Dep Found] Sly: 1.1.0 - jquery/2.2.4/jquery.min.js
04.Feb 2024 23:48:30 [INFO]   [Dep Found] Sly: 1.2.0 - jquery/2.2.4/jquery.min.js
04.Feb 2024 23:48:31 [INFO]   [Dep Found] Sly: 1.2.1 - jquery/2.2.4/jquery.min.js
04.Feb 2024 23:48:31 [INFO]   [Dep Found] Sly: 1.2.2 - jquery/2.2.4/jquery.min.js
04.Feb 2024 23:48:31 [INFO]   [Dep Found] Sly: 1.2.3 - jquery/2.2.4/jquery.min.js
04.Feb 2024 23:48:32 [INFO]   [Dep Found] Sly: 1.2.4 - jquery/2.2.4/jquery.min.js
04.Feb 2024 23:48:32 [INFO]   [Dep Found] Sly: 1.2.5 - jquery/2.2.4/jquery.min.js
04.Feb 2024 23:48:32 [INFO]   [Dep Found] Sly: 1.2.6 - jquery/2.2.4/jquery.min.js
04.Feb 2024 23:48:33 [INFO]   [Dep Found] Sly: 1.2.7 - jquery/2.2.4/jquery.min.js
04.Feb 2024 23:48:33 [INFO]   [Dep Found] Sly: 1.3.0 - jquery/2.2.4/jquery.min.js
04.Feb 2024 23:48:33 [INFO]   [Dep Found] Sly: 1.4.0 - jquery/2.2.4/jquery.min.js
04.Feb 2024 23:48:33 [INFO]   [Dep Found] Sly: 1.4.1 - jquery/2.2.4/jquery.min.js
04.Feb 2024 23:48:34 [INFO]   [Dep Found] Sly: 1.4.2 - jquery/2.2.4/jquery.min.js
04.Feb 2024 23:48:34 [INFO]   [Dep Found] Sly: 1.4.3 - jquery/2.2.4/jquery.min.js
04.Feb 2024 23:48:34 [INFO]   [Dep Found] Sly: 1.4.4 - jquery/2.2.4/jquery.min.js
04.Feb 2024 23:48:35 [INFO]   [Dep Found] Sly: 1.5.0 - jquery/2.2.4/jquery.min.js
04.Feb 2024 23:48:35 [INFO]   [Dep Found] Sly: 1.5.1 - jquery/2.2.4/jquery.min.js
04.Feb 2024 23:48:35 [INFO]   [Dep Found] Sly: 1.6.0 - jquery/2.2.4/jquery.min.js
04.Feb 2024 23:48:35 [INFO]   [Dep Found] Sly: 1.6.1 - jquery/2.2.4/jquery.min.js
04.Feb 2024 23:48:35 [DEBUG] Start examing 34: Sortable
04.Feb 2024 23:48:48 [DEBUG] Start examing 35: SoundJS
04.Feb 2024 23:48:49 [WARNING]   [Dep Not Found] SoundJS: 0.2.0
04.Feb 2024 23:48:51 [WARNING]   [Dep Not Found] SoundJS: 0.4.0
04.Feb 2024 23:48:52 [WARNING]   [Dep Not Found] SoundJS: 0.4.1
04.Feb 2024 23:48:55 [DEBUG] Start examing 36: SyntaxHighlighter
04.Feb 2024 23:48:56 [WARNING]   [Dep Not Found] SyntaxHighlighter: 3.0.83
04.Feb 2024 23:48:56 [DEBUG] Start examing 37: Trumbowyg
04.Feb 2024 23:48:57 [INFO]   [Dep Found] Trumbowyg: 1.1.0 - jquery/2.2.4/jquery.min.js
04.Feb 2024 23:48:57 [INFO]   [Dep Found] Trumbowyg: 1.1.1 - jquery/2.2.4/jquery.min.js
04.Feb 2024 23:48:58 [INFO]   [Dep Found] Trumbowyg: 1.1.2 - jquery/2.2.4/jquery.min.js
04.Feb 2024 23:48:58 [INFO]   [Dep Found] Trumbowyg: 1.1.3 - jquery/2.2.4/jquery.min.js
04.Feb 2024 23:48:59 [INFO]   [Dep Found] Trumbowyg: 1.1.4 - jquery/2.2.4/jquery.min.js
04.Feb 2024 23:48:59 [INFO]   [Dep Found] Trumbowyg: 1.1.5 - jquery/2.2.4/jquery.min.js
04.Feb 2024 23:49:00 [INFO]   [Dep Found] Trumbowyg: 1.1.6 - jquery/2.2.4/jquery.min.js
04.Feb 2024 23:49:01 [INFO]   [Dep Found] Trumbowyg: 1.1.7 - jquery/2.2.4/jquery.min.js
04.Feb 2024 23:49:01 [INFO]   [Dep Found] Trumbowyg: 2.0.0 - jquery/2.2.4/jquery.min.js
04.Feb 2024 23:49:02 [INFO]   [Dep Found] Trumbowyg: 2.0.0-beta.0 - jquery/2.2.4/jquery.min.js
04.Feb 2024 23:49:03 [INFO]   [Dep Found] Trumbowyg: 2.0.0-beta.1 - jquery/2.2.4/jquery.min.js
04.Feb 2024 23:49:03 [INFO]   [Dep Found] Trumbowyg: 2.0.0-beta.2 - jquery/2.2.4/jquery.min.js
04.Feb 2024 23:49:04 [INFO]   [Dep Found] Trumbowyg: 2.0.0-beta.3 - jquery/2.2.4/jquery.min.js
04.Feb 2024 23:49:04 [INFO]   [Dep Found] Trumbowyg: 2.0.0-beta.4 - jquery/2.2.4/jquery.min.js
04.Feb 2024 23:49:05 [INFO]   [Dep Found] Trumbowyg: 2.0.0-beta.5 - jquery/2.2.4/jquery.min.js
04.Feb 2024 23:49:05 [INFO]   [Dep Found] Trumbowyg: 2.0.0-beta.6 - jquery/2.2.4/jquery.min.js
04.Feb 2024 23:49:06 [INFO]   [Dep Found] Trumbowyg: 2.0.0-beta.7 - jquery/2.2.4/jquery.min.js
04.Feb 2024 23:49:06 [INFO]   [Dep Found] Trumbowyg: 2.0.0-beta.8 - jquery/2.2.4/jquery.min.js
04.Feb 2024 23:49:07 [INFO]   [Dep Found] Trumbowyg: 2.0.1 - jquery/2.2.4/jquery.min.js
04.Feb 2024 23:49:08 [INFO]   [Dep Found] Trumbowyg: 2.0.2 - jquery/2.2.4/jquery.min.js
04.Feb 2024 23:49:08 [INFO]   [Dep Found] Trumbowyg: 2.0.3 - jquery/2.2.4/jquery.min.js
04.Feb 2024 23:49:09 [INFO]   [Dep Found] Trumbowyg: 2.0.4 - jquery/2.2.4/jquery.min.js
04.Feb 2024 23:49:10 [INFO]   [Dep Found] Trumbowyg: 2.0.5 - jquery/2.2.4/jquery.min.js
04.Feb 2024 23:49:10 [INFO]   [Dep Found] Trumbowyg: 2.1.0 - jquery/2.2.4/jquery.min.js
04.Feb 2024 23:49:11 [INFO]   [Dep Found] Trumbowyg: 2.1.1 - jquery/2.2.4/jquery.min.js
04.Feb 2024 23:49:11 [INFO]   [Dep Found] Trumbowyg: 2.1.2 - jquery/2.2.4/jquery.min.js
04.Feb 2024 23:49:12 [INFO]   [Dep Found] Trumbowyg: 2.1.3 - jquery/2.2.4/jquery.min.js
04.Feb 2024 23:49:12 [INFO]   [Dep Found] Trumbowyg: 2.1.4 - jquery/2.2.4/jquery.min.js
04.Feb 2024 23:49:13 [INFO]   [Dep Found] Trumbowyg: 2.1.5 - jquery/2.2.4/jquery.min.js
04.Feb 2024 23:49:13 [INFO]   [Dep Found] Trumbowyg: 2.1.6 - jquery/2.2.4/jquery.min.js
04.Feb 2024 23:49:14 [INFO]   [Dep Found] Trumbowyg: 2.10.0 - jquery/2.2.4/jquery.min.js
04.Feb 2024 23:49:14 [INFO]   [Dep Found] Trumbowyg: 2.11.0 - jquery/2.2.4/jquery.min.js
04.Feb 2024 23:49:15 [INFO]   [Dep Found] Trumbowyg: 2.11.1 - jquery/2.2.4/jquery.min.js
04.Feb 2024 23:49:15 [INFO]   [Dep Found] Trumbowyg: 2.12.0 - jquery/2.2.4/jquery.min.js
04.Feb 2024 23:49:16 [INFO]   [Dep Found] Trumbowyg: 2.12.1 - jquery/2.2.4/jquery.min.js
04.Feb 2024 23:49:17 [INFO]   [Dep Found] Trumbowyg: 2.12.2 - jquery/2.2.4/jquery.min.js
04.Feb 2024 23:49:18 [INFO]   [Dep Found] Trumbowyg: 2.13.0 - jquery/2.2.4/jquery.min.js
04.Feb 2024 23:49:18 [INFO]   [Dep Found] Trumbowyg: 2.14.0 - jquery/2.2.4/jquery.min.js
04.Feb 2024 23:49:19 [INFO]   [Dep Found] Trumbowyg: 2.15.0 - jquery/2.2.4/jquery.min.js
04.Feb 2024 23:49:20 [INFO]   [Dep Found] Trumbowyg: 2.15.1 - jquery/2.2.4/jquery.min.js
04.Feb 2024 23:49:20 [INFO]   [Dep Found] Trumbowyg: 2.15.2 - jquery/2.2.4/jquery.min.js
04.Feb 2024 23:49:21 [INFO]   [Dep Found] Trumbowyg: 2.16.0 - jquery/2.2.4/jquery.min.js
04.Feb 2024 23:49:22 [INFO]   [Dep Found] Trumbowyg: 2.16.1 - jquery/2.2.4/jquery.min.js
04.Feb 2024 23:49:23 [INFO]   [Dep Found] Trumbowyg: 2.16.2 - jquery/2.2.4/jquery.min.js
04.Feb 2024 23:49:23 [INFO]   [Dep Found] Trumbowyg: 2.17.0 - jquery/2.2.4/jquery.min.js
04.Feb 2024 23:49:24 [INFO]   [Dep Found] Trumbowyg: 2.18.0 - jquery/2.2.4/jquery.min.js
04.Feb 2024 23:49:24 [INFO]   [Dep Found] Trumbowyg: 2.19.0 - jquery/2.2.4/jquery.min.js
04.Feb 2024 23:49:25 [INFO]   [Dep Found] Trumbowyg: 2.19.1 - jquery/2.2.4/jquery.min.js
04.Feb 2024 23:49:25 [INFO]   [Dep Found] Trumbowyg: 2.2.0 - jquery/2.2.4/jquery.min.js
04.Feb 2024 23:49:26 [INFO]   [Dep Found] Trumbowyg: 2.20.0 - jquery/2.2.4/jquery.min.js
04.Feb 2024 23:49:27 [INFO]   [Dep Found] Trumbowyg: 2.21.0 - jquery/2.2.4/jquery.min.js
04.Feb 2024 23:49:27 [INFO]   [Dep Found] Trumbowyg: 2.22.0 - jquery/2.2.4/jquery.min.js
04.Feb 2024 23:49:28 [INFO]   [Dep Found] Trumbowyg: 2.23.0 - jquery/2.2.4/jquery.min.js
04.Feb 2024 23:49:28 [INFO]   [Dep Found] Trumbowyg: 2.24.0 - jquery/2.2.4/jquery.min.js
04.Feb 2024 23:49:29 [INFO]   [Dep Found] Trumbowyg: 2.25.0 - jquery/2.2.4/jquery.min.js
04.Feb 2024 23:49:30 [INFO]   [Dep Found] Trumbowyg: 2.25.1 - jquery/2.2.4/jquery.min.js
04.Feb 2024 23:49:30 [INFO]   [Dep Found] Trumbowyg: 2.25.2 - jquery/2.2.4/jquery.min.js
04.Feb 2024 23:49:31 [INFO]   [Dep Found] Trumbowyg: 2.26.0 - jquery/2.2.4/jquery.min.js
04.Feb 2024 23:49:32 [INFO]   [Dep Found] Trumbowyg: 2.27.0 - jquery/2.2.4/jquery.min.js
04.Feb 2024 23:49:32 [INFO]   [Dep Found] Trumbowyg: 2.27.1 - jquery/2.2.4/jquery.min.js
04.Feb 2024 23:49:33 [INFO]   [Dep Found] Trumbowyg: 2.27.2 - jquery/2.2.4/jquery.min.js
04.Feb 2024 23:49:34 [INFO]   [Dep Found] Trumbowyg: 2.27.3 - jquery/2.2.4/jquery.min.js
04.Feb 2024 23:49:34 [INFO]   [Dep Found] Trumbowyg: 2.3.0 - jquery/2.2.4/jquery.min.js
04.Feb 2024 23:49:35 [INFO]   [Dep Found] Trumbowyg: 2.4.0 - jquery/2.2.4/jquery.min.js
04.Feb 2024 23:49:36 [INFO]   [Dep Found] Trumbowyg: 2.4.1 - jquery/2.2.4/jquery.min.js
04.Feb 2024 23:49:36 [INFO]   [Dep Found] Trumbowyg: 2.4.2 - jquery/2.2.4/jquery.min.js
04.Feb 2024 23:49:37 [INFO]   [Dep Found] Trumbowyg: 2.4.3 - jquery/2.2.4/jquery.min.js
04.Feb 2024 23:49:37 [INFO]   [Dep Found] Trumbowyg: 2.4.4 - jquery/2.2.4/jquery.min.js
04.Feb 2024 23:49:38 [INFO]   [Dep Found] Trumbowyg: 2.5.0 - jquery/2.2.4/jquery.min.js
04.Feb 2024 23:49:38 [INFO]   [Dep Found] Trumbowyg: 2.5.1 - jquery/2.2.4/jquery.min.js
04.Feb 2024 23:49:39 [INFO]   [Dep Found] Trumbowyg: 2.6.0 - jquery/2.2.4/jquery.min.js
04.Feb 2024 23:49:40 [INFO]   [Dep Found] Trumbowyg: 2.7.0 - jquery/2.2.4/jquery.min.js
04.Feb 2024 23:49:40 [INFO]   [Dep Found] Trumbowyg: 2.7.1 - jquery/2.2.4/jquery.min.js
04.Feb 2024 23:49:41 [INFO]   [Dep Found] Trumbowyg: 2.7.2 - jquery/2.2.4/jquery.min.js
04.Feb 2024 23:49:42 [INFO]   [Dep Found] Trumbowyg: 2.8.0 - jquery/2.2.4/jquery.min.js
04.Feb 2024 23:49:42 [INFO]   [Dep Found] Trumbowyg: 2.8.1 - jquery/2.2.4/jquery.min.js
04.Feb 2024 23:49:43 [INFO]   [Dep Found] Trumbowyg: 2.9.0 - jquery/2.2.4/jquery.min.js
04.Feb 2024 23:49:44 [INFO]   [Dep Found] Trumbowyg: 2.9.1 - jquery/2.2.4/jquery.min.js
04.Feb 2024 23:49:44 [INFO]   [Dep Found] Trumbowyg: 2.9.2 - jquery/2.2.4/jquery.min.js
04.Feb 2024 23:49:45 [INFO]   [Dep Found] Trumbowyg: 2.9.3 - jquery/2.2.4/jquery.min.js
04.Feb 2024 23:49:46 [INFO]   [Dep Found] Trumbowyg: 2.9.4 - jquery/2.2.4/jquery.min.js
04.Feb 2024 23:49:46 [DEBUG] Start examing 38: Turf.js
04.Feb 2024 23:49:47 [WARNING]   [Dep Not Found] Turf.js: 0.0.101
04.Feb 2024 23:49:49 [WARNING]   [Dep Not Found] Turf.js: 0.0.104
04.Feb 2024 23:49:50 [WARNING]   [Dep Not Found] Turf.js: 0.0.105
04.Feb 2024 23:49:51 [WARNING]   [Dep Not Found] Turf.js: 0.0.106
04.Feb 2024 23:49:53 [WARNING]   [Dep Not Found] Turf.js: 0.0.107
04.Feb 2024 23:49:54 [WARNING]   [Dep Not Found] Turf.js: 0.0.108
04.Feb 2024 23:49:55 [WARNING]   [Dep Not Found] Turf.js: 0.0.109
04.Feb 2024 23:49:57 [WARNING]   [Dep Not Found] Turf.js: 0.0.110
04.Feb 2024 23:49:58 [WARNING]   [Dep Not Found] Turf.js: 0.0.111
04.Feb 2024 23:50:00 [WARNING]   [Dep Not Found] Turf.js: 0.0.112
04.Feb 2024 23:50:01 [WARNING]   [Dep Not Found] Turf.js: 0.0.116
04.Feb 2024 23:50:03 [WARNING]   [Dep Not Found] Turf.js: 0.0.117
04.Feb 2024 23:50:04 [WARNING]   [Dep Not Found] Turf.js: 0.0.118
04.Feb 2024 23:50:06 [WARNING]   [Dep Not Found] Turf.js: 0.0.119
04.Feb 2024 23:50:07 [WARNING]   [Dep Not Found] Turf.js: 0.0.120
04.Feb 2024 23:50:09 [WARNING]   [Dep Not Found] Turf.js: 0.0.121
04.Feb 2024 23:50:22 [WARNING]   [Dep Not Found] Turf.js: 0.0.70
04.Feb 2024 23:50:24 [WARNING]   [Dep Not Found] Turf.js: 0.0.71
04.Feb 2024 23:50:25 [WARNING]   [Dep Not Found] Turf.js: 0.0.72
04.Feb 2024 23:50:26 [WARNING]   [Dep Not Found] Turf.js: 0.0.73
04.Feb 2024 23:50:28 [WARNING]   [Dep Not Found] Turf.js: 0.0.79
04.Feb 2024 23:50:29 [WARNING]   [Dep Not Found] Turf.js: 0.0.80
04.Feb 2024 23:50:31 [WARNING]   [Dep Not Found] Turf.js: 0.0.84
04.Feb 2024 23:50:32 [WARNING]   [Dep Not Found] Turf.js: 0.0.86
04.Feb 2024 23:50:34 [WARNING]   [Dep Not Found] Turf.js: 0.0.87
04.Feb 2024 23:50:35 [WARNING]   [Dep Not Found] Turf.js: 0.0.88
04.Feb 2024 23:50:37 [WARNING]   [Dep Not Found] Turf.js: 0.0.89
04.Feb 2024 23:50:38 [WARNING]   [Dep Not Found] Turf.js: 0.0.90
04.Feb 2024 23:50:40 [WARNING]   [Dep Not Found] Turf.js: 0.0.91
04.Feb 2024 23:50:42 [WARNING]   [Dep Not Found] Turf.js: 0.0.92
04.Feb 2024 23:50:43 [WARNING]   [Dep Not Found] Turf.js: 0.0.93
04.Feb 2024 23:50:44 [WARNING]   [Dep Not Found] Turf.js: 0.0.94
04.Feb 2024 23:50:46 [WARNING]   [Dep Not Found] Turf.js: 0.0.95
04.Feb 2024 23:50:47 [WARNING]   [Dep Not Found] Turf.js: 0.0.97
04.Feb 2024 23:50:49 [WARNING]   [Dep Not Found] Turf.js: 0.0.99
04.Feb 2024 23:51:42 [WARNING]   [Dep Not Found] Turf.js: 5.1.0
04.Feb 2024 23:51:44 [WARNING]   [Dep Not Found] Turf.js: 5.1.1
04.Feb 2024 23:51:46 [WARNING]   [Dep Not Found] Turf.js: 5.1.2
04.Feb 2024 23:51:48 [WARNING]   [Dep Not Found] Turf.js: 5.1.3
04.Feb 2024 23:51:55 [DEBUG] Start examing 39: UAParser.js
04.Feb 2024 23:51:58 [WARNING]   [Dep Not Found] UAParser.js: 0.5.22
04.Feb 2024 23:52:00 [WARNING]   [Dep Not Found] UAParser.js: 0.5.23
04.Feb 2024 23:52:28 [DEBUG] Start examing 40: URI.js
04.Feb 2024 23:52:31 [WARNING]   [Dep Not Found] URI.js: 1.10.0
04.Feb 2024 23:52:33 [WARNING]   [Dep Not Found] URI.js: 1.10.1
04.Feb 2024 23:52:35 [WARNING]   [Dep Not Found] URI.js: 1.10.2
04.Feb 2024 23:52:38 [WARNING]   [Dep Not Found] URI.js: 1.11.0
04.Feb 2024 23:52:40 [WARNING]   [Dep Not Found] URI.js: 1.11.1
04.Feb 2024 23:52:42 [WARNING]   [Dep Not Found] URI.js: 1.12.0
04.Feb 2024 23:52:44 [WARNING]   [Dep Not Found] URI.js: 1.12.1
04.Feb 2024 23:52:46 [WARNING]   [Dep Not Found] URI.js: 1.13.0
04.Feb 2024 23:52:48 [WARNING]   [Dep Not Found] URI.js: 1.13.1
04.Feb 2024 23:52:50 [WARNING]   [Dep Not Found] URI.js: 1.13.2
04.Feb 2024 23:52:52 [WARNING]   [Dep Not Found] URI.js: 1.14.0
04.Feb 2024 23:52:54 [WARNING]   [Dep Not Found] URI.js: 1.14.1
04.Feb 2024 23:52:56 [WARNING]   [Dep Not Found] URI.js: 1.14.2
04.Feb 2024 23:52:58 [WARNING]   [Dep Not Found] URI.js: 1.15.0
04.Feb 2024 23:53:00 [WARNING]   [Dep Not Found] URI.js: 1.15.1
04.Feb 2024 23:53:02 [WARNING]   [Dep Not Found] URI.js: 1.15.2
04.Feb 2024 23:53:04 [WARNING]   [Dep Not Found] URI.js: 1.16.0
04.Feb 2024 23:53:06 [WARNING]   [Dep Not Found] URI.js: 1.16.1
04.Feb 2024 23:53:08 [WARNING]   [Dep Not Found] URI.js: 1.17.0
04.Feb 2024 23:53:10 [WARNING]   [Dep Not Found] URI.js: 1.17.1
04.Feb 2024 23:53:12 [WARNING]   [Dep Not Found] URI.js: 1.18.0
04.Feb 2024 23:53:14 [WARNING]   [Dep Not Found] URI.js: 1.18.1
04.Feb 2024 23:53:16 [WARNING]   [Dep Not Found] URI.js: 1.18.10
04.Feb 2024 23:53:18 [WARNING]   [Dep Not Found] URI.js: 1.18.11
04.Feb 2024 23:53:20 [WARNING]   [Dep Not Found] URI.js: 1.18.12
04.Feb 2024 23:53:23 [WARNING]   [Dep Not Found] URI.js: 1.18.2
04.Feb 2024 23:53:25 [WARNING]   [Dep Not Found] URI.js: 1.18.3
04.Feb 2024 23:53:27 [WARNING]   [Dep Not Found] URI.js: 1.18.4
04.Feb 2024 23:53:29 [WARNING]   [Dep Not Found] URI.js: 1.18.5
04.Feb 2024 23:53:31 [WARNING]   [Dep Not Found] URI.js: 1.18.6
04.Feb 2024 23:53:33 [WARNING]   [Dep Not Found] URI.js: 1.18.7
04.Feb 2024 23:53:35 [WARNING]   [Dep Not Found] URI.js: 1.18.8
04.Feb 2024 23:53:37 [WARNING]   [Dep Not Found] URI.js: 1.18.9
04.Feb 2024 23:53:39 [WARNING]   [Dep Not Found] URI.js: 1.19.0
04.Feb 2024 23:53:41 [WARNING]   [Dep Not Found] URI.js: 1.19.1
04.Feb 2024 23:53:43 [WARNING]   [Dep Not Found] URI.js: 1.19.10
04.Feb 2024 23:53:45 [WARNING]   [Dep Not Found] URI.js: 1.19.11
04.Feb 2024 23:53:47 [WARNING]   [Dep Not Found] URI.js: 1.19.2
04.Feb 2024 23:53:49 [WARNING]   [Dep Not Found] URI.js: 1.19.3
04.Feb 2024 23:53:51 [WARNING]   [Dep Not Found] URI.js: 1.19.4
04.Feb 2024 23:53:53 [WARNING]   [Dep Not Found] URI.js: 1.19.5
04.Feb 2024 23:53:56 [WARNING]   [Dep Not Found] URI.js: 1.19.6
04.Feb 2024 23:53:58 [WARNING]   [Dep Not Found] URI.js: 1.19.7
04.Feb 2024 23:54:00 [WARNING]   [Dep Not Found] URI.js: 1.19.8
04.Feb 2024 23:54:02 [WARNING]   [Dep Not Found] URI.js: 1.19.9
04.Feb 2024 23:54:05 [WARNING]   [Dep Not Found] URI.js: 1.3.0
04.Feb 2024 23:54:07 [WARNING]   [Dep Not Found] URI.js: 1.3.1
04.Feb 2024 23:54:09 [WARNING]   [Dep Not Found] URI.js: 1.4.0
04.Feb 2024 23:54:11 [WARNING]   [Dep Not Found] URI.js: 1.4.1
04.Feb 2024 23:54:13 [WARNING]   [Dep Not Found] URI.js: 1.4.2
04.Feb 2024 23:54:15 [WARNING]   [Dep Not Found] URI.js: 1.4.3
04.Feb 2024 23:54:17 [WARNING]   [Dep Not Found] URI.js: 1.5.0
04.Feb 2024 23:54:20 [WARNING]   [Dep Not Found] URI.js: 1.6.0
04.Feb 2024 23:54:22 [WARNING]   [Dep Not Found] URI.js: 1.6.1
04.Feb 2024 23:54:24 [WARNING]   [Dep Not Found] URI.js: 1.6.2
04.Feb 2024 23:54:26 [WARNING]   [Dep Not Found] URI.js: 1.6.3
04.Feb 2024 23:54:28 [WARNING]   [Dep Not Found] URI.js: 1.7.0
04.Feb 2024 23:54:31 [WARNING]   [Dep Not Found] URI.js: 1.7.1
04.Feb 2024 23:54:33 [WARNING]   [Dep Not Found] URI.js: 1.7.3
04.Feb 2024 23:54:35 [WARNING]   [Dep Not Found] URI.js: 1.7.4
04.Feb 2024 23:54:38 [WARNING]   [Dep Not Found] URI.js: 1.8.0
04.Feb 2024 23:54:40 [WARNING]   [Dep Not Found] URI.js: 1.8.1
04.Feb 2024 23:54:42 [WARNING]   [Dep Not Found] URI.js: 1.8.2
04.Feb 2024 23:54:44 [WARNING]   [Dep Not Found] URI.js: 1.8.3
04.Feb 2024 23:54:46 [WARNING]   [Dep Not Found] URI.js: 1.9.0
04.Feb 2024 23:54:49 [WARNING]   [Dep Not Found] URI.js: 1.9.1
04.Feb 2024 23:54:49 [DEBUG] Start examing 41: UpUp
04.Feb 2024 23:54:52 [DEBUG] Start examing 42: Vue.Draggable
04.Feb 2024 23:54:59 [WARNING]   [Dep Not Found] Vue.Draggable: 15.0.0
04.Feb 2024 23:55:09 [WARNING]   [Dep Not Found] Vue.Draggable: 2.15.0
04.Feb 2024 23:55:27 [DEBUG] Start examing 43: ace
04.Feb 2024 23:55:30 [WARNING]   [Dep Not Found] ace: 0.2.0
04.Feb 2024 23:55:32 [WARNING]   [Dep Not Found] ace: 1.0.0
04.Feb 2024 23:55:34 [WARNING]   [Dep Not Found] ace: 1.1.01
04.Feb 2024 23:55:37 [WARNING]   [Dep Not Found] ace: 1.1.1
04.Feb 2024 23:55:40 [WARNING]   [Dep Not Found] ace: 1.1.2
04.Feb 2024 23:55:42 [WARNING]   [Dep Not Found] ace: 1.1.3
04.Feb 2024 23:55:44 [WARNING]   [Dep Not Found] ace: 1.1.4
04.Feb 2024 23:55:46 [WARNING]   [Dep Not Found] ace: 1.1.5
04.Feb 2024 23:55:48 [WARNING]   [Dep Not Found] ace: 1.1.6
04.Feb 2024 23:55:51 [WARNING]   [Dep Not Found] ace: 1.1.7
04.Feb 2024 23:55:53 [WARNING]   [Dep Not Found] ace: 1.1.8
04.Feb 2024 23:55:55 [WARNING]   [Dep Not Found] ace: 1.1.9
04.Feb 2024 23:55:58 [WARNING]   [Dep Not Found] ace: 1.10.0
04.Feb 2024 23:56:00 [WARNING]   [Dep Not Found] ace: 1.10.1
04.Feb 2024 23:56:02 [WARNING]   [Dep Not Found] ace: 1.11.0
04.Feb 2024 23:56:05 [WARNING]   [Dep Not Found] ace: 1.11.1
04.Feb 2024 23:56:07 [WARNING]   [Dep Not Found] ace: 1.11.2
04.Feb 2024 23:56:09 [WARNING]   [Dep Not Found] ace: 1.12.0
04.Feb 2024 23:56:12 [WARNING]   [Dep Not Found] ace: 1.12.1
04.Feb 2024 23:56:14 [WARNING]   [Dep Not Found] ace: 1.12.2
04.Feb 2024 23:56:16 [WARNING]   [Dep Not Found] ace: 1.12.3
04.Feb 2024 23:56:18 [WARNING]   [Dep Not Found] ace: 1.12.4
04.Feb 2024 23:56:21 [WARNING]   [Dep Not Found] ace: 1.12.5
04.Feb 2024 23:56:23 [WARNING]   [Dep Not Found] ace: 1.13.0
04.Feb 2024 23:56:25 [WARNING]   [Dep Not Found] ace: 1.13.1
04.Feb 2024 23:56:28 [WARNING]   [Dep Not Found] ace: 1.13.2
04.Feb 2024 23:56:30 [WARNING]   [Dep Not Found] ace: 1.14.0
04.Feb 2024 23:56:32 [WARNING]   [Dep Not Found] ace: 1.15.0
04.Feb 2024 23:56:34 [WARNING]   [Dep Not Found] ace: 1.15.1
04.Feb 2024 23:56:37 [WARNING]   [Dep Not Found] ace: 1.15.2
04.Feb 2024 23:56:40 [WARNING]   [Dep Not Found] ace: 1.15.3
04.Feb 2024 23:56:42 [WARNING]   [Dep Not Found] ace: 1.16.0
04.Feb 2024 23:56:44 [WARNING]   [Dep Not Found] ace: 1.17.0
04.Feb 2024 23:56:46 [WARNING]   [Dep Not Found] ace: 1.18.0
04.Feb 2024 23:56:49 [WARNING]   [Dep Not Found] ace: 1.18.1
04.Feb 2024 23:56:51 [WARNING]   [Dep Not Found] ace: 1.19.0
04.Feb 2024 23:56:53 [WARNING]   [Dep Not Found] ace: 1.2.0
04.Feb 2024 23:56:56 [WARNING]   [Dep Not Found] ace: 1.2.1
04.Feb 2024 23:56:58 [WARNING]   [Dep Not Found] ace: 1.2.2
04.Feb 2024 23:57:00 [WARNING]   [Dep Not Found] ace: 1.2.3
04.Feb 2024 23:57:03 [WARNING]   [Dep Not Found] ace: 1.2.4
04.Feb 2024 23:57:05 [WARNING]   [Dep Not Found] ace: 1.2.5
04.Feb 2024 23:57:08 [WARNING]   [Dep Not Found] ace: 1.2.6
04.Feb 2024 23:57:10 [WARNING]   [Dep Not Found] ace: 1.2.7
04.Feb 2024 23:57:12 [WARNING]   [Dep Not Found] ace: 1.2.8
04.Feb 2024 23:57:15 [WARNING]   [Dep Not Found] ace: 1.2.9
04.Feb 2024 23:57:17 [WARNING]   [Dep Not Found] ace: 1.20.0
04.Feb 2024 23:57:19 [WARNING]   [Dep Not Found] ace: 1.21.0
04.Feb 2024 23:57:22 [WARNING]   [Dep Not Found] ace: 1.21.1
04.Feb 2024 23:57:24 [WARNING]   [Dep Not Found] ace: 1.22.0
04.Feb 2024 23:57:27 [WARNING]   [Dep Not Found] ace: 1.22.1
04.Feb 2024 23:57:29 [WARNING]   [Dep Not Found] ace: 1.23.0
04.Feb 2024 23:57:32 [WARNING]   [Dep Not Found] ace: 1.23.1
04.Feb 2024 23:57:34 [WARNING]   [Dep Not Found] ace: 1.23.2
04.Feb 2024 23:57:37 [WARNING]   [Dep Not Found] ace: 1.23.3
04.Feb 2024 23:57:39 [WARNING]   [Dep Not Found] ace: 1.23.4
04.Feb 2024 23:57:41 [WARNING]   [Dep Not Found] ace: 1.24.0
04.Feb 2024 23:57:44 [WARNING]   [Dep Not Found] ace: 1.24.1
04.Feb 2024 23:57:46 [WARNING]   [Dep Not Found] ace: 1.24.2
04.Feb 2024 23:57:49 [WARNING]   [Dep Not Found] ace: 1.25.0
04.Feb 2024 23:57:52 [WARNING]   [Dep Not Found] ace: 1.25.1
04.Feb 2024 23:57:56 [WARNING]   [Dep Not Found] ace: 1.26.0
04.Feb 2024 23:57:59 [WARNING]   [Dep Not Found] ace: 1.27.0
04.Feb 2024 23:58:01 [WARNING]   [Dep Not Found] ace: 1.28.0
04.Feb 2024 23:58:04 [WARNING]   [Dep Not Found] ace: 1.29.0
04.Feb 2024 23:58:06 [WARNING]   [Dep Not Found] ace: 1.3.0
04.Feb 2024 23:58:09 [WARNING]   [Dep Not Found] ace: 1.3.1
04.Feb 2024 23:58:11 [WARNING]   [Dep Not Found] ace: 1.3.2
04.Feb 2024 23:58:14 [WARNING]   [Dep Not Found] ace: 1.3.3
04.Feb 2024 23:58:16 [WARNING]   [Dep Not Found] ace: 1.30.0
04.Feb 2024 23:58:19 [WARNING]   [Dep Not Found] ace: 1.31.0
04.Feb 2024 23:58:21 [WARNING]   [Dep Not Found] ace: 1.31.1
04.Feb 2024 23:58:24 [WARNING]   [Dep Not Found] ace: 1.31.2
04.Feb 2024 23:58:27 [WARNING]   [Dep Not Found] ace: 1.32.0
04.Feb 2024 23:58:29 [WARNING]   [Dep Not Found] ace: 1.32.1
04.Feb 2024 23:58:32 [WARNING]   [Dep Not Found] ace: 1.32.2
04.Feb 2024 23:58:34 [WARNING]   [Dep Not Found] ace: 1.32.3
04.Feb 2024 23:58:37 [WARNING]   [Dep Not Found] ace: 1.32.4
04.Feb 2024 23:58:39 [WARNING]   [Dep Not Found] ace: 1.32.5
04.Feb 2024 23:58:42 [WARNING]   [Dep Not Found] ace: 1.4.0
04.Feb 2024 23:58:44 [WARNING]   [Dep Not Found] ace: 1.4.1
04.Feb 2024 23:58:47 [WARNING]   [Dep Not Found] ace: 1.4.10
04.Feb 2024 23:58:50 [WARNING]   [Dep Not Found] ace: 1.4.11
04.Feb 2024 23:58:52 [WARNING]   [Dep Not Found] ace: 1.4.12
04.Feb 2024 23:58:55 [WARNING]   [Dep Not Found] ace: 1.4.13
04.Feb 2024 23:58:57 [WARNING]   [Dep Not Found] ace: 1.4.14
04.Feb 2024 23:59:00 [WARNING]   [Dep Not Found] ace: 1.4.2
04.Feb 2024 23:59:02 [WARNING]   [Dep Not Found] ace: 1.4.3
04.Feb 2024 23:59:05 [WARNING]   [Dep Not Found] ace: 1.4.4
04.Feb 2024 23:59:07 [WARNING]   [Dep Not Found] ace: 1.4.5
04.Feb 2024 23:59:10 [WARNING]   [Dep Not Found] ace: 1.4.6
04.Feb 2024 23:59:13 [WARNING]   [Dep Not Found] ace: 1.4.7
04.Feb 2024 23:59:15 [WARNING]   [Dep Not Found] ace: 1.4.8
04.Feb 2024 23:59:18 [WARNING]   [Dep Not Found] ace: 1.4.9
04.Feb 2024 23:59:20 [WARNING]   [Dep Not Found] ace: 1.5.0
04.Feb 2024 23:59:23 [WARNING]   [Dep Not Found] ace: 1.5.1
04.Feb 2024 23:59:25 [WARNING]   [Dep Not Found] ace: 1.5.2
04.Feb 2024 23:59:28 [WARNING]   [Dep Not Found] ace: 1.5.3
04.Feb 2024 23:59:31 [WARNING]   [Dep Not Found] ace: 1.6.0
04.Feb 2024 23:59:33 [WARNING]   [Dep Not Found] ace: 1.6.1
04.Feb 2024 23:59:35 [WARNING]   [Dep Not Found] ace: 1.7.0
04.Feb 2024 23:59:38 [WARNING]   [Dep Not Found] ace: 1.7.1
04.Feb 2024 23:59:40 [WARNING]   [Dep Not Found] ace: 1.8.0
04.Feb 2024 23:59:43 [WARNING]   [Dep Not Found] ace: 1.8.1
04.Feb 2024 23:59:44 [WARNING]   [Dep Not Found] ace: 1.9.0
04.Feb 2024 23:59:46 [WARNING]   [Dep Not Found] ace: 1.9.1
04.Feb 2024 23:59:49 [WARNING]   [Dep Not Found] ace: 1.9.2
04.Feb 2024 23:59:51 [WARNING]   [Dep Not Found] ace: 1.9.3
04.Feb 2024 23:59:53 [WARNING]   [Dep Not Found] ace: 1.9.4
04.Feb 2024 23:59:54 [WARNING]   [Dep Not Found] ace: 1.9.5
04.Feb 2024 23:59:57 [WARNING]   [Dep Not Found] ace: 1.9.6
04.Feb 2024 23:59:58 [WARNING]   [Dep Not Found] ace: test
04.Feb 2024 23:59:58 [DEBUG] Start examing 44: acorn-loose
05.Feb 2024 00:00:02 [WARNING]   [Dep Not Found] acorn-loose: 6.0.0
05.Feb 2024 00:00:03 [WARNING]   [Dep Not Found] acorn-loose: 6.1.0
05.Feb 2024 00:00:05 [WARNING]   [Dep Not Found] acorn-loose: 7.0.0
05.Feb 2024 00:00:11 [WARNING]   [Dep Not Found] acorn-loose: 7.1.0
05.Feb 2024 00:00:11 [WARNING]   [Dep Not Found] acorn-loose: 8.0.0
05.Feb 2024 00:00:15 [WARNING]   [Dep Not Found] acorn-loose: 8.0.1
05.Feb 2024 00:00:17 [WARNING]   [Dep Not Found] acorn-loose: 8.0.2
05.Feb 2024 00:00:18 [WARNING]   [Dep Not Found] acorn-loose: 8.1.0
05.Feb 2024 00:00:21 [WARNING]   [Dep Not Found] acorn-loose: 8.2.0
05.Feb 2024 00:00:23 [WARNING]   [Dep Not Found] acorn-loose: 8.2.1
05.Feb 2024 00:00:25 [WARNING]   [Dep Not Found] acorn-loose: 8.3.0
05.Feb 2024 00:00:30 [WARNING]   [Dep Not Found] acorn-loose: 8.4.0
05.Feb 2024 00:00:30 [DEBUG] Start examing 45: acorn-walk
05.Feb 2024 00:00:30 [WARNING]   [Dep Not Found] acorn-walk: 6.0.0
05.Feb 2024 00:00:33 [WARNING]   [Dep Not Found] acorn-walk: 6.0.1
05.Feb 2024 00:00:34 [WARNING]   [Dep Not Found] acorn-walk: 6.1.0
05.Feb 2024 00:00:43 [DEBUG] Start examing 46: acorn
05.Feb 2024 00:01:07 [WARNING]   [Dep Not Found] acorn: 3.3.0
05.Feb 2024 00:01:11 [WARNING]   [Dep Not Found] acorn: 4.0.0
05.Feb 2024 00:01:13 [WARNING]   [Dep Not Found] acorn: 4.0.1
05.Feb 2024 00:01:14 [WARNING]   [Dep Not Found] acorn: 4.0.10
05.Feb 2024 00:01:17 [WARNING]   [Dep Not Found] acorn: 4.0.11
05.Feb 2024 00:01:19 [WARNING]   [Dep Not Found] acorn: 4.0.12
05.Feb 2024 00:01:21 [WARNING]   [Dep Not Found] acorn: 4.0.13
05.Feb 2024 00:01:23 [WARNING]   [Dep Not Found] acorn: 4.0.2
05.Feb 2024 00:01:25 [WARNING]   [Dep Not Found] acorn: 4.0.3
05.Feb 2024 00:01:28 [WARNING]   [Dep Not Found] acorn: 4.0.4
05.Feb 2024 00:01:29 [WARNING]   [Dep Not Found] acorn: 4.0.5
05.Feb 2024 00:01:32 [WARNING]   [Dep Not Found] acorn: 4.0.6
05.Feb 2024 00:01:34 [WARNING]   [Dep Not Found] acorn: 4.0.7
05.Feb 2024 00:01:36 [WARNING]   [Dep Not Found] acorn: 4.0.8
05.Feb 2024 00:01:38 [WARNING]   [Dep Not Found] acorn: 4.0.9
05.Feb 2024 00:01:39 [WARNING]   [Dep Not Found] acorn: 5.0.0
05.Feb 2024 00:01:42 [WARNING]   [Dep Not Found] acorn: 5.0.1
05.Feb 2024 00:01:44 [WARNING]   [Dep Not Found] acorn: 5.0.2
05.Feb 2024 00:01:46 [WARNING]   [Dep Not Found] acorn: 5.0.3
05.Feb 2024 00:01:48 [WARNING]   [Dep Not Found] acorn: 5.1.0
05.Feb 2024 00:01:50 [WARNING]   [Dep Not Found] acorn: 5.1.1
05.Feb 2024 00:01:52 [WARNING]   [Dep Not Found] acorn: 5.1.2
05.Feb 2024 00:01:54 [WARNING]   [Dep Not Found] acorn: 5.2.0
05.Feb 2024 00:01:57 [WARNING]   [Dep Not Found] acorn: 5.2.1
05.Feb 2024 00:02:00 [WARNING]   [Dep Not Found] acorn: 5.3.0
05.Feb 2024 00:02:02 [WARNING]   [Dep Not Found] acorn: 5.4.0
05.Feb 2024 00:02:03 [WARNING]   [Dep Not Found] acorn: 5.4.1
05.Feb 2024 00:02:05 [WARNING]   [Dep Not Found] acorn: 5.5.0
05.Feb 2024 00:02:11 [WARNING]   [Dep Not Found] acorn: 5.5.1
05.Feb 2024 00:02:12 [WARNING]   [Dep Not Found] acorn: 5.5.2
05.Feb 2024 00:02:13 [WARNING]   [Dep Not Found] acorn: 5.5.3
05.Feb 2024 00:02:15 [WARNING]   [Dep Not Found] acorn: 5.6.0
05.Feb 2024 00:02:18 [WARNING]   [Dep Not Found] acorn: 5.6.1
05.Feb 2024 00:02:20 [WARNING]   [Dep Not Found] acorn: 5.6.2
05.Feb 2024 00:02:22 [WARNING]   [Dep Not Found] acorn: 5.7.0
05.Feb 2024 00:02:24 [WARNING]   [Dep Not Found] acorn: 5.7.1
05.Feb 2024 00:02:26 [WARNING]   [Dep Not Found] acorn: 5.7.2
05.Feb 2024 00:02:29 [WARNING]   [Dep Not Found] acorn: 5.7.3
05.Feb 2024 00:02:30 [WARNING]   [Dep Not Found] acorn: 5.7.4
05.Feb 2024 00:02:59 [DEBUG] Start examing 47: admin-lte
05.Feb 2024 00:03:00 [INFO]   [Dep Found] admin-lte: 2.1.0-alpha-1 - jquery/2.2.4/jquery.min.js
05.Feb 2024 00:03:01 [INFO]   [Dep Found] admin-lte: 2.2.0 - jquery/2.2.4/jquery.min.js
05.Feb 2024 00:03:02 [INFO]   [Dep Found] admin-lte: 2.2.1 - jquery/2.2.4/jquery.min.js
05.Feb 2024 00:03:03 [INFO]   [Dep Found] admin-lte: 2.3.0 - jquery/2.2.4/jquery.min.js
05.Feb 2024 00:03:04 [INFO]   [Dep Found] admin-lte: 2.3.1 - jquery/2.2.4/jquery.min.js
05.Feb 2024 00:03:04 [INFO]   [Dep Found] admin-lte: 2.3.11 - jquery/2.2.4/jquery.min.js
05.Feb 2024 00:03:05 [INFO]   [Dep Found] admin-lte: 2.3.2 - jquery/2.2.4/jquery.min.js
05.Feb 2024 00:03:06 [INFO]   [Dep Found] admin-lte: 2.3.3 - jquery/2.2.4/jquery.min.js
05.Feb 2024 00:03:08 [INFO]   [Dep Found] admin-lte: 2.3.4 - jquery/2.2.4/jquery.min.js
05.Feb 2024 00:03:08 [INFO]   [Dep Found] admin-lte: 2.3.5 - jquery/2.2.4/jquery.min.js
05.Feb 2024 00:03:09 [INFO]   [Dep Found] admin-lte: 2.3.6 - jquery/2.2.4/jquery.min.js
05.Feb 2024 00:03:09 [INFO]   [Dep Found] admin-lte: 2.3.7 - jquery/2.2.4/jquery.min.js
05.Feb 2024 00:03:11 [INFO]   [Dep Found] admin-lte: 2.3.8 - jquery/2.2.4/jquery.min.js
05.Feb 2024 00:03:12 [INFO]   [Dep Found] admin-lte: 2.4.0 - jquery/2.2.4/jquery.min.js
05.Feb 2024 00:03:13 [INFO]   [Dep Found] admin-lte: 2.4.10 - jquery/2.2.4/jquery.min.js
05.Feb 2024 00:03:14 [INFO]   [Dep Found] admin-lte: 2.4.11 - jquery/2.2.4/jquery.min.js
05.Feb 2024 00:03:14 [INFO]   [Dep Found] admin-lte: 2.4.12 - jquery/2.2.4/jquery.min.js
05.Feb 2024 00:03:15 [INFO]   [Dep Found] admin-lte: 2.4.15 - jquery/2.2.4/jquery.min.js
05.Feb 2024 00:03:17 [INFO]   [Dep Found] admin-lte: 2.4.16 - jquery/2.2.4/jquery.min.js
05.Feb 2024 00:03:18 [INFO]   [Dep Found] admin-lte: 2.4.17 - jquery/2.2.4/jquery.min.js
05.Feb 2024 00:03:19 [INFO]   [Dep Found] admin-lte: 2.4.18 - jquery/2.2.4/jquery.min.js
05.Feb 2024 00:03:19 [INFO]   [Dep Found] admin-lte: 2.4.2 - jquery/2.2.4/jquery.min.js
05.Feb 2024 00:03:20 [INFO]   [Dep Found] admin-lte: 2.4.3 - jquery/2.2.4/jquery.min.js
05.Feb 2024 00:03:21 [INFO]   [Dep Found] admin-lte: 2.4.4 - jquery/2.2.4/jquery.min.js
05.Feb 2024 00:03:22 [INFO]   [Dep Found] admin-lte: 2.4.5 - jquery/2.2.4/jquery.min.js
05.Feb 2024 00:03:23 [INFO]   [Dep Found] admin-lte: 2.4.6 - jquery/2.2.4/jquery.min.js
05.Feb 2024 00:03:24 [INFO]   [Dep Found] admin-lte: 2.4.7 - jquery/2.2.4/jquery.min.js
05.Feb 2024 00:03:24 [INFO]   [Dep Found] admin-lte: 2.4.8 - jquery/2.2.4/jquery.min.js
05.Feb 2024 00:03:25 [INFO]   [Dep Found] admin-lte: 2.4.9 - jquery/2.2.4/jquery.min.js
05.Feb 2024 00:03:26 [INFO]   [Dep Found] admin-lte: 3.0.0 - jquery/2.2.4/jquery.min.js
05.Feb 2024 00:03:30 [INFO]   [Dep Found] admin-lte: 3.0.0-alpha - jquery/2.2.4/jquery.min.js
05.Feb 2024 00:03:31 [INFO]   [Dep Found] admin-lte: 3.0.0-alpha.2 - jquery/2.2.4/jquery.min.js
05.Feb 2024 00:03:31 [INFO]   [Dep Found] admin-lte: 3.0.0-beta.1 - jquery/2.2.4/jquery.min.js
05.Feb 2024 00:03:32 [INFO]   [Dep Found] admin-lte: 3.0.0-beta.2 - jquery/2.2.4/jquery.min.js
05.Feb 2024 00:03:35 [INFO]   [Dep Found] admin-lte: 3.0.0-rc.1 - jquery/2.2.4/jquery.min.js
05.Feb 2024 00:03:35 [INFO]   [Dep Found] admin-lte: 3.0.0-rc.2 - jquery/2.2.4/jquery.min.js
05.Feb 2024 00:03:36 [INFO]   [Dep Found] admin-lte: 3.0.0-rc.3 - jquery/2.2.4/jquery.min.js
05.Feb 2024 00:03:36 [INFO]   [Dep Found] admin-lte: 3.0.0-rc.4 - jquery/2.2.4/jquery.min.js
05.Feb 2024 00:03:38 [INFO]   [Dep Found] admin-lte: 3.0.0-rc.5 - jquery/2.2.4/jquery.min.js
05.Feb 2024 00:03:38 [INFO]   [Dep Found] admin-lte: 3.0.0-rc.6 - jquery/2.2.4/jquery.min.js
05.Feb 2024 00:03:39 [INFO]   [Dep Found] admin-lte: 3.0.1 - jquery/2.2.4/jquery.min.js
05.Feb 2024 00:03:39 [INFO]   [Dep Found] admin-lte: 3.0.2 - jquery/2.2.4/jquery.min.js
05.Feb 2024 00:03:41 [INFO]   [Dep Found] admin-lte: 3.0.3 - jquery/2.2.4/jquery.min.js
05.Feb 2024 00:03:42 [INFO]   [Dep Found] admin-lte: 3.0.4 - jquery/2.2.4/jquery.min.js
05.Feb 2024 00:03:43 [INFO]   [Dep Found] admin-lte: 3.0.5 - jquery/2.2.4/jquery.min.js
05.Feb 2024 00:03:44 [INFO]   [Dep Found] admin-lte: 3.1.0 - jquery/2.2.4/jquery.min.js
05.Feb 2024 00:03:44 [INFO]   [Dep Found] admin-lte: 3.1.0-rc - jquery/2.2.4/jquery.min.js
05.Feb 2024 00:03:45 [INFO]   [Dep Found] admin-lte: 3.2.0 - jquery/2.2.4/jquery.min.js
05.Feb 2024 00:03:46 [INFO]   [Dep Found] admin-lte: 3.2.0-rc - jquery/2.2.4/jquery.min.js
05.Feb 2024 00:03:50 [DEBUG] Start examing 48: aframe
05.Feb 2024 00:03:51 [WARNING]   [Dep Not Found] aframe: 0.0.9
05.Feb 2024 00:03:54 [WARNING]   [Dep Not Found] aframe: 0.1.0
05.Feb 2024 00:03:55 [INFO]   [Dep Found] aframe: 0.1.1 - jquery/3.7.1/jquery.min.js
05.Feb 2024 00:03:58 [WARNING]   [Dep Not Found] aframe: 0.1.2
05.Feb 2024 00:03:59 [WARNING]   [Dep Not Found] aframe: 0.1.3
05.Feb 2024 00:04:12 [DEBUG] Start examing 49: alasql
05.Feb 2024 00:05:32 [DEBUG] Start examing 50: alertify.js
05.Feb 2024 00:05:41 [DEBUG] Start examing 51: alpinejs
05.Feb 2024 00:06:27 [DEBUG] Start examing 52: alt
05.Feb 2024 00:06:31 [WARNING]   [Dep Not Found] alt: 0.11.0
05.Feb 2024 00:06:34 [WARNING]   [Dep Not Found] alt: 0.12.0
05.Feb 2024 00:06:35 [WARNING]   [Dep Not Found] alt: 0.12.1
05.Feb 2024 00:06:39 [WARNING]   [Dep Not Found] alt: 0.12.2
05.Feb 2024 00:06:39 [WARNING]   [Dep Not Found] alt: 0.12.3
05.Feb 2024 00:06:44 [WARNING]   [Dep Not Found] alt: 0.13.0
05.Feb 2024 00:06:44 [WARNING]   [Dep Not Found] alt: 0.13.1
05.Feb 2024 00:06:48 [WARNING]   [Dep Not Found] alt: 0.13.10
05.Feb 2024 00:06:49 [WARNING]   [Dep Not Found] alt: 0.13.11
05.Feb 2024 00:06:52 [WARNING]   [Dep Not Found] alt: 0.13.12
05.Feb 2024 00:06:54 [WARNING]   [Dep Not Found] alt: 0.13.2
05.Feb 2024 00:06:57 [WARNING]   [Dep Not Found] alt: 0.13.3
05.Feb 2024 00:06:59 [WARNING]   [Dep Not Found] alt: 0.13.4
05.Feb 2024 00:07:02 [WARNING]   [Dep Not Found] alt: 0.13.5
05.Feb 2024 00:07:04 [WARNING]   [Dep Not Found] alt: 0.13.6
05.Feb 2024 00:07:06 [WARNING]   [Dep Not Found] alt: 0.13.7
05.Feb 2024 00:07:11 [WARNING]   [Dep Not Found] alt: 0.13.8
05.Feb 2024 00:07:14 [WARNING]   [Dep Not Found] alt: 0.13.9
05.Feb 2024 00:07:15 [WARNING]   [Dep Not Found] alt: 0.14.0
05.Feb 2024 00:07:18 [WARNING]   [Dep Not Found] alt: 0.14.1
05.Feb 2024 00:07:20 [WARNING]   [Dep Not Found] alt: 0.14.2
05.Feb 2024 00:07:24 [WARNING]   [Dep Not Found] alt: 0.14.3
05.Feb 2024 00:07:24 [WARNING]   [Dep Not Found] alt: 0.14.4
05.Feb 2024 00:07:29 [WARNING]   [Dep Not Found] alt: 0.14.5
05.Feb 2024 00:07:30 [WARNING]   [Dep Not Found] alt: 0.15.0
05.Feb 2024 00:07:33 [WARNING]   [Dep Not Found] alt: 0.15.1
05.Feb 2024 00:07:35 [WARNING]   [Dep Not Found] alt: 0.15.2
05.Feb 2024 00:07:39 [WARNING]   [Dep Not Found] alt: 0.15.3
05.Feb 2024 00:07:39 [WARNING]   [Dep Not Found] alt: 0.15.4
05.Feb 2024 00:07:46 [WARNING]   [Dep Not Found] alt: 0.15.5
05.Feb 2024 00:07:47 [WARNING]   [Dep Not Found] alt: 0.15.6
05.Feb 2024 00:08:05 [DEBUG] Start examing 53: amazeui
05.Feb 2024 00:08:10 [WARNING]   [Dep Not Found] amazeui: 1.0.0
05.Feb 2024 00:08:11 [WARNING]   [Dep Not Found] amazeui: 1.0.0-beta2
05.Feb 2024 00:08:14 [WARNING]   [Dep Not Found] amazeui: 1.0.0-rc1
05.Feb 2024 00:08:16 [WARNING]   [Dep Not Found] amazeui: 1.0.1
05.Feb 2024 00:08:18 [INFO]   [Dep Found] amazeui: 2.0.0 - jquery/2.2.4/jquery.min.js
05.Feb 2024 00:08:19 [INFO]   [Dep Found] amazeui: 2.0.0-beta1 - jquery/2.2.4/jquery.min.js
05.Feb 2024 00:08:19 [INFO]   [Dep Found] amazeui: 2.0.0-dp1 - jquery/2.2.4/jquery.min.js
05.Feb 2024 00:08:20 [INFO]   [Dep Found] amazeui: 2.1.0 - jquery/2.2.4/jquery.min.js
05.Feb 2024 00:08:21 [INFO]   [Dep Found] amazeui: 2.1.0-beta1 - jquery/2.2.4/jquery.min.js
05.Feb 2024 00:08:24 [INFO]   [Dep Found] amazeui: 2.2.0 - jquery/2.2.4/jquery.min.js
05.Feb 2024 00:08:24 [INFO]   [Dep Found] amazeui: 2.2.1 - jquery/2.2.4/jquery.min.js
05.Feb 2024 00:08:25 [INFO]   [Dep Found] amazeui: 2.3.0 - jquery/2.2.4/jquery.min.js
05.Feb 2024 00:08:26 [INFO]   [Dep Found] amazeui: 2.4.0 - jquery/2.2.4/jquery.min.js
05.Feb 2024 00:08:34 [DEBUG] Start examing 54: amis
05.Feb 2024 00:09:09 [WARNING]   [Dep Not Found] amis: 1.9.1-beta.30
05.Feb 2024 00:09:55 [DEBUG] Start examing 55: amplitudejs
05.Feb 2024 00:09:57 [WARNING]   [Dep Not Found] amplitudejs: 1.0
05.Feb 2024 00:10:14 [DEBUG] Start examing 56: analytics.js
05.Feb 2024 00:10:29 [WARNING]   [Dep Not Found] analytics.js: 2.0.0
05.Feb 2024 00:11:09 [WARNING]   [Dep Not Found] analytics.js: 2.8.8
05.Feb 2024 00:11:10 [DEBUG] Start examing 57: angular-animate
05.Feb 2024 00:11:12 [WARNING]   [Dep Not Found] angular-animate: 1.7.0
05.Feb 2024 00:11:17 [WARNING]   [Dep Not Found] angular-animate: 1.7.1
05.Feb 2024 00:11:19 [WARNING]   [Dep Not Found] angular-animate: 1.7.2
05.Feb 2024 00:11:22 [WARNING]   [Dep Not Found] angular-animate: 1.7.3
05.Feb 2024 00:11:24 [WARNING]   [Dep Not Found] angular-animate: 1.7.4
05.Feb 2024 00:11:27 [WARNING]   [Dep Not Found] angular-animate: 1.7.5
05.Feb 2024 00:11:29 [WARNING]   [Dep Not Found] angular-animate: 1.7.6
05.Feb 2024 00:11:33 [WARNING]   [Dep Not Found] angular-animate: 1.7.7
05.Feb 2024 00:11:37 [WARNING]   [Dep Not Found] angular-animate: 1.7.8
05.Feb 2024 00:11:39 [WARNING]   [Dep Not Found] angular-animate: 1.7.9
05.Feb 2024 00:11:42 [WARNING]   [Dep Not Found] angular-animate: 1.8.0
05.Feb 2024 00:11:44 [WARNING]   [Dep Not Found] angular-animate: 1.8.1
05.Feb 2024 00:11:47 [WARNING]   [Dep Not Found] angular-animate: 1.8.2
05.Feb 2024 00:11:52 [WARNING]   [Dep Not Found] angular-animate: 1.8.3
05.Feb 2024 00:11:52 [DEBUG] Start examing 58: angular-aria
05.Feb 2024 00:11:55 [WARNING]   [Dep Not Found] angular-aria: 1.7.0
05.Feb 2024 00:11:59 [WARNING]   [Dep Not Found] angular-aria: 1.7.1
05.Feb 2024 00:12:00 [WARNING]   [Dep Not Found] angular-aria: 1.7.2
05.Feb 2024 00:12:04 [WARNING]   [Dep Not Found] angular-aria: 1.7.3
05.Feb 2024 00:12:06 [WARNING]   [Dep Not Found] angular-aria: 1.7.4
05.Feb 2024 00:12:09 [WARNING]   [Dep Not Found] angular-aria: 1.7.5
05.Feb 2024 00:12:11 [WARNING]   [Dep Not Found] angular-aria: 1.7.6
05.Feb 2024 00:12:14 [WARNING]   [Dep Not Found] angular-aria: 1.7.7
05.Feb 2024 00:12:17 [WARNING]   [Dep Not Found] angular-aria: 1.7.8
05.Feb 2024 00:12:19 [WARNING]   [Dep Not Found] angular-aria: 1.7.9
05.Feb 2024 00:12:22 [WARNING]   [Dep Not Found] angular-aria: 1.8.0
05.Feb 2024 00:12:27 [WARNING]   [Dep Not Found] angular-aria: 1.8.1
05.Feb 2024 00:12:29 [WARNING]   [Dep Not Found] angular-aria: 1.8.2
05.Feb 2024 00:12:32 [WARNING]   [Dep Not Found] angular-aria: 1.8.3
05.Feb 2024 00:12:32 [DEBUG] Start examing 59: angular-cookies
05.Feb 2024 00:12:34 [WARNING]   [Dep Not Found] angular-cookies: 1.7.0
05.Feb 2024 00:12:36 [WARNING]   [Dep Not Found] angular-cookies: 1.7.1
05.Feb 2024 00:12:39 [WARNING]   [Dep Not Found] angular-cookies: 1.7.2
05.Feb 2024 00:12:42 [WARNING]   [Dep Not Found] angular-cookies: 1.7.3
05.Feb 2024 00:12:45 [WARNING]   [Dep Not Found] angular-cookies: 1.7.4
05.Feb 2024 00:12:49 [WARNING]   [Dep Not Found] angular-cookies: 1.7.5
05.Feb 2024 00:12:49 [WARNING]   [Dep Not Found] angular-cookies: 1.7.6
05.Feb 2024 00:12:54 [WARNING]   [Dep Not Found] angular-cookies: 1.7.7
05.Feb 2024 00:12:54 [WARNING]   [Dep Not Found] angular-cookies: 1.7.8
05.Feb 2024 00:12:59 [WARNING]   [Dep Not Found] angular-cookies: 1.7.9
05.Feb 2024 00:13:00 [WARNING]   [Dep Not Found] angular-cookies: 1.8.0
05.Feb 2024 00:13:04 [WARNING]   [Dep Not Found] angular-cookies: 1.8.1
05.Feb 2024 00:13:06 [WARNING]   [Dep Not Found] angular-cookies: 1.8.2
05.Feb 2024 00:13:09 [WARNING]   [Dep Not Found] angular-cookies: 1.8.3
05.Feb 2024 00:13:09 [DEBUG] Start examing 60: angular-file-upload
05.Feb 2024 00:13:12 [WARNING]   [Dep Not Found] angular-file-upload: 0.2.7
05.Feb 2024 00:13:14 [WARNING]   [Dep Not Found] angular-file-upload: 0.2.8.1
05.Feb 2024 00:13:17 [WARNING]   [Dep Not Found] angular-file-upload: 0.2.8.4
05.Feb 2024 00:13:19 [WARNING]   [Dep Not Found] angular-file-upload: 0.2.8.6
05.Feb 2024 00:13:22 [WARNING]   [Dep Not Found] angular-file-upload: 0.2.8.7
05.Feb 2024 00:13:27 [WARNING]   [Dep Not Found] angular-file-upload: 0.2.8.8
05.Feb 2024 00:13:29 [WARNING]   [Dep Not Found] angular-file-upload: 0.2.8.9
05.Feb 2024 00:13:32 [WARNING]   [Dep Not Found] angular-file-upload: 0.2.9.4
05.Feb 2024 00:13:37 [WARNING]   [Dep Not Found] angular-file-upload: 0.2.9.6
05.Feb 2024 00:13:39 [WARNING]   [Dep Not Found] angular-file-upload: 0.3
05.Feb 2024 00:13:42 [WARNING]   [Dep Not Found] angular-file-upload: 0.3.1
05.Feb 2024 00:13:44 [WARNING]   [Dep Not Found] angular-file-upload: 0.3.3.1
05.Feb 2024 00:13:48 [WARNING]   [Dep Not Found] angular-file-upload: 0.4.0
05.Feb 2024 00:13:49 [WARNING]   [Dep Not Found] angular-file-upload: 0.4.1
05.Feb 2024 00:13:54 [WARNING]   [Dep Not Found] angular-file-upload: 0.5.4
05.Feb 2024 00:13:54 [WARNING]   [Dep Not Found] angular-file-upload: 0.5.5
05.Feb 2024 00:13:59 [WARNING]   [Dep Not Found] angular-file-upload: 0.5.6
05.Feb 2024 00:14:01 [WARNING]   [Dep Not Found] angular-file-upload: 0.5.7
05.Feb 2024 00:14:04 [WARNING]   [Dep Not Found] angular-file-upload: 1.0.1
05.Feb 2024 00:14:06 [WARNING]   [Dep Not Found] angular-file-upload: 1.0.2
05.Feb 2024 00:14:12 [WARNING]   [Dep Not Found] angular-file-upload: 1.0.3
05.Feb 2024 00:14:16 [WARNING]   [Dep Not Found] angular-file-upload: 1.1.0
05.Feb 2024 00:14:21 [WARNING]   [Dep Not Found] angular-file-upload: 1.1.1
05.Feb 2024 00:14:27 [WARNING]   [Dep Not Found] angular-file-upload: 1.1.4
05.Feb 2024 00:14:29 [WARNING]   [Dep Not Found] angular-file-upload: 1.1.5
05.Feb 2024 00:14:32 [WARNING]   [Dep Not Found] angular-file-upload: 1.1.6
05.Feb 2024 00:14:34 [WARNING]   [Dep Not Found] angular-file-upload: 1.1.7
05.Feb 2024 00:14:38 [WARNING]   [Dep Not Found] angular-file-upload: 1.1.8
05.Feb 2024 00:14:39 [WARNING]   [Dep Not Found] angular-file-upload: 1.2.0
05.Feb 2024 00:14:44 [WARNING]   [Dep Not Found] angular-file-upload: 2.0.0
05.Feb 2024 00:14:44 [WARNING]   [Dep Not Found] angular-file-upload: 2.0.1
05.Feb 2024 00:14:49 [WARNING]   [Dep Not Found] angular-file-upload: 2.1.0
05.Feb 2024 00:14:51 [WARNING]   [Dep Not Found] angular-file-upload: 2.1.1
05.Feb 2024 00:14:57 [WARNING]   [Dep Not Found] angular-file-upload: 2.1.2
05.Feb 2024 00:15:01 [WARNING]   [Dep Not Found] angular-file-upload: 2.1.3
05.Feb 2024 00:15:04 [WARNING]   [Dep Not Found] angular-file-upload: 2.1.4
05.Feb 2024 00:15:05 [WARNING]   [Dep Not Found] angular-file-upload: 2.2.0
05.Feb 2024 00:15:09 [WARNING]   [Dep Not Found] angular-file-upload: 2.3.0
05.Feb 2024 00:15:11 [WARNING]   [Dep Not Found] angular-file-upload: 2.3.1
05.Feb 2024 00:15:14 [WARNING]   [Dep Not Found] angular-file-upload: 2.3.3
05.Feb 2024 00:15:19 [WARNING]   [Dep Not Found] angular-file-upload: 2.3.4
05.Feb 2024 00:15:19 [WARNING]   [Dep Not Found] angular-file-upload: 2.4.0
05.Feb 2024 00:15:24 [WARNING]   [Dep Not Found] angular-file-upload: 2.4.1
05.Feb 2024 00:15:24 [WARNING]   [Dep Not Found] angular-file-upload: 2.5.0
05.Feb 2024 00:15:29 [WARNING]   [Dep Not Found] angular-file-upload: 2.6.0
05.Feb 2024 00:15:31 [WARNING]   [Dep Not Found] angular-file-upload: 2.6.1
05.Feb 2024 00:15:31 [DEBUG] Start examing 61: angular-filter
05.Feb 2024 00:15:34 [WARNING]   [Dep Not Found] angular-filter: 0.0.2-hotfix
05.Feb 2024 00:15:37 [WARNING]   [Dep Not Found] angular-filter: 0.0.2-hotfix1
05.Feb 2024 00:15:41 [WARNING]   [Dep Not Found] angular-filter: 0.0.21
05.Feb 2024 00:15:44 [WARNING]   [Dep Not Found] angular-filter: 0.0.22
05.Feb 2024 00:15:46 [WARNING]   [Dep Not Found] angular-filter: 0.0.23
05.Feb 2024 00:15:49 [WARNING]   [Dep Not Found] angular-filter: 0.0.24
05.Feb 2024 00:15:53 [WARNING]   [Dep Not Found] angular-filter: 0.0.3
05.Feb 2024 00:15:54 [WARNING]   [Dep Not Found] angular-filter: 0.0.30
05.Feb 2024 00:15:59 [WARNING]   [Dep Not Found] angular-filter: 0.1.0
05.Feb 2024 00:16:00 [WARNING]   [Dep Not Found] angular-filter: 0.1.1
05.Feb 2024 00:16:04 [WARNING]   [Dep Not Found] angular-filter: 0.2.0
05.Feb 2024 00:16:05 [WARNING]   [Dep Not Found] angular-filter: 0.2.1
05.Feb 2024 00:16:09 [WARNING]   [Dep Not Found] angular-filter: 0.2.2
05.Feb 2024 00:16:12 [WARNING]   [Dep Not Found] angular-filter: 0.2.3
05.Feb 2024 00:16:14 [WARNING]   [Dep Not Found] angular-filter: 0.2.5
05.Feb 2024 00:16:19 [WARNING]   [Dep Not Found] angular-filter: 0.3.0
05.Feb 2024 00:16:20 [WARNING]   [Dep Not Found] angular-filter: 0.3.1
05.Feb 2024 00:16:24 [WARNING]   [Dep Not Found] angular-filter: 0.3.3
05.Feb 2024 00:16:25 [WARNING]   [Dep Not Found] angular-filter: 0.3.4
05.Feb 2024 00:16:29 [WARNING]   [Dep Not Found] angular-filter: 0.3.5
05.Feb 2024 00:16:31 [WARNING]   [Dep Not Found] angular-filter: 0.3.6
05.Feb 2024 00:16:34 [WARNING]   [Dep Not Found] angular-filter: 0.3.7
05.Feb 2024 00:16:37 [WARNING]   [Dep Not Found] angular-filter: 0.3.8
05.Feb 2024 00:16:40 [WARNING]   [Dep Not Found] angular-filter: 0.3.9
05.Feb 2024 00:16:44 [WARNING]   [Dep Not Found] angular-filter: 0.4.1
05.Feb 2024 00:16:45 [WARNING]   [Dep Not Found] angular-filter: 0.4.2
05.Feb 2024 00:16:49 [WARNING]   [Dep Not Found] angular-filter: 0.4.3
05.Feb 2024 00:16:51 [WARNING]   [Dep Not Found] angular-filter: 0.4.4
05.Feb 2024 00:16:54 [WARNING]   [Dep Not Found] angular-filter: 0.4.5
05.Feb 2024 00:16:57 [WARNING]   [Dep Not Found] angular-filter: 0.4.6
05.Feb 2024 00:17:00 [WARNING]   [Dep Not Found] angular-filter: 0.4.7
05.Feb 2024 00:17:04 [WARNING]   [Dep Not Found] angular-filter: 0.4.8
05.Feb 2024 00:17:04 [WARNING]   [Dep Not Found] angular-filter: 0.4.9
05.Feb 2024 00:17:09 [WARNING]   [Dep Not Found] angular-filter: 0.5.0
05.Feb 2024 00:17:11 [WARNING]   [Dep Not Found] angular-filter: 0.5.1
05.Feb 2024 00:17:14 [WARNING]   [Dep Not Found] angular-filter: 0.5.10
05.Feb 2024 00:17:16 [WARNING]   [Dep Not Found] angular-filter: 0.5.11
05.Feb 2024 00:17:19 [WARNING]   [Dep Not Found] angular-filter: 0.5.12
05.Feb 2024 00:17:27 [WARNING]   [Dep Not Found] angular-filter: 0.5.14
05.Feb 2024 00:17:28 [WARNING]   [Dep Not Found] angular-filter: 0.5.15
05.Feb 2024 00:17:32 [WARNING]   [Dep Not Found] angular-filter: 0.5.16
05.Feb 2024 00:17:39 [WARNING]   [Dep Not Found] angular-filter: 0.5.17
05.Feb 2024 00:17:41 [WARNING]   [Dep Not Found] angular-filter: 0.5.2
05.Feb 2024 00:17:44 [WARNING]   [Dep Not Found] angular-filter: 0.5.3
05.Feb 2024 00:17:47 [WARNING]   [Dep Not Found] angular-filter: 0.5.4
05.Feb 2024 00:17:49 [WARNING]   [Dep Not Found] angular-filter: 0.5.5
05.Feb 2024 00:17:53 [WARNING]   [Dep Not Found] angular-filter: 0.5.6
05.Feb 2024 00:17:55 [WARNING]   [Dep Not Found] angular-filter: 0.5.7
05.Feb 2024 00:17:59 [WARNING]   [Dep Not Found] angular-filter: 0.5.8
05.Feb 2024 00:18:01 [WARNING]   [Dep Not Found] angular-filter: 0.5.9
05.Feb 2024 00:18:01 [DEBUG] Start examing 62: angular-i18n
05.Feb 2024 00:18:04 [WARNING]   [Dep Not Found] angular-i18n: 1.0.0
05.Feb 2024 00:18:07 [WARNING]   [Dep Not Found] angular-i18n: 1.0.0rc10
05.Feb 2024 00:18:09 [WARNING]   [Dep Not Found] angular-i18n: 1.0.0rc11
05.Feb 2024 00:18:13 [WARNING]   [Dep Not Found] angular-i18n: 1.0.0rc12
05.Feb 2024 00:18:17 [WARNING]   [Dep Not Found] angular-i18n: 1.0.0rc3
05.Feb 2024 00:18:20 [WARNING]   [Dep Not Found] angular-i18n: 1.0.0rc4
05.Feb 2024 00:18:23 [WARNING]   [Dep Not Found] angular-i18n: 1.0.0rc5
05.Feb 2024 00:18:24 [WARNING]   [Dep Not Found] angular-i18n: 1.0.0rc6
05.Feb 2024 00:18:29 [WARNING]   [Dep Not Found] angular-i18n: 1.0.0rc7
05.Feb 2024 00:18:30 [WARNING]   [Dep Not Found] angular-i18n: 1.0.0rc8
05.Feb 2024 00:18:34 [WARNING]   [Dep Not Found] angular-i18n: 1.0.0rc9
05.Feb 2024 00:18:36 [WARNING]   [Dep Not Found] angular-i18n: 1.0.1
05.Feb 2024 00:18:40 [WARNING]   [Dep Not Found] angular-i18n: 1.0.2
05.Feb 2024 00:18:47 [WARNING]   [Dep Not Found] angular-i18n: 1.0.3
05.Feb 2024 00:18:48 [WARNING]   [Dep Not Found] angular-i18n: 1.0.4
05.Feb 2024 00:18:49 [WARNING]   [Dep Not Found] angular-i18n: 1.0.5
05.Feb 2024 00:18:54 [WARNING]   [Dep Not Found] angular-i18n: 1.0.6
05.Feb 2024 00:18:56 [WARNING]   [Dep Not Found] angular-i18n: 1.0.7
05.Feb 2024 00:19:00 [WARNING]   [Dep Not Found] angular-i18n: 1.0.8
05.Feb 2024 00:19:04 [WARNING]   [Dep Not Found] angular-i18n: 1.1.0
05.Feb 2024 00:19:06 [WARNING]   [Dep Not Found] angular-i18n: 1.1.1
05.Feb 2024 00:19:10 [WARNING]   [Dep Not Found] angular-i18n: 1.1.2
05.Feb 2024 00:19:13 [WARNING]   [Dep Not Found] angular-i18n: 1.1.3
05.Feb 2024 00:19:19 [WARNING]   [Dep Not Found] angular-i18n: 1.1.4
05.Feb 2024 00:19:20 [WARNING]   [Dep Not Found] angular-i18n: 1.1.5
05.Feb 2024 00:19:27 [WARNING]   [Dep Not Found] angular-i18n: 1.2.0
05.Feb 2024 00:19:29 [WARNING]   [Dep Not Found] angular-i18n: 1.2.0-rc.2
05.Feb 2024 00:19:31 [WARNING]   [Dep Not Found] angular-i18n: 1.2.0-rc.3
05.Feb 2024 00:19:35 [WARNING]   [Dep Not Found] angular-i18n: 1.2.0rc1
05.Feb 2024 00:19:37 [WARNING]   [Dep Not Found] angular-i18n: 1.2.1
05.Feb 2024 00:19:43 [WARNING]   [Dep Not Found] angular-i18n: 1.2.10
05.Feb 2024 00:19:47 [WARNING]   [Dep Not Found] angular-i18n: 1.2.11
05.Feb 2024 00:19:50 [WARNING]   [Dep Not Found] angular-i18n: 1.2.12
05.Feb 2024 00:19:54 [WARNING]   [Dep Not Found] angular-i18n: 1.2.13
05.Feb 2024 00:19:56 [WARNING]   [Dep Not Found] angular-i18n: 1.2.14
05.Feb 2024 00:20:00 [WARNING]   [Dep Not Found] angular-i18n: 1.2.15
05.Feb 2024 00:20:02 [WARNING]   [Dep Not Found] angular-i18n: 1.2.16
05.Feb 2024 00:20:04 [WARNING]   [Dep Not Found] angular-i18n: 1.2.17
05.Feb 2024 00:20:09 [WARNING]   [Dep Not Found] angular-i18n: 1.2.18
05.Feb 2024 00:20:10 [WARNING]   [Dep Not Found] angular-i18n: 1.2.19
05.Feb 2024 00:20:14 [WARNING]   [Dep Not Found] angular-i18n: 1.2.2
05.Feb 2024 00:20:17 [WARNING]   [Dep Not Found] angular-i18n: 1.2.20
05.Feb 2024 00:20:19 [WARNING]   [Dep Not Found] angular-i18n: 1.2.21
05.Feb 2024 00:20:24 [WARNING]   [Dep Not Found] angular-i18n: 1.2.22
05.Feb 2024 00:20:25 [WARNING]   [Dep Not Found] angular-i18n: 1.2.23
05.Feb 2024 00:20:29 [WARNING]   [Dep Not Found] angular-i18n: 1.2.24
05.Feb 2024 00:20:32 [WARNING]   [Dep Not Found] angular-i18n: 1.2.25
05.Feb 2024 00:20:34 [WARNING]   [Dep Not Found] angular-i18n: 1.2.26
05.Feb 2024 00:20:39 [WARNING]   [Dep Not Found] angular-i18n: 1.2.27
05.Feb 2024 00:20:40 [WARNING]   [Dep Not Found] angular-i18n: 1.2.28
05.Feb 2024 00:20:44 [WARNING]   [Dep Not Found] angular-i18n: 1.2.29
05.Feb 2024 00:20:46 [WARNING]   [Dep Not Found] angular-i18n: 1.2.3
05.Feb 2024 00:20:49 [WARNING]   [Dep Not Found] angular-i18n: 1.2.30
05.Feb 2024 00:20:54 [WARNING]   [Dep Not Found] angular-i18n: 1.2.31
05.Feb 2024 00:20:55 [WARNING]   [Dep Not Found] angular-i18n: 1.2.32
05.Feb 2024 00:20:59 [WARNING]   [Dep Not Found] angular-i18n: 1.2.4
05.Feb 2024 00:21:02 [WARNING]   [Dep Not Found] angular-i18n: 1.2.5
05.Feb 2024 00:21:04 [WARNING]   [Dep Not Found] angular-i18n: 1.2.6
05.Feb 2024 00:21:09 [WARNING]   [Dep Not Found] angular-i18n: 1.2.7
05.Feb 2024 00:21:10 [WARNING]   [Dep Not Found] angular-i18n: 1.2.8
05.Feb 2024 00:21:17 [WARNING]   [Dep Not Found] angular-i18n: 1.2.9
05.Feb 2024 00:21:19 [WARNING]   [Dep Not Found] angular-i18n: 1.3.0
05.Feb 2024 00:21:24 [WARNING]   [Dep Not Found] angular-i18n: 1.3.0-beta.1
05.Feb 2024 00:21:25 [WARNING]   [Dep Not Found] angular-i18n: 1.3.0-beta.10
05.Feb 2024 00:21:29 [WARNING]   [Dep Not Found] angular-i18n: 1.3.0-beta.11
05.Feb 2024 00:21:32 [WARNING]   [Dep Not Found] angular-i18n: 1.3.0-beta.12
05.Feb 2024 00:21:34 [WARNING]   [Dep Not Found] angular-i18n: 1.3.0-beta.13
05.Feb 2024 00:21:39 [WARNING]   [Dep Not Found] angular-i18n: 1.3.0-beta.14
05.Feb 2024 00:21:40 [WARNING]   [Dep Not Found] angular-i18n: 1.3.0-beta.15
05.Feb 2024 00:21:45 [WARNING]   [Dep Not Found] angular-i18n: 1.3.0-beta.16
05.Feb 2024 00:21:47 [WARNING]   [Dep Not Found] angular-i18n: 1.3.0-beta.17
05.Feb 2024 00:21:49 [WARNING]   [Dep Not Found] angular-i18n: 1.3.0-beta.18
05.Feb 2024 00:21:54 [WARNING]   [Dep Not Found] angular-i18n: 1.3.0-beta.19
05.Feb 2024 00:21:55 [WARNING]   [Dep Not Found] angular-i18n: 1.3.0-beta.2
05.Feb 2024 00:21:59 [WARNING]   [Dep Not Found] angular-i18n: 1.3.0-beta.3
05.Feb 2024 00:22:03 [WARNING]   [Dep Not Found] angular-i18n: 1.3.0-beta.4
05.Feb 2024 00:22:10 [WARNING]   [Dep Not Found] angular-i18n: 1.3.0-beta.5
05.Feb 2024 00:22:14 [WARNING]   [Dep Not Found] angular-i18n: 1.3.0-beta.6
05.Feb 2024 00:22:15 [WARNING]   [Dep Not Found] angular-i18n: 1.3.0-beta.7
05.Feb 2024 00:22:20 [WARNING]   [Dep Not Found] angular-i18n: 1.3.0-beta.8
05.Feb 2024 00:22:22 [WARNING]   [Dep Not Found] angular-i18n: 1.3.0-beta.9
05.Feb 2024 00:22:24 [WARNING]   [Dep Not Found] angular-i18n: 1.3.0-rc.0
05.Feb 2024 00:22:29 [WARNING]   [Dep Not Found] angular-i18n: 1.3.0-rc.1
05.Feb 2024 00:22:30 [WARNING]   [Dep Not Found] angular-i18n: 1.3.0-rc.2
05.Feb 2024 00:22:34 [WARNING]   [Dep Not Found] angular-i18n: 1.3.0-rc.3
05.Feb 2024 00:22:37 [WARNING]   [Dep Not Found] angular-i18n: 1.3.0-rc.4
05.Feb 2024 00:22:39 [WARNING]   [Dep Not Found] angular-i18n: 1.3.0-rc.5
05.Feb 2024 00:22:44 [WARNING]   [Dep Not Found] angular-i18n: 1.3.1
05.Feb 2024 00:22:46 [WARNING]   [Dep Not Found] angular-i18n: 1.3.10
05.Feb 2024 00:22:51 [WARNING]   [Dep Not Found] angular-i18n: 1.3.11
05.Feb 2024 00:22:54 [WARNING]   [Dep Not Found] angular-i18n: 1.3.12
05.Feb 2024 00:22:56 [WARNING]   [Dep Not Found] angular-i18n: 1.3.13
05.Feb 2024 00:23:00 [WARNING]   [Dep Not Found] angular-i18n: 1.3.14
05.Feb 2024 00:23:02 [WARNING]   [Dep Not Found] angular-i18n: 1.3.15
05.Feb 2024 00:23:05 [WARNING]   [Dep Not Found] angular-i18n: 1.3.16
05.Feb 2024 00:23:09 [WARNING]   [Dep Not Found] angular-i18n: 1.3.17
05.Feb 2024 00:23:10 [WARNING]   [Dep Not Found] angular-i18n: 1.3.18
05.Feb 2024 00:23:15 [WARNING]   [Dep Not Found] angular-i18n: 1.3.19
05.Feb 2024 00:23:17 [WARNING]   [Dep Not Found] angular-i18n: 1.3.2
05.Feb 2024 00:23:20 [WARNING]   [Dep Not Found] angular-i18n: 1.3.20
05.Feb 2024 00:23:24 [WARNING]   [Dep Not Found] angular-i18n: 1.3.3
05.Feb 2024 00:23:26 [WARNING]   [Dep Not Found] angular-i18n: 1.3.4
05.Feb 2024 00:23:29 [WARNING]   [Dep Not Found] angular-i18n: 1.3.5
05.Feb 2024 00:23:32 [WARNING]   [Dep Not Found] angular-i18n: 1.3.6
05.Feb 2024 00:23:39 [WARNING]   [Dep Not Found] angular-i18n: 1.3.7
05.Feb 2024 00:23:41 [WARNING]   [Dep Not Found] angular-i18n: 1.3.8
05.Feb 2024 00:23:44 [WARNING]   [Dep Not Found] angular-i18n: 1.3.9
05.Feb 2024 00:23:47 [WARNING]   [Dep Not Found] angular-i18n: 1.4.0
05.Feb 2024 00:23:50 [WARNING]   [Dep Not Found] angular-i18n: 1.4.0-beta.0
05.Feb 2024 00:23:55 [WARNING]   [Dep Not Found] angular-i18n: 1.4.0-beta.1
05.Feb 2024 00:23:56 [WARNING]   [Dep Not Found] angular-i18n: 1.4.0-beta.2
05.Feb 2024 00:24:00 [WARNING]   [Dep Not Found] angular-i18n: 1.4.0-beta.3
05.Feb 2024 00:24:04 [WARNING]   [Dep Not Found] angular-i18n: 1.4.0-beta.4
05.Feb 2024 00:24:05 [WARNING]   [Dep Not Found] angular-i18n: 1.4.0-beta.5
05.Feb 2024 00:24:09 [WARNING]   [Dep Not Found] angular-i18n: 1.4.0-beta.6
05.Feb 2024 00:24:12 [WARNING]   [Dep Not Found] angular-i18n: 1.4.0-rc.0
05.Feb 2024 00:24:14 [WARNING]   [Dep Not Found] angular-i18n: 1.4.0-rc.1
05.Feb 2024 00:24:19 [WARNING]   [Dep Not Found] angular-i18n: 1.4.0-rc.2
05.Feb 2024 00:24:21 [WARNING]   [Dep Not Found] angular-i18n: 1.4.1
05.Feb 2024 00:24:24 [WARNING]   [Dep Not Found] angular-i18n: 1.4.10
05.Feb 2024 00:24:27 [WARNING]   [Dep Not Found] angular-i18n: 1.4.11
05.Feb 2024 00:24:29 [WARNING]   [Dep Not Found] angular-i18n: 1.4.12
05.Feb 2024 00:24:34 [WARNING]   [Dep Not Found] angular-i18n: 1.4.13
05.Feb 2024 00:24:37 [WARNING]   [Dep Not Found] angular-i18n: 1.4.14
05.Feb 2024 00:24:40 [WARNING]   [Dep Not Found] angular-i18n: 1.4.2
05.Feb 2024 00:24:44 [WARNING]   [Dep Not Found] angular-i18n: 1.4.3
05.Feb 2024 00:24:47 [WARNING]   [Dep Not Found] angular-i18n: 1.4.4
05.Feb 2024 00:24:52 [WARNING]   [Dep Not Found] angular-i18n: 1.4.5
05.Feb 2024 00:24:55 [WARNING]   [Dep Not Found] angular-i18n: 1.4.6
05.Feb 2024 00:24:59 [WARNING]   [Dep Not Found] angular-i18n: 1.4.7
05.Feb 2024 00:25:03 [WARNING]   [Dep Not Found] angular-i18n: 1.4.8
05.Feb 2024 00:25:09 [WARNING]   [Dep Not Found] angular-i18n: 1.4.9
05.Feb 2024 00:25:15 [WARNING]   [Dep Not Found] angular-i18n: 1.5.0
05.Feb 2024 00:25:17 [WARNING]   [Dep Not Found] angular-i18n: 1.5.0-beta.0
05.Feb 2024 00:25:19 [WARNING]   [Dep Not Found] angular-i18n: 1.5.0-beta.1
05.Feb 2024 00:25:24 [WARNING]   [Dep Not Found] angular-i18n: 1.5.0-beta.2
05.Feb 2024 00:25:26 [WARNING]   [Dep Not Found] angular-i18n: 1.5.0-rc.0
05.Feb 2024 00:25:30 [WARNING]   [Dep Not Found] angular-i18n: 1.5.0-rc.1
05.Feb 2024 00:25:33 [WARNING]   [Dep Not Found] angular-i18n: 1.5.0-rc.2
05.Feb 2024 00:25:40 [WARNING]   [Dep Not Found] angular-i18n: 1.5.1
05.Feb 2024 00:25:40 [WARNING]   [Dep Not Found] angular-i18n: 1.5.10
05.Feb 2024 00:25:44 [WARNING]   [Dep Not Found] angular-i18n: 1.5.11
05.Feb 2024 00:25:49 [WARNING]   [Dep Not Found] angular-i18n: 1.5.2
05.Feb 2024 00:25:50 [WARNING]   [Dep Not Found] angular-i18n: 1.5.3
05.Feb 2024 00:25:54 [WARNING]   [Dep Not Found] angular-i18n: 1.5.4
05.Feb 2024 00:26:02 [WARNING]   [Dep Not Found] angular-i18n: 1.5.5
05.Feb 2024 00:26:03 [WARNING]   [Dep Not Found] angular-i18n: 1.5.6
05.Feb 2024 00:26:04 [WARNING]   [Dep Not Found] angular-i18n: 1.5.7
05.Feb 2024 00:26:14 [WARNING]   [Dep Not Found] angular-i18n: 1.5.8
05.Feb 2024 00:26:17 [WARNING]   [Dep Not Found] angular-i18n: 1.5.9
05.Feb 2024 00:26:19 [WARNING]   [Dep Not Found] angular-i18n: 1.6.0
05.Feb 2024 00:26:24 [WARNING]   [Dep Not Found] angular-i18n: 1.6.0-rc.0
05.Feb 2024 00:26:25 [WARNING]   [Dep Not Found] angular-i18n: 1.6.0-rc.1
05.Feb 2024 00:26:29 [WARNING]   [Dep Not Found] angular-i18n: 1.6.0-rc.2
05.Feb 2024 00:26:38 [WARNING]   [Dep Not Found] angular-i18n: 1.6.1
05.Feb 2024 00:26:39 [WARNING]   [Dep Not Found] angular-i18n: 1.6.10
05.Feb 2024 00:26:44 [WARNING]   [Dep Not Found] angular-i18n: 1.6.2
05.Feb 2024 00:26:47 [WARNING]   [Dep Not Found] angular-i18n: 1.6.3
05.Feb 2024 00:26:54 [WARNING]   [Dep Not Found] angular-i18n: 1.6.4
05.Feb 2024 00:27:03 [WARNING]   [Dep Not Found] angular-i18n: 1.6.5
05.Feb 2024 00:27:05 [WARNING]   [Dep Not Found] angular-i18n: 1.6.6
05.Feb 2024 00:27:09 [WARNING]   [Dep Not Found] angular-i18n: 1.6.7
05.Feb 2024 00:27:12 [WARNING]   [Dep Not Found] angular-i18n: 1.6.8
05.Feb 2024 00:27:15 [WARNING]   [Dep Not Found] angular-i18n: 1.6.9
05.Feb 2024 00:27:19 [WARNING]   [Dep Not Found] angular-i18n: 1.7.0
05.Feb 2024 00:27:23 [WARNING]   [Dep Not Found] angular-i18n: 1.7.0-rc.0
05.Feb 2024 00:27:28 [WARNING]   [Dep Not Found] angular-i18n: 1.7.1
05.Feb 2024 00:27:33 [WARNING]   [Dep Not Found] angular-i18n: 1.7.2
05.Feb 2024 00:27:39 [WARNING]   [Dep Not Found] angular-i18n: 1.7.3
05.Feb 2024 00:27:44 [WARNING]   [Dep Not Found] angular-i18n: 1.7.4
05.Feb 2024 00:27:45 [WARNING]   [Dep Not Found] angular-i18n: 1.7.5
05.Feb 2024 00:27:55 [WARNING]   [Dep Not Found] angular-i18n: 1.7.6
05.Feb 2024 00:27:58 [WARNING]   [Dep Not Found] angular-i18n: 1.7.7
05.Feb 2024 00:27:59 [WARNING]   [Dep Not Found] angular-i18n: 1.7.8
05.Feb 2024 00:28:05 [WARNING]   [Dep Not Found] angular-i18n: 1.7.9
05.Feb 2024 00:28:07 [WARNING]   [Dep Not Found] angular-i18n: 1.8.0
05.Feb 2024 00:28:09 [WARNING]   [Dep Not Found] angular-i18n: 1.8.1
05.Feb 2024 00:28:15 [WARNING]   [Dep Not Found] angular-i18n: 1.8.2
05.Feb 2024 00:28:16 [WARNING]   [Dep Not Found] angular-i18n: 1.8.3
05.Feb 2024 00:28:16 [DEBUG] Start examing 63: angular-loader
05.Feb 2024 00:28:29 [DEBUG] Start examing 64: angular-loading-bar
05.Feb 2024 00:28:30 [WARNING]   [Dep Not Found] angular-loading-bar: 0.0.1
05.Feb 2024 00:28:34 [WARNING]   [Dep Not Found] angular-loading-bar: 0.0.3
05.Feb 2024 00:28:38 [WARNING]   [Dep Not Found] angular-loading-bar: 0.0.4
05.Feb 2024 00:28:40 [WARNING]   [Dep Not Found] angular-loading-bar: 0.0.5
05.Feb 2024 00:28:44 [WARNING]   [Dep Not Found] angular-loading-bar: 0.1.0
05.Feb 2024 00:28:47 [WARNING]   [Dep Not Found] angular-loading-bar: 0.1.1
05.Feb 2024 00:28:51 [WARNING]   [Dep Not Found] angular-loading-bar: 0.2.0
05.Feb 2024 00:28:55 [WARNING]   [Dep Not Found] angular-loading-bar: 0.3.0
05.Feb 2024 00:28:58 [WARNING]   [Dep Not Found] angular-loading-bar: 0.4.0
05.Feb 2024 00:28:59 [WARNING]   [Dep Not Found] angular-loading-bar: 0.4.1
05.Feb 2024 00:29:04 [WARNING]   [Dep Not Found] angular-loading-bar: 0.4.2
05.Feb 2024 00:29:06 [WARNING]   [Dep Not Found] angular-loading-bar: 0.4.3
05.Feb 2024 00:29:10 [WARNING]   [Dep Not Found] angular-loading-bar: 0.5.0
05.Feb 2024 00:29:19 [WARNING]   [Dep Not Found] angular-loading-bar: 0.5.1
05.Feb 2024 00:29:24 [WARNING]   [Dep Not Found] angular-loading-bar: 0.5.2
05.Feb 2024 00:29:25 [WARNING]   [Dep Not Found] angular-loading-bar: 0.6.0
05.Feb 2024 00:29:30 [WARNING]   [Dep Not Found] angular-loading-bar: 0.7.1
05.Feb 2024 00:29:41 [WARNING]   [Dep Not Found] angular-loading-bar: 0.8.0
05.Feb 2024 00:29:41 [WARNING]   [Dep Not Found] angular-loading-bar: 0.9.0
05.Feb 2024 00:29:41 [DEBUG] Start examing 65: angular-local-storage
05.Feb 2024 00:29:49 [WARNING]   [Dep Not Found] angular-local-storage: 0.1.1
05.Feb 2024 00:29:52 [WARNING]   [Dep Not Found] angular-local-storage: 0.1.2
05.Feb 2024 00:29:57 [WARNING]   [Dep Not Found] angular-local-storage: 0.1.3
05.Feb 2024 00:29:59 [WARNING]   [Dep Not Found] angular-local-storage: 0.1.4
05.Feb 2024 00:30:06 [WARNING]   [Dep Not Found] angular-local-storage: 0.1.5
05.Feb 2024 00:30:11 [WARNING]   [Dep Not Found] angular-local-storage: 0.2.0
05.Feb 2024 00:30:12 [WARNING]   [Dep Not Found] angular-local-storage: 0.2.1
05.Feb 2024 00:30:20 [WARNING]   [Dep Not Found] angular-local-storage: 0.2.2
05.Feb 2024 00:30:24 [WARNING]   [Dep Not Found] angular-local-storage: 0.2.6
05.Feb 2024 00:30:27 [WARNING]   [Dep Not Found] angular-local-storage: 0.2.7
05.Feb 2024 00:30:32 [WARNING]   [Dep Not Found] angular-local-storage: 0.5.0
05.Feb 2024 00:30:33 [WARNING]   [Dep Not Found] angular-local-storage: 0.5.2
05.Feb 2024 00:30:36 [WARNING]   [Dep Not Found] angular-local-storage: 0.6.0
05.Feb 2024 00:30:39 [WARNING]   [Dep Not Found] angular-local-storage: 0.7.1
05.Feb 2024 00:30:39 [DEBUG] Start examing 66: angular-message-format
05.Feb 2024 00:30:41 [WARNING]   [Dep Not Found] angular-message-format: 1.7.0
05.Feb 2024 00:30:47 [WARNING]   [Dep Not Found] angular-message-format: 1.7.1
05.Feb 2024 00:30:51 [WARNING]   [Dep Not Found] angular-message-format: 1.7.2
05.Feb 2024 00:30:52 [WARNING]   [Dep Not Found] angular-message-format: 1.7.3
05.Feb 2024 00:30:58 [WARNING]   [Dep Not Found] angular-message-format: 1.7.4
05.Feb 2024 00:31:06 [WARNING]   [Dep Not Found] angular-message-format: 1.7.5
05.Feb 2024 00:31:10 [WARNING]   [Dep Not Found] angular-message-format: 1.7.6
05.Feb 2024 00:31:11 [WARNING]   [Dep Not Found] angular-message-format: 1.7.7
05.Feb 2024 00:31:16 [WARNING]   [Dep Not Found] angular-message-format: 1.7.8
05.Feb 2024 00:31:18 [WARNING]   [Dep Not Found] angular-message-format: 1.7.9
05.Feb 2024 00:31:22 [WARNING]   [Dep Not Found] angular-message-format: 1.8.0
05.Feb 2024 00:31:26 [WARNING]   [Dep Not Found] angular-message-format: 1.8.1
05.Feb 2024 00:31:28 [WARNING]   [Dep Not Found] angular-message-format: 1.8.2
05.Feb 2024 00:31:33 [WARNING]   [Dep Not Found] angular-message-format: 1.8.3
05.Feb 2024 00:31:33 [DEBUG] Start examing 67: angular-messages
05.Feb 2024 00:35:02 [WARNING]   [Dep Not Found] angular-messages: 1.3.0-rc.5
05.Feb 2024 00:35:07 [WARNING]   [Dep Not Found] angular-messages: 1.3.1
05.Feb 2024 00:35:07 [WARNING]   [Dep Not Found] angular-messages: 1.3.10
05.Feb 2024 00:35:12 [WARNING]   [Dep Not Found] angular-messages: 1.3.11
05.Feb 2024 00:35:15 [WARNING]   [Dep Not Found] angular-messages: 1.3.12
05.Feb 2024 00:35:17 [WARNING]   [Dep Not Found] angular-messages: 1.3.13
05.Feb 2024 00:35:22 [WARNING]   [Dep Not Found] angular-messages: 1.3.14
05.Feb 2024 00:35:24 [WARNING]   [Dep Not Found] angular-messages: 1.3.15
05.Feb 2024 00:35:27 [WARNING]   [Dep Not Found] angular-messages: 1.3.16
05.Feb 2024 00:35:31 [WARNING]   [Dep Not Found] angular-messages: 1.3.17
05.Feb 2024 00:35:32 [WARNING]   [Dep Not Found] angular-messages: 1.3.18
05.Feb 2024 00:35:37 [WARNING]   [Dep Not Found] angular-messages: 1.3.19
05.Feb 2024 00:35:42 [WARNING]   [Dep Not Found] angular-messages: 1.3.2
05.Feb 2024 00:35:42 [WARNING]   [Dep Not Found] angular-messages: 1.3.20
05.Feb 2024 00:35:47 [WARNING]   [Dep Not Found] angular-messages: 1.3.3
05.Feb 2024 00:35:50 [WARNING]   [Dep Not Found] angular-messages: 1.3.4
05.Feb 2024 00:35:52 [WARNING]   [Dep Not Found] angular-messages: 1.3.5
05.Feb 2024 00:35:57 [WARNING]   [Dep Not Found] angular-messages: 1.3.6
05.Feb 2024 00:35:59 [WARNING]   [Dep Not Found] angular-messages: 1.3.7
05.Feb 2024 00:36:02 [WARNING]   [Dep Not Found] angular-messages: 1.3.8
05.Feb 2024 00:36:07 [WARNING]   [Dep Not Found] angular-messages: 1.3.9
05.Feb 2024 00:36:08 [WARNING]   [Dep Not Found] angular-messages: 1.4.0
05.Feb 2024 00:36:15 [WARNING]   [Dep Not Found] angular-messages: 1.4.0-beta.0
05.Feb 2024 00:36:19 [WARNING]   [Dep Not Found] angular-messages: 1.4.0-beta.1
05.Feb 2024 00:36:21 [WARNING]   [Dep Not Found] angular-messages: 1.4.0-beta.2
05.Feb 2024 00:36:26 [WARNING]   [Dep Not Found] angular-messages: 1.4.0-beta.3
05.Feb 2024 00:36:27 [WARNING]   [Dep Not Found] angular-messages: 1.4.0-beta.4
05.Feb 2024 00:36:32 [WARNING]   [Dep Not Found] angular-messages: 1.4.0-beta.5
05.Feb 2024 00:36:36 [WARNING]   [Dep Not Found] angular-messages: 1.4.0-beta.6
05.Feb 2024 00:36:37 [WARNING]   [Dep Not Found] angular-messages: 1.4.0-rc.0
05.Feb 2024 00:36:42 [WARNING]   [Dep Not Found] angular-messages: 1.4.0-rc.1
05.Feb 2024 00:36:45 [WARNING]   [Dep Not Found] angular-messages: 1.4.0-rc.2
05.Feb 2024 00:36:46 [WARNING]   [Dep Not Found] angular-messages: 1.4.1
05.Feb 2024 00:36:51 [WARNING]   [Dep Not Found] angular-messages: 1.4.10
05.Feb 2024 00:36:52 [WARNING]   [Dep Not Found] angular-messages: 1.4.11
05.Feb 2024 00:36:57 [WARNING]   [Dep Not Found] angular-messages: 1.4.12
05.Feb 2024 00:36:59 [WARNING]   [Dep Not Found] angular-messages: 1.4.13
05.Feb 2024 00:37:10 [WARNING]   [Dep Not Found] angular-messages: 1.4.14
05.Feb 2024 00:37:11 [WARNING]   [Dep Not Found] angular-messages: 1.4.2
05.Feb 2024 00:37:17 [WARNING]   [Dep Not Found] angular-messages: 1.4.3
05.Feb 2024 00:37:19 [WARNING]   [Dep Not Found] angular-messages: 1.4.4
05.Feb 2024 00:37:22 [WARNING]   [Dep Not Found] angular-messages: 1.4.5
05.Feb 2024 00:37:27 [WARNING]   [Dep Not Found] angular-messages: 1.4.6
05.Feb 2024 00:37:28 [WARNING]   [Dep Not Found] angular-messages: 1.4.7
05.Feb 2024 00:37:32 [WARNING]   [Dep Not Found] angular-messages: 1.4.8
05.Feb 2024 00:37:36 [WARNING]   [Dep Not Found] angular-messages: 1.4.9
05.Feb 2024 00:37:37 [WARNING]   [Dep Not Found] angular-messages: 1.5.0
05.Feb 2024 00:37:41 [WARNING]   [Dep Not Found] angular-messages: 1.5.0-beta.0
05.Feb 2024 00:37:44 [WARNING]   [Dep Not Found] angular-messages: 1.5.0-beta.2
05.Feb 2024 00:37:47 [WARNING]   [Dep Not Found] angular-messages: 1.5.0-rc.0
05.Feb 2024 00:37:52 [WARNING]   [Dep Not Found] angular-messages: 1.5.0-rc.1
05.Feb 2024 00:37:53 [WARNING]   [Dep Not Found] angular-messages: 1.5.0-rc.2
05.Feb 2024 00:37:57 [WARNING]   [Dep Not Found] angular-messages: 1.5.1
05.Feb 2024 00:38:02 [WARNING]   [Dep Not Found] angular-messages: 1.5.10
05.Feb 2024 00:38:03 [WARNING]   [Dep Not Found] angular-messages: 1.5.11
05.Feb 2024 00:38:07 [WARNING]   [Dep Not Found] angular-messages: 1.5.2
05.Feb 2024 00:38:11 [WARNING]   [Dep Not Found] angular-messages: 1.5.3
05.Feb 2024 00:38:12 [WARNING]   [Dep Not Found] angular-messages: 1.5.5
05.Feb 2024 00:38:17 [WARNING]   [Dep Not Found] angular-messages: 1.5.6
05.Feb 2024 00:38:20 [WARNING]   [Dep Not Found] angular-messages: 1.5.7
05.Feb 2024 00:38:22 [WARNING]   [Dep Not Found] angular-messages: 1.5.8
05.Feb 2024 00:38:27 [WARNING]   [Dep Not Found] angular-messages: 1.5.9
05.Feb 2024 00:38:30 [WARNING]   [Dep Not Found] angular-messages: 1.6.0
