05.Feb 2024 16:02:24 [DEBUG] Start examing 0: bootswatch
05.Feb 2024 16:02:25 [WARNING]   [Dep Not Found] bootswatch: 2.0.1
05.Feb 2024 16:02:25 [DEBUG] Start examing 1: bounce.js
05.Feb 2024 16:02:25 [DEBUG] Start examing 2: bowser
05.Feb 2024 16:02:26 [WARNING]   [Dep Not Found] bowser: 2.0.0
05.Feb 2024 16:02:26 [DEBUG] Start examing 3: brain.js
05.Feb 2024 16:02:26 [WARNING]   [Dep Not Found] brain.js: 2.0.0-beta.10
05.Feb 2024 16:02:26 [DEBUG] Start examing 4: brain
05.Feb 2024 16:02:26 [DEBUG] Start examing 5: bricks.js
05.Feb 2024 16:02:27 [WARNING]   [Dep Not Found] bricks.js: 1.0.0
05.Feb 2024 16:02:27 [DEBUG] Start examing 6: BrowserFS
05.Feb 2024 16:02:27 [DEBUG] Start examing 7: brython
05.Feb 2024 16:02:27 [WARNING]   [Dep Not Found] brython: 3.10.0
05.Feb 2024 16:02:27 [DEBUG] Start examing 8: buefy
05.Feb 2024 16:02:27 [DEBUG] Start examing 9: bulma
05.Feb 2024 16:02:27 [DEBUG] Start examing 10: Buttons
05.Feb 2024 16:02:27 [DEBUG] Start examing 11: c3
05.Feb 2024 16:02:27 [DEBUG] Start examing 12: camanjs
05.Feb 2024 16:02:27 [WARNING]   [Dep Not Found] camanjs: 1.0.0
05.Feb 2024 16:02:27 [DEBUG] Start examing 13: cannon.js
05.Feb 2024 16:02:27 [DEBUG] Start examing 14: canvas-confetti
05.Feb 2024 16:02:28 [WARNING]   [Dep Not Found] canvas-confetti: 1.1.1
05.Feb 2024 16:02:28 [DEBUG] Start examing 15: canvas-nest.js
05.Feb 2024 16:02:28 [DEBUG] Start examing 16: canvaskit-wasm
05.Feb 2024 16:02:28 [DEBUG] Start examing 17: canvg
05.Feb 2024 16:02:28 [DEBUG] Start examing 18: card
05.Feb 2024 16:02:28 [DEBUG] Start examing 19: cash
05.Feb 2024 16:02:28 [DEBUG] Start examing 20: ccxt
