05.Feb 2024 16:03:05 [DEBUG] Start examing 0: chai
05.Feb 2024 16:03:27 [WARNING]   [Dep Not Found] chai: 5.0.0
05.Feb 2024 16:03:27 [DEBUG] Start examing 1: chance
05.Feb 2024 16:03:43 [DEBUG] Start examing 2: chaplin
05.Feb 2024 16:03:44 [WARNING]   [Dep Not Found] chaplin: 0.11.3
05.Feb 2024 16:03:44 [DEBUG] Start examing 3: Chart.js
05.Feb 2024 16:03:52 [WARNING]   [Dep Not Found] Chart.js: 4.0.0-alpha.2
05.Feb 2024 16:03:52 [DEBUG] Start examing 4: cheerio
05.Feb 2024 16:03:53 [WARNING]   [Dep Not Found] cheerio: 0.15.0
05.Feb 2024 16:03:53 [DEBUG] Start examing 5: chess.js
05.Feb 2024 16:03:55 [WARNING]   [Dep Not Found] chess.js: 0.13.0
05.Feb 2024 16:03:55 [DEBUG] Start examing 6: choices.js
05.Feb 2024 16:04:28 [DEBUG] Start examing 7: choo
05.Feb 2024 16:04:41 [DEBUG] Start examing 8: chosen
05.Feb 2024 16:04:42 [INFO]   [Dep Found] chosen: 0.9.10 - jquery/2.2.4/jquery.min.js
05.Feb 2024 16:04:42 [INFO]   [Dep Found] chosen: 0.9.11 - jquery/2.2.4/jquery.min.js
05.Feb 2024 16:04:42 [INFO]   [Dep Found] chosen: 0.9.12 - jquery/2.2.4/jquery.min.js
05.Feb 2024 16:04:43 [INFO]   [Dep Found] chosen: 0.9.14 - jquery/2.2.4/jquery.min.js
05.Feb 2024 16:04:43 [INFO]   [Dep Found] chosen: 0.9.15 - jquery/2.2.4/jquery.min.js
05.Feb 2024 16:04:43 [INFO]   [Dep Found] chosen: 0.9.8 - jquery/2.2.4/jquery.min.js
05.Feb 2024 16:04:44 [INFO]   [Dep Found] chosen: 0.9.9 - jquery/2.2.4/jquery.min.js
05.Feb 2024 16:04:44 [INFO]   [Dep Found] chosen: 1.0 - jquery/2.2.4/jquery.min.js
05.Feb 2024 16:04:44 [INFO]   [Dep Found] chosen: 1.1.0 - jquery/2.2.4/jquery.min.js
05.Feb 2024 16:04:44 [INFO]   [Dep Found] chosen: 1.4.1 - jquery/2.2.4/jquery.min.js
05.Feb 2024 16:04:44 [INFO]   [Dep Found] chosen: 1.4.2 - jquery/2.2.4/jquery.min.js
05.Feb 2024 16:04:44 [INFO]   [Dep Found] chosen: 1.5.0 - jquery/2.2.4/jquery.min.js
05.Feb 2024 16:04:45 [INFO]   [Dep Found] chosen: 1.5.1 - jquery/2.2.4/jquery.min.js
05.Feb 2024 16:04:45 [INFO]   [Dep Found] chosen: 1.6.0 - jquery/2.2.4/jquery.min.js
05.Feb 2024 16:04:45 [INFO]   [Dep Found] chosen: 1.6.1 - jquery/2.2.4/jquery.min.js
05.Feb 2024 16:04:45 [INFO]   [Dep Found] chosen: 1.6.2 - jquery/2.2.4/jquery.min.js
05.Feb 2024 16:04:45 [INFO]   [Dep Found] chosen: 1.7.0 - jquery/2.2.4/jquery.min.js
05.Feb 2024 16:04:46 [INFO]   [Dep Found] chosen: 1.8.0 - jquery/2.2.4/jquery.min.js
05.Feb 2024 16:04:46 [INFO]   [Dep Found] chosen: 1.8.1 - jquery/2.2.4/jquery.min.js
05.Feb 2024 16:04:46 [INFO]   [Dep Found] chosen: 1.8.2 - jquery/2.2.4/jquery.min.js
05.Feb 2024 16:04:46 [INFO]   [Dep Found] chosen: 1.8.3 - jquery/2.2.4/jquery.min.js
05.Feb 2024 16:04:47 [INFO]   [Dep Found] chosen: 1.8.4 - jquery/2.2.4/jquery.min.js
05.Feb 2024 16:04:47 [INFO]   [Dep Found] chosen: 1.8.5 - jquery/2.2.4/jquery.min.js
05.Feb 2024 16:04:47 [INFO]   [Dep Found] chosen: 1.8.6 - jquery/2.2.4/jquery.min.js
05.Feb 2024 16:04:47 [INFO]   [Dep Found] chosen: 1.8.7 - jquery/2.2.4/jquery.min.js
05.Feb 2024 16:04:47 [INFO]   [Dep Found] chosen: 1.8.8.rc1 - jquery/2.2.4/jquery.min.js
05.Feb 2024 16:04:48 [INFO]   [Dep Found] chosen: 1.8.8.rc3 - jquery/2.2.4/jquery.min.js
05.Feb 2024 16:04:48 [INFO]   [Dep Found] chosen: 1.8.8.rc4 - jquery/2.2.4/jquery.min.js
05.Feb 2024 16:04:48 [INFO]   [Dep Found] chosen: 1.8.8.rc6 - jquery/2.2.4/jquery.min.js
05.Feb 2024 16:04:48 [DEBUG] Start examing 9: chroma-js
05.Feb 2024 16:05:00 [DEBUG] Start examing 10: chrono-node
05.Feb 2024 16:05:02 [WARNING]   [Dep Not Found] chrono-node: 0.1.10
05.Feb 2024 16:05:02 [DEBUG] Start examing 11: ckeditor
05.Feb 2024 16:05:16 [DEBUG] Start examing 12: clarity-icons
05.Feb 2024 16:06:00 [DEBUG] Start examing 13: clarity-ui
05.Feb 2024 16:06:05 [DEBUG] Start examing 14: classnames
05.Feb 2024 16:06:06 [WARNING]   [Dep Not Found] classnames: 1.1.3
05.Feb 2024 16:06:06 [DEBUG] Start examing 15: cleave.js
05.Feb 2024 16:06:07 [WARNING]   [Dep Not Found] cleave.js: 0.2.0
05.Feb 2024 16:06:07 [DEBUG] Start examing 16: clipboard.js
05.Feb 2024 16:06:16 [DEBUG] Start examing 17: clmtrackr
05.Feb 2024 16:06:19 [DEBUG] Start examing 18: clusterize.js
05.Feb 2024 16:06:26 [DEBUG] Start examing 19: co
05.Feb 2024 16:06:34 [DEBUG] Start examing 20: codemirror
05.Feb 2024 16:07:14 [DEBUG] Start examing 21: coffee-script
05.Feb 2024 16:07:15 [WARNING]   [Dep Not Found] coffee-script: 1.1.3
05.Feb 2024 16:07:15 [DEBUG] Start examing 22: collect.js
05.Feb 2024 16:07:54 [DEBUG] Start examing 23: color-thief
05.Feb 2024 16:07:54 [WARNING]   [Dep Not Found] color-thief: 2.2.0
05.Feb 2024 16:07:54 [DEBUG] Start examing 24: colors.css
05.Feb 2024 16:07:55 [DEBUG] Start examing 25: colors
05.Feb 2024 16:07:58 [DEBUG] Start examing 26: compressorjs
05.Feb 2024 16:07:59 [WARNING]   [Dep Not Found] compressorjs: 1.0.0
05.Feb 2024 16:07:59 [DEBUG] Start examing 27: ContentTools
05.Feb 2024 16:08:04 [DEBUG] Start examing 28: convnetjs
05.Feb 2024 16:08:06 [DEBUG] Start examing 29: cookieconsent
05.Feb 2024 16:08:07 [DEBUG] Start examing 30: cookieconsent2
05.Feb 2024 16:08:09 [DEBUG] Start examing 31: countup.js
05.Feb 2024 16:08:10 [WARNING]   [Dep Not Found] countup.js: 0.1.0
05.Feb 2024 16:08:10 [DEBUG] Start examing 32: crafty
05.Feb 2024 16:08:16 [DEBUG] Start examing 33: create-react-class
05.Feb 2024 16:08:17 [WARNING]   [Dep Not Found] create-react-class: 15.5.0
05.Feb 2024 16:08:17 [DEBUG] Start examing 34: cropper
05.Feb 2024 16:08:17 [INFO]   [Dep Found] cropper: 0.10.0 - jquery/2.2.4/jquery.min.js
05.Feb 2024 16:08:18 [INFO]   [Dep Found] cropper: 0.10.1 - jquery/2.2.4/jquery.min.js
05.Feb 2024 16:08:18 [INFO]   [Dep Found] cropper: 0.11.0 - jquery/2.2.4/jquery.min.js
05.Feb 2024 16:08:18 [INFO]   [Dep Found] cropper: 0.11.1 - jquery/2.2.4/jquery.min.js
05.Feb 2024 16:08:18 [INFO]   [Dep Found] cropper: 0.2.0 - jquery/2.2.4/jquery.min.js
05.Feb 2024 16:08:19 [INFO]   [Dep Found] cropper: 0.3.0 - jquery/2.2.4/jquery.min.js
05.Feb 2024 16:08:19 [INFO]   [Dep Found] cropper: 0.4.0 - jquery/2.2.4/jquery.min.js
05.Feb 2024 16:08:20 [INFO]   [Dep Found] cropper: 0.5.0 - jquery/2.2.4/jquery.min.js
05.Feb 2024 16:08:20 [INFO]   [Dep Found] cropper: 0.6.0 - jquery/2.2.4/jquery.min.js
05.Feb 2024 16:08:21 [INFO]   [Dep Found] cropper: 0.6.1 - jquery/2.2.4/jquery.min.js
05.Feb 2024 16:08:21 [INFO]   [Dep Found] cropper: 0.6.2 - jquery/2.2.4/jquery.min.js
05.Feb 2024 16:08:22 [INFO]   [Dep Found] cropper: 0.7.0 - jquery/2.2.4/jquery.min.js
05.Feb 2024 16:08:22 [INFO]   [Dep Found] cropper: 0.7.1 - jquery/2.2.4/jquery.min.js
05.Feb 2024 16:08:22 [INFO]   [Dep Found] cropper: 0.7.2 - jquery/2.2.4/jquery.min.js
05.Feb 2024 16:08:23 [INFO]   [Dep Found] cropper: 0.7.3 - jquery/2.2.4/jquery.min.js
05.Feb 2024 16:08:23 [INFO]   [Dep Found] cropper: 0.7.4 - jquery/2.2.4/jquery.min.js
05.Feb 2024 16:08:24 [INFO]   [Dep Found] cropper: 0.7.5 - jquery/2.2.4/jquery.min.js
05.Feb 2024 16:08:24 [INFO]   [Dep Found] cropper: 0.7.6 - jquery/2.2.4/jquery.min.js
05.Feb 2024 16:08:24 [INFO]   [Dep Found] cropper: 0.7.7 - jquery/2.2.4/jquery.min.js
05.Feb 2024 16:08:25 [INFO]   [Dep Found] cropper: 0.7.8 - jquery/2.2.4/jquery.min.js
05.Feb 2024 16:08:25 [INFO]   [Dep Found] cropper: 0.7.9 - jquery/2.2.4/jquery.min.js
05.Feb 2024 16:08:26 [INFO]   [Dep Found] cropper: 0.8.0 - jquery/2.2.4/jquery.min.js
05.Feb 2024 16:08:26 [INFO]   [Dep Found] cropper: 0.9.0 - jquery/2.2.4/jquery.min.js
05.Feb 2024 16:08:26 [INFO]   [Dep Found] cropper: 0.9.1 - jquery/2.2.4/jquery.min.js
05.Feb 2024 16:08:26 [INFO]   [Dep Found] cropper: 0.9.2 - jquery/2.2.4/jquery.min.js
05.Feb 2024 16:08:27 [INFO]   [Dep Found] cropper: 0.9.3 - jquery/2.2.4/jquery.min.js
05.Feb 2024 16:08:27 [INFO]   [Dep Found] cropper: 1.0.0 - jquery/2.2.4/jquery.min.js
05.Feb 2024 16:08:27 [INFO]   [Dep Found] cropper: 1.0.0-rc.1 - jquery/2.2.4/jquery.min.js
05.Feb 2024 16:08:28 [INFO]   [Dep Found] cropper: 2.0.0 - jquery/2.2.4/jquery.min.js
05.Feb 2024 16:08:28 [INFO]   [Dep Found] cropper: 2.0.1 - jquery/2.2.4/jquery.min.js
05.Feb 2024 16:08:28 [INFO]   [Dep Found] cropper: 2.0.2 - jquery/2.2.4/jquery.min.js
05.Feb 2024 16:08:29 [INFO]   [Dep Found] cropper: 2.1.0 - jquery/2.2.4/jquery.min.js
05.Feb 2024 16:08:29 [INFO]   [Dep Found] cropper: 2.2.0 - jquery/2.2.4/jquery.min.js
05.Feb 2024 16:08:29 [INFO]   [Dep Found] cropper: 2.2.1 - jquery/2.2.4/jquery.min.js
05.Feb 2024 16:08:30 [INFO]   [Dep Found] cropper: 2.2.2 - jquery/2.2.4/jquery.min.js
05.Feb 2024 16:08:30 [INFO]   [Dep Found] cropper: 2.2.3 - jquery/2.2.4/jquery.min.js
05.Feb 2024 16:08:31 [INFO]   [Dep Found] cropper: 2.2.4 - jquery/2.2.4/jquery.min.js
05.Feb 2024 16:08:31 [INFO]   [Dep Found] cropper: 2.2.5 - jquery/2.2.4/jquery.min.js
05.Feb 2024 16:08:31 [INFO]   [Dep Found] cropper: 2.3.0 - jquery/2.2.4/jquery.min.js
05.Feb 2024 16:08:32 [INFO]   [Dep Found] cropper: 2.3.1 - jquery/2.2.4/jquery.min.js
05.Feb 2024 16:08:32 [INFO]   [Dep Found] cropper: 2.3.2 - jquery/2.2.4/jquery.min.js
05.Feb 2024 16:08:32 [INFO]   [Dep Found] cropper: 2.3.3 - jquery/2.2.4/jquery.min.js
05.Feb 2024 16:08:32 [INFO]   [Dep Found] cropper: 2.3.4 - jquery/2.2.4/jquery.min.js
05.Feb 2024 16:08:33 [INFO]   [Dep Found] cropper: 3.0.0 - jquery/2.2.4/jquery.min.js
05.Feb 2024 16:08:33 [INFO]   [Dep Found] cropper: 3.0.0-alpha - jquery/2.2.4/jquery.min.js
05.Feb 2024 16:08:33 [INFO]   [Dep Found] cropper: 3.0.0-alpha.1 - jquery/2.2.4/jquery.min.js
05.Feb 2024 16:08:34 [INFO]   [Dep Found] cropper: 3.0.0-beta - jquery/2.2.4/jquery.min.js
05.Feb 2024 16:08:34 [INFO]   [Dep Found] cropper: 3.0.0-rc - jquery/2.2.4/jquery.min.js
05.Feb 2024 16:08:34 [INFO]   [Dep Found] cropper: 3.0.0-rc.1 - jquery/2.2.4/jquery.min.js
05.Feb 2024 16:08:35 [INFO]   [Dep Found] cropper: 3.0.0-rc.2 - jquery/2.2.4/jquery.min.js
05.Feb 2024 16:08:35 [INFO]   [Dep Found] cropper: 3.0.0-rc.3 - jquery/2.2.4/jquery.min.js
05.Feb 2024 16:08:36 [INFO]   [Dep Found] cropper: 3.1.0 - jquery/2.2.4/jquery.min.js
05.Feb 2024 16:08:36 [INFO]   [Dep Found] cropper: 3.1.1 - jquery/2.2.4/jquery.min.js
05.Feb 2024 16:08:36 [INFO]   [Dep Found] cropper: 3.1.2 - jquery/2.2.4/jquery.min.js
05.Feb 2024 16:08:37 [INFO]   [Dep Found] cropper: 3.1.3 - jquery/2.2.4/jquery.min.js
05.Feb 2024 16:08:37 [INFO]   [Dep Found] cropper: 3.1.4 - jquery/2.2.4/jquery.min.js
05.Feb 2024 16:08:37 [INFO]   [Dep Found] cropper: 3.1.5 - jquery/2.2.4/jquery.min.js
05.Feb 2024 16:08:38 [INFO]   [Dep Found] cropper: 3.1.6 - jquery/2.2.4/jquery.min.js
05.Feb 2024 16:08:38 [INFO]   [Dep Found] cropper: 4.0.0 - jquery/2.2.4/jquery.min.js
05.Feb 2024 16:08:38 [INFO]   [Dep Found] cropper: 4.0.0-alpha - jquery/2.2.4/jquery.min.js
05.Feb 2024 16:08:39 [INFO]   [Dep Found] cropper: 4.0.0-beta - jquery/2.2.4/jquery.min.js
05.Feb 2024 16:08:39 [INFO]   [Dep Found] cropper: 4.1.0 - jquery/2.2.4/jquery.min.js
05.Feb 2024 16:08:39 [DEBUG] Start examing 35: cropperjs
05.Feb 2024 16:08:47 [WARNING]   [Dep Not Found] cropperjs: 1.0.0-rc.1
05.Feb 2024 16:08:47 [DEBUG] Start examing 36: crossfilter
05.Feb 2024 16:08:53 [DEBUG] Start examing 37: crypto-js
05.Feb 2024 16:08:53 [WARNING]   [Dep Not Found] crypto-js: 3.1.3
05.Feb 2024 16:08:53 [DEBUG] Start examing 38: css-doodle
05.Feb 2024 16:09:46 [DEBUG] Start examing 39: css-element-queries
05.Feb 2024 16:09:53 [DEBUG] Start examing 40: css-layout
05.Feb 2024 16:09:54 [DEBUG] Start examing 41: cssgram
05.Feb 2024 16:09:55 [DEBUG] Start examing 42: csshake
05.Feb 2024 16:09:56 [DEBUG] Start examing 43: csslint
05.Feb 2024 16:09:56 [WARNING]   [Dep Not Found] csslint: 1.0.0
05.Feb 2024 16:09:56 [DEBUG] Start examing 44: cubism
05.Feb 2024 16:09:57 [WARNING]   [Dep Not Found] cubism: 1.0.0
05.Feb 2024 16:09:57 [DEBUG] Start examing 45: cuid
05.Feb 2024 16:10:07 [DEBUG] Start examing 46: cyclejs-core
05.Feb 2024 16:10:49 [WARNING]   [Dep Not Found] cyclejs-core: 5.0.0
05.Feb 2024 16:10:49 [DEBUG] Start examing 47: d3-cloud
05.Feb 2024 16:10:50 [WARNING]   [Dep Not Found] d3-cloud: 1.0.0
05.Feb 2024 16:10:50 [DEBUG] Start examing 48: dagre
05.Feb 2024 16:10:52 [WARNING]   [Dep Not Found] dagre: 0.6.0
05.Feb 2024 16:10:52 [DEBUG] Start examing 49: danialfarid-angular-file-upload
05.Feb 2024 16:10:54 [WARNING]   [Dep Not Found] danialfarid-angular-file-upload: 1.4.0
05.Feb 2024 16:10:54 [DEBUG] Start examing 50: darkreader
05.Feb 2024 16:11:08 [DEBUG] Start examing 51: dash-core-components
05.Feb 2024 16:11:09 [WARNING]   [Dep Not Found] dash-core-components: 2.10.0
05.Feb 2024 16:11:09 [DEBUG] Start examing 52: dash-html-components
05.Feb 2024 16:11:11 [WARNING]   [Dep Not Found] dash-html-components: 2.0.10
05.Feb 2024 16:11:11 [DEBUG] Start examing 53: dash-renderer
05.Feb 2024 16:11:12 [WARNING]   [Dep Not Found] dash-renderer: 1.14.3
05.Feb 2024 16:11:12 [DEBUG] Start examing 54: dash-table
05.Feb 2024 16:11:14 [WARNING]   [Dep Not Found] dash-table: 5.1.5
05.Feb 2024 16:11:14 [DEBUG] Start examing 55: dashjs
05.Feb 2024 16:11:46 [DEBUG] Start examing 56: dat-gui
05.Feb 2024 16:11:57 [DEBUG] Start examing 57: datamaps
05.Feb 2024 16:12:03 [DEBUG] Start examing 58: datatables
05.Feb 2024 16:12:05 [INFO]   [Dep Found] datatables: 1.10.0 - jquery/2.2.4/jquery.min.js
05.Feb 2024 16:12:06 [INFO]   [Dep Found] datatables: 1.10.0-beta.1 - jquery/2.2.4/jquery.min.js
05.Feb 2024 16:12:06 [INFO]   [Dep Found] datatables: 1.10.0-beta.2 - jquery/2.2.4/jquery.min.js
05.Feb 2024 16:12:07 [INFO]   [Dep Found] datatables: 1.10.0-rc.1 - jquery/2.2.4/jquery.min.js
05.Feb 2024 16:12:08 [INFO]   [Dep Found] datatables: 1.10.1 - jquery/2.2.4/jquery.min.js
05.Feb 2024 16:12:09 [WARNING]   [Dep Not Found] datatables: 1.10.10
05.Feb 2024 16:12:09 [DEBUG] Start examing 59: date-fns
05.Feb 2024 16:13:09 [DEBUG] Start examing 60: dayjs
05.Feb 2024 16:14:05 [DEBUG] Start examing 61: dc
05.Feb 2024 16:14:08 [WARNING]   [Dep Not Found] dc: 0.6.0
05.Feb 2024 16:14:08 [DEBUG] Start examing 62: decimal.js
05.Feb 2024 16:14:34 [DEBUG] Start examing 63: deck.js
05.Feb 2024 16:14:35 [INFO]   [Dep Found] deck.js: 1.0.0 - jquery/2.2.4/jquery.min.js
05.Feb 2024 16:14:36 [INFO]   [Dep Found] deck.js: 1.1.0 - jquery/2.2.4/jquery.min.js
05.Feb 2024 16:14:36 [DEBUG] Start examing 64: deep-diff
05.Feb 2024 16:14:44 [DEBUG] Start examing 65: deeplearn
05.Feb 2024 16:14:50 [DEBUG] Start examing 66: design-system
05.Feb 2024 16:15:48 [DEBUG] Start examing 67: device.js
05.Feb 2024 16:15:53 [WARNING]   [Dep Not Found] device.js: 0.2.2
05.Feb 2024 16:15:53 [DEBUG] Start examing 68: devicon
05.Feb 2024 16:16:00 [DEBUG] Start examing 69: dexie
05.Feb 2024 16:16:26 [WARNING]   [Dep Not Found] dexie: 2.0.0-beta.10
05.Feb 2024 16:16:26 [DEBUG] Start examing 70: diff-match-patch
05.Feb 2024 16:16:28 [WARNING]   [Dep Not Found] diff-match-patch: 1.0.0
05.Feb 2024 16:16:28 [DEBUG] Start examing 71: dinero.js
05.Feb 2024 16:16:49 [DEBUG] Start examing 72: Director
05.Feb 2024 16:16:53 [DEBUG] Start examing 73: docsearch-css
05.Feb 2024 16:16:58 [DEBUG] Start examing 74: docsearch-js
05.Feb 2024 16:17:09 [DEBUG] Start examing 75: docsearch.js
05.Feb 2024 16:17:44 [DEBUG] Start examing 76: docsify
05.Feb 2024 16:17:45 [WARNING]   [Dep Not Found] docsify: 0.0.1
05.Feb 2024 16:17:45 [DEBUG] Start examing 77: docute
05.Feb 2024 16:17:51 [DEBUG] Start examing 78: dom-to-image
05.Feb 2024 16:18:13 [DEBUG] Start examing 79: dompurify
05.Feb 2024 16:19:06 [DEBUG] Start examing 80: dot
05.Feb 2024 16:19:13 [WARNING]   [Dep Not Found] dot: 2.0.0-beta.1
05.Feb 2024 16:19:13 [DEBUG] Start examing 81: dplayer
05.Feb 2024 16:19:20 [WARNING]   [Dep Not Found] dplayer: 1.0.1
05.Feb 2024 16:19:20 [DEBUG] Start examing 82: draft-js
05.Feb 2024 16:19:22 [WARNING]   [Dep Not Found] draft-js: 0.1.0
05.Feb 2024 16:19:22 [DEBUG] Start examing 83: draggabilly
05.Feb 2024 16:19:24 [WARNING]   [Dep Not Found] draggabilly: 0.0.2
05.Feb 2024 16:19:24 [DEBUG] Start examing 84: draggable
05.Feb 2024 16:19:38 [DEBUG] Start examing 85: dragula
05.Feb 2024 16:20:24 [DEBUG] Start examing 86: driver-dom
05.Feb 2024 16:20:26 [WARNING]   [Dep Not Found] driver-dom: 2.1.0
05.Feb 2024 16:20:26 [DEBUG] Start examing 87: driver.js
05.Feb 2024 16:21:10 [DEBUG] Start examing 88: dropzone
05.Feb 2024 16:21:11 [INFO]   [Dep Found] dropzone: 1.3.4 - jquery/2.2.4/jquery.min.js
05.Feb 2024 16:21:43 [WARNING]   [Dep Not Found] dropzone: 6.0.0-beta.1
05.Feb 2024 16:21:43 [DEBUG] Start examing 89: dsbridge
05.Feb 2024 16:21:46 [WARNING]   [Dep Not Found] dsbridge: 3.0.5
05.Feb 2024 16:21:46 [DEBUG] Start examing 90: dustjs-linkedin
05.Feb 2024 16:22:24 [DEBUG] Start examing 91: dygraph
05.Feb 2024 16:22:33 [DEBUG] Start examing 92: dynamics.js
05.Feb 2024 16:22:42 [DEBUG] Start examing 93: EaselJS
05.Feb 2024 16:22:45 [DEBUG] Start examing 94: echarts
05.Feb 2024 16:24:13 [DEBUG] Start examing 95: editor-md
05.Feb 2024 16:24:14 [INFO]   [Dep Found] editor-md: 1.5.0 - jquery/2.2.4/jquery.min.js
05.Feb 2024 16:24:14 [DEBUG] Start examing 96: editor.js
05.Feb 2024 16:25:12 [DEBUG] Start examing 97: ejs
05.Feb 2024 16:25:18 [DEBUG] Start examing 98: elasticsearch
05.Feb 2024 16:25:21 [WARNING]   [Dep Not Found] elasticsearch: 10.0.1
05.Feb 2024 16:25:21 [DEBUG] Start examing 99: element-plus
05.Feb 2024 16:25:24 [WARNING]   [Dep Not Found] element-plus: 1.0.2-beta.31
05.Feb 2024 16:25:24 [DEBUG] Start examing 100: element-ui
05.Feb 2024 16:25:28 [WARNING]   [Dep Not Found] element-ui: 0.1.2
05.Feb 2024 16:25:28 [DEBUG] Start examing 101: elemental
05.Feb 2024 16:25:30 [WARNING]   [Dep Not Found] elemental: 0.0.1
05.Feb 2024 16:25:30 [DEBUG] Start examing 102: elevator.js
05.Feb 2024 16:25:33 [WARNING]   [Dep Not Found] elevator.js: 1.0.0
05.Feb 2024 16:25:33 [DEBUG] Start examing 103: elfinder
05.Feb 2024 16:25:36 [WARNING]   [Dep Not Found] elfinder: 1.0.1
05.Feb 2024 16:25:36 [DEBUG] Start examing 104: elm-runtime
05.Feb 2024 16:25:36 [DEBUG] Start examing 105: ember-data.js
05.Feb 2024 16:25:39 [WARNING]   [Dep Not Found] ember-data.js: 0.0.12
05.Feb 2024 16:25:39 [DEBUG] Start examing 106: embla-carousel
05.Feb 2024 16:26:41 [DEBUG] Start examing 107: emmet
05.Feb 2024 16:26:43 [WARNING]   [Dep Not Found] emmet: 2.0.0
05.Feb 2024 16:26:43 [DEBUG] Start examing 108: emojione
05.Feb 2024 16:27:23 [DEBUG] Start examing 109: emotion-core
05.Feb 2024 16:27:25 [WARNING]   [Dep Not Found] emotion-core: 10.0.28
05.Feb 2024 16:27:25 [DEBUG] Start examing 110: enquire.js
05.Feb 2024 16:27:35 [DEBUG] Start examing 111: eonasdan-bootstrap-datetimepicker
05.Feb 2024 16:27:36 [INFO]   [Dep Found] eonasdan-bootstrap-datetimepicker: 0.0.10 - jquery/2.2.4/jquery.min.js
05.Feb 2024 16:27:38 [INFO]   [Dep Found] eonasdan-bootstrap-datetimepicker: 0.0.11 - jquery/2.2.4/jquery.min.js
05.Feb 2024 16:27:39 [INFO]   [Dep Found] eonasdan-bootstrap-datetimepicker: 1.0.0 - jquery/2.2.4/jquery.min.js
05.Feb 2024 16:27:41 [INFO]   [Dep Found] eonasdan-bootstrap-datetimepicker: 2.0.1 - jquery/2.2.4/jquery.min.js
05.Feb 2024 16:27:43 [WARNING]   [Dep Not Found] eonasdan-bootstrap-datetimepicker: 2.1.11
05.Feb 2024 16:27:43 [DEBUG] Start examing 112: epiceditor
05.Feb 2024 16:27:45 [DEBUG] Start examing 113: epoch
05.Feb 2024 16:27:55 [WARNING]   [Dep Not Found] epoch: 0.3.5
05.Feb 2024 16:27:55 [DEBUG] Start examing 114: epub.js
05.Feb 2024 16:27:58 [WARNING]   [Dep Not Found] epub.js: 0.2.10
05.Feb 2024 16:27:58 [DEBUG] Start examing 115: eruda
05.Feb 2024 16:29:46 [DEBUG] Start examing 116: es5-shim
05.Feb 2024 16:30:55 [WARNING]   [Dep Not Found] es5-shim: 4.5.3
05.Feb 2024 16:30:55 [DEBUG] Start examing 117: es6-promise
05.Feb 2024 16:31:20 [DEBUG] Start examing 118: esprima
05.Feb 2024 16:31:57 [DEBUG] Start examing 119: ethers
05.Feb 2024 16:32:30 [WARNING]   [Dep Not Found] ethers: 6.0.0
05.Feb 2024 16:32:30 [DEBUG] Start examing 120: EventEmitter
05.Feb 2024 16:33:02 [DEBUG] Start examing 121: eventemitter3
05.Feb 2024 16:33:02 [DEBUG] Start examing 122: eventproxy
05.Feb 2024 16:33:17 [DEBUG] Start examing 123: evil-icons
05.Feb 2024 16:33:29 [DEBUG] Start examing 124: exceljs
05.Feb 2024 16:34:48 [WARNING]   [Dep Not Found] exceljs: 3.10.0
05.Feb 2024 16:34:48 [DEBUG] Start examing 125: exif-js
05.Feb 2024 16:34:52 [WARNING]   [Dep Not Found] exif-js: 1.0.7
05.Feb 2024 16:34:52 [DEBUG] Start examing 126: fabric.js
05.Feb 2024 16:37:06 [DEBUG] Start examing 127: falcor
05.Feb 2024 16:37:55 [DEBUG] Start examing 128: fancybox
05.Feb 2024 16:37:57 [INFO]   [Dep Found] fancybox: 1.3.4 - jquery/2.2.4/jquery.min.js
05.Feb 2024 16:38:01 [WARNING]   [Dep Not Found] fancybox: 2.0.4
05.Feb 2024 16:38:01 [DEBUG] Start examing 129: fastclick
05.Feb 2024 16:38:33 [DEBUG] Start examing 130: fastdom
05.Feb 2024 16:38:45 [DEBUG] Start examing 131: fastify
05.Feb 2024 16:38:49 [WARNING]   [Dep Not Found] fastify: 2.10.0
05.Feb 2024 16:38:49 [DEBUG] Start examing 132: favico.js
05.Feb 2024 16:39:01 [DEBUG] Start examing 133: feather-icons
05.Feb 2024 16:39:47 [DEBUG] Start examing 134: feathers
05.Feb 2024 16:39:51 [WARNING]   [Dep Not Found] feathers: 4.3.10
05.Feb 2024 16:39:51 [DEBUG] Start examing 135: feature.js
05.Feb 2024 16:39:56 [DEBUG] Start examing 136: fetch
05.Feb 2024 16:40:26 [WARNING]   [Dep Not Found] fetch: 3.0.0
05.Feb 2024 16:40:26 [DEBUG] Start examing 137: ffmpeg
05.Feb 2024 16:40:49 [DEBUG] Start examing 138: file-uploader
05.Feb 2024 16:40:52 [INFO]   [Dep Found] file-uploader: 3.1.1 - jquery/2.2.4/jquery.min.js
05.Feb 2024 16:42:30 [DEBUG] Start examing 139: filepond
05.Feb 2024 16:43:23 [DEBUG] Start examing 140: FileSaver.js
05.Feb 2024 16:43:39 [WARNING]   [Dep Not Found] FileSaver.js: 2.0.0-rc.3
05.Feb 2024 16:43:39 [DEBUG] Start examing 141: fingerprintjs2
05.Feb 2024 16:45:04 [DEBUG] Start examing 142: firacode
05.Feb 2024 16:45:16 [DEBUG] Start examing 143: FitText.js
05.Feb 2024 16:45:17 [INFO]   [Dep Found] FitText.js: 1.1 - jquery/2.2.4/jquery.min.js
05.Feb 2024 16:45:19 [INFO]   [Dep Found] FitText.js: 1.2.0 - jquery/2.2.4/jquery.min.js
05.Feb 2024 16:45:19 [DEBUG] Start examing 144: fitty
05.Feb 2024 16:45:36 [DEBUG] Start examing 145: fitvids
05.Feb 2024 16:45:38 [INFO]   [Dep Found] fitvids: 1.0.0 - jquery/2.2.4/jquery.min.js
05.Feb 2024 16:45:40 [INFO]   [Dep Found] fitvids: 1.0.1 - jquery/2.2.4/jquery.min.js
05.Feb 2024 16:45:41 [INFO]   [Dep Found] fitvids: 1.0.2 - jquery/2.2.4/jquery.min.js
05.Feb 2024 16:45:43 [INFO]   [Dep Found] fitvids: 1.0.3 - jquery/2.2.4/jquery.min.js
05.Feb 2024 16:45:45 [INFO]   [Dep Found] fitvids: 1.1.0 - jquery/2.2.4/jquery.min.js
05.Feb 2024 16:45:47 [INFO]   [Dep Found] fitvids: 1.2.0 - jquery/2.2.4/jquery.min.js
05.Feb 2024 16:45:47 [DEBUG] Start examing 146: fixed-data-table
05.Feb 2024 16:45:51 [WARNING]   [Dep Not Found] fixed-data-table: 0.1.0
05.Feb 2024 16:45:51 [DEBUG] Start examing 147: flag-icon-css
05.Feb 2024 16:47:09 [DEBUG] Start examing 148: flag-icons
05.Feb 2024 16:47:39 [DEBUG] Start examing 149: flat-ui
05.Feb 2024 16:47:41 [INFO]   [Dep Found] flat-ui: 1.1.0 - jquery/2.2.4/jquery.min.js
05.Feb 2024 16:47:43 [INFO]   [Dep Found] flat-ui: 2.0.0 - jquery/2.2.4/jquery.min.js
05.Feb 2024 16:47:45 [INFO]   [Dep Found] flat-ui: 2.1.0 - jquery/2.2.4/jquery.min.js
05.Feb 2024 16:47:47 [INFO]   [Dep Found] flat-ui: 2.1.1 - jquery/2.2.4/jquery.min.js
05.Feb 2024 16:47:49 [INFO]   [Dep Found] flat-ui: 2.1.2 - jquery/2.2.4/jquery.min.js
05.Feb 2024 16:47:50 [INFO]   [Dep Found] flat-ui: 2.1.3 - jquery/2.2.4/jquery.min.js
05.Feb 2024 16:47:52 [INFO]   [Dep Found] flat-ui: 2.2.0 - jquery/2.2.4/jquery.min.js
05.Feb 2024 16:47:54 [INFO]   [Dep Found] flat-ui: 2.2.1 - jquery/2.2.4/jquery.min.js
05.Feb 2024 16:47:56 [INFO]   [Dep Found] flat-ui: 2.2.2 - jquery/2.2.4/jquery.min.js
05.Feb 2024 16:47:58 [INFO]   [Dep Found] flat-ui: 2.3.0 - jquery/2.2.4/jquery.min.js
05.Feb 2024 16:47:58 [DEBUG] Start examing 150: flatpickr
05.Feb 2024 16:48:38 [WARNING]   [Dep Not Found] flatpickr: 1.8.9
05.Feb 2024 16:48:38 [DEBUG] Start examing 151: flexboxgrid
05.Feb 2024 16:48:49 [DEBUG] Start examing 152: flexibility
05.Feb 2024 16:49:05 [DEBUG] Start examing 153: FlexSearch
05.Feb 2024 16:49:19 [DEBUG] Start examing 154: flexslider
05.Feb 2024 16:49:21 [INFO]   [Dep Found] flexslider: 2.1 - jquery/2.2.4/jquery.min.js
05.Feb 2024 16:49:23 [INFO]   [Dep Found] flexslider: 2.2.0 - jquery/2.2.4/jquery.min.js
05.Feb 2024 16:49:25 [INFO]   [Dep Found] flexslider: 2.2.1 - jquery/2.2.4/jquery.min.js
05.Feb 2024 16:49:27 [INFO]   [Dep Found] flexslider: 2.2.2 - jquery/2.2.4/jquery.min.js
05.Feb 2024 16:49:28 [INFO]   [Dep Found] flexslider: 2.3.0 - jquery/2.2.4/jquery.min.js
05.Feb 2024 16:49:30 [INFO]   [Dep Found] flexslider: 2.4.0 - jquery/2.2.4/jquery.min.js
05.Feb 2024 16:49:32 [INFO]   [Dep Found] flexslider: 2.5.0 - jquery/2.2.4/jquery.min.js
05.Feb 2024 16:49:34 [INFO]   [Dep Found] flexslider: 2.6.0 - jquery/2.2.4/jquery.min.js
05.Feb 2024 16:49:36 [INFO]   [Dep Found] flexslider: 2.6.1 - jquery/2.2.4/jquery.min.js
05.Feb 2024 16:49:38 [INFO]   [Dep Found] flexslider: 2.6.2 - jquery/2.2.4/jquery.min.js
05.Feb 2024 16:49:40 [INFO]   [Dep Found] flexslider: 2.6.3 - jquery/2.2.4/jquery.min.js
05.Feb 2024 16:49:42 [INFO]   [Dep Found] flexslider: 2.6.4 - jquery/2.2.4/jquery.min.js
05.Feb 2024 16:49:43 [INFO]   [Dep Found] flexslider: 2.7.0 - jquery/2.2.4/jquery.min.js
05.Feb 2024 16:49:45 [INFO]   [Dep Found] flexslider: 2.7.1 - jquery/2.2.4/jquery.min.js
05.Feb 2024 16:49:47 [INFO]   [Dep Found] flexslider: 2.7.2 - jquery/2.2.4/jquery.min.js
05.Feb 2024 16:49:47 [DEBUG] Start examing 155: flickity
05.Feb 2024 16:50:21 [DEBUG] Start examing 156: flight
05.Feb 2024 16:50:29 [DEBUG] Start examing 157: flot
05.Feb 2024 16:50:31 [INFO]   [Dep Found] flot: 0.1.0 - jquery/2.2.4/jquery.min.js
05.Feb 2024 16:50:33 [INFO]   [Dep Found] flot: 0.2.0 - jquery/2.2.4/jquery.min.js
05.Feb 2024 16:50:35 [INFO]   [Dep Found] flot: 0.3.0 - jquery/2.2.4/jquery.min.js
05.Feb 2024 16:50:37 [INFO]   [Dep Found] flot: 0.4.0 - jquery/2.2.4/jquery.min.js
05.Feb 2024 16:50:39 [INFO]   [Dep Found] flot: 0.5.0 - jquery/2.2.4/jquery.min.js
05.Feb 2024 16:50:41 [INFO]   [Dep Found] flot: 0.6.0 - jquery/2.2.4/jquery.min.js
05.Feb 2024 16:50:43 [INFO]   [Dep Found] flot: 0.7 - jquery/2.2.4/jquery.min.js
05.Feb 2024 16:50:45 [INFO]   [Dep Found] flot: 0.7.0 - jquery/2.2.4/jquery.min.js
05.Feb 2024 16:50:47 [INFO]   [Dep Found] flot: 0.8 - jquery/2.2.4/jquery.min.js
05.Feb 2024 16:50:49 [INFO]   [Dep Found] flot: 0.8.0 - jquery/2.2.4/jquery.min.js
05.Feb 2024 16:50:51 [INFO]   [Dep Found] flot: 0.8.0-beta - jquery/2.2.4/jquery.min.js
05.Feb 2024 16:50:53 [INFO]   [Dep Found] flot: 0.8.1 - jquery/2.2.4/jquery.min.js
05.Feb 2024 16:50:54 [INFO]   [Dep Found] flot: 0.8.2 - jquery/2.2.4/jquery.min.js
05.Feb 2024 16:50:56 [INFO]   [Dep Found] flot: 0.8.3 - jquery/2.2.4/jquery.min.js
05.Feb 2024 16:50:58 [INFO]   [Dep Found] flot: 2.1.1 - jquery/2.2.4/jquery.min.js
05.Feb 2024 16:51:00 [INFO]   [Dep Found] flot: 2.1.2 - jquery/2.2.4/jquery.min.js
05.Feb 2024 16:51:02 [INFO]   [Dep Found] flot: 2.1.3 - jquery/2.2.4/jquery.min.js
05.Feb 2024 16:51:04 [INFO]   [Dep Found] flot: 2.1.4 - jquery/2.2.4/jquery.min.js
05.Feb 2024 16:51:06 [INFO]   [Dep Found] flot: 2.1.5 - jquery/2.2.4/jquery.min.js
05.Feb 2024 16:51:08 [INFO]   [Dep Found] flot: 2.1.6 - jquery/2.2.4/jquery.min.js
05.Feb 2024 16:51:10 [INFO]   [Dep Found] flot: 2.2.0 - jquery/2.2.4/jquery.min.js
05.Feb 2024 16:51:12 [INFO]   [Dep Found] flot: 2.2.1 - jquery/2.2.4/jquery.min.js
05.Feb 2024 16:51:14 [INFO]   [Dep Found] flot: 2.3.0 - jquery/2.2.4/jquery.min.js
05.Feb 2024 16:51:16 [INFO]   [Dep Found] flot: 2.3.1 - jquery/2.2.4/jquery.min.js
05.Feb 2024 16:51:19 [INFO]   [Dep Found] flot: 2.3.2 - jquery/2.2.4/jquery.min.js
05.Feb 2024 16:51:21 [INFO]   [Dep Found] flot: 3.0.0 - jquery/2.2.4/jquery.min.js
05.Feb 2024 16:51:23 [INFO]   [Dep Found] flot: 3.0.1 - jquery/2.2.4/jquery.min.js
05.Feb 2024 16:51:24 [INFO]   [Dep Found] flot: 3.0.2 - jquery/2.2.4/jquery.min.js
05.Feb 2024 16:51:26 [INFO]   [Dep Found] flot: 3.1.0 - jquery/2.2.4/jquery.min.js
05.Feb 2024 16:51:28 [INFO]   [Dep Found] flot: 3.1.1 - jquery/2.2.4/jquery.min.js
05.Feb 2024 16:51:30 [INFO]   [Dep Found] flot: 3.2.0 - jquery/2.2.4/jquery.min.js
05.Feb 2024 16:51:32 [INFO]   [Dep Found] flot: 3.2.1 - jquery/2.2.4/jquery.min.js
05.Feb 2024 16:51:34 [INFO]   [Dep Found] flot: 3.2.10 - jquery/2.2.4/jquery.min.js
05.Feb 2024 16:51:36 [INFO]   [Dep Found] flot: 3.2.11 - jquery/2.2.4/jquery.min.js
05.Feb 2024 16:51:38 [INFO]   [Dep Found] flot: 3.2.12 - jquery/2.2.4/jquery.min.js
05.Feb 2024 16:51:40 [INFO]   [Dep Found] flot: 3.2.13 - jquery/2.2.4/jquery.min.js
05.Feb 2024 16:51:42 [INFO]   [Dep Found] flot: 3.2.2 - jquery/2.2.4/jquery.min.js
05.Feb 2024 16:51:44 [INFO]   [Dep Found] flot: 3.2.3 - jquery/2.2.4/jquery.min.js
05.Feb 2024 16:51:46 [INFO]   [Dep Found] flot: 3.2.4 - jquery/2.2.4/jquery.min.js
05.Feb 2024 16:51:47 [INFO]   [Dep Found] flot: 3.2.5 - jquery/2.2.4/jquery.min.js
05.Feb 2024 16:51:49 [INFO]   [Dep Found] flot: 3.2.6 - jquery/2.2.4/jquery.min.js
05.Feb 2024 16:51:51 [INFO]   [Dep Found] flot: 3.2.7 - jquery/2.2.4/jquery.min.js
05.Feb 2024 16:51:53 [INFO]   [Dep Found] flot: 3.2.8 - jquery/2.2.4/jquery.min.js
05.Feb 2024 16:51:55 [INFO]   [Dep Found] flot: 3.2.9 - jquery/2.2.4/jquery.min.js
05.Feb 2024 16:51:57 [INFO]   [Dep Found] flot: 4.0.0 - jquery/2.2.4/jquery.min.js
05.Feb 2024 16:51:59 [INFO]   [Dep Found] flot: 4.1.0 - jquery/2.2.4/jquery.min.js
05.Feb 2024 16:52:01 [INFO]   [Dep Found] flot: 4.1.1 - jquery/2.2.4/jquery.min.js
05.Feb 2024 16:52:03 [INFO]   [Dep Found] flot: 4.2.0 - jquery/2.2.4/jquery.min.js
05.Feb 2024 16:52:05 [INFO]   [Dep Found] flot: 4.2.1 - jquery/2.2.4/jquery.min.js
05.Feb 2024 16:52:07 [INFO]   [Dep Found] flot: 4.2.2 - jquery/2.2.4/jquery.min.js
05.Feb 2024 16:52:09 [INFO]   [Dep Found] flot: 4.2.3 - jquery/2.2.4/jquery.min.js
05.Feb 2024 16:52:11 [INFO]   [Dep Found] flot: 4.2.4 - jquery/2.2.4/jquery.min.js
05.Feb 2024 16:52:13 [INFO]   [Dep Found] flot: 4.2.5 - jquery/2.2.4/jquery.min.js
05.Feb 2024 16:52:15 [INFO]   [Dep Found] flot: 4.2.6 - jquery/2.2.4/jquery.min.js
05.Feb 2024 16:52:15 [DEBUG] Start examing 158: flow.js
05.Feb 2024 16:52:34 [DEBUG] Start examing 159: flowbite
05.Feb 2024 16:53:01 [DEBUG] Start examing 160: flowchart
05.Feb 2024 16:53:58 [DEBUG] Start examing 161: Flowtype.js
05.Feb 2024 16:54:00 [INFO]   [Dep Found] Flowtype.js: 1.1.0 - jquery/2.2.4/jquery.min.js
05.Feb 2024 16:54:00 [DEBUG] Start examing 162: flubber
05.Feb 2024 16:54:16 [DEBUG] Start examing 163: flux
05.Feb 2024 16:54:32 [DEBUG] Start examing 164: flv.js
05.Feb 2024 16:54:49 [DEBUG] Start examing 165: fomantic-ui
05.Feb 2024 16:54:51 [INFO]   [Dep Found] fomantic-ui: 2.4.0 - jquery/2.2.4/jquery.min.js
05.Feb 2024 16:54:54 [INFO]   [Dep Found] fomantic-ui: 2.4.1 - jquery/2.2.4/jquery.min.js
05.Feb 2024 16:54:56 [INFO]   [Dep Found] fomantic-ui: 2.4.2 - jquery/2.2.4/jquery.min.js
05.Feb 2024 16:54:58 [INFO]   [Dep Found] fomantic-ui: 2.4.3 - jquery/2.2.4/jquery.min.js
05.Feb 2024 16:55:00 [INFO]   [Dep Found] fomantic-ui: 2.4.4 - jquery/2.2.4/jquery.min.js
05.Feb 2024 16:55:02 [INFO]   [Dep Found] fomantic-ui: 2.5.0 - jquery/2.2.4/jquery.min.js
05.Feb 2024 16:55:04 [INFO]   [Dep Found] fomantic-ui: 2.6.0 - jquery/2.2.4/jquery.min.js
05.Feb 2024 16:55:06 [INFO]   [Dep Found] fomantic-ui: 2.6.1 - jquery/2.2.4/jquery.min.js
05.Feb 2024 16:55:08 [INFO]   [Dep Found] fomantic-ui: 2.6.2 - jquery/2.2.4/jquery.min.js
05.Feb 2024 16:55:10 [INFO]   [Dep Found] fomantic-ui: 2.6.3 - jquery/2.2.4/jquery.min.js
05.Feb 2024 16:55:12 [INFO]   [Dep Found] fomantic-ui: 2.6.4 - jquery/2.2.4/jquery.min.js
05.Feb 2024 16:55:14 [INFO]   [Dep Found] fomantic-ui: 2.7.0 - jquery/2.2.4/jquery.min.js
05.Feb 2024 16:55:16 [INFO]   [Dep Found] fomantic-ui: 2.7.1 - jquery/2.2.4/jquery.min.js
05.Feb 2024 16:55:18 [INFO]   [Dep Found] fomantic-ui: 2.7.2 - jquery/2.2.4/jquery.min.js
05.Feb 2024 16:55:20 [INFO]   [Dep Found] fomantic-ui: 2.7.3 - jquery/2.2.4/jquery.min.js
05.Feb 2024 16:55:22 [INFO]   [Dep Found] fomantic-ui: 2.7.4 - jquery/2.2.4/jquery.min.js
05.Feb 2024 16:55:24 [INFO]   [Dep Found] fomantic-ui: 2.7.5 - jquery/2.2.4/jquery.min.js
05.Feb 2024 16:55:26 [INFO]   [Dep Found] fomantic-ui: 2.7.6 - jquery/2.2.4/jquery.min.js
05.Feb 2024 16:55:28 [INFO]   [Dep Found] fomantic-ui: 2.7.7 - jquery/2.2.4/jquery.min.js
05.Feb 2024 16:55:30 [INFO]   [Dep Found] fomantic-ui: 2.7.8 - jquery/2.2.4/jquery.min.js
05.Feb 2024 16:55:32 [INFO]   [Dep Found] fomantic-ui: 2.8.1 - jquery/2.2.4/jquery.min.js
05.Feb 2024 16:55:34 [INFO]   [Dep Found] fomantic-ui: 2.8.2 - jquery/2.2.4/jquery.min.js
05.Feb 2024 16:55:36 [INFO]   [Dep Found] fomantic-ui: 2.8.3 - jquery/2.2.4/jquery.min.js
05.Feb 2024 16:55:38 [INFO]   [Dep Found] fomantic-ui: 2.8.4 - jquery/2.2.4/jquery.min.js
05.Feb 2024 16:55:40 [INFO]   [Dep Found] fomantic-ui: 2.8.5 - jquery/2.2.4/jquery.min.js
05.Feb 2024 16:55:42 [INFO]   [Dep Found] fomantic-ui: 2.8.6 - jquery/2.2.4/jquery.min.js
05.Feb 2024 16:55:44 [INFO]   [Dep Found] fomantic-ui: 2.8.7 - jquery/2.2.4/jquery.min.js
05.Feb 2024 16:55:46 [INFO]   [Dep Found] fomantic-ui: 2.8.8 - jquery/2.2.4/jquery.min.js
05.Feb 2024 16:55:48 [INFO]   [Dep Found] fomantic-ui: 2.9.0 - jquery/2.2.4/jquery.min.js
05.Feb 2024 16:55:50 [INFO]   [Dep Found] fomantic-ui: 2.9.1 - jquery/2.2.4/jquery.min.js
05.Feb 2024 16:55:52 [INFO]   [Dep Found] fomantic-ui: 2.9.2 - jquery/2.2.4/jquery.min.js
05.Feb 2024 16:55:54 [INFO]   [Dep Found] fomantic-ui: 2.9.3 - jquery/2.2.4/jquery.min.js
05.Feb 2024 16:55:54 [DEBUG] Start examing 166: font-awesome
05.Feb 2024 16:57:37 [DEBUG] Start examing 167: fontfaceobserver
05.Feb 2024 16:58:40 [DEBUG] Start examing 168: forge
05.Feb 2024 16:58:43 [INFO]   [Dep Found] forge: 0.10.0 - jquery/2.2.4/jquery.min.js
05.Feb 2024 16:58:45 [INFO]   [Dep Found] forge: 0.7.0 - jquery/2.2.4/jquery.min.js
05.Feb 2024 16:58:47 [INFO]   [Dep Found] forge: 0.7.1 - jquery/2.2.4/jquery.min.js
05.Feb 2024 16:58:49 [INFO]   [Dep Found] forge: 0.7.2 - jquery/2.2.4/jquery.min.js
05.Feb 2024 16:58:51 [INFO]   [Dep Found] forge: 0.7.3 - jquery/2.2.4/jquery.min.js
05.Feb 2024 16:58:53 [INFO]   [Dep Found] forge: 0.7.4 - jquery/2.2.4/jquery.min.js
05.Feb 2024 16:58:55 [INFO]   [Dep Found] forge: 0.7.5 - jquery/2.2.4/jquery.min.js
05.Feb 2024 16:58:57 [INFO]   [Dep Found] forge: 0.7.6 - jquery/2.2.4/jquery.min.js
05.Feb 2024 16:58:59 [INFO]   [Dep Found] forge: 0.8.0 - jquery/2.2.4/jquery.min.js
05.Feb 2024 16:59:01 [INFO]   [Dep Found] forge: 0.8.1 - jquery/2.2.4/jquery.min.js
05.Feb 2024 16:59:03 [INFO]   [Dep Found] forge: 0.8.2 - jquery/2.2.4/jquery.min.js
05.Feb 2024 16:59:05 [INFO]   [Dep Found] forge: 0.8.3 - jquery/2.2.4/jquery.min.js
05.Feb 2024 16:59:07 [INFO]   [Dep Found] forge: 0.8.4 - jquery/2.2.4/jquery.min.js
05.Feb 2024 16:59:09 [INFO]   [Dep Found] forge: 0.8.5 - jquery/2.2.4/jquery.min.js
05.Feb 2024 16:59:12 [INFO]   [Dep Found] forge: 0.9.0 - jquery/2.2.4/jquery.min.js
05.Feb 2024 16:59:14 [INFO]   [Dep Found] forge: 0.9.1 - jquery/2.2.4/jquery.min.js
05.Feb 2024 16:59:16 [INFO]   [Dep Found] forge: 0.9.2 - jquery/2.2.4/jquery.min.js
05.Feb 2024 16:59:18 [INFO]   [Dep Found] forge: 1.0.0 - jquery/2.2.4/jquery.min.js
05.Feb 2024 16:59:20 [INFO]   [Dep Found] forge: 1.1.0 - jquery/2.2.4/jquery.min.js
05.Feb 2024 16:59:22 [INFO]   [Dep Found] forge: 1.2.0 - jquery/2.2.4/jquery.min.js
05.Feb 2024 16:59:24 [INFO]   [Dep Found] forge: 1.2.1 - jquery/2.2.4/jquery.min.js
05.Feb 2024 16:59:26 [INFO]   [Dep Found] forge: 1.3.0 - jquery/2.2.4/jquery.min.js
05.Feb 2024 16:59:28 [INFO]   [Dep Found] forge: 1.3.1 - jquery/2.2.4/jquery.min.js
05.Feb 2024 16:59:28 [DEBUG] Start examing 169: foundation-emails
05.Feb 2024 16:59:35 [DEBUG] Start examing 170: foundation-essential
05.Feb 2024 16:59:38 [INFO]   [Dep Found] foundation-essential: 5.2.0 - jquery/2.2.4/jquery.min.js
05.Feb 2024 16:59:40 [INFO]   [Dep Found] foundation-essential: 5.2.1 - jquery/2.2.4/jquery.min.js
05.Feb 2024 16:59:42 [INFO]   [Dep Found] foundation-essential: 5.2.2 - jquery/2.2.4/jquery.min.js
05.Feb 2024 16:59:44 [INFO]   [Dep Found] foundation-essential: 5.2.3 - jquery/2.2.4/jquery.min.js
05.Feb 2024 16:59:46 [INFO]   [Dep Found] foundation-essential: 5.3.0 - jquery/2.2.4/jquery.min.js
05.Feb 2024 16:59:48 [INFO]   [Dep Found] foundation-essential: 5.3.1 - jquery/2.2.4/jquery.min.js
05.Feb 2024 16:59:50 [INFO]   [Dep Found] foundation-essential: 5.3.2 - jquery/2.2.4/jquery.min.js
05.Feb 2024 16:59:52 [INFO]   [Dep Found] foundation-essential: 5.3.3 - jquery/2.2.4/jquery.min.js
05.Feb 2024 16:59:55 [INFO]   [Dep Found] foundation-essential: 5.4.0 - jquery/2.2.4/jquery.min.js
05.Feb 2024 16:59:57 [INFO]   [Dep Found] foundation-essential: 5.4.1 - jquery/2.2.4/jquery.min.js
05.Feb 2024 16:59:59 [INFO]   [Dep Found] foundation-essential: 5.4.5 - jquery/2.2.4/jquery.min.js
05.Feb 2024 17:00:01 [INFO]   [Dep Found] foundation-essential: 5.4.6 - jquery/2.2.4/jquery.min.js
05.Feb 2024 17:00:03 [INFO]   [Dep Found] foundation-essential: 5.4.7 - jquery/2.2.4/jquery.min.js
05.Feb 2024 17:00:05 [INFO]   [Dep Found] foundation-essential: 5.5.0 - jquery/2.2.4/jquery.min.js
05.Feb 2024 17:00:07 [INFO]   [Dep Found] foundation-essential: 5.5.1 - jquery/2.2.4/jquery.min.js
05.Feb 2024 17:00:09 [INFO]   [Dep Found] foundation-essential: 5.5.2 - jquery/2.2.4/jquery.min.js
05.Feb 2024 17:00:11 [INFO]   [Dep Found] foundation-essential: 5.5.3 - jquery/2.2.4/jquery.min.js
05.Feb 2024 17:00:13 [INFO]   [Dep Found] foundation-essential: 6.0.1 - jquery/2.2.4/jquery.min.js
05.Feb 2024 17:00:15 [INFO]   [Dep Found] foundation-essential: 6.0.6 - jquery/2.2.4/jquery.min.js
05.Feb 2024 17:00:17 [INFO]   [Dep Found] foundation-essential: 6.2.1 - jquery/2.2.4/jquery.min.js
05.Feb 2024 17:00:19 [INFO]   [Dep Found] foundation-essential: 6.2.2 - jquery/2.2.4/jquery.min.js
05.Feb 2024 17:00:19 [DEBUG] Start examing 171: foundation
05.Feb 2024 17:00:23 [INFO]   [Dep Found] foundation: 4.0.4 - jquery/2.2.4/jquery.min.js
05.Feb 2024 17:00:26 [INFO]   [Dep Found] foundation: 4.0.5 - jquery/2.2.4/jquery.min.js
05.Feb 2024 17:00:28 [INFO]   [Dep Found] foundation: 4.0.8 - jquery/2.2.4/jquery.min.js
05.Feb 2024 17:00:30 [INFO]   [Dep Found] foundation: 4.0.9 - jquery/2.2.4/jquery.min.js
05.Feb 2024 17:00:32 [INFO]   [Dep Found] foundation: 4.1.2 - jquery/2.2.4/jquery.min.js
05.Feb 2024 17:00:34 [INFO]   [Dep Found] foundation: 4.1.6 - jquery/2.2.4/jquery.min.js
05.Feb 2024 17:00:36 [INFO]   [Dep Found] foundation: 4.2.3 - jquery/2.2.4/jquery.min.js
05.Feb 2024 17:00:38 [INFO]   [Dep Found] foundation: 4.3.1 - jquery/2.2.4/jquery.min.js
05.Feb 2024 17:00:39 [INFO]   [Dep Found] foundation: 4.3.2 - jquery/2.2.4/jquery.min.js
05.Feb 2024 17:00:41 [INFO]   [Dep Found] foundation: 5.0.0 - jquery/2.2.4/jquery.min.js
05.Feb 2024 17:00:43 [INFO]   [Dep Found] foundation: 5.0.1 - jquery/2.2.4/jquery.min.js
05.Feb 2024 17:00:45 [INFO]   [Dep Found] foundation: 5.0.2 - jquery/2.2.4/jquery.min.js
05.Feb 2024 17:00:47 [INFO]   [Dep Found] foundation: 5.0.3 - jquery/2.2.4/jquery.min.js
05.Feb 2024 17:00:49 [INFO]   [Dep Found] foundation: 5.1.0 - jquery/2.2.4/jquery.min.js
05.Feb 2024 17:00:51 [INFO]   [Dep Found] foundation: 5.1.1 - jquery/2.2.4/jquery.min.js
05.Feb 2024 17:00:53 [INFO]   [Dep Found] foundation: 5.2.0 - jquery/2.2.4/jquery.min.js
05.Feb 2024 17:00:55 [INFO]   [Dep Found] foundation: 5.2.1 - jquery/2.2.4/jquery.min.js
05.Feb 2024 17:00:58 [INFO]   [Dep Found] foundation: 5.2.2 - jquery/2.2.4/jquery.min.js
05.Feb 2024 17:00:59 [INFO]   [Dep Found] foundation: 5.2.3 - jquery/2.2.4/jquery.min.js
05.Feb 2024 17:01:02 [INFO]   [Dep Found] foundation: 5.3.0 - jquery/2.2.4/jquery.min.js
05.Feb 2024 17:01:04 [INFO]   [Dep Found] foundation: 5.3.1 - jquery/2.2.4/jquery.min.js
05.Feb 2024 17:01:06 [INFO]   [Dep Found] foundation: 5.3.2 - jquery/2.2.4/jquery.min.js
05.Feb 2024 17:01:07 [INFO]   [Dep Found] foundation: 5.3.3 - jquery/2.2.4/jquery.min.js
05.Feb 2024 17:01:09 [INFO]   [Dep Found] foundation: 5.4.0 - jquery/2.2.4/jquery.min.js
05.Feb 2024 17:01:11 [INFO]   [Dep Found] foundation: 5.4.1 - jquery/2.2.4/jquery.min.js
05.Feb 2024 17:01:13 [INFO]   [Dep Found] foundation: 5.4.5 - jquery/2.2.4/jquery.min.js
05.Feb 2024 17:01:15 [INFO]   [Dep Found] foundation: 5.4.6 - jquery/2.2.4/jquery.min.js
05.Feb 2024 17:01:17 [INFO]   [Dep Found] foundation: 5.4.7 - jquery/2.2.4/jquery.min.js
05.Feb 2024 17:01:19 [INFO]   [Dep Found] foundation: 5.5.0 - jquery/2.2.4/jquery.min.js
05.Feb 2024 17:01:21 [INFO]   [Dep Found] foundation: 5.5.1 - jquery/2.2.4/jquery.min.js
05.Feb 2024 17:01:23 [INFO]   [Dep Found] foundation: 5.5.2 - jquery/2.2.4/jquery.min.js
05.Feb 2024 17:01:26 [INFO]   [Dep Found] foundation: 5.5.3 - jquery/2.2.4/jquery.min.js
05.Feb 2024 17:01:27 [INFO]   [Dep Found] foundation: 6.0.0 - jquery/2.2.4/jquery.min.js
05.Feb 2024 17:01:30 [INFO]   [Dep Found] foundation: 6.0.1 - jquery/2.2.4/jquery.min.js
05.Feb 2024 17:01:32 [INFO]   [Dep Found] foundation: 6.0.2 - jquery/2.2.4/jquery.min.js
05.Feb 2024 17:01:34 [INFO]   [Dep Found] foundation: 6.0.3 - jquery/2.2.4/jquery.min.js
05.Feb 2024 17:01:36 [INFO]   [Dep Found] foundation: 6.0.4 - jquery/2.2.4/jquery.min.js
05.Feb 2024 17:01:38 [INFO]   [Dep Found] foundation: 6.0.5 - jquery/2.2.4/jquery.min.js
05.Feb 2024 17:01:40 [INFO]   [Dep Found] foundation: 6.0.6 - jquery/2.2.4/jquery.min.js
05.Feb 2024 17:01:42 [INFO]   [Dep Found] foundation: 6.1.0 - jquery/2.2.4/jquery.min.js
05.Feb 2024 17:01:44 [INFO]   [Dep Found] foundation: 6.1.1 - jquery/2.2.4/jquery.min.js
05.Feb 2024 17:01:45 [INFO]   [Dep Found] foundation: 6.1.2 - jquery/2.2.4/jquery.min.js
05.Feb 2024 17:01:47 [INFO]   [Dep Found] foundation: 6.2.0 - jquery/2.2.4/jquery.min.js
05.Feb 2024 17:01:49 [INFO]   [Dep Found] foundation: 6.2.0-rc.1 - jquery/2.2.4/jquery.min.js
05.Feb 2024 17:01:51 [INFO]   [Dep Found] foundation: 6.2.1 - jquery/2.2.4/jquery.min.js
05.Feb 2024 17:01:53 [INFO]   [Dep Found] foundation: 6.2.2 - jquery/2.2.4/jquery.min.js
05.Feb 2024 17:01:56 [INFO]   [Dep Found] foundation: 6.2.2-rc1 - jquery/2.2.4/jquery.min.js
05.Feb 2024 17:01:58 [INFO]   [Dep Found] foundation: 6.2.2-rc2 - jquery/2.2.4/jquery.min.js
05.Feb 2024 17:02:00 [INFO]   [Dep Found] foundation: 6.2.3 - jquery/2.2.4/jquery.min.js
05.Feb 2024 17:02:01 [INFO]   [Dep Found] foundation: 6.2.4 - jquery/2.2.4/jquery.min.js
05.Feb 2024 17:02:04 [INFO]   [Dep Found] foundation: 6.2.4-rc1 - jquery/2.2.4/jquery.min.js
05.Feb 2024 17:02:06 [INFO]   [Dep Found] foundation: 6.2.4-rc2 - jquery/2.2.4/jquery.min.js
05.Feb 2024 17:02:08 [INFO]   [Dep Found] foundation: 6.3-rc1 - jquery/2.2.4/jquery.min.js
05.Feb 2024 17:02:10 [INFO]   [Dep Found] foundation: 6.3.0 - jquery/2.2.4/jquery.min.js
05.Feb 2024 17:02:12 [INFO]   [Dep Found] foundation: 6.3.0-rc1 - jquery/2.2.4/jquery.min.js
05.Feb 2024 17:02:14 [INFO]   [Dep Found] foundation: 6.3.0-rc2 - jquery/2.2.4/jquery.min.js
05.Feb 2024 17:02:16 [INFO]   [Dep Found] foundation: 6.3.0-rc3 - jquery/2.2.4/jquery.min.js
05.Feb 2024 17:02:18 [INFO]   [Dep Found] foundation: 6.3.1 - jquery/2.2.4/jquery.min.js
05.Feb 2024 17:02:20 [INFO]   [Dep Found] foundation: 6.3.1-rc1 - jquery/2.2.4/jquery.min.js
05.Feb 2024 17:02:23 [INFO]   [Dep Found] foundation: 6.4.0 - jquery/2.2.4/jquery.min.js
05.Feb 2024 17:02:25 [INFO]   [Dep Found] foundation: 6.4.0-rc1 - jquery/2.2.4/jquery.min.js
05.Feb 2024 17:02:28 [INFO]   [Dep Found] foundation: 6.4.0-rc2 - jquery/2.2.4/jquery.min.js
05.Feb 2024 17:02:30 [INFO]   [Dep Found] foundation: 6.4.0-rc3 - jquery/2.2.4/jquery.min.js
05.Feb 2024 17:02:32 [INFO]   [Dep Found] foundation: 6.4.0-rc4 - jquery/2.2.4/jquery.min.js
05.Feb 2024 17:02:34 [INFO]   [Dep Found] foundation: 6.4.0-rc5 - jquery/2.2.4/jquery.min.js
05.Feb 2024 17:02:36 [INFO]   [Dep Found] foundation: 6.4.1 - jquery/2.2.4/jquery.min.js
05.Feb 2024 17:02:38 [INFO]   [Dep Found] foundation: 6.4.2 - jquery/2.2.4/jquery.min.js
05.Feb 2024 17:02:40 [INFO]   [Dep Found] foundation: 6.4.2-rc1 - jquery/2.2.4/jquery.min.js
05.Feb 2024 17:02:42 [INFO]   [Dep Found] foundation: 6.4.2-rc2 - jquery/2.2.4/jquery.min.js
05.Feb 2024 17:02:44 [INFO]   [Dep Found] foundation: 6.4.3 - jquery/2.2.4/jquery.min.js
05.Feb 2024 17:02:46 [INFO]   [Dep Found] foundation: 6.4.4-rc1 - jquery/2.2.4/jquery.min.js
05.Feb 2024 17:02:49 [INFO]   [Dep Found] foundation: 6.5.0 - jquery/2.2.4/jquery.min.js
05.Feb 2024 17:02:51 [INFO]   [Dep Found] foundation: 6.5.0-rc.1 - jquery/2.2.4/jquery.min.js
05.Feb 2024 17:02:53 [INFO]   [Dep Found] foundation: 6.5.0-rc.2 - jquery/2.2.4/jquery.min.js
05.Feb 2024 17:02:55 [INFO]   [Dep Found] foundation: 6.5.0-rc.3 - jquery/2.2.4/jquery.min.js
05.Feb 2024 17:02:57 [INFO]   [Dep Found] foundation: 6.5.0-rc.4 - jquery/2.2.4/jquery.min.js
05.Feb 2024 17:03:00 [INFO]   [Dep Found] foundation: 6.5.1 - jquery/2.2.4/jquery.min.js
05.Feb 2024 17:03:02 [INFO]   [Dep Found] foundation: 6.5.2 - jquery/2.2.4/jquery.min.js
05.Feb 2024 17:03:04 [INFO]   [Dep Found] foundation: 6.5.3 - jquery/2.2.4/jquery.min.js
05.Feb 2024 17:03:06 [INFO]   [Dep Found] foundation: 6.6.0 - jquery/2.2.4/jquery.min.js
05.Feb 2024 17:03:08 [INFO]   [Dep Found] foundation: 6.6.1 - jquery/2.2.4/jquery.min.js
05.Feb 2024 17:03:10 [INFO]   [Dep Found] foundation: 6.6.2 - jquery/2.2.4/jquery.min.js
05.Feb 2024 17:03:13 [INFO]   [Dep Found] foundation: 6.6.3 - jquery/2.2.4/jquery.min.js
05.Feb 2024 17:03:15 [INFO]   [Dep Found] foundation: 6.7.0 - jquery/2.2.4/jquery.min.js
05.Feb 2024 17:03:17 [INFO]   [Dep Found] foundation: 6.7.1 - jquery/2.2.4/jquery.min.js
05.Feb 2024 17:03:19 [INFO]   [Dep Found] foundation: 6.7.3 - jquery/2.2.4/jquery.min.js
05.Feb 2024 17:03:21 [INFO]   [Dep Found] foundation: 6.7.4 - jquery/2.2.4/jquery.min.js
05.Feb 2024 17:03:23 [INFO]   [Dep Found] foundation: 6.7.5 - jquery/2.2.4/jquery.min.js
05.Feb 2024 17:03:25 [INFO]   [Dep Found] foundation: 6.8.0 - jquery/2.2.4/jquery.min.js
05.Feb 2024 17:03:28 [INFO]   [Dep Found] foundation: 6.8.1 - jquery/2.2.4/jquery.min.js
05.Feb 2024 17:03:30 [INFO]   [Dep Found] foundation: vv6.6.0 - jquery/2.2.4/jquery.min.js
05.Feb 2024 17:03:30 [DEBUG] Start examing 172: frappe-charts
05.Feb 2024 17:04:32 [DEBUG] Start examing 173: frappe-gantt
05.Feb 2024 17:04:49 [DEBUG] Start examing 174: froala-design-blocks
05.Feb 2024 17:04:56 [DEBUG] Start examing 175: froala-editor
05.Feb 2024 17:04:58 [INFO]   [Dep Found] froala-editor: 1.0.2 - jquery/2.2.4/jquery.min.js
05.Feb 2024 17:05:00 [INFO]   [Dep Found] froala-editor: 1.0.3 - jquery/2.2.4/jquery.min.js
05.Feb 2024 17:05:02 [INFO]   [Dep Found] froala-editor: 1.0.4 - jquery/2.2.4/jquery.min.js
05.Feb 2024 17:05:04 [INFO]   [Dep Found] froala-editor: 1.0.5 - jquery/2.2.4/jquery.min.js
05.Feb 2024 17:05:06 [INFO]   [Dep Found] froala-editor: 1.0.6 - jquery/2.2.4/jquery.min.js
05.Feb 2024 17:05:09 [INFO]   [Dep Found] froala-editor: 1.1.0 - jquery/2.2.4/jquery.min.js
05.Feb 2024 17:05:11 [INFO]   [Dep Found] froala-editor: 1.1.1 - jquery/2.2.4/jquery.min.js
05.Feb 2024 17:05:13 [INFO]   [Dep Found] froala-editor: 1.1.2 - jquery/2.2.4/jquery.min.js
05.Feb 2024 17:05:15 [INFO]   [Dep Found] froala-editor: 1.1.3 - jquery/2.2.4/jquery.min.js
05.Feb 2024 17:05:18 [INFO]   [Dep Found] froala-editor: 1.1.4 - jquery/2.2.4/jquery.min.js
05.Feb 2024 17:05:19 [INFO]   [Dep Found] froala-editor: 1.1.5 - jquery/2.2.4/jquery.min.js
05.Feb 2024 17:05:22 [INFO]   [Dep Found] froala-editor: 1.1.6 - jquery/2.2.4/jquery.min.js
05.Feb 2024 17:05:24 [INFO]   [Dep Found] froala-editor: 1.1.7 - jquery/2.2.4/jquery.min.js
05.Feb 2024 17:05:26 [INFO]   [Dep Found] froala-editor: 1.1.8 - jquery/2.2.4/jquery.min.js
05.Feb 2024 17:05:28 [INFO]   [Dep Found] froala-editor: 1.1.9 - jquery/2.2.4/jquery.min.js
05.Feb 2024 17:05:30 [INFO]   [Dep Found] froala-editor: 1.2.0 - jquery/2.2.4/jquery.min.js
05.Feb 2024 17:05:32 [INFO]   [Dep Found] froala-editor: 1.2.1 - jquery/2.2.4/jquery.min.js
05.Feb 2024 17:05:34 [INFO]   [Dep Found] froala-editor: 1.2.2 - jquery/2.2.4/jquery.min.js
05.Feb 2024 17:05:37 [INFO]   [Dep Found] froala-editor: 1.2.3 - jquery/2.2.4/jquery.min.js
05.Feb 2024 17:05:39 [INFO]   [Dep Found] froala-editor: 1.2.4 - jquery/2.2.4/jquery.min.js
05.Feb 2024 17:05:41 [INFO]   [Dep Found] froala-editor: 1.2.5 - jquery/2.2.4/jquery.min.js
05.Feb 2024 17:05:43 [INFO]   [Dep Found] froala-editor: 1.2.6 - jquery/2.2.4/jquery.min.js
05.Feb 2024 17:05:45 [INFO]   [Dep Found] froala-editor: 1.2.7 - jquery/2.2.4/jquery.min.js
05.Feb 2024 17:05:47 [INFO]   [Dep Found] froala-editor: 1.2.8 - jquery/2.2.4/jquery.min.js
05.Feb 2024 17:05:49 [INFO]   [Dep Found] froala-editor: 2.0.0 - jquery/2.2.4/jquery.min.js
05.Feb 2024 17:05:54 [WARNING]   [Dep Not Found] froala-editor: 2.0.0-rc.1
05.Feb 2024 17:05:54 [DEBUG] Start examing 176: FrozenUI
05.Feb 2024 17:06:04 [WARNING]   [Dep Not Found] FrozenUI: 1.3.0
05.Feb 2024 17:06:04 [DEBUG] Start examing 177: fuelux
05.Feb 2024 17:06:09 [WARNING]   [Dep Not Found] fuelux: 2.0.0
05.Feb 2024 17:06:09 [DEBUG] Start examing 178: fullcalendar
05.Feb 2024 17:06:11 [INFO]   [Dep Found] fullcalendar: 1.6.0 - jquery/2.2.4/jquery.min.js
05.Feb 2024 17:06:13 [INFO]   [Dep Found] fullcalendar: 1.6.1 - jquery/2.2.4/jquery.min.js
05.Feb 2024 17:06:16 [INFO]   [Dep Found] fullcalendar: 1.6.2 - jquery/2.2.4/jquery.min.js
05.Feb 2024 17:06:18 [INFO]   [Dep Found] fullcalendar: 1.6.3 - jquery/2.2.4/jquery.min.js
05.Feb 2024 17:06:20 [INFO]   [Dep Found] fullcalendar: 1.6.4 - jquery/2.2.4/jquery.min.js
05.Feb 2024 17:06:25 [WARNING]   [Dep Not Found] fullcalendar: 2.0.0
05.Feb 2024 17:06:25 [DEBUG] Start examing 179: fullPage.js
05.Feb 2024 17:06:27 [INFO]   [Dep Found] fullPage.js: 1.7 - jquery/2.2.4/jquery.min.js
05.Feb 2024 17:06:29 [INFO]   [Dep Found] fullPage.js: 1.7.5 - jquery/2.2.4/jquery.min.js
05.Feb 2024 17:06:31 [INFO]   [Dep Found] fullPage.js: 1.7.6 - jquery/2.2.4/jquery.min.js
05.Feb 2024 17:06:34 [INFO]   [Dep Found] fullPage.js: 2.0.1 - jquery/2.2.4/jquery.min.js
05.Feb 2024 17:06:36 [INFO]   [Dep Found] fullPage.js: 2.0.7 - jquery/2.2.4/jquery.min.js
05.Feb 2024 17:06:38 [INFO]   [Dep Found] fullPage.js: 2.2.1 - jquery/2.2.4/jquery.min.js
05.Feb 2024 17:06:40 [INFO]   [Dep Found] fullPage.js: 2.2.8 - jquery/2.2.4/jquery.min.js
05.Feb 2024 17:06:42 [INFO]   [Dep Found] fullPage.js: 2.4.1 - jquery/2.2.4/jquery.min.js
05.Feb 2024 17:06:44 [INFO]   [Dep Found] fullPage.js: 2.4.3 - jquery/2.2.4/jquery.min.js
05.Feb 2024 17:06:47 [INFO]   [Dep Found] fullPage.js: 2.4.6 - jquery/2.2.4/jquery.min.js
05.Feb 2024 17:06:49 [INFO]   [Dep Found] fullPage.js: 2.4.7 - jquery/2.2.4/jquery.min.js
05.Feb 2024 17:06:51 [INFO]   [Dep Found] fullPage.js: 2.4.8 - jquery/2.2.4/jquery.min.js
05.Feb 2024 17:06:53 [INFO]   [Dep Found] fullPage.js: 2.4.8.1 - jquery/2.2.4/jquery.min.js
05.Feb 2024 17:06:55 [INFO]   [Dep Found] fullPage.js: 2.4.9 - jquery/2.2.4/jquery.min.js
05.Feb 2024 17:06:57 [INFO]   [Dep Found] fullPage.js: 2.5.0 - jquery/2.2.4/jquery.min.js
05.Feb 2024 17:07:00 [INFO]   [Dep Found] fullPage.js: 2.5.1 - jquery/2.2.4/jquery.min.js
05.Feb 2024 17:07:02 [INFO]   [Dep Found] fullPage.js: 2.5.2 - jquery/2.2.4/jquery.min.js
05.Feb 2024 17:07:04 [INFO]   [Dep Found] fullPage.js: 2.5.3 - jquery/2.2.4/jquery.min.js
05.Feb 2024 17:07:06 [INFO]   [Dep Found] fullPage.js: 2.5.4 - jquery/2.2.4/jquery.min.js
05.Feb 2024 17:07:08 [INFO]   [Dep Found] fullPage.js: 2.5.5 - jquery/2.2.4/jquery.min.js
05.Feb 2024 17:07:10 [INFO]   [Dep Found] fullPage.js: 2.5.6 - jquery/2.2.4/jquery.min.js
05.Feb 2024 17:07:12 [INFO]   [Dep Found] fullPage.js: 2.5.7 - jquery/2.2.4/jquery.min.js
05.Feb 2024 17:07:15 [INFO]   [Dep Found] fullPage.js: 2.5.8 - jquery/2.2.4/jquery.min.js
05.Feb 2024 17:07:17 [INFO]   [Dep Found] fullPage.js: 2.5.9 - jquery/2.2.4/jquery.min.js
05.Feb 2024 17:07:19 [INFO]   [Dep Found] fullPage.js: 2.6.0 - jquery/2.2.4/jquery.min.js
05.Feb 2024 17:07:22 [INFO]   [Dep Found] fullPage.js: 2.6.1 - jquery/2.2.4/jquery.min.js
05.Feb 2024 17:07:24 [INFO]   [Dep Found] fullPage.js: 2.6.2 - jquery/2.2.4/jquery.min.js
05.Feb 2024 17:07:26 [INFO]   [Dep Found] fullPage.js: 2.6.3 - jquery/2.2.4/jquery.min.js
05.Feb 2024 17:07:28 [INFO]   [Dep Found] fullPage.js: 2.6.4 - jquery/2.2.4/jquery.min.js
05.Feb 2024 17:07:30 [INFO]   [Dep Found] fullPage.js: 2.6.5 - jquery/2.2.4/jquery.min.js
05.Feb 2024 17:07:33 [INFO]   [Dep Found] fullPage.js: 2.6.6 - jquery/2.2.4/jquery.min.js
05.Feb 2024 17:07:35 [INFO]   [Dep Found] fullPage.js: 2.6.7 - jquery/2.2.4/jquery.min.js
05.Feb 2024 17:07:37 [INFO]   [Dep Found] fullPage.js: 2.6.8 - jquery/2.2.4/jquery.min.js
05.Feb 2024 17:07:39 [INFO]   [Dep Found] fullPage.js: 2.6.9 - jquery/2.2.4/jquery.min.js
05.Feb 2024 17:07:41 [INFO]   [Dep Found] fullPage.js: 2.7.0 - jquery/2.2.4/jquery.min.js
05.Feb 2024 17:07:43 [INFO]   [Dep Found] fullPage.js: 2.7.1 - jquery/2.2.4/jquery.min.js
05.Feb 2024 17:07:45 [INFO]   [Dep Found] fullPage.js: 2.7.2 - jquery/2.2.4/jquery.min.js
05.Feb 2024 17:07:47 [INFO]   [Dep Found] fullPage.js: 2.7.3 - jquery/2.2.4/jquery.min.js
05.Feb 2024 17:07:50 [INFO]   [Dep Found] fullPage.js: 2.7.4 - jquery/2.2.4/jquery.min.js
05.Feb 2024 17:07:52 [INFO]   [Dep Found] fullPage.js: 2.7.5 - jquery/2.2.4/jquery.min.js
05.Feb 2024 17:07:54 [INFO]   [Dep Found] fullPage.js: 2.7.6 - jquery/2.2.4/jquery.min.js
05.Feb 2024 17:07:56 [INFO]   [Dep Found] fullPage.js: 2.7.7 - jquery/2.2.4/jquery.min.js
05.Feb 2024 17:07:58 [INFO]   [Dep Found] fullPage.js: 2.7.8 - jquery/2.2.4/jquery.min.js
05.Feb 2024 17:08:00 [INFO]   [Dep Found] fullPage.js: 2.7.9 - jquery/2.2.4/jquery.min.js
05.Feb 2024 17:08:02 [INFO]   [Dep Found] fullPage.js: 2.8.0 - jquery/2.2.4/jquery.min.js
05.Feb 2024 17:08:04 [INFO]   [Dep Found] fullPage.js: 2.8.1 - jquery/2.2.4/jquery.min.js
05.Feb 2024 17:08:07 [INFO]   [Dep Found] fullPage.js: 2.8.2 - jquery/2.2.4/jquery.min.js
05.Feb 2024 17:08:09 [INFO]   [Dep Found] fullPage.js: 2.8.3 - jquery/2.2.4/jquery.min.js
05.Feb 2024 17:08:11 [INFO]   [Dep Found] fullPage.js: 2.8.4 - jquery/2.2.4/jquery.min.js
05.Feb 2024 17:08:13 [INFO]   [Dep Found] fullPage.js: 2.8.5 - jquery/2.2.4/jquery.min.js
05.Feb 2024 17:08:15 [INFO]   [Dep Found] fullPage.js: 2.8.6 - jquery/2.2.4/jquery.min.js
05.Feb 2024 17:08:17 [INFO]   [Dep Found] fullPage.js: 2.8.7 - jquery/2.2.4/jquery.min.js
05.Feb 2024 17:08:19 [INFO]   [Dep Found] fullPage.js: 2.8.8 - jquery/2.2.4/jquery.min.js
05.Feb 2024 17:08:22 [INFO]   [Dep Found] fullPage.js: 2.8.9 - jquery/2.2.4/jquery.min.js
05.Feb 2024 17:08:24 [INFO]   [Dep Found] fullPage.js: 2.9.0 - jquery/2.2.4/jquery.min.js
05.Feb 2024 17:08:26 [INFO]   [Dep Found] fullPage.js: 2.9.1 - jquery/2.2.4/jquery.min.js
05.Feb 2024 17:08:28 [INFO]   [Dep Found] fullPage.js: 2.9.1.1 - jquery/2.2.4/jquery.min.js
05.Feb 2024 17:08:30 [INFO]   [Dep Found] fullPage.js: 2.9.2 - jquery/2.2.4/jquery.min.js
05.Feb 2024 17:08:32 [INFO]   [Dep Found] fullPage.js: 2.9.3 - jquery/2.2.4/jquery.min.js
05.Feb 2024 17:08:35 [INFO]   [Dep Found] fullPage.js: 2.9.4 - jquery/2.2.4/jquery.min.js
05.Feb 2024 17:08:37 [INFO]   [Dep Found] fullPage.js: 2.9.5 - jquery/2.2.4/jquery.min.js
05.Feb 2024 17:08:39 [INFO]   [Dep Found] fullPage.js: 2.9.6 - jquery/2.2.4/jquery.min.js
05.Feb 2024 17:08:41 [INFO]   [Dep Found] fullPage.js: 2.9.7 - jquery/2.2.4/jquery.min.js
05.Feb 2024 17:09:18 [DEBUG] Start examing 180: fuse.js
05.Feb 2024 17:10:19 [WARNING]   [Dep Not Found] fuse.js: 5.1.0
05.Feb 2024 17:10:19 [DEBUG] Start examing 181: fuzzysort
05.Feb 2024 17:10:40 [DEBUG] Start examing 182: gentelella
05.Feb 2024 17:10:45 [WARNING]   [Dep Not Found] gentelella: 1.3.0
05.Feb 2024 17:10:45 [DEBUG] Start examing 183: gif.js
05.Feb 2024 17:10:54 [DEBUG] Start examing 184: gifshot
05.Feb 2024 17:11:03 [DEBUG] Start examing 185: gitalk
05.Feb 2024 17:11:47 [DEBUG] Start examing 186: gitgraph.js
05.Feb 2024 17:12:37 [DEBUG] Start examing 187: github-api
05.Feb 2024 17:12:57 [DEBUG] Start examing 188: github-markdown-css
05.Feb 2024 17:13:45 [DEBUG] Start examing 189: gitment
05.Feb 2024 17:13:48 [DEBUG] Start examing 190: gl-matrix
05.Feb 2024 17:14:18 [DEBUG] Start examing 191: glamor
05.Feb 2024 17:16:35 [DEBUG] Start examing 192: glamorous
05.Feb 2024 17:16:41 [WARNING]   [Dep Not Found] glamorous: 1.0.0
05.Feb 2024 17:16:41 [DEBUG] Start examing 193: Glide.js
05.Feb 2024 17:16:43 [INFO]   [Dep Found] Glide.js: 1.0.6 - jquery/2.2.4/jquery.min.js
05.Feb 2024 17:16:45 [INFO]   [Dep Found] Glide.js: 1.0.7 - jquery/2.2.4/jquery.min.js
05.Feb 2024 17:16:48 [INFO]   [Dep Found] Glide.js: 2.0.0 - jquery/2.2.4/jquery.min.js
05.Feb 2024 17:16:50 [INFO]   [Dep Found] Glide.js: 2.0.1 - jquery/2.2.4/jquery.min.js
05.Feb 2024 17:16:52 [INFO]   [Dep Found] Glide.js: 2.0.2 - jquery/2.2.4/jquery.min.js
05.Feb 2024 17:16:54 [INFO]   [Dep Found] Glide.js: 2.0.3 - jquery/2.2.4/jquery.min.js
05.Feb 2024 17:16:56 [INFO]   [Dep Found] Glide.js: 2.0.4 - jquery/2.2.4/jquery.min.js
05.Feb 2024 17:16:59 [INFO]   [Dep Found] Glide.js: 2.0.5 - jquery/2.2.4/jquery.min.js
05.Feb 2024 17:17:02 [INFO]   [Dep Found] Glide.js: 2.0.6 - jquery/2.2.4/jquery.min.js
05.Feb 2024 17:17:04 [INFO]   [Dep Found] Glide.js: 2.0.7 - jquery/2.2.4/jquery.min.js
05.Feb 2024 17:17:06 [INFO]   [Dep Found] Glide.js: 2.0.8 - jquery/2.2.4/jquery.min.js
05.Feb 2024 17:17:09 [INFO]   [Dep Found] Glide.js: 2.0.9 - jquery/2.2.4/jquery.min.js
05.Feb 2024 17:17:11 [INFO]   [Dep Found] Glide.js: 2.1.0 - jquery/2.2.4/jquery.min.js
05.Feb 2024 17:17:36 [DEBUG] Start examing 194: glider-js
05.Feb 2024 17:17:54 [DEBUG] Start examing 195: globalize
05.Feb 2024 17:18:00 [WARNING]   [Dep Not Found] globalize: 0.1.1
05.Feb 2024 17:18:00 [DEBUG] Start examing 196: gmail-js
05.Feb 2024 17:18:13 [WARNING]   [Dep Not Found] gmail-js: 0.5.3
05.Feb 2024 17:18:13 [DEBUG] Start examing 197: gmaps.js
05.Feb 2024 17:18:20 [WARNING]   [Dep Not Found] gmaps.js: 0.3
05.Feb 2024 17:18:20 [DEBUG] Start examing 198: golden-layout
05.Feb 2024 17:18:57 [DEBUG] Start examing 199: google-closure-library
05.Feb 2024 17:19:23 [DEBUG] Start examing 200: gpu.js
