05.Feb 2024 20:38:10 [DEBUG] Start examing 0: lettering.js
05.Feb 2024 20:38:10 [DEBUG] Start examing 1: lightbox2
05.Feb 2024 20:38:11 [INFO]   [Dep Found] lightbox2: 2.10.0 - jquery/2.2.4/jquery.min.js
05.Feb 2024 20:38:11 [INFO]   [Dep Found] lightbox2: 2.11.0 - jquery/2.2.4/jquery.min.js
05.Feb 2024 20:38:11 [INFO]   [Dep Found] lightbox2: 2.11.1 - jquery/2.2.4/jquery.min.js
05.Feb 2024 20:38:11 [INFO]   [Dep Found] lightbox2: 2.11.2 - jquery/2.2.4/jquery.min.js
05.Feb 2024 20:38:11 [INFO]   [Dep Found] lightbox2: 2.11.3 - jquery/2.2.4/jquery.min.js
05.Feb 2024 20:38:11 [INFO]   [Dep Found] lightbox2: 2.11.4 - jquery/2.2.4/jquery.min.js
05.Feb 2024 20:38:12 [INFO]   [Dep Found] lightbox2: 2.7.1 - jquery/2.2.4/jquery.min.js
05.Feb 2024 20:38:12 [INFO]   [Dep Found] lightbox2: 2.7.2 - jquery/2.2.4/jquery.min.js
05.Feb 2024 20:38:12 [INFO]   [Dep Found] lightbox2: 2.7.3 - jquery/2.2.4/jquery.min.js
05.Feb 2024 20:38:12 [INFO]   [Dep Found] lightbox2: 2.7.4 - jquery/2.2.4/jquery.min.js
05.Feb 2024 20:38:13 [INFO]   [Dep Found] lightbox2: 2.8.0 - jquery/2.2.4/jquery.min.js
05.Feb 2024 20:38:13 [INFO]   [Dep Found] lightbox2: 2.8.1 - jquery/2.2.4/jquery.min.js
05.Feb 2024 20:38:13 [INFO]   [Dep Found] lightbox2: 2.8.2 - jquery/2.2.4/jquery.min.js
05.Feb 2024 20:38:13 [INFO]   [Dep Found] lightbox2: 2.9.0 - jquery/2.2.4/jquery.min.js
05.Feb 2024 20:38:13 [DEBUG] Start examing 2: lightgallery-js
05.Feb 2024 20:38:16 [DEBUG] Start examing 3: lightgallery
05.Feb 2024 20:38:17 [INFO]   [Dep Found] lightgallery: 1.0.0 - jquery/2.2.4/jquery.min.js
05.Feb 2024 20:38:17 [INFO]   [Dep Found] lightgallery: 1.1.0 - jquery/2.2.4/jquery.min.js
05.Feb 2024 20:38:17 [INFO]   [Dep Found] lightgallery: 1.1.1 - jquery/2.2.4/jquery.min.js
05.Feb 2024 20:38:17 [INFO]   [Dep Found] lightgallery: 1.1.2 - jquery/2.2.4/jquery.min.js
05.Feb 2024 20:38:18 [INFO]   [Dep Found] lightgallery: 1.1.3 - jquery/2.2.4/jquery.min.js
05.Feb 2024 20:38:18 [INFO]   [Dep Found] lightgallery: 1.1.4 - jquery/2.2.4/jquery.min.js
05.Feb 2024 20:38:18 [INFO]   [Dep Found] lightgallery: 1.1.5 - jquery/2.2.4/jquery.min.js
05.Feb 2024 20:38:18 [INFO]   [Dep Found] lightgallery: 1.1.6 - jquery/2.2.4/jquery.min.js
05.Feb 2024 20:38:19 [INFO]   [Dep Found] lightgallery: 1.10.0 - jquery/2.2.4/jquery.min.js
05.Feb 2024 20:38:19 [INFO]   [Dep Found] lightgallery: 1.2.0 - jquery/2.2.4/jquery.min.js
05.Feb 2024 20:38:19 [INFO]   [Dep Found] lightgallery: 1.2.1 - jquery/2.2.4/jquery.min.js
05.Feb 2024 20:38:20 [INFO]   [Dep Found] lightgallery: 1.2.10 - jquery/2.2.4/jquery.min.js
05.Feb 2024 20:38:20 [INFO]   [Dep Found] lightgallery: 1.2.11 - jquery/2.2.4/jquery.min.js
05.Feb 2024 20:38:20 [INFO]   [Dep Found] lightgallery: 1.2.12 - jquery/2.2.4/jquery.min.js
05.Feb 2024 20:38:21 [INFO]   [Dep Found] lightgallery: 1.2.13 - jquery/2.2.4/jquery.min.js
05.Feb 2024 20:38:21 [INFO]   [Dep Found] lightgallery: 1.2.14 - jquery/2.2.4/jquery.min.js
05.Feb 2024 20:38:21 [INFO]   [Dep Found] lightgallery: 1.2.15 - jquery/2.2.4/jquery.min.js
05.Feb 2024 20:38:21 [INFO]   [Dep Found] lightgallery: 1.2.16 - jquery/2.2.4/jquery.min.js
05.Feb 2024 20:38:22 [INFO]   [Dep Found] lightgallery: 1.2.17 - jquery/2.2.4/jquery.min.js
05.Feb 2024 20:38:22 [INFO]   [Dep Found] lightgallery: 1.2.18 - jquery/2.2.4/jquery.min.js
05.Feb 2024 20:38:22 [INFO]   [Dep Found] lightgallery: 1.2.19 - jquery/2.2.4/jquery.min.js
05.Feb 2024 20:38:22 [INFO]   [Dep Found] lightgallery: 1.2.2 - jquery/2.2.4/jquery.min.js
05.Feb 2024 20:38:23 [INFO]   [Dep Found] lightgallery: 1.2.20 - jquery/2.2.4/jquery.min.js
05.Feb 2024 20:38:23 [INFO]   [Dep Found] lightgallery: 1.2.21 - jquery/2.2.4/jquery.min.js
05.Feb 2024 20:38:23 [INFO]   [Dep Found] lightgallery: 1.2.3 - jquery/2.2.4/jquery.min.js
05.Feb 2024 20:38:23 [INFO]   [Dep Found] lightgallery: 1.2.4 - jquery/2.2.4/jquery.min.js
05.Feb 2024 20:38:23 [INFO]   [Dep Found] lightgallery: 1.2.5 - jquery/2.2.4/jquery.min.js
05.Feb 2024 20:38:24 [INFO]   [Dep Found] lightgallery: 1.2.6 - jquery/2.2.4/jquery.min.js
05.Feb 2024 20:38:24 [INFO]   [Dep Found] lightgallery: 1.2.7 - jquery/2.2.4/jquery.min.js
05.Feb 2024 20:38:24 [INFO]   [Dep Found] lightgallery: 1.2.8 - jquery/2.2.4/jquery.min.js
05.Feb 2024 20:38:24 [INFO]   [Dep Found] lightgallery: 1.2.9 - jquery/2.2.4/jquery.min.js
05.Feb 2024 20:38:24 [INFO]   [Dep Found] lightgallery: 1.3.0 - jquery/2.2.4/jquery.min.js
05.Feb 2024 20:38:25 [WARNING]   [Dep Not Found] lightgallery: 1.3.1
05.Feb 2024 20:38:25 [DEBUG] Start examing 4: list.js
05.Feb 2024 20:38:28 [DEBUG] Start examing 5: lite-youtube-embed
05.Feb 2024 20:38:30 [DEBUG] Start examing 6: loadCSS
05.Feb 2024 20:38:34 [WARNING]   [Dep Not Found] loadCSS: 0.2.1
05.Feb 2024 20:38:34 [DEBUG] Start examing 7: loaders.css
05.Feb 2024 20:38:34 [INFO]   [Dep Found] loaders.css: 0.1.0 - jquery/2.2.4/jquery.min.js
05.Feb 2024 20:38:34 [INFO]   [Dep Found] loaders.css: 0.1.1 - jquery/2.2.4/jquery.min.js
05.Feb 2024 20:38:34 [INFO]   [Dep Found] loaders.css: 0.1.2 - jquery/2.2.4/jquery.min.js
05.Feb 2024 20:38:34 [DEBUG] Start examing 8: localforage
05.Feb 2024 20:38:49 [DEBUG] Start examing 9: lodash.js
05.Feb 2024 20:39:16 [DEBUG] Start examing 10: lokijs
05.Feb 2024 20:39:24 [DEBUG] Start examing 11: lottie-web
05.Feb 2024 20:39:36 [DEBUG] Start examing 12: lovefield
05.Feb 2024 20:39:48 [DEBUG] Start examing 13: lowdb
05.Feb 2024 20:39:50 [WARNING]   [Dep Not Found] lowdb: 0.13.0-beta.1
05.Feb 2024 20:39:50 [DEBUG] Start examing 14: lozad.js
05.Feb 2024 20:39:56 [DEBUG] Start examing 15: lunr.js
05.Feb 2024 20:40:12 [DEBUG] Start examing 16: luxon
05.Feb 2024 20:40:12 [WARNING]   [Dep Not Found] luxon: 1.20.0
05.Feb 2024 20:40:12 [DEBUG] Start examing 17: lz-string
05.Feb 2024 20:40:15 [DEBUG] Start examing 18: magic-grid
05.Feb 2024 20:40:18 [DEBUG] Start examing 19: magic
