06.Feb 2024 14:36:15 [DEBUG] Start examing 0: tufte-css
06.Feb 2024 14:36:16 [DEBUG] Start examing 1: tui-calendar
06.Feb 2024 14:36:17 [WARNING]   [Dep Not Found] tui-calendar: 0.10.0
06.Feb 2024 14:36:17 [DEBUG] Start examing 2: tui-chart
06.Feb 2024 14:36:22 [DEBUG] Start examing 3: tui-editor
06.Feb 2024 14:36:22 [WARNING]   [Dep Not Found] tui-editor: 1.0.0
06.Feb 2024 14:36:22 [DEBUG] Start examing 4: tui-image-editor
06.Feb 2024 14:36:23 [WARNING]   [Dep Not Found] tui-image-editor: 3.10.0
06.Feb 2024 14:36:23 [DEBUG] Start examing 5: turbolinks
06.Feb 2024 14:36:26 [DEBUG] Start examing 6: Turf.js
06.Feb 2024 14:36:27 [WARNING]   [Dep Not Found] Turf.js: 0.0.101
06.Feb 2024 14:36:27 [DEBUG] Start examing 7: turn.js
06.Feb 2024 14:36:27 [INFO]   [Dep Found] turn.js: 0.1 - jquery/2.2.4/jquery.min.js
06.Feb 2024 14:36:27 [INFO]   [Dep Found] turn.js: 0.11 - jquery/2.2.4/jquery.min.js
06.Feb 2024 14:36:27 [INFO]   [Dep Found] turn.js: 3 - jquery/2.2.4/jquery.min.js
06.Feb 2024 14:36:27 [DEBUG] Start examing 8: turndown
06.Feb 2024 14:36:31 [WARNING]   [Dep Not Found] turndown: 7.1.0
06.Feb 2024 14:36:31 [DEBUG] Start examing 9: tween.js
06.Feb 2024 14:36:31 [WARNING]   [Dep Not Found] tween.js: 0.11.0
06.Feb 2024 14:36:31 [DEBUG] Start examing 10: tweenjs
06.Feb 2024 14:36:32 [WARNING]   [Dep Not Found] tweenjs: 0.1.0
06.Feb 2024 14:36:32 [DEBUG] Start examing 11: twemoji
06.Feb 2024 14:36:48 [DEBUG] Start examing 12: twind
06.Feb 2024 14:36:48 [WARNING]   [Dep Not Found] twind: 0.0.0-canary-3f42963d
06.Feb 2024 14:36:48 [DEBUG] Start examing 13: twitter-bootstrap
06.Feb 2024 14:36:48 [DEBUG] Start examing 14: two.js
06.Feb 2024 14:36:49 [WARNING]   [Dep Not Found] two.js: 0.2.0
06.Feb 2024 14:36:49 [DEBUG] Start examing 15: typeahead.js
06.Feb 2024 14:36:49 [INFO]   [Dep Found] typeahead.js: 0.10.1 - jquery/2.2.4/jquery.min.js
06.Feb 2024 14:36:50 [INFO]   [Dep Found] typeahead.js: 0.10.2 - jquery/2.2.4/jquery.min.js
06.Feb 2024 14:36:50 [INFO]   [Dep Found] typeahead.js: 0.10.3 - jquery/2.2.4/jquery.min.js
06.Feb 2024 14:36:50 [INFO]   [Dep Found] typeahead.js: 0.10.4 - jquery/2.2.4/jquery.min.js
06.Feb 2024 14:36:50 [INFO]   [Dep Found] typeahead.js: 0.10.5 - jquery/2.2.4/jquery.min.js
06.Feb 2024 14:36:51 [INFO]   [Dep Found] typeahead.js: 0.11.0 - jquery/2.2.4/jquery.min.js
06.Feb 2024 14:36:51 [INFO]   [Dep Found] typeahead.js: 0.11.1 - jquery/2.2.4/jquery.min.js
06.Feb 2024 14:36:51 [INFO]   [Dep Found] typeahead.js: 0.9.0 - jquery/2.2.4/jquery.min.js
06.Feb 2024 14:36:51 [INFO]   [Dep Found] typeahead.js: 0.9.2 - jquery/2.2.4/jquery.min.js
06.Feb 2024 14:36:51 [INFO]   [Dep Found] typeahead.js: 0.9.3 - jquery/2.2.4/jquery.min.js
06.Feb 2024 14:36:51 [DEBUG] Start examing 16: typed.js
06.Feb 2024 14:36:51 [INFO]   [Dep Found] typed.js: 1.1.1 - jquery/2.2.4/jquery.min.js
06.Feb 2024 14:36:52 [INFO]   [Dep Found] typed.js: 1.1.2 - jquery/2.2.4/jquery.min.js
06.Feb 2024 14:36:52 [INFO]   [Dep Found] typed.js: 1.1.3 - jquery/2.2.4/jquery.min.js
06.Feb 2024 14:36:52 [INFO]   [Dep Found] typed.js: 1.1.4 - jquery/2.2.4/jquery.min.js
06.Feb 2024 14:36:54 [WARNING]   [Dep Not Found] typed.js: 2.0.16
06.Feb 2024 14:36:54 [DEBUG] Start examing 17: typeit
06.Feb 2024 14:36:54 [INFO]   [Dep Found] typeit: 1.0.0 - jquery/2.2.4/jquery.min.js
06.Feb 2024 14:36:54 [INFO]   [Dep Found] typeit: 1.0.1 - jquery/2.2.4/jquery.min.js
06.Feb 2024 14:36:54 [INFO]   [Dep Found] typeit: 1.0.2 - jquery/2.2.4/jquery.min.js
06.Feb 2024 14:36:55 [INFO]   [Dep Found] typeit: 1.0.3 - jquery/2.2.4/jquery.min.js
06.Feb 2024 14:36:55 [INFO]   [Dep Found] typeit: 1.0.4 - jquery/2.2.4/jquery.min.js
06.Feb 2024 14:36:56 [INFO]   [Dep Found] typeit: 1.1.1 - jquery/2.2.4/jquery.min.js
06.Feb 2024 14:36:56 [INFO]   [Dep Found] typeit: 2.0.0 - jquery/2.2.4/jquery.min.js
06.Feb 2024 14:36:56 [INFO]   [Dep Found] typeit: 2.0.1 - jquery/2.2.4/jquery.min.js
06.Feb 2024 14:36:57 [INFO]   [Dep Found] typeit: 2.0.2 - jquery/2.2.4/jquery.min.js
06.Feb 2024 14:36:57 [INFO]   [Dep Found] typeit: 3.0.0 - jquery/2.2.4/jquery.min.js
06.Feb 2024 14:36:57 [INFO]   [Dep Found] typeit: 3.0.1 - jquery/2.2.4/jquery.min.js
06.Feb 2024 14:36:58 [INFO]   [Dep Found] typeit: 4.0.0 - jquery/2.2.4/jquery.min.js
06.Feb 2024 14:36:58 [INFO]   [Dep Found] typeit: 4.1.0 - jquery/2.2.4/jquery.min.js
06.Feb 2024 14:36:58 [INFO]   [Dep Found] typeit: 4.2.0 - jquery/2.2.4/jquery.min.js
06.Feb 2024 14:36:59 [INFO]   [Dep Found] typeit: 4.2.1 - jquery/2.2.4/jquery.min.js
06.Feb 2024 14:36:59 [INFO]   [Dep Found] typeit: 4.2.2 - jquery/2.2.4/jquery.min.js
06.Feb 2024 14:37:00 [INFO]   [Dep Found] typeit: 4.2.3 - jquery/2.2.4/jquery.min.js
06.Feb 2024 14:37:00 [INFO]   [Dep Found] typeit: 4.3.0 - jquery/2.2.4/jquery.min.js
06.Feb 2024 14:37:00 [INFO]   [Dep Found] typeit: 4.4.0 - jquery/2.2.4/jquery.min.js
06.Feb 2024 14:37:01 [INFO]   [Dep Found] typeit: 4.4.1 - jquery/2.2.4/jquery.min.js
06.Feb 2024 14:37:09 [WARNING]   [Dep Not Found] typeit: 6.1.3
06.Feb 2024 14:37:09 [DEBUG] Start examing 18: UAParser.js
06.Feb 2024 14:37:11 [WARNING]   [Dep Not Found] UAParser.js: 0.5.22
06.Feb 2024 14:37:11 [DEBUG] Start examing 19: underscore.js
06.Feb 2024 14:37:11 [WARNING]   [Dep Not Found] underscore.js: 0.2.0
06.Feb 2024 14:37:11 [DEBUG] Start examing 20: underscore.string
06.Feb 2024 14:37:20 [DEBUG] Start examing 21: unistore
06.Feb 2024 14:37:20 [WARNING]   [Dep Not Found] unistore: 3.1.1
06.Feb 2024 14:37:20 [DEBUG] Start examing 22: unveil
06.Feb 2024 14:37:21 [INFO]   [Dep Found] unveil: 1.0.0 - jquery/2.2.4/jquery.min.js
06.Feb 2024 14:37:21 [INFO]   [Dep Found] unveil: 1.1.0 - jquery/2.2.4/jquery.min.js
06.Feb 2024 14:37:21 [INFO]   [Dep Found] unveil: 1.2.0 - jquery/2.2.4/jquery.min.js
06.Feb 2024 14:37:21 [INFO]   [Dep Found] unveil: 1.3.0 - jquery/2.2.4/jquery.min.js
06.Feb 2024 14:37:21 [DEBUG] Start examing 23: uppy
06.Feb 2024 14:38:13 [DEBUG] Start examing 24: UpUp
06.Feb 2024 14:38:14 [DEBUG] Start examing 25: URI.js
06.Feb 2024 14:38:15 [WARNING]   [Dep Not Found] URI.js: 1.10.0
06.Feb 2024 14:38:15 [DEBUG] Start examing 26: uswds
06.Feb 2024 14:38:18 [WARNING]   [Dep Not Found] uswds: 0.13.2
06.Feb 2024 14:38:18 [DEBUG] Start examing 27: uuid
06.Feb 2024 14:38:22 [DEBUG] Start examing 28: v-charts
06.Feb 2024 14:38:24 [DEBUG] Start examing 29: vanilla-lazyload
06.Feb 2024 14:39:03 [WARNING]   [Dep Not Found] vanilla-lazyload: 7.0.0
06.Feb 2024 14:39:03 [DEBUG] Start examing 30: vanilla-tilt
06.Feb 2024 14:39:09 [DEBUG] Start examing 31: vant
06.Feb 2024 14:39:10 [WARNING]   [Dep Not Found] vant: 2.12.10
06.Feb 2024 14:39:10 [DEBUG] Start examing 32: vanta
06.Feb 2024 14:39:14 [DEBUG] Start examing 33: vConsole
06.Feb 2024 14:39:30 [DEBUG] Start examing 34: vditor
06.Feb 2024 14:39:39 [DEBUG] Start examing 35: vega
06.Feb 2024 14:39:39 [WARNING]   [Dep Not Found] vega: 1.0.0
06.Feb 2024 14:39:39 [DEBUG] Start examing 36: velocity
06.Feb 2024 14:39:40 [INFO]   [Dep Found] velocity: 0.0.0 - jquery/2.2.4/jquery.min.js
06.Feb 2024 14:39:40 [INFO]   [Dep Found] velocity: 0.0.1 - jquery/2.2.4/jquery.min.js
06.Feb 2024 14:39:40 [INFO]   [Dep Found] velocity: 0.0.10 - jquery/2.2.4/jquery.min.js
06.Feb 2024 14:39:41 [INFO]   [Dep Found] velocity: 0.0.11 - jquery/2.2.4/jquery.min.js
06.Feb 2024 14:39:41 [INFO]   [Dep Found] velocity: 0.0.12 - jquery/2.2.4/jquery.min.js
06.Feb 2024 14:39:41 [INFO]   [Dep Found] velocity: 0.0.13 - jquery/2.2.4/jquery.min.js
06.Feb 2024 14:39:42 [INFO]   [Dep Found] velocity: 0.0.14 - jquery/2.2.4/jquery.min.js
06.Feb 2024 14:39:42 [INFO]   [Dep Found] velocity: 0.0.15 - jquery/2.2.4/jquery.min.js
06.Feb 2024 14:39:42 [INFO]   [Dep Found] velocity: 0.0.16 - jquery/2.2.4/jquery.min.js
06.Feb 2024 14:39:43 [INFO]   [Dep Found] velocity: 0.0.17 - jquery/2.2.4/jquery.min.js
06.Feb 2024 14:39:43 [INFO]   [Dep Found] velocity: 0.0.18 - jquery/2.2.4/jquery.min.js
06.Feb 2024 14:39:43 [INFO]   [Dep Found] velocity: 0.0.19 - jquery/2.2.4/jquery.min.js
06.Feb 2024 14:39:44 [INFO]   [Dep Found] velocity: 0.0.20 - jquery/2.2.4/jquery.min.js
06.Feb 2024 14:39:44 [INFO]   [Dep Found] velocity: 0.0.21 - jquery/2.2.4/jquery.min.js
06.Feb 2024 14:39:45 [INFO]   [Dep Found] velocity: 0.0.22 - jquery/2.2.4/jquery.min.js
06.Feb 2024 14:39:45 [INFO]   [Dep Found] velocity: 0.0.23 - jquery/2.2.4/jquery.min.js
06.Feb 2024 14:39:46 [INFO]   [Dep Found] velocity: 0.0.3 - jquery/2.2.4/jquery.min.js
06.Feb 2024 14:39:46 [INFO]   [Dep Found] velocity: 0.0.4 - jquery/2.2.4/jquery.min.js
06.Feb 2024 14:39:47 [INFO]   [Dep Found] velocity: 0.0.5 - jquery/2.2.4/jquery.min.js
06.Feb 2024 14:39:47 [INFO]   [Dep Found] velocity: 0.0.51 - jquery/2.2.4/jquery.min.js
06.Feb 2024 14:39:47 [INFO]   [Dep Found] velocity: 0.0.52 - jquery/2.2.4/jquery.min.js
06.Feb 2024 14:39:48 [INFO]   [Dep Found] velocity: 0.0.53 - jquery/2.2.4/jquery.min.js
06.Feb 2024 14:39:48 [INFO]   [Dep Found] velocity: 0.0.54 - jquery/2.2.4/jquery.min.js
06.Feb 2024 14:39:48 [INFO]   [Dep Found] velocity: 0.0.55 - jquery/2.2.4/jquery.min.js
06.Feb 2024 14:39:49 [INFO]   [Dep Found] velocity: 0.0.9 - jquery/2.2.4/jquery.min.js
06.Feb 2024 14:39:49 [INFO]   [Dep Found] velocity: 0.1.0 - jquery/2.2.4/jquery.min.js
06.Feb 2024 14:40:01 [DEBUG] Start examing 37: vex-js
06.Feb 2024 14:40:01 [WARNING]   [Dep Not Found] vex-js: 1.0.0
06.Feb 2024 14:40:01 [DEBUG] Start examing 38: vexflow
06.Feb 2024 14:40:42 [DEBUG] Start examing 39: vibrant.js
06.Feb 2024 14:40:43 [DEBUG] Start examing 40: vide
06.Feb 2024 14:40:43 [INFO]   [Dep Found] vide: 0.1.0 - jquery/2.2.4/jquery.min.js
06.Feb 2024 14:40:43 [INFO]   [Dep Found] vide: 0.1.1 - jquery/2.2.4/jquery.min.js
06.Feb 2024 14:40:44 [INFO]   [Dep Found] vide: 0.1.2 - jquery/2.2.4/jquery.min.js
06.Feb 2024 14:40:44 [INFO]   [Dep Found] vide: 0.1.3 - jquery/2.2.4/jquery.min.js
06.Feb 2024 14:40:44 [INFO]   [Dep Found] vide: 0.1.4 - jquery/2.2.4/jquery.min.js
06.Feb 2024 14:40:44 [INFO]   [Dep Found] vide: 0.2.0 - jquery/2.2.4/jquery.min.js
06.Feb 2024 14:40:45 [INFO]   [Dep Found] vide: 0.2.1 - jquery/2.2.4/jquery.min.js
06.Feb 2024 14:40:45 [INFO]   [Dep Found] vide: 0.3.0 - jquery/2.2.4/jquery.min.js
06.Feb 2024 14:40:46 [INFO]   [Dep Found] vide: 0.3.1 - jquery/2.2.4/jquery.min.js
06.Feb 2024 14:40:46 [INFO]   [Dep Found] vide: 0.3.2 - jquery/2.2.4/jquery.min.js
06.Feb 2024 14:40:46 [INFO]   [Dep Found] vide: 0.3.3 - jquery/2.2.4/jquery.min.js
06.Feb 2024 14:40:47 [INFO]   [Dep Found] vide: 0.3.4 - jquery/2.2.4/jquery.min.js
06.Feb 2024 14:40:47 [INFO]   [Dep Found] vide: 0.3.5 - jquery/2.2.4/jquery.min.js
06.Feb 2024 14:40:47 [INFO]   [Dep Found] vide: 0.3.6 - jquery/2.2.4/jquery.min.js
06.Feb 2024 14:40:48 [INFO]   [Dep Found] vide: 0.3.7 - jquery/2.2.4/jquery.min.js
06.Feb 2024 14:40:48 [INFO]   [Dep Found] vide: 0.4.0 - jquery/2.2.4/jquery.min.js
06.Feb 2024 14:40:48 [INFO]   [Dep Found] vide: 0.4.1 - jquery/2.2.4/jquery.min.js
06.Feb 2024 14:40:49 [INFO]   [Dep Found] vide: 0.5.0 - jquery/2.2.4/jquery.min.js
06.Feb 2024 14:40:49 [INFO]   [Dep Found] vide: 0.5.1 - jquery/2.2.4/jquery.min.js
06.Feb 2024 14:40:49 [DEBUG] Start examing 41: viewerjs
06.Feb 2024 14:40:50 [WARNING]   [Dep Not Found] viewerjs: 0.10.0
06.Feb 2024 14:40:50 [DEBUG] Start examing 42: vis
06.Feb 2024 14:41:16 [DEBUG] Start examing 43: vivagraphjs
06.Feb 2024 14:41:24 [DEBUG] Start examing 44: vivus
06.Feb 2024 14:41:27 [DEBUG] Start examing 45: viz.js
06.Feb 2024 14:41:29 [WARNING]   [Dep Not Found] viz.js: 0.0.4
06.Feb 2024 14:41:29 [DEBUG] Start examing 46: vizceral
06.Feb 2024 14:42:08 [DEBUG] Start examing 47: voca
06.Feb 2024 14:42:13 [DEBUG] Start examing 48: vonic
06.Feb 2024 14:42:17 [WARNING]   [Dep Not Found] vonic: 0.5.0
06.Feb 2024 14:42:17 [DEBUG] Start examing 49: vue-chartjs
06.Feb 2024 14:42:37 [WARNING]   [Dep Not Found] vue-chartjs: 2.5.7-rc1
06.Feb 2024 14:42:37 [DEBUG] Start examing 50: vue-echarts
06.Feb 2024 14:42:39 [WARNING]   [Dep Not Found] vue-echarts: 4.0.0
06.Feb 2024 14:42:39 [DEBUG] Start examing 51: vue-lazyload
06.Feb 2024 14:42:50 [DEBUG] Start examing 52: vue-meta
06.Feb 2024 14:42:52 [WARNING]   [Dep Not Found] vue-meta: 2.1.1
06.Feb 2024 14:42:52 [DEBUG] Start examing 53: vue-multiselect
06.Feb 2024 14:42:59 [WARNING]   [Dep Not Found] vue-multiselect: 3.0.0-alpha.1
06.Feb 2024 14:42:59 [DEBUG] Start examing 54: vue-resource
06.Feb 2024 14:43:01 [WARNING]   [Dep Not Found] vue-resource: 0.1.0
06.Feb 2024 14:43:01 [DEBUG] Start examing 55: vue-router
06.Feb 2024 14:43:20 [WARNING]   [Dep Not Found] vue-router: 2.1.0
06.Feb 2024 14:43:20 [DEBUG] Start examing 56: vue-select
06.Feb 2024 14:43:57 [WARNING]   [Dep Not Found] vue-select: 4.0.0-beta.1
06.Feb 2024 14:43:57 [DEBUG] Start examing 57: vue-strap
06.Feb 2024 14:44:21 [DEBUG] Start examing 58: Vue.Draggable
06.Feb 2024 14:44:27 [WARNING]   [Dep Not Found] Vue.Draggable: 15.0.0
06.Feb 2024 14:44:27 [DEBUG] Start examing 59: vuefire
06.Feb 2024 14:44:56 [WARNING]   [Dep Not Found] vuefire: 3.0.0
06.Feb 2024 14:44:56 [DEBUG] Start examing 60: vuex-persistedstate
06.Feb 2024 14:44:58 [WARNING]   [Dep Not Found] vuex-persistedstate: 2.5.0
06.Feb 2024 14:44:58 [DEBUG] Start examing 61: vuex
06.Feb 2024 14:45:18 [WARNING]   [Dep Not Found] vuex: 3.5.1
06.Feb 2024 14:45:18 [DEBUG] Start examing 62: wade
06.Feb 2024 14:45:21 [DEBUG] Start examing 63: wangEditor
06.Feb 2024 14:45:22 [INFO]   [Dep Found] wangEditor: 1.3.12.1 - jquery/2.2.4/jquery.min.js
06.Feb 2024 14:45:22 [INFO]   [Dep Found] wangEditor: 1.3.13 - jquery/2.2.4/jquery.min.js
06.Feb 2024 14:45:23 [INFO]   [Dep Found] wangEditor: 1.3.13.1 - jquery/2.2.4/jquery.min.js
06.Feb 2024 14:45:24 [INFO]   [Dep Found] wangEditor: 1.3.13.2 - jquery/2.2.4/jquery.min.js
06.Feb 2024 14:45:25 [INFO]   [Dep Found] wangEditor: 1.4.0 - jquery/2.2.4/jquery.min.js
06.Feb 2024 14:45:26 [ERROR] Web page error.
06.Feb 2024 14:45:26 [ERROR] Web page error.
06.Feb 2024 14:45:27 [ERROR] Web page error.
06.Feb 2024 14:45:27 [ERROR] Web page error.
06.Feb 2024 14:45:27 [ERROR] Web page error.
06.Feb 2024 14:45:27 [ERROR] Web page error.
06.Feb 2024 14:45:28 [ERROR] Web page error.
06.Feb 2024 14:45:28 [ERROR] Web page error.
06.Feb 2024 14:45:28 [ERROR] Web page error.
06.Feb 2024 14:45:28 [ERROR] Web page error.
06.Feb 2024 14:45:29 [ERROR] Web page error.
06.Feb 2024 14:45:29 [ERROR] Web page error.
06.Feb 2024 14:45:29 [ERROR] Web page error.
06.Feb 2024 14:45:29 [ERROR] Web page error.
06.Feb 2024 14:45:30 [ERROR] Web page error.
06.Feb 2024 14:45:30 [ERROR] Web page error.
06.Feb 2024 14:45:31 [ERROR] Web page error.
06.Feb 2024 14:45:31 [ERROR] Web page error.
06.Feb 2024 14:45:31 [ERROR] Web page error.
06.Feb 2024 14:45:32 [ERROR] Web page error.
06.Feb 2024 14:45:32 [ERROR] Web page error.
06.Feb 2024 14:45:32 [ERROR] Web page error.
06.Feb 2024 14:45:32 [ERROR] Web page error.
06.Feb 2024 14:45:33 [ERROR] Web page error.
06.Feb 2024 14:45:33 [ERROR] Web page error.
06.Feb 2024 14:45:33 [ERROR] Web page error.
06.Feb 2024 14:45:34 [ERROR] Web page error.
06.Feb 2024 14:45:34 [ERROR] Web page error.
06.Feb 2024 14:45:34 [ERROR] Web page error.
06.Feb 2024 14:45:34 [ERROR] Web page error.
06.Feb 2024 14:45:35 [ERROR] Web page error.
06.Feb 2024 14:45:35 [ERROR] Web page error.
06.Feb 2024 14:45:35 [ERROR] Web page error.
06.Feb 2024 14:45:35 [ERROR] Web page error.
06.Feb 2024 14:45:36 [ERROR] Web page error.
06.Feb 2024 14:45:36 [ERROR] Web page error.
06.Feb 2024 14:45:36 [ERROR] Web page error.
06.Feb 2024 14:45:36 [ERROR] Web page error.
06.Feb 2024 14:45:37 [ERROR] Web page error.
06.Feb 2024 14:45:37 [ERROR] Web page error.
06.Feb 2024 14:45:37 [ERROR] Web page error.
06.Feb 2024 14:45:38 [ERROR] Web page error.
06.Feb 2024 14:45:38 [ERROR] Web page error.
06.Feb 2024 14:45:38 [ERROR] Web page error.
06.Feb 2024 14:45:38 [ERROR] Web page error.
06.Feb 2024 14:45:39 [ERROR] Web page error.
06.Feb 2024 14:45:39 [ERROR] Web page error.
06.Feb 2024 14:45:39 [ERROR] Web page error.
06.Feb 2024 14:45:40 [ERROR] Web page error.
06.Feb 2024 14:45:40 [ERROR] Web page error.
06.Feb 2024 14:45:47 [DEBUG] Start examing 64: wangeditor5
06.Feb 2024 14:45:55 [DEBUG] Start examing 65: waypoints
06.Feb 2024 14:45:56 [INFO]   [Dep Found] waypoints: 1.0 - jquery/2.2.4/jquery.min.js
06.Feb 2024 14:45:56 [INFO]   [Dep Found] waypoints: 1.0.1 - jquery/2.2.4/jquery.min.js
06.Feb 2024 14:45:56 [INFO]   [Dep Found] waypoints: 1.0.2 - jquery/2.2.4/jquery.min.js
06.Feb 2024 14:45:57 [INFO]   [Dep Found] waypoints: 1.1 - jquery/2.2.4/jquery.min.js
06.Feb 2024 14:45:57 [INFO]   [Dep Found] waypoints: 1.1.1 - jquery/2.2.4/jquery.min.js
06.Feb 2024 14:45:57 [INFO]   [Dep Found] waypoints: 1.1.2 - jquery/2.2.4/jquery.min.js
06.Feb 2024 14:45:58 [INFO]   [Dep Found] waypoints: 1.1.3 - jquery/2.2.4/jquery.min.js
06.Feb 2024 14:45:58 [INFO]   [Dep Found] waypoints: 1.1.4 - jquery/2.2.4/jquery.min.js
06.Feb 2024 14:45:58 [INFO]   [Dep Found] waypoints: 1.1.5 - jquery/2.2.4/jquery.min.js
06.Feb 2024 14:45:58 [INFO]   [Dep Found] waypoints: 1.1.6 - jquery/2.2.4/jquery.min.js
06.Feb 2024 14:45:59 [INFO]   [Dep Found] waypoints: 1.1.7 - jquery/2.2.4/jquery.min.js
06.Feb 2024 14:45:59 [INFO]   [Dep Found] waypoints: 2.0.0 - jquery/2.2.4/jquery.min.js
06.Feb 2024 14:45:59 [INFO]   [Dep Found] waypoints: 2.0.1 - jquery/2.2.4/jquery.min.js
06.Feb 2024 14:46:00 [INFO]   [Dep Found] waypoints: 2.0.2 - jquery/2.2.4/jquery.min.js
06.Feb 2024 14:46:00 [INFO]   [Dep Found] waypoints: 2.0.3 - jquery/2.2.4/jquery.min.js
06.Feb 2024 14:46:00 [INFO]   [Dep Found] waypoints: 2.0.4 - jquery/2.2.4/jquery.min.js
06.Feb 2024 14:46:01 [INFO]   [Dep Found] waypoints: 2.0.5 - jquery/2.2.4/jquery.min.js
06.Feb 2024 14:46:01 [WARNING]   [Dep Not Found] waypoints: 3.0.0
06.Feb 2024 14:46:01 [DEBUG] Start examing 66: weather-icons
06.Feb 2024 14:46:02 [DEBUG] Start examing 67: web-animations
06.Feb 2024 14:46:09 [DEBUG] Start examing 68: web-starter-kit
06.Feb 2024 14:46:10 [WARNING]   [Dep Not Found] web-starter-kit: 0.1.0-beta
06.Feb 2024 14:46:10 [DEBUG] Start examing 69: webcomponentsjs
06.Feb 2024 14:46:21 [ERROR] Web page error.
06.Feb 2024 14:46:31 [ERROR] Web page error.
06.Feb 2024 14:46:42 [ERROR] Web page error.
06.Feb 2024 14:46:53 [ERROR] Web page error.
06.Feb 2024 14:47:04 [ERROR] Web page error.
06.Feb 2024 14:47:15 [ERROR] Web page error.
06.Feb 2024 14:47:25 [ERROR] Web page error.
06.Feb 2024 14:47:36 [ERROR] Web page error.
06.Feb 2024 14:47:47 [ERROR] Web page error.
06.Feb 2024 14:47:58 [ERROR] Web page error.
06.Feb 2024 14:48:09 [ERROR] Web page error.
06.Feb 2024 14:48:20 [ERROR] Web page error.
06.Feb 2024 14:48:31 [ERROR] Web page error.
06.Feb 2024 14:48:42 [ERROR] Web page error.
06.Feb 2024 14:48:53 [ERROR] Web page error.
06.Feb 2024 14:49:04 [ERROR] Web page error.
06.Feb 2024 14:49:15 [ERROR] Web page error.
06.Feb 2024 14:49:26 [ERROR] Web page error.
06.Feb 2024 14:49:37 [ERROR] Web page error.
06.Feb 2024 14:49:47 [ERROR] Web page error.
06.Feb 2024 14:49:58 [ERROR] Web page error.
06.Feb 2024 14:50:09 [ERROR] Web page error.
06.Feb 2024 14:50:20 [ERROR] Web page error.
06.Feb 2024 14:50:31 [ERROR] Web page error.
06.Feb 2024 14:50:42 [ERROR] Web page error.
06.Feb 2024 14:50:53 [ERROR] Web page error.
06.Feb 2024 14:51:04 [ERROR] Web page error.
06.Feb 2024 14:51:15 [ERROR] Web page error.
06.Feb 2024 14:51:26 [ERROR] Web page error.
06.Feb 2024 14:51:37 [ERROR] Web page error.
06.Feb 2024 14:51:48 [ERROR] Web page error.
06.Feb 2024 14:51:59 [ERROR] Web page error.
06.Feb 2024 14:52:10 [ERROR] Web page error.
06.Feb 2024 14:52:21 [ERROR] Web page error.
06.Feb 2024 14:52:31 [ERROR] Web page error.
06.Feb 2024 14:52:42 [ERROR] Web page error.
06.Feb 2024 14:52:54 [ERROR] Web page error.
06.Feb 2024 14:53:05 [ERROR] Web page error.
06.Feb 2024 14:53:16 [ERROR] Web page error.
06.Feb 2024 14:53:18 [WARNING]   [Dep Not Found] webcomponentsjs: 1.0.0-rc.1
06.Feb 2024 14:53:18 [DEBUG] Start examing 70: webfont
06.Feb 2024 14:53:46 [DEBUG] Start examing 71: weui
06.Feb 2024 14:54:02 [DEBUG] Start examing 72: when
06.Feb 2024 14:54:25 [WARNING]   [Dep Not Found] when: 2.0.0
06.Feb 2024 14:54:25 [DEBUG] Start examing 73: whitestorm.js
06.Feb 2024 14:54:27 [WARNING]   [Dep Not Found] whitestorm.js: 0.0.4
06.Feb 2024 14:54:27 [DEBUG] Start examing 74: winjs
06.Feb 2024 14:54:31 [WARNING]   [Dep Not Found] winjs: 4.0.0
06.Feb 2024 14:54:31 [DEBUG] Start examing 75: wired-elements
06.Feb 2024 14:54:32 [WARNING]   [Dep Not Found] wired-elements: 2.0.0
06.Feb 2024 14:54:32 [DEBUG] Start examing 76: workbox-sw
06.Feb 2024 14:54:59 [DEBUG] Start examing 77: wow
06.Feb 2024 14:55:12 [DEBUG] Start examing 78: wretch
06.Feb 2024 14:55:41 [DEBUG] Start examing 79: wysihtml
06.Feb 2024 14:56:10 [WARNING]   [Dep Not Found] wysihtml: 0.6.0-beta
06.Feb 2024 14:56:10 [DEBUG] Start examing 80: wysihtml5
06.Feb 2024 14:56:11 [DEBUG] Start examing 81: x-editable
06.Feb 2024 14:56:12 [INFO]   [Dep Found] x-editable: 1.0.0 - jquery/2.2.4/jquery.min.js
06.Feb 2024 14:56:13 [INFO]   [Dep Found] x-editable: 1.0.1 - jquery/2.2.4/jquery.min.js
06.Feb 2024 14:56:15 [INFO]   [Dep Found] x-editable: 1.1.1 - jquery/2.2.4/jquery.min.js
06.Feb 2024 14:56:16 [INFO]   [Dep Found] x-editable: 1.2.0 - jquery/2.2.4/jquery.min.js
06.Feb 2024 14:56:17 [INFO]   [Dep Found] x-editable: 1.3.0 - jquery/2.2.4/jquery.min.js
06.Feb 2024 14:56:18 [INFO]   [Dep Found] x-editable: 1.4.0 - jquery/2.2.4/jquery.min.js
06.Feb 2024 14:56:19 [INFO]   [Dep Found] x-editable: 1.4.1 - jquery/2.2.4/jquery.min.js
06.Feb 2024 14:56:20 [INFO]   [Dep Found] x-editable: 1.4.2 - jquery/2.2.4/jquery.min.js
06.Feb 2024 14:56:21 [INFO]   [Dep Found] x-editable: 1.4.3 - jquery/2.2.4/jquery.min.js
06.Feb 2024 14:56:22 [INFO]   [Dep Found] x-editable: 1.4.4 - jquery/2.2.4/jquery.min.js
06.Feb 2024 14:56:23 [INFO]   [Dep Found] x-editable: 1.4.5 - jquery/2.2.4/jquery.min.js
06.Feb 2024 14:56:24 [INFO]   [Dep Found] x-editable: 1.4.6 - jquery/2.2.4/jquery.min.js
06.Feb 2024 14:56:25 [INFO]   [Dep Found] x-editable: 1.5.0 - jquery/2.2.4/jquery.min.js
06.Feb 2024 14:56:26 [INFO]   [Dep Found] x-editable: 1.5.1 - jquery/2.2.4/jquery.min.js
06.Feb 2024 14:56:26 [DEBUG] Start examing 82: xdomain
06.Feb 2024 14:56:36 [DEBUG] Start examing 83: xls
06.Feb 2024 14:56:53 [DEBUG] Start examing 84: xlsx
06.Feb 2024 14:58:23 [DEBUG] Start examing 85: xregexp
06.Feb 2024 14:58:33 [DEBUG] Start examing 86: yui
06.Feb 2024 14:58:36 [WARNING]   [Dep Not Found] yui: 2.7.0
06.Feb 2024 14:58:36 [DEBUG] Start examing 87: zepto
06.Feb 2024 14:58:48 [DEBUG] Start examing 88: zeroclipboard
06.Feb 2024 14:59:14 [DEBUG] Start examing 89: zone.js
06.Feb 2024 14:59:17 [WARNING]   [Dep Not Found] zone.js: 0.1.0
06.Feb 2024 14:59:17 [DEBUG] Start examing 90: zoom.js
06.Feb 2024 14:59:18 [INFO]   [Dep Found] zoom.js: 0.0.1 - jquery/2.2.4/jquery.min.js
06.Feb 2024 14:59:18 [DEBUG] Start examing 91: zrender
06.Feb 2024 14:59:20 [WARNING]   [Dep Not Found] zrender: 1.0.0
06.Feb 2024 14:59:20 [DEBUG] Start examing 92: zTree.v3
06.Feb 2024 14:59:21 [INFO]   [Dep Found] zTree.v3: 3.5.01 - jquery/2.2.4/jquery.min.js
06.Feb 2024 14:59:23 [INFO]   [Dep Found] zTree.v3: 3.5.02 - jquery/2.2.4/jquery.min.js
06.Feb 2024 14:59:24 [INFO]   [Dep Found] zTree.v3: 3.5.11 - jquery/2.2.4/jquery.min.js
06.Feb 2024 14:59:25 [INFO]   [Dep Found] zTree.v3: 3.5.12 - jquery/2.2.4/jquery.min.js
06.Feb 2024 14:59:26 [INFO]   [Dep Found] zTree.v3: 3.5.12-beta.1 - jquery/2.2.4/jquery.min.js
06.Feb 2024 14:59:27 [INFO]   [Dep Found] zTree.v3: 3.5.12-beta.2 - jquery/2.2.4/jquery.min.js
06.Feb 2024 14:59:28 [INFO]   [Dep Found] zTree.v3: 3.5.12-beta.3 - jquery/2.2.4/jquery.min.js
06.Feb 2024 14:59:29 [INFO]   [Dep Found] zTree.v3: 3.5.13 - jquery/2.2.4/jquery.min.js
06.Feb 2024 14:59:31 [INFO]   [Dep Found] zTree.v3: 3.5.13-beta.1 - jquery/2.2.4/jquery.min.js
06.Feb 2024 14:59:32 [INFO]   [Dep Found] zTree.v3: 3.5.13-beta.2 - jquery/2.2.4/jquery.min.js
06.Feb 2024 14:59:33 [INFO]   [Dep Found] zTree.v3: 3.5.13-beta.3 - jquery/2.2.4/jquery.min.js
06.Feb 2024 14:59:34 [INFO]   [Dep Found] zTree.v3: 3.5.13-beta.4 - jquery/2.2.4/jquery.min.js
06.Feb 2024 14:59:35 [INFO]   [Dep Found] zTree.v3: 3.5.13-beta.5 - jquery/2.2.4/jquery.min.js
06.Feb 2024 14:59:36 [INFO]   [Dep Found] zTree.v3: 3.5.13-beta.6 - jquery/2.2.4/jquery.min.js
06.Feb 2024 14:59:37 [INFO]   [Dep Found] zTree.v3: 3.5.13-beta.7 - jquery/2.2.4/jquery.min.js
06.Feb 2024 14:59:38 [INFO]   [Dep Found] zTree.v3: 3.5.13-beta.8 - jquery/2.2.4/jquery.min.js
06.Feb 2024 14:59:40 [INFO]   [Dep Found] zTree.v3: 3.5.13-beta.9 - jquery/2.2.4/jquery.min.js
06.Feb 2024 14:59:41 [INFO]   [Dep Found] zTree.v3: 3.5.14 - jquery/2.2.4/jquery.min.js
06.Feb 2024 14:59:42 [INFO]   [Dep Found] zTree.v3: 3.5.14-beta.1 - jquery/2.2.4/jquery.min.js
06.Feb 2024 14:59:43 [INFO]   [Dep Found] zTree.v3: 3.5.14-beta.2 - jquery/2.2.4/jquery.min.js
06.Feb 2024 14:59:44 [INFO]   [Dep Found] zTree.v3: 3.5.15 - jquery/2.2.4/jquery.min.js
06.Feb 2024 14:59:45 [INFO]   [Dep Found] zTree.v3: 3.5.15-beta.1 - jquery/2.2.4/jquery.min.js
06.Feb 2024 14:59:47 [INFO]   [Dep Found] zTree.v3: 3.5.15-beta.2 - jquery/2.2.4/jquery.min.js
06.Feb 2024 14:59:48 [INFO]   [Dep Found] zTree.v3: 3.5.15-beta.3 - jquery/2.2.4/jquery.min.js
06.Feb 2024 14:59:49 [INFO]   [Dep Found] zTree.v3: 3.5.16 - jquery/2.2.4/jquery.min.js
06.Feb 2024 14:59:50 [INFO]   [Dep Found] zTree.v3: 3.5.16-beta.1 - jquery/2.2.4/jquery.min.js
06.Feb 2024 14:59:51 [INFO]   [Dep Found] zTree.v3: 3.5.16-beta.2 - jquery/2.2.4/jquery.min.js
06.Feb 2024 14:59:52 [INFO]   [Dep Found] zTree.v3: 3.5.16-beta.3 - jquery/2.2.4/jquery.min.js
06.Feb 2024 14:59:53 [INFO]   [Dep Found] zTree.v3: 3.5.16-beta.4 - jquery/2.2.4/jquery.min.js
06.Feb 2024 14:59:54 [INFO]   [Dep Found] zTree.v3: 3.5.16-beta.5 - jquery/2.2.4/jquery.min.js
06.Feb 2024 14:59:56 [INFO]   [Dep Found] zTree.v3: 3.5.16-beta.7 - jquery/2.2.4/jquery.min.js
06.Feb 2024 14:59:57 [INFO]   [Dep Found] zTree.v3: 3.5.16-beta.8 - jquery/2.2.4/jquery.min.js
06.Feb 2024 14:59:58 [INFO]   [Dep Found] zTree.v3: 3.5.17 - jquery/2.2.4/jquery.min.js
06.Feb 2024 15:00:00 [INFO]   [Dep Found] zTree.v3: 3.5.17-beta.1 - jquery/2.2.4/jquery.min.js
06.Feb 2024 15:00:01 [INFO]   [Dep Found] zTree.v3: 3.5.17-beta.2 - jquery/2.2.4/jquery.min.js
06.Feb 2024 15:00:02 [INFO]   [Dep Found] zTree.v3: 3.5.18 - jquery/2.2.4/jquery.min.js
06.Feb 2024 15:00:03 [INFO]   [Dep Found] zTree.v3: 3.5.21 - jquery/2.2.4/jquery.min.js
06.Feb 2024 15:00:05 [INFO]   [Dep Found] zTree.v3: 3.5.22 - jquery/2.2.4/jquery.min.js
06.Feb 2024 15:00:06 [INFO]   [Dep Found] zTree.v3: 3.5.23 - jquery/2.2.4/jquery.min.js
06.Feb 2024 15:00:07 [INFO]   [Dep Found] zTree.v3: 3.5.24 - jquery/2.2.4/jquery.min.js
06.Feb 2024 15:00:08 [INFO]   [Dep Found] zTree.v3: 3.5.25 - jquery/2.2.4/jquery.min.js
06.Feb 2024 15:00:09 [INFO]   [Dep Found] zTree.v3: 3.5.26 - jquery/2.2.4/jquery.min.js
06.Feb 2024 15:00:11 [INFO]   [Dep Found] zTree.v3: 3.5.27 - jquery/2.2.4/jquery.min.js
06.Feb 2024 15:00:12 [INFO]   [Dep Found] zTree.v3: 3.5.28 - jquery/2.2.4/jquery.min.js
06.Feb 2024 15:00:12 [INFO]   [Dep Found] zTree.v3: 3.5.29 - jquery/2.2.4/jquery.min.js
06.Feb 2024 15:00:13 [INFO]   [Dep Found] zTree.v3: 3.5.30 - jquery/2.2.4/jquery.min.js
06.Feb 2024 15:00:14 [INFO]   [Dep Found] zTree.v3: 3.5.31 - jquery/2.2.4/jquery.min.js
06.Feb 2024 15:00:16 [INFO]   [Dep Found] zTree.v3: 3.5.32 - jquery/2.2.4/jquery.min.js
06.Feb 2024 15:00:17 [INFO]   [Dep Found] zTree.v3: 3.5.33 - jquery/2.2.4/jquery.min.js
06.Feb 2024 15:00:18 [INFO]   [Dep Found] zTree.v3: 3.5.34 - jquery/2.2.4/jquery.min.js
06.Feb 2024 15:00:19 [INFO]   [Dep Found] zTree.v3: 3.5.35 - jquery/2.2.4/jquery.min.js
06.Feb 2024 15:00:20 [INFO]   [Dep Found] zTree.v3: 3.5.36 - jquery/2.2.4/jquery.min.js
06.Feb 2024 15:00:21 [INFO]   [Dep Found] zTree.v3: 3.5.37 - jquery/2.2.4/jquery.min.js
06.Feb 2024 15:00:22 [INFO]   [Dep Found] zTree.v3: 3.5.38 - jquery/2.2.4/jquery.min.js
06.Feb 2024 15:00:24 [INFO]   [Dep Found] zTree.v3: 3.5.39 - jquery/2.2.4/jquery.min.js
06.Feb 2024 15:00:25 [INFO]   [Dep Found] zTree.v3: 3.5.40 - jquery/2.2.4/jquery.min.js
06.Feb 2024 15:00:26 [INFO]   [Dep Found] zTree.v3: 3.5.41 - jquery/2.2.4/jquery.min.js
06.Feb 2024 15:00:27 [INFO]   [Dep Found] zTree.v3: 3.5.42 - jquery/2.2.4/jquery.min.js
06.Feb 2024 15:00:27 [DEBUG] Start examing 93: zuck.js
06.Feb 2024 15:00:40 [DEBUG] Start examing 94: zurb-ink
06.Feb 2024 15:00:44 [DEBUG] Start examing 95: zxcvbn
