05.Feb 2024 10:46:47 [DEBUG] Start examing 0: AniJS
05.Feb 2024 10:46:51 [DEBUG] Start examing 1: Blotter
05.Feb 2024 10:46:51 [DEBUG] Start examing 2: BrowserFS
05.Feb 2024 10:47:00 [DEBUG] Start examing 3: Buttons
05.Feb 2024 10:47:00 [INFO]   [Dep Found] Buttons: 1.0 - jquery/2.2.4/jquery.min.js
05.Feb 2024 10:47:00 [INFO]   [Dep Found] Buttons: 1.1.1 - jquery/2.2.4/jquery.min.js
05.Feb 2024 10:47:01 [INFO]   [Dep Found] Buttons: 2.0.0 - jquery/2.2.4/jquery.min.js
05.Feb 2024 10:47:01 [DEBUG] Start examing 4: Chart.js
05.Feb 2024 10:47:19 [WARNING]   [Dep Not Found] Chart.js: 4.0.0-alpha.2
05.Feb 2024 10:47:20 [WARNING]   [Dep Not Found] Chart.js: 4.0.0-alpha.3
05.Feb 2024 10:47:20 [WARNING]   [Dep Not Found] Chart.js: 4.0.0-release
05.Feb 2024 10:47:21 [WARNING]   [Dep Not Found] Chart.js: 4.0.1
05.Feb 2024 10:47:21 [WARNING]   [Dep Not Found] Chart.js: 4.1.0
05.Feb 2024 10:47:21 [WARNING]   [Dep Not Found] Chart.js: 4.1.1
05.Feb 2024 10:47:22 [WARNING]   [Dep Not Found] Chart.js: 4.1.2
05.Feb 2024 10:47:22 [WARNING]   [Dep Not Found] Chart.js: 4.2.0
05.Feb 2024 10:47:22 [WARNING]   [Dep Not Found] Chart.js: 4.2.1
05.Feb 2024 10:47:23 [WARNING]   [Dep Not Found] Chart.js: 4.3.0
05.Feb 2024 10:47:23 [WARNING]   [Dep Not Found] Chart.js: 4.3.1
05.Feb 2024 10:47:23 [WARNING]   [Dep Not Found] Chart.js: 4.3.2
05.Feb 2024 10:47:24 [WARNING]   [Dep Not Found] Chart.js: 4.3.3
05.Feb 2024 10:47:24 [WARNING]   [Dep Not Found] Chart.js: 4.4.0
05.Feb 2024 10:47:24 [WARNING]   [Dep Not Found] Chart.js: 4.4.1
05.Feb 2024 10:47:24 [DEBUG] Start examing 5: ContentTools
05.Feb 2024 10:47:35 [DEBUG] Start examing 6: Director
05.Feb 2024 10:47:37 [DEBUG] Start examing 7: EaselJS
05.Feb 2024 10:47:38 [DEBUG] Start examing 8: EventEmitter
05.Feb 2024 10:47:45 [DEBUG] Start examing 9: FileSaver.js
05.Feb 2024 10:47:48 [WARNING]   [Dep Not Found] FileSaver.js: 2.0.0-rc.3
05.Feb 2024 10:47:49 [DEBUG] Start examing 10: FitText.js
05.Feb 2024 10:47:49 [INFO]   [Dep Found] FitText.js: 1.1 - jquery/2.2.4/jquery.min.js
05.Feb 2024 10:47:49 [INFO]   [Dep Found] FitText.js: 1.2.0 - jquery/2.2.4/jquery.min.js
05.Feb 2024 10:47:49 [DEBUG] Start examing 11: FlexSearch
05.Feb 2024 10:47:52 [DEBUG] Start examing 12: Flowtype.js
05.Feb 2024 10:47:53 [INFO]   [Dep Found] Flowtype.js: 1.1.0 - jquery/2.2.4/jquery.min.js
05.Feb 2024 10:47:53 [DEBUG] Start examing 13: FrozenUI
05.Feb 2024 10:47:53 [WARNING]   [Dep Not Found] FrozenUI: 1.3.0
05.Feb 2024 10:47:53 [DEBUG] Start examing 14: Glide.js
05.Feb 2024 10:47:53 [INFO]   [Dep Found] Glide.js: 1.0.6 - jquery/2.2.4/jquery.min.js
05.Feb 2024 10:47:54 [INFO]   [Dep Found] Glide.js: 1.0.7 - jquery/2.2.4/jquery.min.js
05.Feb 2024 10:47:54 [INFO]   [Dep Found] Glide.js: 2.0.0 - jquery/2.2.4/jquery.min.js
05.Feb 2024 10:47:54 [INFO]   [Dep Found] Glide.js: 2.0.1 - jquery/2.2.4/jquery.min.js
05.Feb 2024 10:47:54 [INFO]   [Dep Found] Glide.js: 2.0.2 - jquery/2.2.4/jquery.min.js
05.Feb 2024 10:47:55 [INFO]   [Dep Found] Glide.js: 2.0.3 - jquery/2.2.4/jquery.min.js
05.Feb 2024 10:47:55 [INFO]   [Dep Found] Glide.js: 2.0.4 - jquery/2.2.4/jquery.min.js
05.Feb 2024 10:47:55 [INFO]   [Dep Found] Glide.js: 2.0.5 - jquery/2.2.4/jquery.min.js
05.Feb 2024 10:47:55 [INFO]   [Dep Found] Glide.js: 2.0.6 - jquery/2.2.4/jquery.min.js
05.Feb 2024 10:47:56 [INFO]   [Dep Found] Glide.js: 2.0.7 - jquery/2.2.4/jquery.min.js
05.Feb 2024 10:47:56 [INFO]   [Dep Found] Glide.js: 2.0.8 - jquery/2.2.4/jquery.min.js
05.Feb 2024 10:47:56 [INFO]   [Dep Found] Glide.js: 2.0.9 - jquery/2.2.4/jquery.min.js
05.Feb 2024 10:47:56 [INFO]   [Dep Found] Glide.js: 2.1.0 - jquery/2.2.4/jquery.min.js
05.Feb 2024 10:48:00 [DEBUG] Start examing 15: Halfmoon
05.Feb 2024 10:48:02 [DEBUG] Start examing 16: IBM-type
05.Feb 2024 10:48:02 [DEBUG] Start examing 17: Iosevka
05.Feb 2024 10:48:03 [DEBUG] Start examing 18: KaTeX
05.Feb 2024 10:48:21 [DEBUG] Start examing 19: Ladda
05.Feb 2024 10:48:27 [DEBUG] Start examing 20: Mock.js
05.Feb 2024 10:48:30 [DEBUG] Start examing 21: Nestable
05.Feb 2024 10:48:31 [INFO]   [Dep Found] Nestable: 2012-06-27 - jquery/2.2.4/jquery.min.js
05.Feb 2024 10:48:31 [INFO]   [Dep Found] Nestable: 2012-10-15 - jquery/2.2.4/jquery.min.js
05.Feb 2024 10:48:31 [DEBUG] Start examing 22: OwlCarousel2
05.Feb 2024 10:48:31 [INFO]   [Dep Found] OwlCarousel2: 2.0.0-beta.2.4 - jquery/2.2.4/jquery.min.js
05.Feb 2024 10:48:31 [INFO]   [Dep Found] OwlCarousel2: 2.0.0-beta.3 - jquery/2.2.4/jquery.min.js
05.Feb 2024 10:48:31 [INFO]   [Dep Found] OwlCarousel2: 2.1.0 - jquery/2.2.4/jquery.min.js
05.Feb 2024 10:48:31 [INFO]   [Dep Found] OwlCarousel2: 2.1.1 - jquery/2.2.4/jquery.min.js
05.Feb 2024 10:48:32 [INFO]   [Dep Found] OwlCarousel2: 2.1.2 - jquery/2.2.4/jquery.min.js
05.Feb 2024 10:48:32 [INFO]   [Dep Found] OwlCarousel2: 2.1.3 - jquery/2.2.4/jquery.min.js
05.Feb 2024 10:48:32 [INFO]   [Dep Found] OwlCarousel2: 2.1.4 - jquery/2.2.4/jquery.min.js
05.Feb 2024 10:48:32 [INFO]   [Dep Found] OwlCarousel2: 2.1.5 - jquery/2.2.4/jquery.min.js
05.Feb 2024 10:48:32 [INFO]   [Dep Found] OwlCarousel2: 2.1.6 - jquery/2.2.4/jquery.min.js
05.Feb 2024 10:48:33 [INFO]   [Dep Found] OwlCarousel2: 2.2.0 - jquery/2.2.4/jquery.min.js
05.Feb 2024 10:48:33 [INFO]   [Dep Found] OwlCarousel2: 2.2.1 - jquery/2.2.4/jquery.min.js
05.Feb 2024 10:48:33 [INFO]   [Dep Found] OwlCarousel2: 2.3.1 - jquery/2.2.4/jquery.min.js
05.Feb 2024 10:48:33 [INFO]   [Dep Found] OwlCarousel2: 2.3.2 - jquery/2.2.4/jquery.min.js
05.Feb 2024 10:48:33 [INFO]   [Dep Found] OwlCarousel2: 2.3.3 - jquery/2.2.4/jquery.min.js
05.Feb 2024 10:48:33 [INFO]   [Dep Found] OwlCarousel2: 2.3.4 - jquery/2.2.4/jquery.min.js
05.Feb 2024 10:48:33 [DEBUG] Start examing 23: PapaParse
05.Feb 2024 10:48:34 [WARNING]   [Dep Not Found] PapaParse: 3.0.0
05.Feb 2024 10:48:34 [WARNING]   [Dep Not Found] PapaParse: 3.0.1
05.Feb 2024 10:48:35 [WARNING]   [Dep Not Found] PapaParse: 3.1.0
05.Feb 2024 10:48:35 [WARNING]   [Dep Not Found] PapaParse: 3.1.1
05.Feb 2024 10:48:36 [WARNING]   [Dep Not Found] PapaParse: 3.1.2
05.Feb 2024 10:48:36 [WARNING]   [Dep Not Found] PapaParse: 3.1.3
05.Feb 2024 10:48:37 [WARNING]   [Dep Not Found] PapaParse: 3.1.4
05.Feb 2024 10:48:37 [WARNING]   [Dep Not Found] PapaParse: 4.0.0
05.Feb 2024 10:48:38 [WARNING]   [Dep Not Found] PapaParse: 4.0.1
05.Feb 2024 10:48:38 [WARNING]   [Dep Not Found] PapaParse: 4.0.2
05.Feb 2024 10:48:39 [WARNING]   [Dep Not Found] PapaParse: 4.0.3
05.Feb 2024 10:48:39 [WARNING]   [Dep Not Found] PapaParse: 4.0.4
05.Feb 2024 10:48:40 [WARNING]   [Dep Not Found] PapaParse: 4.0.5
05.Feb 2024 10:48:40 [WARNING]   [Dep Not Found] PapaParse: 4.0.6
05.Feb 2024 10:48:41 [WARNING]   [Dep Not Found] PapaParse: 4.0.7
05.Feb 2024 10:48:47 [DEBUG] Start examing 24: PhysicsJS
05.Feb 2024 10:48:48 [DEBUG] Start examing 25: PreloadJS
05.Feb 2024 10:48:50 [DEBUG] Start examing 26: RecordRTC
05.Feb 2024 10:48:59 [WARNING]   [Dep Not Found] RecordRTC: 5.2.3
05.Feb 2024 10:49:07 [DEBUG] Start examing 27: ResponsiveSlides.js
05.Feb 2024 10:49:07 [INFO]   [Dep Found] ResponsiveSlides.js: 1.2 - jquery/2.2.4/jquery.min.js
05.Feb 2024 10:49:08 [INFO]   [Dep Found] ResponsiveSlides.js: 1.21 - jquery/2.2.4/jquery.min.js
05.Feb 2024 10:49:08 [INFO]   [Dep Found] ResponsiveSlides.js: 1.22 - jquery/2.2.4/jquery.min.js
05.Feb 2024 10:49:08 [INFO]   [Dep Found] ResponsiveSlides.js: 1.23 - jquery/2.2.4/jquery.min.js
05.Feb 2024 10:49:08 [INFO]   [Dep Found] ResponsiveSlides.js: 1.24 - jquery/2.2.4/jquery.min.js
05.Feb 2024 10:49:09 [INFO]   [Dep Found] ResponsiveSlides.js: 1.25 - jquery/2.2.4/jquery.min.js
05.Feb 2024 10:49:09 [INFO]   [Dep Found] ResponsiveSlides.js: 1.3 - jquery/2.2.4/jquery.min.js
05.Feb 2024 10:49:09 [INFO]   [Dep Found] ResponsiveSlides.js: 1.31 - jquery/2.2.4/jquery.min.js
05.Feb 2024 10:49:09 [INFO]   [Dep Found] ResponsiveSlides.js: 1.32 - jquery/2.2.4/jquery.min.js
05.Feb 2024 10:49:10 [INFO]   [Dep Found] ResponsiveSlides.js: 1.50 - jquery/2.2.4/jquery.min.js
05.Feb 2024 10:49:10 [INFO]   [Dep Found] ResponsiveSlides.js: 1.51 - jquery/2.2.4/jquery.min.js
05.Feb 2024 10:49:10 [INFO]   [Dep Found] ResponsiveSlides.js: 1.52 - jquery/2.2.4/jquery.min.js
05.Feb 2024 10:49:10 [INFO]   [Dep Found] ResponsiveSlides.js: 1.53 - jquery/2.2.4/jquery.min.js
05.Feb 2024 10:49:11 [INFO]   [Dep Found] ResponsiveSlides.js: 1.54 - jquery/2.2.4/jquery.min.js
05.Feb 2024 10:49:11 [INFO]   [Dep Found] ResponsiveSlides.js: 1.55 - jquery/2.2.4/jquery.min.js
05.Feb 2024 10:49:11 [DEBUG] Start examing 28: ScrollMagic
05.Feb 2024 10:49:11 [WARNING]   [Dep Not Found] ScrollMagic: 1.3.0
05.Feb 2024 10:49:12 [DEBUG] Start examing 29: ScrollTrigger
05.Feb 2024 10:49:18 [DEBUG] Start examing 30: Sly
05.Feb 2024 10:49:18 [INFO]   [Dep Found] Sly: 1.0.0 - jquery/2.2.4/jquery.min.js
05.Feb 2024 10:49:18 [INFO]   [Dep Found] Sly: 1.0.1 - jquery/2.2.4/jquery.min.js
05.Feb 2024 10:49:18 [INFO]   [Dep Found] Sly: 1.0.2 - jquery/2.2.4/jquery.min.js
05.Feb 2024 10:49:19 [INFO]   [Dep Found] Sly: 1.1.0 - jquery/2.2.4/jquery.min.js
05.Feb 2024 10:49:19 [INFO]   [Dep Found] Sly: 1.2.0 - jquery/2.2.4/jquery.min.js
05.Feb 2024 10:49:19 [INFO]   [Dep Found] Sly: 1.2.1 - jquery/2.2.4/jquery.min.js
05.Feb 2024 10:49:19 [INFO]   [Dep Found] Sly: 1.2.2 - jquery/2.2.4/jquery.min.js
05.Feb 2024 10:49:20 [INFO]   [Dep Found] Sly: 1.2.3 - jquery/2.2.4/jquery.min.js
05.Feb 2024 10:49:20 [INFO]   [Dep Found] Sly: 1.2.4 - jquery/2.2.4/jquery.min.js
05.Feb 2024 10:49:20 [INFO]   [Dep Found] Sly: 1.2.5 - jquery/2.2.4/jquery.min.js
05.Feb 2024 10:49:20 [INFO]   [Dep Found] Sly: 1.2.6 - jquery/2.2.4/jquery.min.js
05.Feb 2024 10:49:21 [INFO]   [Dep Found] Sly: 1.2.7 - jquery/2.2.4/jquery.min.js
05.Feb 2024 10:49:21 [INFO]   [Dep Found] Sly: 1.3.0 - jquery/2.2.4/jquery.min.js
05.Feb 2024 10:49:21 [INFO]   [Dep Found] Sly: 1.4.0 - jquery/2.2.4/jquery.min.js
05.Feb 2024 10:49:22 [INFO]   [Dep Found] Sly: 1.4.1 - jquery/2.2.4/jquery.min.js
05.Feb 2024 10:49:22 [INFO]   [Dep Found] Sly: 1.4.2 - jquery/2.2.4/jquery.min.js
05.Feb 2024 10:49:22 [INFO]   [Dep Found] Sly: 1.4.3 - jquery/2.2.4/jquery.min.js
05.Feb 2024 10:49:22 [INFO]   [Dep Found] Sly: 1.4.4 - jquery/2.2.4/jquery.min.js
05.Feb 2024 10:49:23 [INFO]   [Dep Found] Sly: 1.5.0 - jquery/2.2.4/jquery.min.js
05.Feb 2024 10:49:23 [INFO]   [Dep Found] Sly: 1.5.1 - jquery/2.2.4/jquery.min.js
05.Feb 2024 10:49:23 [INFO]   [Dep Found] Sly: 1.6.0 - jquery/2.2.4/jquery.min.js
05.Feb 2024 10:49:24 [INFO]   [Dep Found] Sly: 1.6.1 - jquery/2.2.4/jquery.min.js
05.Feb 2024 10:49:24 [DEBUG] Start examing 31: Sortable
05.Feb 2024 10:49:34 [DEBUG] Start examing 32: SoundJS
05.Feb 2024 10:49:35 [WARNING]   [Dep Not Found] SoundJS: 0.2.0
05.Feb 2024 10:49:36 [WARNING]   [Dep Not Found] SoundJS: 0.4.0
05.Feb 2024 10:49:36 [WARNING]   [Dep Not Found] SoundJS: 0.4.1
05.Feb 2024 10:49:38 [DEBUG] Start examing 33: SyntaxHighlighter
05.Feb 2024 10:49:38 [WARNING]   [Dep Not Found] SyntaxHighlighter: 3.0.83
05.Feb 2024 10:49:38 [DEBUG] Start examing 34: Trumbowyg
05.Feb 2024 10:49:39 [INFO]   [Dep Found] Trumbowyg: 1.1.0 - jquery/2.2.4/jquery.min.js
05.Feb 2024 10:49:39 [INFO]   [Dep Found] Trumbowyg: 1.1.1 - jquery/2.2.4/jquery.min.js
05.Feb 2024 10:49:39 [INFO]   [Dep Found] Trumbowyg: 1.1.2 - jquery/2.2.4/jquery.min.js
05.Feb 2024 10:49:39 [INFO]   [Dep Found] Trumbowyg: 1.1.3 - jquery/2.2.4/jquery.min.js
05.Feb 2024 10:49:40 [INFO]   [Dep Found] Trumbowyg: 1.1.4 - jquery/2.2.4/jquery.min.js
05.Feb 2024 10:49:40 [INFO]   [Dep Found] Trumbowyg: 1.1.5 - jquery/2.2.4/jquery.min.js
05.Feb 2024 10:49:40 [INFO]   [Dep Found] Trumbowyg: 1.1.6 - jquery/2.2.4/jquery.min.js
05.Feb 2024 10:49:41 [INFO]   [Dep Found] Trumbowyg: 1.1.7 - jquery/2.2.4/jquery.min.js
05.Feb 2024 10:49:41 [INFO]   [Dep Found] Trumbowyg: 2.0.0 - jquery/2.2.4/jquery.min.js
05.Feb 2024 10:49:41 [INFO]   [Dep Found] Trumbowyg: 2.0.0-beta.0 - jquery/2.2.4/jquery.min.js
05.Feb 2024 10:49:41 [INFO]   [Dep Found] Trumbowyg: 2.0.0-beta.1 - jquery/2.2.4/jquery.min.js
05.Feb 2024 10:49:42 [INFO]   [Dep Found] Trumbowyg: 2.0.0-beta.2 - jquery/2.2.4/jquery.min.js
05.Feb 2024 10:49:42 [INFO]   [Dep Found] Trumbowyg: 2.0.0-beta.3 - jquery/2.2.4/jquery.min.js
05.Feb 2024 10:49:42 [INFO]   [Dep Found] Trumbowyg: 2.0.0-beta.4 - jquery/2.2.4/jquery.min.js
05.Feb 2024 10:49:42 [INFO]   [Dep Found] Trumbowyg: 2.0.0-beta.5 - jquery/2.2.4/jquery.min.js
05.Feb 2024 10:49:43 [INFO]   [Dep Found] Trumbowyg: 2.0.0-beta.6 - jquery/2.2.4/jquery.min.js
05.Feb 2024 10:49:43 [INFO]   [Dep Found] Trumbowyg: 2.0.0-beta.7 - jquery/2.2.4/jquery.min.js
05.Feb 2024 10:49:43 [INFO]   [Dep Found] Trumbowyg: 2.0.0-beta.8 - jquery/2.2.4/jquery.min.js
05.Feb 2024 10:49:44 [INFO]   [Dep Found] Trumbowyg: 2.0.1 - jquery/2.2.4/jquery.min.js
05.Feb 2024 10:49:44 [INFO]   [Dep Found] Trumbowyg: 2.0.2 - jquery/2.2.4/jquery.min.js
05.Feb 2024 10:49:44 [INFO]   [Dep Found] Trumbowyg: 2.0.3 - jquery/2.2.4/jquery.min.js
05.Feb 2024 10:49:44 [INFO]   [Dep Found] Trumbowyg: 2.0.4 - jquery/2.2.4/jquery.min.js
05.Feb 2024 10:49:45 [INFO]   [Dep Found] Trumbowyg: 2.0.5 - jquery/2.2.4/jquery.min.js
05.Feb 2024 10:49:45 [INFO]   [Dep Found] Trumbowyg: 2.1.0 - jquery/2.2.4/jquery.min.js
05.Feb 2024 10:49:45 [INFO]   [Dep Found] Trumbowyg: 2.1.1 - jquery/2.2.4/jquery.min.js
05.Feb 2024 10:49:45 [INFO]   [Dep Found] Trumbowyg: 2.1.2 - jquery/2.2.4/jquery.min.js
05.Feb 2024 10:49:46 [INFO]   [Dep Found] Trumbowyg: 2.1.3 - jquery/2.2.4/jquery.min.js
05.Feb 2024 10:49:46 [INFO]   [Dep Found] Trumbowyg: 2.1.4 - jquery/2.2.4/jquery.min.js
05.Feb 2024 10:49:46 [INFO]   [Dep Found] Trumbowyg: 2.1.5 - jquery/2.2.4/jquery.min.js
05.Feb 2024 10:49:47 [INFO]   [Dep Found] Trumbowyg: 2.1.6 - jquery/2.2.4/jquery.min.js
05.Feb 2024 10:49:47 [INFO]   [Dep Found] Trumbowyg: 2.10.0 - jquery/2.2.4/jquery.min.js
05.Feb 2024 10:49:47 [INFO]   [Dep Found] Trumbowyg: 2.11.0 - jquery/2.2.4/jquery.min.js
05.Feb 2024 10:49:47 [INFO]   [Dep Found] Trumbowyg: 2.11.1 - jquery/2.2.4/jquery.min.js
05.Feb 2024 10:49:48 [INFO]   [Dep Found] Trumbowyg: 2.12.0 - jquery/2.2.4/jquery.min.js
05.Feb 2024 10:49:48 [INFO]   [Dep Found] Trumbowyg: 2.12.1 - jquery/2.2.4/jquery.min.js
05.Feb 2024 10:49:48 [INFO]   [Dep Found] Trumbowyg: 2.12.2 - jquery/2.2.4/jquery.min.js
05.Feb 2024 10:49:49 [INFO]   [Dep Found] Trumbowyg: 2.13.0 - jquery/2.2.4/jquery.min.js
05.Feb 2024 10:49:49 [INFO]   [Dep Found] Trumbowyg: 2.14.0 - jquery/2.2.4/jquery.min.js
05.Feb 2024 10:49:49 [INFO]   [Dep Found] Trumbowyg: 2.15.0 - jquery/2.2.4/jquery.min.js
05.Feb 2024 10:49:49 [INFO]   [Dep Found] Trumbowyg: 2.15.1 - jquery/2.2.4/jquery.min.js
05.Feb 2024 10:49:50 [INFO]   [Dep Found] Trumbowyg: 2.15.2 - jquery/2.2.4/jquery.min.js
05.Feb 2024 10:49:50 [INFO]   [Dep Found] Trumbowyg: 2.16.0 - jquery/2.2.4/jquery.min.js
05.Feb 2024 10:49:50 [INFO]   [Dep Found] Trumbowyg: 2.16.1 - jquery/2.2.4/jquery.min.js
05.Feb 2024 10:49:51 [INFO]   [Dep Found] Trumbowyg: 2.16.2 - jquery/2.2.4/jquery.min.js
05.Feb 2024 10:49:51 [INFO]   [Dep Found] Trumbowyg: 2.17.0 - jquery/2.2.4/jquery.min.js
05.Feb 2024 10:49:51 [INFO]   [Dep Found] Trumbowyg: 2.18.0 - jquery/2.2.4/jquery.min.js
05.Feb 2024 10:49:52 [INFO]   [Dep Found] Trumbowyg: 2.19.0 - jquery/2.2.4/jquery.min.js
05.Feb 2024 10:49:52 [INFO]   [Dep Found] Trumbowyg: 2.19.1 - jquery/2.2.4/jquery.min.js
05.Feb 2024 10:49:52 [INFO]   [Dep Found] Trumbowyg: 2.2.0 - jquery/2.2.4/jquery.min.js
05.Feb 2024 10:49:52 [INFO]   [Dep Found] Trumbowyg: 2.20.0 - jquery/2.2.4/jquery.min.js
05.Feb 2024 10:49:53 [INFO]   [Dep Found] Trumbowyg: 2.21.0 - jquery/2.2.4/jquery.min.js
05.Feb 2024 10:49:53 [INFO]   [Dep Found] Trumbowyg: 2.22.0 - jquery/2.2.4/jquery.min.js
05.Feb 2024 10:49:53 [INFO]   [Dep Found] Trumbowyg: 2.23.0 - jquery/2.2.4/jquery.min.js
05.Feb 2024 10:49:54 [INFO]   [Dep Found] Trumbowyg: 2.24.0 - jquery/2.2.4/jquery.min.js
05.Feb 2024 10:49:54 [INFO]   [Dep Found] Trumbowyg: 2.25.0 - jquery/2.2.4/jquery.min.js
05.Feb 2024 10:49:54 [INFO]   [Dep Found] Trumbowyg: 2.25.1 - jquery/2.2.4/jquery.min.js
05.Feb 2024 10:49:54 [INFO]   [Dep Found] Trumbowyg: 2.25.2 - jquery/2.2.4/jquery.min.js
05.Feb 2024 10:49:55 [INFO]   [Dep Found] Trumbowyg: 2.26.0 - jquery/2.2.4/jquery.min.js
05.Feb 2024 10:49:55 [INFO]   [Dep Found] Trumbowyg: 2.27.0 - jquery/2.2.4/jquery.min.js
05.Feb 2024 10:49:55 [INFO]   [Dep Found] Trumbowyg: 2.27.1 - jquery/2.2.4/jquery.min.js
05.Feb 2024 10:49:56 [INFO]   [Dep Found] Trumbowyg: 2.27.2 - jquery/2.2.4/jquery.min.js
05.Feb 2024 10:49:56 [INFO]   [Dep Found] Trumbowyg: 2.27.3 - jquery/2.2.4/jquery.min.js
05.Feb 2024 10:49:56 [INFO]   [Dep Found] Trumbowyg: 2.3.0 - jquery/2.2.4/jquery.min.js
05.Feb 2024 10:49:57 [INFO]   [Dep Found] Trumbowyg: 2.4.0 - jquery/2.2.4/jquery.min.js
05.Feb 2024 10:49:57 [INFO]   [Dep Found] Trumbowyg: 2.4.1 - jquery/2.2.4/jquery.min.js
05.Feb 2024 10:49:57 [INFO]   [Dep Found] Trumbowyg: 2.4.2 - jquery/2.2.4/jquery.min.js
05.Feb 2024 10:49:58 [INFO]   [Dep Found] Trumbowyg: 2.4.3 - jquery/2.2.4/jquery.min.js
05.Feb 2024 10:49:58 [INFO]   [Dep Found] Trumbowyg: 2.4.4 - jquery/2.2.4/jquery.min.js
05.Feb 2024 10:49:58 [INFO]   [Dep Found] Trumbowyg: 2.5.0 - jquery/2.2.4/jquery.min.js
05.Feb 2024 10:49:58 [INFO]   [Dep Found] Trumbowyg: 2.5.1 - jquery/2.2.4/jquery.min.js
05.Feb 2024 10:49:59 [INFO]   [Dep Found] Trumbowyg: 2.6.0 - jquery/2.2.4/jquery.min.js
05.Feb 2024 10:49:59 [INFO]   [Dep Found] Trumbowyg: 2.7.0 - jquery/2.2.4/jquery.min.js
05.Feb 2024 10:49:59 [INFO]   [Dep Found] Trumbowyg: 2.7.1 - jquery/2.2.4/jquery.min.js
05.Feb 2024 10:50:00 [INFO]   [Dep Found] Trumbowyg: 2.7.2 - jquery/2.2.4/jquery.min.js
05.Feb 2024 10:50:00 [INFO]   [Dep Found] Trumbowyg: 2.8.0 - jquery/2.2.4/jquery.min.js
05.Feb 2024 10:50:00 [INFO]   [Dep Found] Trumbowyg: 2.8.1 - jquery/2.2.4/jquery.min.js
05.Feb 2024 10:50:01 [INFO]   [Dep Found] Trumbowyg: 2.9.0 - jquery/2.2.4/jquery.min.js
05.Feb 2024 10:50:01 [INFO]   [Dep Found] Trumbowyg: 2.9.1 - jquery/2.2.4/jquery.min.js
05.Feb 2024 10:50:01 [INFO]   [Dep Found] Trumbowyg: 2.9.2 - jquery/2.2.4/jquery.min.js
05.Feb 2024 10:50:02 [INFO]   [Dep Found] Trumbowyg: 2.9.3 - jquery/2.2.4/jquery.min.js
05.Feb 2024 10:50:02 [INFO]   [Dep Found] Trumbowyg: 2.9.4 - jquery/2.2.4/jquery.min.js
05.Feb 2024 10:50:02 [DEBUG] Start examing 35: Turf.js
05.Feb 2024 10:50:03 [WARNING]   [Dep Not Found] Turf.js: 0.0.101
05.Feb 2024 10:50:03 [WARNING]   [Dep Not Found] Turf.js: 0.0.104
05.Feb 2024 10:50:04 [WARNING]   [Dep Not Found] Turf.js: 0.0.105
05.Feb 2024 10:50:04 [WARNING]   [Dep Not Found] Turf.js: 0.0.106
05.Feb 2024 10:50:05 [WARNING]   [Dep Not Found] Turf.js: 0.0.107
05.Feb 2024 10:50:06 [WARNING]   [Dep Not Found] Turf.js: 0.0.108
