05.Feb 2024 15:53:40 [DEBUG] Start examing 0: bootswatch
05.Feb 2024 15:53:41 [WARNING]   [Dep Not Found] bootswatch: 2.0.1
05.Feb 2024 15:53:41 [WARNING]   [Dep Not Found] bootswatch: 2.0.2
05.Feb 2024 15:53:42 [WARNING]   [Dep Not Found] bootswatch: 2.0.3
05.Feb 2024 15:53:42 [INFO]   [Dep Found] bootswatch: 2.0.4 - jquery/2.2.4/jquery.min.js
05.Feb 2024 15:53:42 [INFO]   [Dep Found] bootswatch: 2.1.0 - jquery/2.2.4/jquery.min.js
05.Feb 2024 15:53:42 [INFO]   [Dep Found] bootswatch: 2.1.1 - jquery/2.2.4/jquery.min.js
05.Feb 2024 15:53:43 [WARNING]   [Dep Not Found] bootswatch: 2.1.1-1
05.Feb 2024 15:53:43 [WARNING]   [Dep Not Found] bootswatch: 2.2.2
05.Feb 2024 15:53:43 [WARNING]   [Dep Not Found] bootswatch: 2.2.2-1
05.Feb 2024 15:53:44 [WARNING]   [Dep Not Found] bootswatch: 2.2.2-2
05.Feb 2024 15:53:44 [WARNING]   [Dep Not Found] bootswatch: 2.3.0
05.Feb 2024 15:53:44 [WARNING]   [Dep Not Found] bootswatch: 2.3.0-1
05.Feb 2024 15:53:45 [WARNING]   [Dep Not Found] bootswatch: 2.3.0-2
05.Feb 2024 15:53:45 [WARNING]   [Dep Not Found] bootswatch: 2.3.1
05.Feb 2024 15:53:45 [WARNING]   [Dep Not Found] bootswatch: 2.3.1-1
05.Feb 2024 15:53:46 [WARNING]   [Dep Not Found] bootswatch: 2.3.2
05.Feb 2024 15:53:47 [DEBUG] Start examing 1: bounce.js
05.Feb 2024 15:53:48 [DEBUG] Start examing 2: bowser
05.Feb 2024 15:54:00 [WARNING]   [Dep Not Found] bowser: 2.0.0
05.Feb 2024 15:54:00 [WARNING]   [Dep Not Found] bowser: 2.0.0-alpha.1
05.Feb 2024 15:54:01 [WARNING]   [Dep Not Found] bowser: 2.0.0-alpha.2
05.Feb 2024 15:54:01 [WARNING]   [Dep Not Found] bowser: 2.0.0-alpha.3
05.Feb 2024 15:54:01 [WARNING]   [Dep Not Found] bowser: 2.0.0-alpha.4
05.Feb 2024 15:54:02 [WARNING]   [Dep Not Found] bowser: 2.0.0-beta.1
05.Feb 2024 15:54:02 [WARNING]   [Dep Not Found] bowser: 2.0.0-beta.2
05.Feb 2024 15:54:02 [WARNING]   [Dep Not Found] bowser: 2.0.0-beta.3
05.Feb 2024 15:54:03 [WARNING]   [Dep Not Found] bowser: 2.1.0
05.Feb 2024 15:54:03 [WARNING]   [Dep Not Found] bowser: 2.1.1
05.Feb 2024 15:54:03 [WARNING]   [Dep Not Found] bowser: 2.1.2
05.Feb 2024 15:54:04 [WARNING]   [Dep Not Found] bowser: 2.2.0
05.Feb 2024 15:54:04 [WARNING]   [Dep Not Found] bowser: 2.2.1
05.Feb 2024 15:54:05 [WARNING]   [Dep Not Found] bowser: 2.3.0
05.Feb 2024 15:54:05 [WARNING]   [Dep Not Found] bowser: 2.4.0
05.Feb 2024 15:54:06 [WARNING]   [Dep Not Found] bowser: 2.5.0
05.Feb 2024 15:54:06 [WARNING]   [Dep Not Found] bowser: 2.5.1
05.Feb 2024 15:54:06 [WARNING]   [Dep Not Found] bowser: 2.5.2
05.Feb 2024 15:54:07 [WARNING]   [Dep Not Found] bowser: 2.5.3
05.Feb 2024 15:54:07 [WARNING]   [Dep Not Found] bowser: 2.5.4
05.Feb 2024 15:54:07 [WARNING]   [Dep Not Found] bowser: 2.6.0
05.Feb 2024 15:54:08 [WARNING]   [Dep Not Found] bowser: 2.6.1
05.Feb 2024 15:54:08 [WARNING]   [Dep Not Found] bowser: 2.7.0
05.Feb 2024 15:54:09 [WARNING]   [Dep Not Found] bowser: 2.8.0
05.Feb 2024 15:54:09 [WARNING]   [Dep Not Found] bowser: 2.8.1
05.Feb 2024 15:54:09 [WARNING]   [Dep Not Found] bowser: 2.9.0
05.Feb 2024 15:54:09 [DEBUG] Start examing 3: brain.js
05.Feb 2024 15:54:14 [WARNING]   [Dep Not Found] brain.js: 2.0.0-beta.10
05.Feb 2024 15:54:14 [WARNING]   [Dep Not Found] brain.js: 2.0.0-beta.11
05.Feb 2024 15:54:14 [WARNING]   [Dep Not Found] brain.js: 2.0.0-beta.12
05.Feb 2024 15:54:15 [WARNING]   [Dep Not Found] brain.js: 2.0.0-beta.13
05.Feb 2024 15:54:15 [WARNING]   [Dep Not Found] brain.js: 2.0.0-beta.14
05.Feb 2024 15:54:16 [WARNING]   [Dep Not Found] brain.js: 2.0.0-beta.15
05.Feb 2024 15:54:16 [WARNING]   [Dep Not Found] brain.js: 2.0.0-beta.16
05.Feb 2024 15:54:17 [WARNING]   [Dep Not Found] brain.js: 2.0.0-beta.17
05.Feb 2024 15:54:17 [WARNING]   [Dep Not Found] brain.js: 2.0.0-beta.18
05.Feb 2024 15:54:18 [WARNING]   [Dep Not Found] brain.js: 2.0.0-beta.19
05.Feb 2024 15:54:18 [WARNING]   [Dep Not Found] brain.js: 2.0.0-beta.2
05.Feb 2024 15:54:19 [WARNING]   [Dep Not Found] brain.js: 2.0.0-beta.20
05.Feb 2024 15:54:19 [WARNING]   [Dep Not Found] brain.js: 2.0.0-beta.21
05.Feb 2024 15:54:19 [WARNING]   [Dep Not Found] brain.js: 2.0.0-beta.22
05.Feb 2024 15:54:19 [WARNING]   [Dep Not Found] brain.js: 2.0.0-beta.23
05.Feb 2024 15:54:20 [WARNING]   [Dep Not Found] brain.js: 2.0.0-beta.3
05.Feb 2024 15:54:20 [WARNING]   [Dep Not Found] brain.js: 2.0.0-beta.4
05.Feb 2024 15:54:21 [WARNING]   [Dep Not Found] brain.js: 2.0.0-beta.5
05.Feb 2024 15:54:21 [WARNING]   [Dep Not Found] brain.js: 2.0.0-beta.6
05.Feb 2024 15:54:21 [WARNING]   [Dep Not Found] brain.js: 2.0.0-beta.7
05.Feb 2024 15:54:22 [WARNING]   [Dep Not Found] brain.js: 2.0.0-beta.8
05.Feb 2024 15:54:22 [WARNING]   [Dep Not Found] brain.js: 2.0.0-beta.9
05.Feb 2024 15:54:22 [DEBUG] Start examing 4: brain
05.Feb 2024 15:54:22 [DEBUG] Start examing 5: bricks.js
05.Feb 2024 15:54:23 [WARNING]   [Dep Not Found] bricks.js: 1.0.0
05.Feb 2024 15:54:23 [WARNING]   [Dep Not Found] bricks.js: 1.0.1
05.Feb 2024 15:54:24 [WARNING]   [Dep Not Found] bricks.js: 1.1.0
05.Feb 2024 15:54:24 [WARNING]   [Dep Not Found] bricks.js: 1.1.1
05.Feb 2024 15:54:24 [WARNING]   [Dep Not Found] bricks.js: 1.1.2
05.Feb 2024 15:54:25 [WARNING]   [Dep Not Found] bricks.js: 1.2.0
05.Feb 2024 15:54:25 [WARNING]   [Dep Not Found] bricks.js: 1.2.1
05.Feb 2024 15:54:25 [WARNING]   [Dep Not Found] bricks.js: 1.3.0
05.Feb 2024 15:54:26 [WARNING]   [Dep Not Found] bricks.js: 1.4.0
05.Feb 2024 15:54:26 [WARNING]   [Dep Not Found] bricks.js: 1.5.0
05.Feb 2024 15:54:27 [WARNING]   [Dep Not Found] bricks.js: 1.6.0
05.Feb 2024 15:54:27 [WARNING]   [Dep Not Found] bricks.js: 1.7.0
05.Feb 2024 15:54:27 [DEBUG] Start examing 6: BrowserFS
05.Feb 2024 15:54:30 [DEBUG] Start examing 7: brython
05.Feb 2024 15:54:31 [WARNING]   [Dep Not Found] brython: 3.10.0
05.Feb 2024 15:54:32 [WARNING]   [Dep Not Found] brython: 3.10.2
05.Feb 2024 15:54:32 [WARNING]   [Dep Not Found] brython: 3.10.3
05.Feb 2024 15:54:33 [WARNING]   [Dep Not Found] brython: 3.10.4
05.Feb 2024 15:54:34 [WARNING]   [Dep Not Found] brython: 3.10.5
05.Feb 2024 15:54:34 [WARNING]   [Dep Not Found] brython: 3.10.6
05.Feb 2024 15:54:35 [WARNING]   [Dep Not Found] brython: 3.10.7
05.Feb 2024 15:54:36 [WARNING]   [Dep Not Found] brython: 3.11.0
05.Feb 2024 15:54:36 [WARNING]   [Dep Not Found] brython: 3.11.1
05.Feb 2024 15:54:37 [WARNING]   [Dep Not Found] brython: 3.11.2
05.Feb 2024 15:54:37 [WARNING]   [Dep Not Found] brython: 3.11.3
05.Feb 2024 15:54:38 [WARNING]   [Dep Not Found] brython: 3.12.0
05.Feb 2024 15:54:39 [WARNING]   [Dep Not Found] brython: 3.12.1
05.Feb 2024 15:54:39 [WARNING]   [Dep Not Found] brython: 3.3.0
05.Feb 2024 15:54:40 [WARNING]   [Dep Not Found] brython: 3.3.1
05.Feb 2024 15:54:40 [WARNING]   [Dep Not Found] brython: 3.3.2
05.Feb 2024 15:54:41 [WARNING]   [Dep Not Found] brython: 3.3.20
05.Feb 2024 15:54:41 [WARNING]   [Dep Not Found] brython: 3.3.5
05.Feb 2024 15:54:42 [WARNING]   [Dep Not Found] brython: 3.4.0
05.Feb 2024 15:54:43 [WARNING]   [Dep Not Found] brython: 3.5.0
05.Feb 2024 15:54:43 [WARNING]   [Dep Not Found] brython: 3.5.1
05.Feb 2024 15:54:44 [WARNING]   [Dep Not Found] brython: 3.6.0
05.Feb 2024 15:54:44 [WARNING]   [Dep Not Found] brython: 3.6.2
05.Feb 2024 15:54:45 [WARNING]   [Dep Not Found] brython: 3.7.0
05.Feb 2024 15:54:45 [WARNING]   [Dep Not Found] brython: 3.7.1
05.Feb 2024 15:54:46 [WARNING]   [Dep Not Found] brython: 3.7.2
05.Feb 2024 15:54:46 [WARNING]   [Dep Not Found] brython: 3.7.3
05.Feb 2024 15:54:47 [WARNING]   [Dep Not Found] brython: 3.7.4
05.Feb 2024 15:54:47 [WARNING]   [Dep Not Found] brython: 3.7.5
05.Feb 2024 15:54:48 [WARNING]   [Dep Not Found] brython: 3.8.0
05.Feb 2024 15:54:49 [WARNING]   [Dep Not Found] brython: 3.8.1
05.Feb 2024 15:54:49 [WARNING]   [Dep Not Found] brython: 3.8.10
05.Feb 2024 15:54:50 [WARNING]   [Dep Not Found] brython: 3.8.4
05.Feb 2024 15:54:51 [WARNING]   [Dep Not Found] brython: 3.8.6
05.Feb 2024 15:54:52 [WARNING]   [Dep Not Found] brython: 3.8.7
05.Feb 2024 15:54:52 [WARNING]   [Dep Not Found] brython: 3.8.8
05.Feb 2024 15:54:53 [WARNING]   [Dep Not Found] brython: 3.8.9
05.Feb 2024 15:54:53 [WARNING]   [Dep Not Found] brython: 3.9.0
05.Feb 2024 15:54:54 [WARNING]   [Dep Not Found] brython: 3.9.1
05.Feb 2024 15:54:55 [WARNING]   [Dep Not Found] brython: 3.9.2
05.Feb 2024 15:54:55 [WARNING]   [Dep Not Found] brython: 3.9.3
05.Feb 2024 15:54:56 [WARNING]   [Dep Not Found] brython: 3.9.4
05.Feb 2024 15:54:57 [WARNING]   [Dep Not Found] brython: 3.9.5
05.Feb 2024 15:54:58 [WARNING]   [Dep Not Found] brython: 3.9.6
05.Feb 2024 15:54:58 [DEBUG] Start examing 8: buefy
05.Feb 2024 15:55:10 [DEBUG] Start examing 9: bulma
05.Feb 2024 15:55:12 [DEBUG] Start examing 10: Buttons
05.Feb 2024 15:55:13 [INFO]   [Dep Found] Buttons: 1.0 - jquery/2.2.4/jquery.min.js
05.Feb 2024 15:55:13 [INFO]   [Dep Found] Buttons: 1.1.1 - jquery/2.2.4/jquery.min.js
05.Feb 2024 15:55:13 [INFO]   [Dep Found] Buttons: 2.0.0 - jquery/2.2.4/jquery.min.js
05.Feb 2024 15:55:13 [DEBUG] Start examing 11: c3
05.Feb 2024 15:55:43 [DEBUG] Start examing 12: camanjs
05.Feb 2024 15:55:44 [WARNING]   [Dep Not Found] camanjs: 1.0.0
05.Feb 2024 15:55:45 [WARNING]   [Dep Not Found] camanjs: 1.1.0
05.Feb 2024 15:55:45 [WARNING]   [Dep Not Found] camanjs: 1.2.0
05.Feb 2024 15:55:46 [WARNING]   [Dep Not Found] camanjs: 1.2.1
05.Feb 2024 15:55:47 [WARNING]   [Dep Not Found] camanjs: 2.0.0
05.Feb 2024 15:55:51 [DEBUG] Start examing 13: cannon.js
05.Feb 2024 15:55:52 [DEBUG] Start examing 14: canvas-confetti
05.Feb 2024 15:55:53 [WARNING]   [Dep Not Found] canvas-confetti: 1.1.1
05.Feb 2024 15:55:53 [WARNING]   [Dep Not Found] canvas-confetti: 1.1.2
05.Feb 2024 15:55:54 [WARNING]   [Dep Not Found] canvas-confetti: 1.1.3
05.Feb 2024 15:55:54 [WARNING]   [Dep Not Found] canvas-confetti: 1.2.0
05.Feb 2024 15:55:55 [WARNING]   [Dep Not Found] canvas-confetti: 1.2.1
05.Feb 2024 15:55:56 [WARNING]   [Dep Not Found] canvas-confetti: 1.3.0
05.Feb 2024 15:55:56 [WARNING]   [Dep Not Found] canvas-confetti: 1.3.1
05.Feb 2024 15:55:57 [WARNING]   [Dep Not Found] canvas-confetti: 1.3.2
05.Feb 2024 15:55:57 [WARNING]   [Dep Not Found] canvas-confetti: 1.3.3
05.Feb 2024 15:55:58 [WARNING]   [Dep Not Found] canvas-confetti: 1.4.0
05.Feb 2024 15:55:59 [WARNING]   [Dep Not Found] canvas-confetti: 1.5.0
05.Feb 2024 15:55:59 [WARNING]   [Dep Not Found] canvas-confetti: 1.5.1
05.Feb 2024 15:56:00 [WARNING]   [Dep Not Found] canvas-confetti: 1.6.0
05.Feb 2024 15:56:00 [WARNING]   [Dep Not Found] canvas-confetti: 1.6.1
05.Feb 2024 15:56:01 [WARNING]   [Dep Not Found] canvas-confetti: 1.7.0
05.Feb 2024 15:56:01 [WARNING]   [Dep Not Found] canvas-confetti: 1.8.0
05.Feb 2024 15:56:02 [WARNING]   [Dep Not Found] canvas-confetti: 1.9.0
05.Feb 2024 15:56:02 [WARNING]   [Dep Not Found] canvas-confetti: 1.9.1
05.Feb 2024 15:56:03 [WARNING]   [Dep Not Found] canvas-confetti: 1.9.2
05.Feb 2024 15:56:03 [DEBUG] Start examing 15: canvas-nest.js
05.Feb 2024 15:56:05 [DEBUG] Start examing 16: canvaskit-wasm
05.Feb 2024 15:56:09 [DEBUG] Start examing 17: canvg
05.Feb 2024 15:56:13 [DEBUG] Start examing 18: card
05.Feb 2024 15:56:13 [INFO]   [Dep Found] card: 0.0.1 - jquery/2.2.4/jquery.min.js
05.Feb 2024 15:56:13 [INFO]   [Dep Found] card: 0.0.2 - jquery/2.2.4/jquery.min.js
05.Feb 2024 15:56:14 [INFO]   [Dep Found] card: 0.0.6 - jquery/2.2.4/jquery.min.js
05.Feb 2024 15:56:14 [INFO]   [Dep Found] card: 0.1.2 - jquery/2.2.4/jquery.min.js
05.Feb 2024 15:56:14 [INFO]   [Dep Found] card: 0.1.3 - jquery/2.2.4/jquery.min.js
05.Feb 2024 15:56:15 [INFO]   [Dep Found] card: 0.1.4 - jquery/2.2.4/jquery.min.js
05.Feb 2024 15:56:22 [DEBUG] Start examing 19: cash
05.Feb 2024 15:56:35 [DEBUG] Start examing 20: ccxt
05.Feb 2024 15:56:57 [WARNING]   [Dep Not Found] ccxt: 4.1.100
05.Feb 2024 15:58:05 [WARNING]   [Dep Not Found] ccxt: 4.1.97
05.Feb 2024 15:58:07 [WARNING]   [Dep Not Found] ccxt: 4.1.98
05.Feb 2024 15:58:09 [WARNING]   [Dep Not Found] ccxt: 4.1.99
05.Feb 2024 15:58:11 [WARNING]   [Dep Not Found] ccxt: 4.2.1
05.Feb 2024 15:58:32 [DEBUG] Start examing 21: cesium
05.Feb 2024 15:58:33 [WARNING]   [Dep Not Found] cesium: 1.100.0
05.Feb 2024 15:58:35 [WARNING]   [Dep Not Found] cesium: 1.101.0
05.Feb 2024 15:58:36 [WARNING]   [Dep Not Found] cesium: 1.102.0
05.Feb 2024 15:58:37 [WARNING]   [Dep Not Found] cesium: 1.103.0
05.Feb 2024 15:58:39 [WARNING]   [Dep Not Found] cesium: 1.104.0
05.Feb 2024 15:58:41 [WARNING]   [Dep Not Found] cesium: 1.105.0
05.Feb 2024 15:58:42 [WARNING]   [Dep Not Found] cesium: 1.105.1
05.Feb 2024 15:58:44 [WARNING]   [Dep Not Found] cesium: 1.105.2
05.Feb 2024 15:58:45 [WARNING]   [Dep Not Found] cesium: 1.106.0
05.Feb 2024 15:58:47 [WARNING]   [Dep Not Found] cesium: 1.106.1
05.Feb 2024 15:58:48 [WARNING]   [Dep Not Found] cesium: 1.107.0
05.Feb 2024 15:58:50 [WARNING]   [Dep Not Found] cesium: 1.107.1
05.Feb 2024 15:58:51 [WARNING]   [Dep Not Found] cesium: 1.107.2
05.Feb 2024 15:58:53 [WARNING]   [Dep Not Found] cesium: 1.108.0
05.Feb 2024 15:58:55 [WARNING]   [Dep Not Found] cesium: 1.109.0
05.Feb 2024 15:58:56 [WARNING]   [Dep Not Found] cesium: 1.110.0
05.Feb 2024 15:58:58 [WARNING]   [Dep Not Found] cesium: 1.110.1
05.Feb 2024 15:58:59 [WARNING]   [Dep Not Found] cesium: 1.111.0
05.Feb 2024 15:59:01 [WARNING]   [Dep Not Found] cesium: 1.112.0
05.Feb 2024 15:59:02 [WARNING]   [Dep Not Found] cesium: 1.113.0
05.Feb 2024 15:59:03 [WARNING]   [Dep Not Found] cesium: 1.114.0
05.Feb 2024 15:59:05 [WARNING]   [Dep Not Found] cesium: 1.69.0
05.Feb 2024 15:59:07 [WARNING]   [Dep Not Found] cesium: 1.70.0
05.Feb 2024 15:59:08 [WARNING]   [Dep Not Found] cesium: 1.70.1
05.Feb 2024 15:59:10 [WARNING]   [Dep Not Found] cesium: 1.71.0
05.Feb 2024 15:59:11 [WARNING]   [Dep Not Found] cesium: 1.72.0
05.Feb 2024 15:59:13 [WARNING]   [Dep Not Found] cesium: 1.73.0
05.Feb 2024 15:59:15 [WARNING]   [Dep Not Found] cesium: 1.74.0
05.Feb 2024 15:59:16 [WARNING]   [Dep Not Found] cesium: 1.75.0
05.Feb 2024 15:59:18 [WARNING]   [Dep Not Found] cesium: 1.76.0
05.Feb 2024 15:59:19 [WARNING]   [Dep Not Found] cesium: 1.77.0
05.Feb 2024 15:59:21 [WARNING]   [Dep Not Found] cesium: 1.78.0
05.Feb 2024 15:59:22 [WARNING]   [Dep Not Found] cesium: 1.79.0
05.Feb 2024 15:59:24 [WARNING]   [Dep Not Found] cesium: 1.79.1
05.Feb 2024 15:59:26 [WARNING]   [Dep Not Found] cesium: 1.80.0
05.Feb 2024 15:59:27 [WARNING]   [Dep Not Found] cesium: 1.81.0
05.Feb 2024 15:59:29 [WARNING]   [Dep Not Found] cesium: 1.82.1
05.Feb 2024 15:59:30 [WARNING]   [Dep Not Found] cesium: 1.83.0
05.Feb 2024 15:59:32 [WARNING]   [Dep Not Found] cesium: 1.84.0
05.Feb 2024 15:59:34 [WARNING]   [Dep Not Found] cesium: 1.85.0
05.Feb 2024 15:59:35 [WARNING]   [Dep Not Found] cesium: 1.86.0
05.Feb 2024 15:59:37 [WARNING]   [Dep Not Found] cesium: 1.86.1
05.Feb 2024 15:59:38 [WARNING]   [Dep Not Found] cesium: 1.87.0
05.Feb 2024 15:59:40 [WARNING]   [Dep Not Found] cesium: 1.87.1
05.Feb 2024 15:59:42 [WARNING]   [Dep Not Found] cesium: 1.88.0
05.Feb 2024 15:59:43 [WARNING]   [Dep Not Found] cesium: 1.89.0
05.Feb 2024 15:59:45 [WARNING]   [Dep Not Found] cesium: 1.90.0
05.Feb 2024 15:59:46 [WARNING]   [Dep Not Found] cesium: 1.91.0
05.Feb 2024 15:59:48 [WARNING]   [Dep Not Found] cesium: 1.92.0
05.Feb 2024 15:59:50 [WARNING]   [Dep Not Found] cesium: 1.93.0
05.Feb 2024 15:59:51 [WARNING]   [Dep Not Found] cesium: 1.94.0
05.Feb 2024 15:59:53 [WARNING]   [Dep Not Found] cesium: 1.94.1
05.Feb 2024 15:59:55 [WARNING]   [Dep Not Found] cesium: 1.94.2
05.Feb 2024 15:59:56 [WARNING]   [Dep Not Found] cesium: 1.94.3
05.Feb 2024 15:59:58 [WARNING]   [Dep Not Found] cesium: 1.95.0
05.Feb 2024 16:00:00 [WARNING]   [Dep Not Found] cesium: 1.96.0
05.Feb 2024 16:00:01 [WARNING]   [Dep Not Found] cesium: 1.97.0
05.Feb 2024 16:00:03 [WARNING]   [Dep Not Found] cesium: 1.98.0
05.Feb 2024 16:00:05 [WARNING]   [Dep Not Found] cesium: 1.98.1
05.Feb 2024 16:00:07 [WARNING]   [Dep Not Found] cesium: 1.99.0
05.Feb 2024 16:00:07 [DEBUG] Start examing 22: chai
