05.Feb 2024 20:51:11 [DEBUG] Start examing 0: magic
05.Feb 2024 20:51:12 [DEBUG] Start examing 1: magnific-popup.js
05.Feb 2024 20:51:12 [INFO]   [Dep Found] magnific-popup.js: 0.8.1 - jquery/2.2.4/jquery.min.js
05.Feb 2024 20:51:12 [INFO]   [Dep Found] magnific-popup.js: 0.8.2 - jquery/2.2.4/jquery.min.js
05.Feb 2024 20:51:13 [INFO]   [Dep Found] magnific-popup.js: 0.8.3 - jquery/2.2.4/jquery.min.js
05.Feb 2024 20:51:13 [INFO]   [Dep Found] magnific-popup.js: 0.8.4 - jquery/2.2.4/jquery.min.js
05.Feb 2024 20:51:13 [INFO]   [Dep Found] magnific-popup.js: 0.8.5 - jquery/2.2.4/jquery.min.js
05.Feb 2024 20:51:14 [INFO]   [Dep Found] magnific-popup.js: 0.8.6 - jquery/2.2.4/jquery.min.js
05.Feb 2024 20:51:14 [INFO]   [Dep Found] magnific-popup.js: 0.8.7 - jquery/2.2.4/jquery.min.js
05.Feb 2024 20:51:14 [INFO]   [Dep Found] magnific-popup.js: 0.8.8 - jquery/2.2.4/jquery.min.js
05.Feb 2024 20:51:14 [INFO]   [Dep Found] magnific-popup.js: 0.8.9 - jquery/2.2.4/jquery.min.js
05.Feb 2024 20:51:14 [INFO]   [Dep Found] magnific-popup.js: 0.9.0 - jquery/2.2.4/jquery.min.js
05.Feb 2024 20:51:15 [INFO]   [Dep Found] magnific-popup.js: 0.9.1 - jquery/2.2.4/jquery.min.js
05.Feb 2024 20:51:15 [INFO]   [Dep Found] magnific-popup.js: 0.9.2 - jquery/2.2.4/jquery.min.js
05.Feb 2024 20:51:15 [INFO]   [Dep Found] magnific-popup.js: 0.9.3 - jquery/2.2.4/jquery.min.js
05.Feb 2024 20:51:15 [INFO]   [Dep Found] magnific-popup.js: 0.9.5 - jquery/2.2.4/jquery.min.js
05.Feb 2024 20:51:16 [INFO]   [Dep Found] magnific-popup.js: 0.9.6 - jquery/2.2.4/jquery.min.js
05.Feb 2024 20:51:16 [INFO]   [Dep Found] magnific-popup.js: 0.9.7 - jquery/2.2.4/jquery.min.js
05.Feb 2024 20:51:16 [INFO]   [Dep Found] magnific-popup.js: 0.9.8 - jquery/2.2.4/jquery.min.js
05.Feb 2024 20:51:16 [INFO]   [Dep Found] magnific-popup.js: 0.9.9 - jquery/2.2.4/jquery.min.js
05.Feb 2024 20:51:16 [INFO]   [Dep Found] magnific-popup.js: 1.0.0 - jquery/2.2.4/jquery.min.js
05.Feb 2024 20:51:16 [INFO]   [Dep Found] magnific-popup.js: 1.0.1 - jquery/2.2.4/jquery.min.js
05.Feb 2024 20:51:16 [INFO]   [Dep Found] magnific-popup.js: 1.1.0 - jquery/2.2.4/jquery.min.js
05.Feb 2024 20:51:16 [DEBUG] Start examing 2: mailcheck
05.Feb 2024 20:51:18 [DEBUG] Start examing 3: malihu-custom-scrollbar-plugin
05.Feb 2024 20:51:18 [INFO]   [Dep Found] malihu-custom-scrollbar-plugin: 2.8.0 - jquery/2.2.4/jquery.min.js
05.Feb 2024 20:51:18 [INFO]   [Dep Found] malihu-custom-scrollbar-plugin: 2.8.1 - jquery/2.2.4/jquery.min.js
05.Feb 2024 20:51:19 [INFO]   [Dep Found] malihu-custom-scrollbar-plugin: 2.8.2 - jquery/2.2.4/jquery.min.js
05.Feb 2024 20:51:19 [INFO]   [Dep Found] malihu-custom-scrollbar-plugin: 2.8.3 - jquery/2.2.4/jquery.min.js
05.Feb 2024 20:51:19 [INFO]   [Dep Found] malihu-custom-scrollbar-plugin: 2.8.4 - jquery/2.2.4/jquery.min.js
05.Feb 2024 20:51:20 [INFO]   [Dep Found] malihu-custom-scrollbar-plugin: 2.8.5 - jquery/2.2.4/jquery.min.js
05.Feb 2024 20:51:20 [INFO]   [Dep Found] malihu-custom-scrollbar-plugin: 2.8.6 - jquery/2.2.4/jquery.min.js
05.Feb 2024 20:51:20 [INFO]   [Dep Found] malihu-custom-scrollbar-plugin: 2.8.7 - jquery/2.2.4/jquery.min.js
05.Feb 2024 20:51:20 [INFO]   [Dep Found] malihu-custom-scrollbar-plugin: 3.0.0 - jquery/2.2.4/jquery.min.js
05.Feb 2024 20:51:20 [INFO]   [Dep Found] malihu-custom-scrollbar-plugin: 3.0.1 - jquery/2.2.4/jquery.min.js
05.Feb 2024 20:51:21 [INFO]   [Dep Found] malihu-custom-scrollbar-plugin: 3.0.2 - jquery/2.2.4/jquery.min.js
05.Feb 2024 20:51:21 [INFO]   [Dep Found] malihu-custom-scrollbar-plugin: 3.0.3 - jquery/2.2.4/jquery.min.js
05.Feb 2024 20:51:21 [INFO]   [Dep Found] malihu-custom-scrollbar-plugin: 3.0.4 - jquery/2.2.4/jquery.min.js
05.Feb 2024 20:51:21 [INFO]   [Dep Found] malihu-custom-scrollbar-plugin: 3.0.5 - jquery/2.2.4/jquery.min.js
05.Feb 2024 20:51:21 [INFO]   [Dep Found] malihu-custom-scrollbar-plugin: 3.0.6 - jquery/2.2.4/jquery.min.js
05.Feb 2024 20:51:22 [INFO]   [Dep Found] malihu-custom-scrollbar-plugin: 3.0.7 - jquery/2.2.4/jquery.min.js
05.Feb 2024 20:51:22 [INFO]   [Dep Found] malihu-custom-scrollbar-plugin: 3.0.8 - jquery/2.2.4/jquery.min.js
05.Feb 2024 20:51:22 [INFO]   [Dep Found] malihu-custom-scrollbar-plugin: 3.0.9 - jquery/2.2.4/jquery.min.js
05.Feb 2024 20:51:23 [INFO]   [Dep Found] malihu-custom-scrollbar-plugin: 3.1.0 - jquery/2.2.4/jquery.min.js
05.Feb 2024 20:51:23 [INFO]   [Dep Found] malihu-custom-scrollbar-plugin: 3.1.1 - jquery/2.2.4/jquery.min.js
05.Feb 2024 20:51:23 [INFO]   [Dep Found] malihu-custom-scrollbar-plugin: 3.1.2 - jquery/2.2.4/jquery.min.js
05.Feb 2024 20:51:23 [INFO]   [Dep Found] malihu-custom-scrollbar-plugin: 3.1.3 - jquery/2.2.4/jquery.min.js
05.Feb 2024 20:51:23 [INFO]   [Dep Found] malihu-custom-scrollbar-plugin: 3.1.4 - jquery/2.2.4/jquery.min.js
05.Feb 2024 20:51:23 [INFO]   [Dep Found] malihu-custom-scrollbar-plugin: 3.1.5 - jquery/2.2.4/jquery.min.js
05.Feb 2024 20:51:23 [DEBUG] Start examing 4: mammoth
05.Feb 2024 20:51:54 [DEBUG] Start examing 5: mapbox-gl
05.Feb 2024 20:53:28 [DEBUG] Start examing 6: maptalks
05.Feb 2024 20:53:30 [WARNING]   [Dep Not Found] maptalks: 0.45.0
05.Feb 2024 20:53:30 [DEBUG] Start examing 7: markdown-it
05.Feb 2024 20:53:57 [DEBUG] Start examing 8: markdown.js
05.Feb 2024 20:54:00 [WARNING]   [Dep Not Found] markdown.js: 0.6.0-beta1
05.Feb 2024 20:54:00 [DEBUG] Start examing 9: marked
05.Feb 2024 20:54:01 [WARNING]   [Dep Not Found] marked: 0.0.1
05.Feb 2024 20:54:01 [DEBUG] Start examing 10: masonry
05.Feb 2024 20:54:01 [INFO]   [Dep Found] masonry: 1.3.0 - jquery/2.2.4/jquery.min.js
05.Feb 2024 20:54:02 [INFO]   [Dep Found] masonry: 1.3.1 - jquery/2.2.4/jquery.min.js
05.Feb 2024 20:54:03 [INFO]   [Dep Found] masonry: 1.3.2 - jquery/2.2.4/jquery.min.js
05.Feb 2024 20:54:03 [INFO]   [Dep Found] masonry: 2.0.0 - jquery/2.2.4/jquery.min.js
05.Feb 2024 20:54:04 [INFO]   [Dep Found] masonry: 2.0.1 - jquery/2.2.4/jquery.min.js
05.Feb 2024 20:54:04 [INFO]   [Dep Found] masonry: 2.0.2 - jquery/2.2.4/jquery.min.js
05.Feb 2024 20:54:05 [INFO]   [Dep Found] masonry: 2.0.3 - jquery/2.2.4/jquery.min.js
05.Feb 2024 20:54:05 [INFO]   [Dep Found] masonry: 2.0.4 - jquery/2.2.4/jquery.min.js
05.Feb 2024 20:54:06 [INFO]   [Dep Found] masonry: 2.0.5 - jquery/2.2.4/jquery.min.js
05.Feb 2024 20:54:06 [INFO]   [Dep Found] masonry: 2.0.6 - jquery/2.2.4/jquery.min.js
05.Feb 2024 20:54:07 [INFO]   [Dep Found] masonry: 2.0.7 - jquery/2.2.4/jquery.min.js
05.Feb 2024 20:54:07 [INFO]   [Dep Found] masonry: 2.0.8 - jquery/2.2.4/jquery.min.js
05.Feb 2024 20:54:08 [INFO]   [Dep Found] masonry: 2.1.0 - jquery/2.2.4/jquery.min.js
05.Feb 2024 20:54:08 [INFO]   [Dep Found] masonry: 2.1.01 - jquery/2.2.4/jquery.min.js
05.Feb 2024 20:54:09 [INFO]   [Dep Found] masonry: 2.1.02 - jquery/2.2.4/jquery.min.js
05.Feb 2024 20:54:09 [INFO]   [Dep Found] masonry: 2.1.03 - jquery/2.2.4/jquery.min.js
05.Feb 2024 20:54:10 [INFO]   [Dep Found] masonry: 2.1.04 - jquery/2.2.4/jquery.min.js
05.Feb 2024 20:54:10 [INFO]   [Dep Found] masonry: 2.1.05 - jquery/2.2.4/jquery.min.js
05.Feb 2024 20:54:11 [INFO]   [Dep Found] masonry: 2.1.06 - jquery/2.2.4/jquery.min.js
05.Feb 2024 20:54:11 [INFO]   [Dep Found] masonry: 2.1.07 - jquery/2.2.4/jquery.min.js
05.Feb 2024 20:54:11 [INFO]   [Dep Found] masonry: 2.1.08 - jquery/2.2.4/jquery.min.js
05.Feb 2024 20:54:12 [WARNING]   [Dep Not Found] masonry: 3.0.0
05.Feb 2024 20:54:12 [DEBUG] Start examing 11: material-design-icons
05.Feb 2024 20:54:16 [DEBUG] Start examing 12: material-design-lite
05.Feb 2024 20:54:22 [DEBUG] Start examing 13: material-kit
05.Feb 2024 20:54:23 [WARNING]   [Dep Not Found] material-kit: 1.0
05.Feb 2024 20:54:23 [DEBUG] Start examing 14: material-ui
05.Feb 2024 20:54:24 [WARNING]   [Dep Not Found] material-ui: 4.10.0
05.Feb 2024 20:54:24 [DEBUG] Start examing 15: materialize
05.Feb 2024 20:54:25 [INFO]   [Dep Found] materialize: 0.100.0 - jquery/2.2.4/jquery.min.js
05.Feb 2024 20:54:25 [INFO]   [Dep Found] materialize: 0.100.1 - jquery/2.2.4/jquery.min.js
05.Feb 2024 20:54:26 [INFO]   [Dep Found] materialize: 0.100.2 - jquery/2.2.4/jquery.min.js
05.Feb 2024 20:54:26 [INFO]   [Dep Found] materialize: 0.62 - jquery/2.2.4/jquery.min.js
05.Feb 2024 20:54:27 [INFO]   [Dep Found] materialize: 0.68 - jquery/2.2.4/jquery.min.js
05.Feb 2024 20:54:27 [INFO]   [Dep Found] materialize: 0.69 - jquery/2.2.4/jquery.min.js
05.Feb 2024 20:54:28 [INFO]   [Dep Found] materialize: 0.81 - jquery/2.2.4/jquery.min.js
05.Feb 2024 20:54:29 [INFO]   [Dep Found] materialize: 0.82 - jquery/2.2.4/jquery.min.js
05.Feb 2024 20:54:29 [INFO]   [Dep Found] materialize: 0.9 - jquery/2.2.4/jquery.min.js
05.Feb 2024 20:54:30 [INFO]   [Dep Found] materialize: 0.91 - jquery/2.2.4/jquery.min.js
05.Feb 2024 20:54:30 [INFO]   [Dep Found] materialize: 0.92.0 - jquery/2.2.4/jquery.min.js
05.Feb 2024 20:54:31 [INFO]   [Dep Found] materialize: 0.92.1 - jquery/2.2.4/jquery.min.js
05.Feb 2024 20:54:31 [INFO]   [Dep Found] materialize: 0.93.0 - jquery/2.2.4/jquery.min.js
05.Feb 2024 20:54:32 [INFO]   [Dep Found] materialize: 0.93.1 - jquery/2.2.4/jquery.min.js
05.Feb 2024 20:54:32 [INFO]   [Dep Found] materialize: 0.94.0 - jquery/2.2.4/jquery.min.js
05.Feb 2024 20:54:33 [INFO]   [Dep Found] materialize: 0.94.1 - jquery/2.2.4/jquery.min.js
05.Feb 2024 20:54:34 [INFO]   [Dep Found] materialize: 0.94.2 - jquery/2.2.4/jquery.min.js
05.Feb 2024 20:54:34 [INFO]   [Dep Found] materialize: 0.95.0 - jquery/2.2.4/jquery.min.js
05.Feb 2024 20:54:35 [INFO]   [Dep Found] materialize: 0.95.1 - jquery/2.2.4/jquery.min.js
05.Feb 2024 20:54:35 [INFO]   [Dep Found] materialize: 0.95.2 - jquery/2.2.4/jquery.min.js
05.Feb 2024 20:54:36 [INFO]   [Dep Found] materialize: 0.95.3 - jquery/2.2.4/jquery.min.js
05.Feb 2024 20:54:36 [INFO]   [Dep Found] materialize: 0.96.0 - jquery/2.2.4/jquery.min.js
05.Feb 2024 20:54:37 [INFO]   [Dep Found] materialize: 0.96.1 - jquery/2.2.4/jquery.min.js
05.Feb 2024 20:54:37 [INFO]   [Dep Found] materialize: 0.97.0 - jquery/2.2.4/jquery.min.js
05.Feb 2024 20:54:38 [INFO]   [Dep Found] materialize: 0.97.1 - jquery/2.2.4/jquery.min.js
05.Feb 2024 20:54:38 [INFO]   [Dep Found] materialize: 0.97.2 - jquery/2.2.4/jquery.min.js
05.Feb 2024 20:54:38 [INFO]   [Dep Found] materialize: 0.97.3 - jquery/2.2.4/jquery.min.js
05.Feb 2024 20:54:39 [INFO]   [Dep Found] materialize: 0.97.4 - jquery/2.2.4/jquery.min.js
05.Feb 2024 20:54:40 [INFO]   [Dep Found] materialize: 0.97.5 - jquery/2.2.4/jquery.min.js
05.Feb 2024 20:54:40 [INFO]   [Dep Found] materialize: 0.97.6 - jquery/2.2.4/jquery.min.js
05.Feb 2024 20:54:40 [INFO]   [Dep Found] materialize: 0.97.7 - jquery/2.2.4/jquery.min.js
05.Feb 2024 20:54:41 [INFO]   [Dep Found] materialize: 0.97.8 - jquery/2.2.4/jquery.min.js
05.Feb 2024 20:54:41 [INFO]   [Dep Found] materialize: 0.98.0 - jquery/2.2.4/jquery.min.js
05.Feb 2024 20:54:42 [INFO]   [Dep Found] materialize: 0.98.1 - jquery/2.2.4/jquery.min.js
05.Feb 2024 20:54:42 [INFO]   [Dep Found] materialize: 0.98.2 - jquery/2.2.4/jquery.min.js
05.Feb 2024 20:54:43 [INFO]   [Dep Found] materialize: 0.99.0 - jquery/2.2.4/jquery.min.js
05.Feb 2024 20:54:45 [DEBUG] Start examing 16: mathjax
05.Feb 2024 20:54:57 [WARNING]   [Dep Not Found] mathjax: 3.0.1
05.Feb 2024 20:54:57 [DEBUG] Start examing 17: matter-js
05.Feb 2024 20:55:05 [DEBUG] Start examing 18: mdb-ui-kit
05.Feb 2024 20:55:20 [WARNING]   [Dep Not Found] mdb-ui-kit: 7.0.0
05.Feb 2024 20:55:20 [DEBUG] Start examing 19: mdui
05.Feb 2024 20:55:25 [DEBUG] Start examing 20: mediaelement
05.Feb 2024 20:55:38 [INFO]   [Dep Found] mediaelement: 2.10.0 - jquery/2.2.4/jquery.min.js
05.Feb 2024 20:55:39 [INFO]   [Dep Found] mediaelement: 2.10.1 - jquery/2.2.4/jquery.min.js
05.Feb 2024 20:55:40 [INFO]   [Dep Found] mediaelement: 2.10.2 - jquery/2.2.4/jquery.min.js
05.Feb 2024 20:55:40 [INFO]   [Dep Found] mediaelement: 2.10.3 - jquery/2.2.4/jquery.min.js
05.Feb 2024 20:55:41 [INFO]   [Dep Found] mediaelement: 2.11.0 - jquery/2.2.4/jquery.min.js
05.Feb 2024 20:56:34 [DEBUG] Start examing 21: medium-editor
05.Feb 2024 20:57:40 [DEBUG] Start examing 22: medium-zoom
05.Feb 2024 20:57:42 [WARNING]   [Dep Not Found] medium-zoom: 0.2.0
05.Feb 2024 20:57:42 [DEBUG] Start examing 23: melonjs
05.Feb 2024 20:57:48 [DEBUG] Start examing 24: messenger
05.Feb 2024 20:57:49 [WARNING]   [Dep Not Found] messenger: 1.1.3
05.Feb 2024 20:57:49 [DEBUG] Start examing 25: metrics-graphics
05.Feb 2024 20:57:52 [INFO]   [Dep Found] metrics-graphics: 0.5.0 - jquery/2.2.4/jquery.min.js
05.Feb 2024 20:57:54 [INFO]   [Dep Found] metrics-graphics: 1.1.0 - jquery/2.2.4/jquery.min.js
05.Feb 2024 20:57:55 [INFO]   [Dep Found] metrics-graphics: 2.0.0 - jquery/2.2.4/jquery.min.js
05.Feb 2024 20:57:55 [INFO]   [Dep Found] metrics-graphics: 2.1.0 - jquery/2.2.4/jquery.min.js
05.Feb 2024 20:58:01 [WARNING]   [Dep Not Found] metrics-graphics: 2.15.4
05.Feb 2024 20:58:01 [DEBUG] Start examing 26: metro
05.Feb 2024 20:58:02 [INFO]   [Dep Found] metro: 3.0.0 - jquery/2.2.4/jquery.min.js
05.Feb 2024 20:58:03 [INFO]   [Dep Found] metro: 3.0.0-beta.1 - jquery/2.2.4/jquery.min.js
05.Feb 2024 20:58:03 [INFO]   [Dep Found] metro: 3.0.10 - jquery/2.2.4/jquery.min.js
05.Feb 2024 20:58:04 [INFO]   [Dep Found] metro: 3.0.11 - jquery/2.2.4/jquery.min.js
05.Feb 2024 20:58:05 [INFO]   [Dep Found] metro: 3.0.12 - jquery/2.2.4/jquery.min.js
05.Feb 2024 20:58:06 [INFO]   [Dep Found] metro: 3.0.13 - jquery/2.2.4/jquery.min.js
05.Feb 2024 20:58:06 [INFO]   [Dep Found] metro: 3.0.14 - jquery/2.2.4/jquery.min.js
05.Feb 2024 20:58:07 [INFO]   [Dep Found] metro: 3.0.15 - jquery/2.2.4/jquery.min.js
05.Feb 2024 20:58:08 [INFO]   [Dep Found] metro: 3.0.16 - jquery/2.2.4/jquery.min.js
05.Feb 2024 20:58:08 [INFO]   [Dep Found] metro: 3.0.17 - jquery/2.2.4/jquery.min.js
05.Feb 2024 20:58:09 [INFO]   [Dep Found] metro: 3.0.18 - jquery/2.2.4/jquery.min.js
05.Feb 2024 20:58:10 [INFO]   [Dep Found] metro: 3.0.2 - jquery/2.2.4/jquery.min.js
05.Feb 2024 20:58:10 [INFO]   [Dep Found] metro: 3.0.3 - jquery/2.2.4/jquery.min.js
05.Feb 2024 20:58:11 [INFO]   [Dep Found] metro: 3.0.4 - jquery/2.2.4/jquery.min.js
05.Feb 2024 20:58:11 [INFO]   [Dep Found] metro: 3.0.5 - jquery/2.2.4/jquery.min.js
05.Feb 2024 20:58:12 [INFO]   [Dep Found] metro: 3.0.6 - jquery/2.2.4/jquery.min.js
05.Feb 2024 20:58:13 [INFO]   [Dep Found] metro: 3.0.7 - jquery/2.2.4/jquery.min.js
05.Feb 2024 20:58:14 [INFO]   [Dep Found] metro: 3.0.8 - jquery/2.2.4/jquery.min.js
05.Feb 2024 20:58:14 [INFO]   [Dep Found] metro: 3.0.9 - jquery/2.2.4/jquery.min.js
05.Feb 2024 20:58:15 [INFO]   [Dep Found] metro: 4.0.0 - jquery/2.2.4/jquery.min.js
05.Feb 2024 20:58:15 [INFO]   [Dep Found] metro: 4.0.1 - jquery/2.2.4/jquery.min.js
05.Feb 2024 20:58:16 [INFO]   [Dep Found] metro: 4.0.10 - jquery/2.2.4/jquery.min.js
05.Feb 2024 20:58:17 [INFO]   [Dep Found] metro: 4.0.2 - jquery/2.2.4/jquery.min.js
05.Feb 2024 20:58:18 [INFO]   [Dep Found] metro: 4.0.2.1 - jquery/2.2.4/jquery.min.js
05.Feb 2024 20:58:18 [INFO]   [Dep Found] metro: 4.0.3 - jquery/2.2.4/jquery.min.js
05.Feb 2024 20:58:19 [INFO]   [Dep Found] metro: 4.0.4 - jquery/2.2.4/jquery.min.js
05.Feb 2024 20:58:20 [INFO]   [Dep Found] metro: 4.0.5 - jquery/2.2.4/jquery.min.js
05.Feb 2024 20:58:21 [INFO]   [Dep Found] metro: 4.0.6 - jquery/2.2.4/jquery.min.js
05.Feb 2024 20:58:21 [INFO]   [Dep Found] metro: 4.0.7 - jquery/2.2.4/jquery.min.js
05.Feb 2024 20:58:22 [INFO]   [Dep Found] metro: 4.0.8 - jquery/2.2.4/jquery.min.js
05.Feb 2024 20:58:23 [INFO]   [Dep Found] metro: 4.0.9 - jquery/2.2.4/jquery.min.js
05.Feb 2024 20:58:23 [INFO]   [Dep Found] metro: 4.1.0 - jquery/2.2.4/jquery.min.js
05.Feb 2024 20:58:24 [INFO]   [Dep Found] metro: 4.1.1 - jquery/2.2.4/jquery.min.js
05.Feb 2024 20:58:25 [INFO]   [Dep Found] metro: 4.1.10 - jquery/2.2.4/jquery.min.js
05.Feb 2024 20:58:26 [INFO]   [Dep Found] metro: 4.1.11 - jquery/2.2.4/jquery.min.js
05.Feb 2024 20:58:27 [INFO]   [Dep Found] metro: 4.1.12 - jquery/2.2.4/jquery.min.js
05.Feb 2024 20:58:27 [INFO]   [Dep Found] metro: 4.1.13 - jquery/2.2.4/jquery.min.js
05.Feb 2024 20:58:28 [INFO]   [Dep Found] metro: 4.1.14 - jquery/2.2.4/jquery.min.js
05.Feb 2024 20:58:29 [INFO]   [Dep Found] metro: 4.1.15 - jquery/2.2.4/jquery.min.js
05.Feb 2024 20:58:30 [INFO]   [Dep Found] metro: 4.1.16 - jquery/2.2.4/jquery.min.js
05.Feb 2024 20:58:31 [INFO]   [Dep Found] metro: 4.1.17 - jquery/2.2.4/jquery.min.js
05.Feb 2024 20:58:31 [INFO]   [Dep Found] metro: 4.1.18 - jquery/2.2.4/jquery.min.js
05.Feb 2024 20:58:32 [INFO]   [Dep Found] metro: 4.1.19 - jquery/2.2.4/jquery.min.js
05.Feb 2024 20:58:33 [INFO]   [Dep Found] metro: 4.1.2 - jquery/2.2.4/jquery.min.js
05.Feb 2024 20:58:33 [INFO]   [Dep Found] metro: 4.1.20 - jquery/2.2.4/jquery.min.js
05.Feb 2024 20:58:34 [INFO]   [Dep Found] metro: 4.1.3 - jquery/2.2.4/jquery.min.js
05.Feb 2024 20:58:35 [INFO]   [Dep Found] metro: 4.1.4 - jquery/2.2.4/jquery.min.js
05.Feb 2024 20:58:36 [INFO]   [Dep Found] metro: 4.1.5 - jquery/2.2.4/jquery.min.js
05.Feb 2024 20:58:36 [INFO]   [Dep Found] metro: 4.1.6 - jquery/2.2.4/jquery.min.js
05.Feb 2024 20:58:37 [INFO]   [Dep Found] metro: 4.1.7 - jquery/2.2.4/jquery.min.js
05.Feb 2024 20:58:38 [INFO]   [Dep Found] metro: 4.1.8 - jquery/2.2.4/jquery.min.js
05.Feb 2024 20:58:39 [INFO]   [Dep Found] metro: 4.1.9 - jquery/2.2.4/jquery.min.js
05.Feb 2024 20:58:39 [INFO]   [Dep Found] metro: 4.2.0 - jquery/2.2.4/jquery.min.js
05.Feb 2024 20:58:40 [INFO]   [Dep Found] metro: 4.2.1 - jquery/2.2.4/jquery.min.js
05.Feb 2024 20:58:41 [INFO]   [Dep Found] metro: 4.2.10 - jquery/2.2.4/jquery.min.js
05.Feb 2024 20:58:42 [INFO]   [Dep Found] metro: 4.2.11 - jquery/2.2.4/jquery.min.js
05.Feb 2024 20:58:43 [INFO]   [Dep Found] metro: 4.2.12 - jquery/2.2.4/jquery.min.js
05.Feb 2024 20:58:43 [INFO]   [Dep Found] metro: 4.2.13 - jquery/2.2.4/jquery.min.js
05.Feb 2024 20:58:44 [INFO]   [Dep Found] metro: 4.2.14 - jquery/2.2.4/jquery.min.js
05.Feb 2024 20:58:45 [INFO]   [Dep Found] metro: 4.2.15 - jquery/2.2.4/jquery.min.js
05.Feb 2024 20:58:46 [INFO]   [Dep Found] metro: 4.2.16 - jquery/2.2.4/jquery.min.js
05.Feb 2024 20:58:46 [INFO]   [Dep Found] metro: 4.2.17 - jquery/2.2.4/jquery.min.js
05.Feb 2024 20:58:47 [INFO]   [Dep Found] metro: 4.2.18 - jquery/2.2.4/jquery.min.js
05.Feb 2024 20:58:48 [INFO]   [Dep Found] metro: 4.2.19 - jquery/2.2.4/jquery.min.js
05.Feb 2024 20:58:48 [INFO]   [Dep Found] metro: 4.2.2 - jquery/2.2.4/jquery.min.js
05.Feb 2024 20:58:49 [INFO]   [Dep Found] metro: 4.2.20 - jquery/2.2.4/jquery.min.js
05.Feb 2024 20:58:50 [INFO]   [Dep Found] metro: 4.2.21 - jquery/2.2.4/jquery.min.js
05.Feb 2024 20:58:51 [INFO]   [Dep Found] metro: 4.2.22 - jquery/2.2.4/jquery.min.js
05.Feb 2024 20:58:52 [INFO]   [Dep Found] metro: 4.2.23 - jquery/2.2.4/jquery.min.js
05.Feb 2024 20:58:52 [INFO]   [Dep Found] metro: 4.2.24 - jquery/2.2.4/jquery.min.js
05.Feb 2024 20:58:53 [INFO]   [Dep Found] metro: 4.2.25 - jquery/2.2.4/jquery.min.js
05.Feb 2024 20:58:54 [INFO]   [Dep Found] metro: 4.2.26 - jquery/2.2.4/jquery.min.js
05.Feb 2024 20:58:55 [INFO]   [Dep Found] metro: 4.2.27 - jquery/2.2.4/jquery.min.js
05.Feb 2024 20:58:55 [INFO]   [Dep Found] metro: 4.2.28 - jquery/2.2.4/jquery.min.js
05.Feb 2024 20:58:56 [INFO]   [Dep Found] metro: 4.2.29 - jquery/2.2.4/jquery.min.js
05.Feb 2024 20:58:57 [INFO]   [Dep Found] metro: 4.2.3 - jquery/2.2.4/jquery.min.js
05.Feb 2024 20:58:58 [INFO]   [Dep Found] metro: 4.2.30 - jquery/2.2.4/jquery.min.js
05.Feb 2024 20:58:59 [INFO]   [Dep Found] metro: 4.2.31 - jquery/2.2.4/jquery.min.js
05.Feb 2024 20:58:59 [INFO]   [Dep Found] metro: 4.2.32 - jquery/2.2.4/jquery.min.js
05.Feb 2024 20:59:00 [INFO]   [Dep Found] metro: 4.2.33 - jquery/2.2.4/jquery.min.js
05.Feb 2024 20:59:01 [INFO]   [Dep Found] metro: 4.2.34 - jquery/2.2.4/jquery.min.js
05.Feb 2024 20:59:02 [INFO]   [Dep Found] metro: 4.2.35 - jquery/2.2.4/jquery.min.js
05.Feb 2024 20:59:03 [INFO]   [Dep Found] metro: 4.2.36 - jquery/2.2.4/jquery.min.js
05.Feb 2024 20:59:04 [INFO]   [Dep Found] metro: 4.2.37 - jquery/2.2.4/jquery.min.js
05.Feb 2024 20:59:04 [INFO]   [Dep Found] metro: 4.2.38 - jquery/2.2.4/jquery.min.js
05.Feb 2024 20:59:05 [INFO]   [Dep Found] metro: 4.2.39 - jquery/2.2.4/jquery.min.js
05.Feb 2024 20:59:06 [INFO]   [Dep Found] metro: 4.2.4 - jquery/2.2.4/jquery.min.js
05.Feb 2024 20:59:07 [INFO]   [Dep Found] metro: 4.2.40 - jquery/2.2.4/jquery.min.js
05.Feb 2024 20:59:08 [INFO]   [Dep Found] metro: 4.2.41 - jquery/2.2.4/jquery.min.js
05.Feb 2024 20:59:09 [INFO]   [Dep Found] metro: 4.2.42 - jquery/2.2.4/jquery.min.js
05.Feb 2024 20:59:09 [INFO]   [Dep Found] metro: 4.2.43 - jquery/2.2.4/jquery.min.js
05.Feb 2024 20:59:10 [INFO]   [Dep Found] metro: 4.2.44 - jquery/2.2.4/jquery.min.js
05.Feb 2024 20:59:11 [INFO]   [Dep Found] metro: 4.2.45 - jquery/2.2.4/jquery.min.js
05.Feb 2024 20:59:12 [INFO]   [Dep Found] metro: 4.2.46 - jquery/2.2.4/jquery.min.js
05.Feb 2024 20:59:13 [INFO]   [Dep Found] metro: 4.2.47 - jquery/2.2.4/jquery.min.js
05.Feb 2024 20:59:13 [INFO]   [Dep Found] metro: 4.2.48 - jquery/2.2.4/jquery.min.js
05.Feb 2024 20:59:14 [INFO]   [Dep Found] metro: 4.2.49 - jquery/2.2.4/jquery.min.js
05.Feb 2024 20:59:15 [INFO]   [Dep Found] metro: 4.2.5 - jquery/2.2.4/jquery.min.js
05.Feb 2024 20:59:16 [INFO]   [Dep Found] metro: 4.2.6 - jquery/2.2.4/jquery.min.js
05.Feb 2024 20:59:17 [INFO]   [Dep Found] metro: 4.2.7 - jquery/2.2.4/jquery.min.js
05.Feb 2024 20:59:17 [INFO]   [Dep Found] metro: 4.2.8 - jquery/2.2.4/jquery.min.js
05.Feb 2024 20:59:18 [INFO]   [Dep Found] metro: 4.2.9 - jquery/2.2.4/jquery.min.js
05.Feb 2024 20:59:27 [DEBUG] Start examing 27: microdiff
05.Feb 2024 20:59:28 [WARNING]   [Dep Not Found] microdiff: 1.0.0
05.Feb 2024 20:59:28 [DEBUG] Start examing 28: micromodal
05.Feb 2024 20:59:30 [WARNING]   [Dep Not Found] micromodal: 0.3.0
05.Feb 2024 20:59:30 [DEBUG] Start examing 29: microsoft-signalr
05.Feb 2024 21:00:32 [DEBUG] Start examing 30: midi.js
05.Feb 2024 21:00:32 [DEBUG] Start examing 31: midnight.js
05.Feb 2024 21:00:33 [INFO]   [Dep Found] midnight.js: 1.0.0 - jquery/2.2.4/jquery.min.js
05.Feb 2024 21:00:34 [INFO]   [Dep Found] midnight.js: 1.0.1 - jquery/2.2.4/jquery.min.js
05.Feb 2024 21:00:35 [INFO]   [Dep Found] midnight.js: 1.0.2 - jquery/2.2.4/jquery.min.js
05.Feb 2024 21:00:36 [INFO]   [Dep Found] midnight.js: 1.0.3 - jquery/2.2.4/jquery.min.js
05.Feb 2024 21:00:36 [INFO]   [Dep Found] midnight.js: 1.0.4 - jquery/2.2.4/jquery.min.js
05.Feb 2024 21:00:37 [INFO]   [Dep Found] midnight.js: 1.1.0 - jquery/2.2.4/jquery.min.js
05.Feb 2024 21:00:38 [INFO]   [Dep Found] midnight.js: 1.1.1 - jquery/2.2.4/jquery.min.js
05.Feb 2024 21:00:39 [INFO]   [Dep Found] midnight.js: 1.1.2 - jquery/2.2.4/jquery.min.js
05.Feb 2024 21:00:39 [DEBUG] Start examing 32: milligram
05.Feb 2024 21:00:42 [DEBUG] Start examing 33: mini.css
05.Feb 2024 21:00:50 [DEBUG] Start examing 34: mint-ui
05.Feb 2024 21:01:06 [WARNING]   [Dep Not Found] mint-ui: 0.2.10
05.Feb 2024 21:01:06 [DEBUG] Start examing 35: mithril
05.Feb 2024 21:02:11 [WARNING]   [Dep Not Found] mithril: 3.0.0-next.4
05.Feb 2024 21:02:11 [DEBUG] Start examing 36: mixitup
05.Feb 2024 21:02:11 [INFO]   [Dep Found] mixitup: 1.4.0 - jquery/2.2.4/jquery.min.js
05.Feb 2024 21:02:12 [INFO]   [Dep Found] mixitup: 1.4.1 - jquery/2.2.4/jquery.min.js
05.Feb 2024 21:02:13 [INFO]   [Dep Found] mixitup: 1.5 - jquery/2.2.4/jquery.min.js
05.Feb 2024 21:02:14 [INFO]   [Dep Found] mixitup: 1.5.0 - jquery/2.2.4/jquery.min.js
05.Feb 2024 21:02:15 [INFO]   [Dep Found] mixitup: 1.5.1 - jquery/2.2.4/jquery.min.js
05.Feb 2024 21:02:16 [INFO]   [Dep Found] mixitup: 1.5.2 - jquery/2.2.4/jquery.min.js
05.Feb 2024 21:02:17 [INFO]   [Dep Found] mixitup: 1.5.3 - jquery/2.2.4/jquery.min.js
05.Feb 2024 21:02:17 [INFO]   [Dep Found] mixitup: 1.5.4 - jquery/2.2.4/jquery.min.js
05.Feb 2024 21:02:18 [INFO]   [Dep Found] mixitup: 1.5.5 - jquery/2.2.4/jquery.min.js
05.Feb 2024 21:02:19 [INFO]   [Dep Found] mixitup: 1.5.6 - jquery/2.2.4/jquery.min.js
05.Feb 2024 21:02:20 [INFO]   [Dep Found] mixitup: 2.0.0 - jquery/2.2.4/jquery.min.js
05.Feb 2024 21:02:21 [INFO]   [Dep Found] mixitup: 2.0.1 - jquery/2.2.4/jquery.min.js
05.Feb 2024 21:02:22 [INFO]   [Dep Found] mixitup: 2.0.2 - jquery/2.2.4/jquery.min.js
05.Feb 2024 21:02:23 [INFO]   [Dep Found] mixitup: 2.0.3 - jquery/2.2.4/jquery.min.js
05.Feb 2024 21:02:24 [INFO]   [Dep Found] mixitup: 2.0.4 - jquery/2.2.4/jquery.min.js
05.Feb 2024 21:02:25 [INFO]   [Dep Found] mixitup: 2.0.5 - jquery/2.2.4/jquery.min.js
05.Feb 2024 21:02:26 [INFO]   [Dep Found] mixitup: 2.0.6 - jquery/2.2.4/jquery.min.js
05.Feb 2024 21:02:26 [INFO]   [Dep Found] mixitup: 2.1.0 - jquery/2.2.4/jquery.min.js
05.Feb 2024 21:02:27 [INFO]   [Dep Found] mixitup: 2.1.1 - jquery/2.2.4/jquery.min.js
05.Feb 2024 21:02:28 [INFO]   [Dep Found] mixitup: 2.1.10 - jquery/2.2.4/jquery.min.js
05.Feb 2024 21:02:29 [INFO]   [Dep Found] mixitup: 2.1.11 - jquery/2.2.4/jquery.min.js
05.Feb 2024 21:02:30 [INFO]   [Dep Found] mixitup: 2.1.2 - jquery/2.2.4/jquery.min.js
05.Feb 2024 21:02:31 [INFO]   [Dep Found] mixitup: 2.1.3 - jquery/2.2.4/jquery.min.js
05.Feb 2024 21:02:32 [INFO]   [Dep Found] mixitup: 2.1.4 - jquery/2.2.4/jquery.min.js
05.Feb 2024 21:02:32 [INFO]   [Dep Found] mixitup: 2.1.5 - jquery/2.2.4/jquery.min.js
05.Feb 2024 21:02:33 [INFO]   [Dep Found] mixitup: 2.1.6 - jquery/2.2.4/jquery.min.js
05.Feb 2024 21:02:34 [INFO]   [Dep Found] mixitup: 2.1.7 - jquery/2.2.4/jquery.min.js
05.Feb 2024 21:02:35 [INFO]   [Dep Found] mixitup: 2.1.8 - jquery/2.2.4/jquery.min.js
05.Feb 2024 21:02:36 [INFO]   [Dep Found] mixitup: 2.1.9 - jquery/2.2.4/jquery.min.js
05.Feb 2024 21:02:46 [DEBUG] Start examing 37: mo-js
05.Feb 2024 21:02:59 [DEBUG] Start examing 38: mobile-angular-ui
05.Feb 2024 21:03:01 [WARNING]   [Dep Not Found] mobile-angular-ui: 0.0.0
05.Feb 2024 21:03:01 [DEBUG] Start examing 39: mobile-detect
05.Feb 2024 21:03:15 [DEBUG] Start examing 40: mobx-react-lite
05.Feb 2024 21:03:16 [WARNING]   [Dep Not Found] mobx-react-lite: 3.0.1
05.Feb 2024 21:03:16 [DEBUG] Start examing 41: mobx-react
05.Feb 2024 21:03:18 [WARNING]   [Dep Not Found] mobx-react: 0.1.2
05.Feb 2024 21:03:18 [DEBUG] Start examing 42: mocha
05.Feb 2024 21:03:27 [INFO]   [Dep Found] mocha: 0.12.0 - jquery/2.2.4/jquery.min.js
05.Feb 2024 21:03:28 [INFO]   [Dep Found] mocha: 0.12.1 - jquery/2.2.4/jquery.min.js
05.Feb 2024 21:03:28 [INFO]   [Dep Found] mocha: 0.13.0 - jquery/2.2.4/jquery.min.js
05.Feb 2024 21:03:29 [INFO]   [Dep Found] mocha: 0.14.0 - jquery/2.2.4/jquery.min.js
05.Feb 2024 21:03:55 [WARNING]   [Dep Not Found] mocha: 1.21.1
05.Feb 2024 21:03:55 [DEBUG] Start examing 43: Mock.js
05.Feb 2024 21:04:04 [DEBUG] Start examing 44: modern-normalize
05.Feb 2024 21:04:08 [DEBUG] Start examing 45: modernizr
05.Feb 2024 21:04:23 [DEBUG] Start examing 46: moment-timezone
05.Feb 2024 21:04:27 [WARNING]   [Dep Not Found] moment-timezone: 0.1.0
05.Feb 2024 21:04:27 [DEBUG] Start examing 47: moment.js
05.Feb 2024 21:05:06 [DEBUG] Start examing 48: moonjs
05.Feb 2024 21:05:27 [DEBUG] Start examing 49: mori
05.Feb 2024 21:05:34 [DEBUG] Start examing 50: morris.js
05.Feb 2024 21:05:35 [INFO]   [Dep Found] morris.js: 0.2.10 - jquery/2.2.4/jquery.min.js
05.Feb 2024 21:05:36 [INFO]   [Dep Found] morris.js: 0.2.3 - jquery/2.2.4/jquery.min.js
05.Feb 2024 21:05:38 [INFO]   [Dep Found] morris.js: 0.2.4 - jquery/2.2.4/jquery.min.js
05.Feb 2024 21:05:39 [INFO]   [Dep Found] morris.js: 0.2.5 - jquery/2.2.4/jquery.min.js
05.Feb 2024 21:05:40 [INFO]   [Dep Found] morris.js: 0.2.6 - jquery/2.2.4/jquery.min.js
05.Feb 2024 21:05:41 [INFO]   [Dep Found] morris.js: 0.2.7 - jquery/2.2.4/jquery.min.js
05.Feb 2024 21:05:42 [INFO]   [Dep Found] morris.js: 0.2.8 - jquery/2.2.4/jquery.min.js
05.Feb 2024 21:05:43 [INFO]   [Dep Found] morris.js: 0.2.9 - jquery/2.2.4/jquery.min.js
05.Feb 2024 21:05:43 [INFO]   [Dep Found] morris.js: 0.3.0 - jquery/2.2.4/jquery.min.js
05.Feb 2024 21:05:45 [INFO]   [Dep Found] morris.js: 0.3.1 - jquery/2.2.4/jquery.min.js
05.Feb 2024 21:05:46 [INFO]   [Dep Found] morris.js: 0.3.2 - jquery/2.2.4/jquery.min.js
05.Feb 2024 21:05:47 [INFO]   [Dep Found] morris.js: 0.3.3 - jquery/2.2.4/jquery.min.js
05.Feb 2024 21:05:48 [INFO]   [Dep Found] morris.js: 0.4.0 - jquery/2.2.4/jquery.min.js
05.Feb 2024 21:05:49 [INFO]   [Dep Found] morris.js: 0.4.1 - jquery/2.2.4/jquery.min.js
05.Feb 2024 21:05:50 [INFO]   [Dep Found] morris.js: 0.4.2 - jquery/2.2.4/jquery.min.js
05.Feb 2024 21:05:51 [INFO]   [Dep Found] morris.js: 0.4.3 - jquery/2.2.4/jquery.min.js
05.Feb 2024 21:05:52 [INFO]   [Dep Found] morris.js: 0.5.0 - jquery/2.2.4/jquery.min.js
05.Feb 2024 21:05:53 [INFO]   [Dep Found] morris.js: 0.5.1 - jquery/2.2.4/jquery.min.js
05.Feb 2024 21:05:53 [DEBUG] Start examing 51: most
05.Feb 2024 21:06:23 [WARNING]   [Dep Not Found] most: 1.9.0
05.Feb 2024 21:06:23 [DEBUG] Start examing 52: mousetrap
05.Feb 2024 21:06:25 [WARNING]   [Dep Not Found] mousetrap: 0.0.1
05.Feb 2024 21:06:25 [DEBUG] Start examing 53: move.js
05.Feb 2024 21:06:34 [DEBUG] Start examing 54: moveable
05.Feb 2024 21:07:45 [DEBUG] Start examing 55: moveTo
05.Feb 2024 21:07:47 [WARNING]   [Dep Not Found] moveTo: 1.0.0
05.Feb 2024 21:07:47 [DEBUG] Start examing 56: mqtt
05.Feb 2024 21:08:24 [DEBUG] Start examing 57: mui
05.Feb 2024 21:08:27 [WARNING]   [Dep Not Found] mui: 0.5.8
05.Feb 2024 21:08:27 [DEBUG] Start examing 58: muicss
05.Feb 2024 21:08:29 [WARNING]   [Dep Not Found] muicss: 0.0.1
05.Feb 2024 21:08:29 [DEBUG] Start examing 59: muse-ui
05.Feb 2024 21:08:31 [WARNING]   [Dep Not Found] muse-ui: 3.0.0
05.Feb 2024 21:08:31 [DEBUG] Start examing 60: mustache.js
05.Feb 2024 21:09:02 [WARNING]   [Dep Not Found] mustache.js: 4.2.0
05.Feb 2024 21:09:02 [DEBUG] Start examing 61: muuri
05.Feb 2024 21:09:04 [INFO]   [Dep Found] muuri: 0.3.0 - jquery/2.2.4/jquery.min.js
05.Feb 2024 21:09:13 [DEBUG] Start examing 62: mvp.css
05.Feb 2024 21:09:21 [DEBUG] Start examing 63: naive-ui
05.Feb 2024 21:09:24 [WARNING]   [Dep Not Found] naive-ui: 2.33.1
05.Feb 2024 21:09:24 [DEBUG] Start examing 64: nanobar
05.Feb 2024 21:09:30 [DEBUG] Start examing 65: nanoid
05.Feb 2024 21:09:32 [WARNING]   [Dep Not Found] nanoid: 3.1.0
05.Feb 2024 21:09:32 [DEBUG] Start examing 66: nedb
05.Feb 2024 21:10:07 [WARNING]   [Dep Not Found] nedb: 1.6.2
05.Feb 2024 21:10:07 [DEBUG] Start examing 67: nes.css
05.Feb 2024 21:10:10 [DEBUG] Start examing 68: Nestable
05.Feb 2024 21:10:11 [INFO]   [Dep Found] Nestable: 2012-06-27 - jquery/2.2.4/jquery.min.js
05.Feb 2024 21:10:12 [INFO]   [Dep Found] Nestable: 2012-10-15 - jquery/2.2.4/jquery.min.js
05.Feb 2024 21:10:12 [DEBUG] Start examing 69: ng-bootstrap
05.Feb 2024 21:10:15 [WARNING]   [Dep Not Found] ng-bootstrap: 1.0.0
05.Feb 2024 21:10:15 [DEBUG] Start examing 70: ng-cordova
05.Feb 2024 21:10:17 [WARNING]   [Dep Not Found] ng-cordova: 0.1.0-alpha
05.Feb 2024 21:10:17 [DEBUG] Start examing 71: ng-dialog
05.Feb 2024 21:10:19 [WARNING]   [Dep Not Found] ng-dialog: 0.1.5
05.Feb 2024 21:10:19 [DEBUG] Start examing 72: ng-grid
05.Feb 2024 21:10:22 [WARNING]   [Dep Not Found] ng-grid: 2.0.10
05.Feb 2024 21:10:22 [DEBUG] Start examing 73: ng2-bootstrap
05.Feb 2024 21:10:24 [WARNING]   [Dep Not Found] ng2-bootstrap: 1.0.1-beta.2
05.Feb 2024 21:10:24 [DEBUG] Start examing 74: ngInfiniteScroll
05.Feb 2024 21:10:26 [WARNING]   [Dep Not Found] ngInfiniteScroll: 0.1.0
05.Feb 2024 21:10:26 [DEBUG] Start examing 75: nlp_compromise
05.Feb 2024 21:11:10 [WARNING]   [Dep Not Found] nlp_compromise: 6.5.4
05.Feb 2024 21:11:10 [DEBUG] Start examing 76: node-open
05.Feb 2024 21:11:13 [WARNING]   [Dep Not Found] node-open: 10.0.0
05.Feb 2024 21:11:13 [DEBUG] Start examing 77: node-polyglot
05.Feb 2024 21:11:15 [WARNING]   [Dep Not Found] node-polyglot: 2.1.0
05.Feb 2024 21:11:15 [DEBUG] Start examing 78: node-waves
05.Feb 2024 21:11:30 [DEBUG] Start examing 79: normalize
05.Feb 2024 21:11:43 [DEBUG] Start examing 80: notie
05.Feb 2024 21:12:03 [DEBUG] Start examing 81: noty
05.Feb 2024 21:12:09 [DEBUG] Start examing 82: noUiSlider
05.Feb 2024 21:12:11 [INFO]   [Dep Found] noUiSlider: 0.9.8 - jquery/2.2.4/jquery.min.js
05.Feb 2024 21:12:12 [INFO]   [Dep Found] noUiSlider: 1.1.7 - jquery/2.2.4/jquery.min.js
05.Feb 2024 21:12:13 [INFO]   [Dep Found] noUiSlider: 1.2.2 - jquery/2.2.4/jquery.min.js
05.Feb 2024 21:12:14 [INFO]   [Dep Found] noUiSlider: 1.2.8 - jquery/2.2.4/jquery.min.js
05.Feb 2024 21:12:15 [INFO]   [Dep Found] noUiSlider: 1.3.1 - jquery/2.2.4/jquery.min.js
05.Feb 2024 21:12:45 [INFO]   [Dep Found] noUiSlider: 2.0.0 - jquery/2.2.4/jquery.min.js
05.Feb 2024 21:12:46 [INFO]   [Dep Found] noUiSlider: 2.0.4 - jquery/2.2.4/jquery.min.js
05.Feb 2024 21:12:48 [INFO]   [Dep Found] noUiSlider: 2.1.3 - jquery/2.2.4/jquery.min.js
05.Feb 2024 21:12:49 [INFO]   [Dep Found] noUiSlider: 2.1.4 - jquery/2.2.4/jquery.min.js
05.Feb 2024 21:12:50 [INFO]   [Dep Found] noUiSlider: 2.5.0 - jquery/2.2.4/jquery.min.js
05.Feb 2024 21:12:51 [INFO]   [Dep Found] noUiSlider: 2.5.1 - jquery/2.2.4/jquery.min.js
05.Feb 2024 21:12:53 [INFO]   [Dep Found] noUiSlider: 2.5.2 - jquery/2.2.4/jquery.min.js
05.Feb 2024 21:12:54 [INFO]   [Dep Found] noUiSlider: 2.5.3 - jquery/2.2.4/jquery.min.js
05.Feb 2024 21:12:55 [INFO]   [Dep Found] noUiSlider: 2.5.4 - jquery/2.2.4/jquery.min.js
05.Feb 2024 21:12:56 [INFO]   [Dep Found] noUiSlider: 2.5.5 - jquery/2.2.4/jquery.min.js
05.Feb 2024 21:12:57 [INFO]   [Dep Found] noUiSlider: 3.0.0 - jquery/2.2.4/jquery.min.js
05.Feb 2024 21:12:59 [INFO]   [Dep Found] noUiSlider: 3.0.1 - jquery/2.2.4/jquery.min.js
05.Feb 2024 21:13:00 [INFO]   [Dep Found] noUiSlider: 3.0.2 - jquery/2.2.4/jquery.min.js
05.Feb 2024 21:13:01 [INFO]   [Dep Found] noUiSlider: 3.0.4 - jquery/2.2.4/jquery.min.js
05.Feb 2024 21:13:02 [INFO]   [Dep Found] noUiSlider: 3.0.6 - jquery/2.2.4/jquery.min.js
05.Feb 2024 21:13:03 [INFO]   [Dep Found] noUiSlider: 3.0.7 - jquery/2.2.4/jquery.min.js
05.Feb 2024 21:13:04 [INFO]   [Dep Found] noUiSlider: 3.0.9 - jquery/2.2.4/jquery.min.js
05.Feb 2024 21:13:06 [INFO]   [Dep Found] noUiSlider: 3.1.1 - jquery/2.2.4/jquery.min.js
05.Feb 2024 21:13:07 [INFO]   [Dep Found] noUiSlider: 3.2.0 - jquery/2.2.4/jquery.min.js
05.Feb 2024 21:13:08 [INFO]   [Dep Found] noUiSlider: 3.2.1 - jquery/2.2.4/jquery.min.js
05.Feb 2024 21:13:09 [INFO]   [Dep Found] noUiSlider: 4.0.0 - jquery/2.2.4/jquery.min.js
05.Feb 2024 21:13:10 [INFO]   [Dep Found] noUiSlider: 4.0.1 - jquery/2.2.4/jquery.min.js
05.Feb 2024 21:13:12 [INFO]   [Dep Found] noUiSlider: 4.0.2 - jquery/2.2.4/jquery.min.js
05.Feb 2024 21:13:13 [INFO]   [Dep Found] noUiSlider: 4.0.3 - jquery/2.2.4/jquery.min.js
05.Feb 2024 21:13:14 [INFO]   [Dep Found] noUiSlider: 4.1.0 - jquery/2.2.4/jquery.min.js
05.Feb 2024 21:13:15 [INFO]   [Dep Found] noUiSlider: 4.2.0 - jquery/2.2.4/jquery.min.js
05.Feb 2024 21:13:16 [INFO]   [Dep Found] noUiSlider: 4.2.2 - jquery/2.2.4/jquery.min.js
05.Feb 2024 21:13:18 [INFO]   [Dep Found] noUiSlider: 4.3.0 - jquery/2.2.4/jquery.min.js
05.Feb 2024 21:13:19 [INFO]   [Dep Found] noUiSlider: 5.0.0 - jquery/2.2.4/jquery.min.js
05.Feb 2024 21:13:21 [INFO]   [Dep Found] noUiSlider: 6.0.0 - jquery/2.2.4/jquery.min.js
05.Feb 2024 21:13:23 [WARNING]   [Dep Not Found] noUiSlider: 6.1.0
05.Feb 2024 21:13:23 [DEBUG] Start examing 83: nprogress
05.Feb 2024 21:13:28 [DEBUG] Start examing 84: numeral.js
05.Feb 2024 21:13:51 [WARNING]   [Dep Not Found] numeral.js: 2.0.5
05.Feb 2024 21:13:51 [DEBUG] Start examing 85: nunjucks
05.Feb 2024 21:13:54 [WARNING]   [Dep Not Found] nunjucks: 0.1.0
05.Feb 2024 21:13:54 [DEBUG] Start examing 86: nutui
05.Feb 2024 21:13:59 [WARNING]   [Dep Not Found] nutui: 3.3.8
05.Feb 2024 21:13:59 [DEBUG] Start examing 87: nvd3
05.Feb 2024 21:14:01 [WARNING]   [Dep Not Found] nvd3: 0.9
05.Feb 2024 21:14:01 [DEBUG] Start examing 88: oboe.js
05.Feb 2024 21:14:39 [DEBUG] Start examing 89: octicons
05.Feb 2024 21:15:03 [DEBUG] Start examing 90: odometer.js
05.Feb 2024 21:15:14 [DEBUG] Start examing 91: offline-js
05.Feb 2024 21:15:37 [DEBUG] Start examing 92: oimo
05.Feb 2024 21:15:45 [DEBUG] Start examing 93: okayNav
05.Feb 2024 21:15:46 [INFO]   [Dep Found] okayNav: 1.0.2 - jquery/2.2.4/jquery.min.js
05.Feb 2024 21:15:47 [INFO]   [Dep Found] okayNav: 2.0.2 - jquery/2.2.4/jquery.min.js
05.Feb 2024 21:15:48 [INFO]   [Dep Found] okayNav: 2.0.4 - jquery/2.2.4/jquery.min.js
05.Feb 2024 21:15:48 [DEBUG] Start examing 94: ol3
05.Feb 2024 21:16:45 [DEBUG] Start examing 95: omi
05.Feb 2024 21:17:44 [WARNING]   [Dep Not Found] omi: 7.0.0
05.Feb 2024 21:17:44 [DEBUG] Start examing 96: onepage-scroll
05.Feb 2024 21:17:45 [INFO]   [Dep Found] onepage-scroll: 1.1 - jquery/2.2.4/jquery.min.js
05.Feb 2024 21:17:47 [INFO]   [Dep Found] onepage-scroll: 1.1.1 - jquery/2.2.4/jquery.min.js
05.Feb 2024 21:17:48 [INFO]   [Dep Found] onepage-scroll: 1.2 - jquery/2.2.4/jquery.min.js
05.Feb 2024 21:17:49 [INFO]   [Dep Found] onepage-scroll: 1.3 - jquery/2.2.4/jquery.min.js
05.Feb 2024 21:17:51 [INFO]   [Dep Found] onepage-scroll: 1.3.1 - jquery/2.2.4/jquery.min.js
05.Feb 2024 21:17:51 [DEBUG] Start examing 97: onnxruntime-web
05.Feb 2024 21:17:54 [WARNING]   [Dep Not Found] onnxruntime-web: 1.10.0
05.Feb 2024 21:17:54 [DEBUG] Start examing 98: onsen
05.Feb 2024 21:17:57 [WARNING]   [Dep Not Found] onsen: 0.7.0
05.Feb 2024 21:17:57 [DEBUG] Start examing 99: opal-parser
05.Feb 2024 21:17:59 [WARNING]   [Dep Not Found] opal-parser: 0.3.43
05.Feb 2024 21:17:59 [DEBUG] Start examing 100: opal
05.Feb 2024 21:18:00 [DEBUG] Start examing 101: open-color
05.Feb 2024 21:18:10 [WARNING]   [Dep Not Found] open-color: 1.9.0
05.Feb 2024 21:18:10 [DEBUG] Start examing 102: open-iconic
05.Feb 2024 21:18:12 [DEBUG] Start examing 103: openlocationcode
05.Feb 2024 21:18:16 [DEBUG] Start examing 104: openpgp
05.Feb 2024 21:20:12 [DEBUG] Start examing 105: openseadragon
05.Feb 2024 21:20:34 [DEBUG] Start examing 106: opentype.js
05.Feb 2024 21:21:12 [DEBUG] Start examing 107: oppia
05.Feb 2024 21:21:14 [DEBUG] Start examing 108: outdated-browser
05.Feb 2024 21:21:20 [DEBUG] Start examing 109: overlayscrollbars
05.Feb 2024 21:21:31 [INFO]   [Dep Found] overlayscrollbars: 1.2.1 - jquery/2.2.4/jquery.min.js
05.Feb 2024 21:22:09 [DEBUG] Start examing 110: OwlCarousel2
05.Feb 2024 21:22:10 [INFO]   [Dep Found] OwlCarousel2: 2.0.0-beta.2.4 - jquery/2.2.4/jquery.min.js
05.Feb 2024 21:22:12 [INFO]   [Dep Found] OwlCarousel2: 2.0.0-beta.3 - jquery/2.2.4/jquery.min.js
05.Feb 2024 21:22:13 [INFO]   [Dep Found] OwlCarousel2: 2.1.0 - jquery/2.2.4/jquery.min.js
05.Feb 2024 21:22:14 [INFO]   [Dep Found] OwlCarousel2: 2.1.1 - jquery/2.2.4/jquery.min.js
05.Feb 2024 21:22:16 [INFO]   [Dep Found] OwlCarousel2: 2.1.2 - jquery/2.2.4/jquery.min.js
05.Feb 2024 21:22:17 [INFO]   [Dep Found] OwlCarousel2: 2.1.3 - jquery/2.2.4/jquery.min.js
05.Feb 2024 21:22:19 [INFO]   [Dep Found] OwlCarousel2: 2.1.4 - jquery/2.2.4/jquery.min.js
05.Feb 2024 21:22:20 [INFO]   [Dep Found] OwlCarousel2: 2.1.5 - jquery/2.2.4/jquery.min.js
05.Feb 2024 21:22:22 [INFO]   [Dep Found] OwlCarousel2: 2.1.6 - jquery/2.2.4/jquery.min.js
05.Feb 2024 21:22:23 [INFO]   [Dep Found] OwlCarousel2: 2.2.0 - jquery/2.2.4/jquery.min.js
05.Feb 2024 21:22:24 [INFO]   [Dep Found] OwlCarousel2: 2.2.1 - jquery/2.2.4/jquery.min.js
05.Feb 2024 21:22:26 [INFO]   [Dep Found] OwlCarousel2: 2.3.1 - jquery/2.2.4/jquery.min.js
05.Feb 2024 21:22:27 [INFO]   [Dep Found] OwlCarousel2: 2.3.2 - jquery/2.2.4/jquery.min.js
05.Feb 2024 21:22:28 [INFO]   [Dep Found] OwlCarousel2: 2.3.3 - jquery/2.2.4/jquery.min.js
05.Feb 2024 21:22:30 [INFO]   [Dep Found] OwlCarousel2: 2.3.4 - jquery/2.2.4/jquery.min.js
05.Feb 2024 21:22:30 [DEBUG] Start examing 111: p5.js
05.Feb 2024 21:22:33 [WARNING]   [Dep Not Found] p5.js: 0.10.0
05.Feb 2024 21:22:33 [DEBUG] Start examing 112: pace
05.Feb 2024 21:22:37 [WARNING]   [Dep Not Found] pace: 0.4.1
05.Feb 2024 21:22:37 [DEBUG] Start examing 113: packery
05.Feb 2024 21:22:47 [DEBUG] Start examing 114: page.js
05.Feb 2024 21:23:14 [DEBUG] Start examing 115: pagePiling.js
05.Feb 2024 21:23:15 [INFO]   [Dep Found] pagePiling.js: 0.0.4 - jquery/2.2.4/jquery.min.js
05.Feb 2024 21:23:17 [INFO]   [Dep Found] pagePiling.js: 0.0.5 - jquery/2.2.4/jquery.min.js
05.Feb 2024 21:23:18 [INFO]   [Dep Found] pagePiling.js: 0.0.6 - jquery/2.2.4/jquery.min.js
05.Feb 2024 21:23:20 [INFO]   [Dep Found] pagePiling.js: 0.0.7 - jquery/2.2.4/jquery.min.js
05.Feb 2024 21:23:21 [INFO]   [Dep Found] pagePiling.js: 0.0.8 - jquery/2.2.4/jquery.min.js
05.Feb 2024 21:23:23 [INFO]   [Dep Found] pagePiling.js: 0.0.9 - jquery/2.2.4/jquery.min.js
05.Feb 2024 21:23:24 [INFO]   [Dep Found] pagePiling.js: 1.0 - jquery/2.2.4/jquery.min.js
05.Feb 2024 21:23:26 [INFO]   [Dep Found] pagePiling.js: 1.2 - jquery/2.2.4/jquery.min.js
05.Feb 2024 21:23:28 [INFO]   [Dep Found] pagePiling.js: 1.3 - jquery/2.2.4/jquery.min.js
05.Feb 2024 21:23:29 [INFO]   [Dep Found] pagePiling.js: 1.4 - jquery/2.2.4/jquery.min.js
05.Feb 2024 21:23:31 [INFO]   [Dep Found] pagePiling.js: 1.5 - jquery/2.2.4/jquery.min.js
05.Feb 2024 21:23:33 [INFO]   [Dep Found] pagePiling.js: 1.5.1 - jquery/2.2.4/jquery.min.js
05.Feb 2024 21:23:34 [INFO]   [Dep Found] pagePiling.js: 1.5.3 - jquery/2.2.4/jquery.min.js
05.Feb 2024 21:23:35 [INFO]   [Dep Found] pagePiling.js: 1.5.4 - jquery/2.2.4/jquery.min.js
05.Feb 2024 21:23:37 [INFO]   [Dep Found] pagePiling.js: 1.5.5 - jquery/2.2.4/jquery.min.js
05.Feb 2024 21:23:38 [INFO]   [Dep Found] pagePiling.js: 1.5.6 - jquery/2.2.4/jquery.min.js
05.Feb 2024 21:23:38 [DEBUG] Start examing 116: pako
05.Feb 2024 21:24:05 [DEBUG] Start examing 117: pangu
05.Feb 2024 21:24:18 [DEBUG] Start examing 118: pannellum
05.Feb 2024 21:24:28 [DEBUG] Start examing 119: PapaParse
05.Feb 2024 21:24:31 [WARNING]   [Dep Not Found] PapaParse: 3.0.0
05.Feb 2024 21:24:31 [DEBUG] Start examing 120: paper.js
05.Feb 2024 21:25:16 [DEBUG] Start examing 121: parallax.js
05.Feb 2024 21:25:18 [INFO]   [Dep Found] parallax.js: 0.9 - jquery/2.2.4/jquery.min.js
05.Feb 2024 21:25:19 [INFO]   [Dep Found] parallax.js: 0.9.1 - jquery/2.2.4/jquery.min.js
05.Feb 2024 21:25:21 [INFO]   [Dep Found] parallax.js: 1.0 - jquery/2.2.4/jquery.min.js
05.Feb 2024 21:25:22 [INFO]   [Dep Found] parallax.js: 1.0.1 - jquery/2.2.4/jquery.min.js
05.Feb 2024 21:25:24 [INFO]   [Dep Found] parallax.js: 1.1 - jquery/2.2.4/jquery.min.js
05.Feb 2024 21:25:25 [INFO]   [Dep Found] parallax.js: 1.2 - jquery/2.2.4/jquery.min.js
05.Feb 2024 21:25:27 [INFO]   [Dep Found] parallax.js: 1.2.1 - jquery/2.2.4/jquery.min.js
05.Feb 2024 21:25:28 [INFO]   [Dep Found] parallax.js: 1.3 - jquery/2.2.4/jquery.min.js
05.Feb 2024 21:25:30 [INFO]   [Dep Found] parallax.js: 1.3.1 - jquery/2.2.4/jquery.min.js
05.Feb 2024 21:25:31 [INFO]   [Dep Found] parallax.js: 1.3.2 - jquery/2.2.4/jquery.min.js
05.Feb 2024 21:25:33 [INFO]   [Dep Found] parallax.js: 1.4.0 - jquery/2.2.4/jquery.min.js
05.Feb 2024 21:25:35 [INFO]   [Dep Found] parallax.js: 1.4.1 - jquery/2.2.4/jquery.min.js
05.Feb 2024 21:25:36 [INFO]   [Dep Found] parallax.js: 1.4.2 - jquery/2.2.4/jquery.min.js
05.Feb 2024 21:25:38 [INFO]   [Dep Found] parallax.js: 1.5.0 - jquery/2.2.4/jquery.min.js
05.Feb 2024 21:25:38 [DEBUG] Start examing 122: parallax
05.Feb 2024 21:25:46 [DEBUG] Start examing 123: parsley.js
05.Feb 2024 21:25:48 [INFO]   [Dep Found] parsley.js: 1.1.10 - jquery/2.2.4/jquery.min.js
05.Feb 2024 21:25:50 [INFO]   [Dep Found] parsley.js: 1.1.16 - jquery/2.2.4/jquery.min.js
05.Feb 2024 21:25:51 [INFO]   [Dep Found] parsley.js: 1.1.6 - jquery/2.2.4/jquery.min.js
05.Feb 2024 21:25:53 [INFO]   [Dep Found] parsley.js: 1.2.1 - jquery/2.2.4/jquery.min.js
05.Feb 2024 21:25:54 [INFO]   [Dep Found] parsley.js: 1.2.2 - jquery/2.2.4/jquery.min.js
05.Feb 2024 21:25:56 [INFO]   [Dep Found] parsley.js: 1.2.3 - jquery/2.2.4/jquery.min.js
05.Feb 2024 21:25:57 [INFO]   [Dep Found] parsley.js: 2.0.0 - jquery/2.2.4/jquery.min.js
05.Feb 2024 21:25:58 [INFO]   [Dep Found] parsley.js: 2.0.0-rc1 - jquery/2.2.4/jquery.min.js
05.Feb 2024 21:26:00 [INFO]   [Dep Found] parsley.js: 2.0.0-rc2 - jquery/2.2.4/jquery.min.js
05.Feb 2024 21:26:01 [INFO]   [Dep Found] parsley.js: 2.0.2 - jquery/2.2.4/jquery.min.js
05.Feb 2024 21:26:03 [INFO]   [Dep Found] parsley.js: 2.0.4 - jquery/2.2.4/jquery.min.js
05.Feb 2024 21:26:05 [INFO]   [Dep Found] parsley.js: 2.0.5 - jquery/2.2.4/jquery.min.js
05.Feb 2024 21:26:06 [INFO]   [Dep Found] parsley.js: 2.0.6 - jquery/2.2.4/jquery.min.js
05.Feb 2024 21:26:08 [INFO]   [Dep Found] parsley.js: 2.0.7 - jquery/2.2.4/jquery.min.js
05.Feb 2024 21:26:09 [INFO]   [Dep Found] parsley.js: 2.1.2 - jquery/2.2.4/jquery.min.js
05.Feb 2024 21:26:11 [INFO]   [Dep Found] parsley.js: 2.1.3 - jquery/2.2.4/jquery.min.js
05.Feb 2024 21:26:12 [INFO]   [Dep Found] parsley.js: 2.2.0 - jquery/2.2.4/jquery.min.js
05.Feb 2024 21:26:14 [INFO]   [Dep Found] parsley.js: 2.2.0-rc1 - jquery/2.2.4/jquery.min.js
05.Feb 2024 21:26:16 [INFO]   [Dep Found] parsley.js: 2.2.0-rc4 - jquery/2.2.4/jquery.min.js
05.Feb 2024 21:26:17 [INFO]   [Dep Found] parsley.js: 2.3.0 - jquery/2.2.4/jquery.min.js
05.Feb 2024 21:26:19 [INFO]   [Dep Found] parsley.js: 2.3.1 - jquery/2.2.4/jquery.min.js
05.Feb 2024 21:26:20 [INFO]   [Dep Found] parsley.js: 2.3.10 - jquery/2.2.4/jquery.min.js
05.Feb 2024 21:26:22 [INFO]   [Dep Found] parsley.js: 2.3.11 - jquery/2.2.4/jquery.min.js
05.Feb 2024 21:26:23 [INFO]   [Dep Found] parsley.js: 2.3.13 - jquery/2.2.4/jquery.min.js
05.Feb 2024 21:26:25 [INFO]   [Dep Found] parsley.js: 2.3.15 - jquery/2.2.4/jquery.min.js
05.Feb 2024 21:26:26 [INFO]   [Dep Found] parsley.js: 2.3.2 - jquery/2.2.4/jquery.min.js
05.Feb 2024 21:26:28 [INFO]   [Dep Found] parsley.js: 2.3.3 - jquery/2.2.4/jquery.min.js
05.Feb 2024 21:26:29 [INFO]   [Dep Found] parsley.js: 2.3.4 - jquery/2.2.4/jquery.min.js
05.Feb 2024 21:26:31 [INFO]   [Dep Found] parsley.js: 2.3.5 - jquery/2.2.4/jquery.min.js
05.Feb 2024 21:26:32 [INFO]   [Dep Found] parsley.js: 2.3.6 - jquery/2.2.4/jquery.min.js
05.Feb 2024 21:26:34 [INFO]   [Dep Found] parsley.js: 2.3.7 - jquery/2.2.4/jquery.min.js
05.Feb 2024 21:26:35 [INFO]   [Dep Found] parsley.js: 2.3.8 - jquery/2.2.4/jquery.min.js
05.Feb 2024 21:26:37 [INFO]   [Dep Found] parsley.js: 2.3.9 - jquery/2.2.4/jquery.min.js
05.Feb 2024 21:26:39 [INFO]   [Dep Found] parsley.js: 2.4.0 - jquery/2.2.4/jquery.min.js
05.Feb 2024 21:26:40 [INFO]   [Dep Found] parsley.js: 2.4.2 - jquery/2.2.4/jquery.min.js
05.Feb 2024 21:26:42 [INFO]   [Dep Found] parsley.js: 2.4.3 - jquery/2.2.4/jquery.min.js
05.Feb 2024 21:26:43 [INFO]   [Dep Found] parsley.js: 2.4.4 - jquery/2.2.4/jquery.min.js
05.Feb 2024 21:26:45 [INFO]   [Dep Found] parsley.js: 2.5.0 - jquery/2.2.4/jquery.min.js
05.Feb 2024 21:26:47 [INFO]   [Dep Found] parsley.js: 2.5.1 - jquery/2.2.4/jquery.min.js
05.Feb 2024 21:26:48 [INFO]   [Dep Found] parsley.js: 2.6.0 - jquery/2.2.4/jquery.min.js
05.Feb 2024 21:26:51 [WARNING]   [Dep Not Found] parsley.js: 2.6.1
05.Feb 2024 21:26:51 [DEBUG] Start examing 124: particles.js
05.Feb 2024 21:26:57 [DEBUG] Start examing 125: pdf-lib
05.Feb 2024 21:27:23 [DEBUG] Start examing 126: pdfmake
05.Feb 2024 21:28:46 [DEBUG] Start examing 127: peaks.js
05.Feb 2024 21:29:21 [WARNING]   [Dep Not Found] peaks.js: 0.4.2
05.Feb 2024 21:29:21 [DEBUG] Start examing 128: peerjs
05.Feb 2024 21:30:13 [DEBUG] Start examing 129: pegjs
05.Feb 2024 21:30:16 [DEBUG] Start examing 130: peity
05.Feb 2024 21:30:17 [INFO]   [Dep Found] peity: 0.3.3 - jquery/2.2.4/jquery.min.js
05.Feb 2024 21:30:19 [INFO]   [Dep Found] peity: 0.3.4 - jquery/2.2.4/jquery.min.js
05.Feb 2024 21:30:21 [INFO]   [Dep Found] peity: 0.3.5 - jquery/2.2.4/jquery.min.js
05.Feb 2024 21:30:23 [INFO]   [Dep Found] peity: 0.4.0 - jquery/2.2.4/jquery.min.js
05.Feb 2024 21:30:24 [INFO]   [Dep Found] peity: 0.4.1 - jquery/2.2.4/jquery.min.js
05.Feb 2024 21:30:26 [INFO]   [Dep Found] peity: 0.5.0 - jquery/2.2.4/jquery.min.js
05.Feb 2024 21:30:27 [INFO]   [Dep Found] peity: 0.6.0 - jquery/2.2.4/jquery.min.js
05.Feb 2024 21:30:29 [INFO]   [Dep Found] peity: 0.6.1 - jquery/2.2.4/jquery.min.js
05.Feb 2024 21:30:31 [INFO]   [Dep Found] peity: 1.0.0 - jquery/2.2.4/jquery.min.js
05.Feb 2024 21:30:33 [INFO]   [Dep Found] peity: 1.1.0 - jquery/2.2.4/jquery.min.js
05.Feb 2024 21:30:35 [INFO]   [Dep Found] peity: 1.1.1 - jquery/2.2.4/jquery.min.js
05.Feb 2024 21:30:36 [INFO]   [Dep Found] peity: 1.1.2 - jquery/2.2.4/jquery.min.js
05.Feb 2024 21:30:38 [INFO]   [Dep Found] peity: 1.2.0 - jquery/2.2.4/jquery.min.js
05.Feb 2024 21:30:40 [INFO]   [Dep Found] peity: 1.2.1 - jquery/2.2.4/jquery.min.js
05.Feb 2024 21:30:41 [INFO]   [Dep Found] peity: 2.0.0 - jquery/2.2.4/jquery.min.js
05.Feb 2024 21:30:43 [INFO]   [Dep Found] peity: 2.0.1 - jquery/2.2.4/jquery.min.js
05.Feb 2024 21:30:45 [INFO]   [Dep Found] peity: 2.0.2 - jquery/2.2.4/jquery.min.js
05.Feb 2024 21:30:46 [INFO]   [Dep Found] peity: 2.0.3 - jquery/2.2.4/jquery.min.js
05.Feb 2024 21:30:48 [INFO]   [Dep Found] peity: 2.0.4 - jquery/2.2.4/jquery.min.js
05.Feb 2024 21:30:52 [WARNING]   [Dep Not Found] peity: 2.0.5
05.Feb 2024 21:30:52 [DEBUG] Start examing 131: pell
05.Feb 2024 21:31:06 [DEBUG] Start examing 132: petite-vue
05.Feb 2024 21:31:10 [WARNING]   [Dep Not Found] petite-vue: 0.0.2
05.Feb 2024 21:31:10 [DEBUG] Start examing 133: phaser
05.Feb 2024 21:31:52 [WARNING]   [Dep Not Found] phaser: 2.4.0
05.Feb 2024 21:31:52 [DEBUG] Start examing 134: photon
05.Feb 2024 21:31:54 [DEBUG] Start examing 135: photoswipe
05.Feb 2024 21:31:58 [WARNING]   [Dep Not Found] photoswipe: 3.0.5
05.Feb 2024 21:31:58 [DEBUG] Start examing 136: PhysicsJS
05.Feb 2024 21:32:03 [DEBUG] Start examing 137: pica
05.Feb 2024 21:32:52 [DEBUG] Start examing 138: pickadate.js
05.Feb 2024 21:32:56 [WARNING]   [Dep Not Found] pickadate.js: 3.4.0
05.Feb 2024 21:32:56 [DEBUG] Start examing 139: picnic
05.Feb 2024 21:33:15 [DEBUG] Start examing 140: picocss
05.Feb 2024 21:33:36 [DEBUG] Start examing 141: picturefill
05.Feb 2024 21:33:54 [DEBUG] Start examing 142: pikaday
05.Feb 2024 21:34:08 [DEBUG] Start examing 143: pinia
05.Feb 2024 21:34:12 [WARNING]   [Dep Not Found] pinia: 2.0.10
05.Feb 2024 21:34:12 [DEBUG] Start examing 144: pinyin-pro
05.Feb 2024 21:34:20 [WARNING]   [Dep Not Found] pinyin-pro: 3.12.0
05.Feb 2024 21:34:20 [DEBUG] Start examing 145: pinyin
05.Feb 2024 21:34:30 [WARNING]   [Dep Not Found] pinyin: 3.1.0
05.Feb 2024 21:34:30 [DEBUG] Start examing 146: pivottable
05.Feb 2024 21:34:34 [WARNING]   [Dep Not Found] pivottable: 1.2.2
05.Feb 2024 21:34:34 [DEBUG] Start examing 147: pixelmatch
05.Feb 2024 21:34:38 [WARNING]   [Dep Not Found] pixelmatch: 4.0.0
05.Feb 2024 21:34:38 [DEBUG] Start examing 148: places.js
05.Feb 2024 21:36:14 [DEBUG] Start examing 149: planck-js
05.Feb 2024 21:36:39 [DEBUG] Start examing 150: platform
05.Feb 2024 21:36:54 [DEBUG] Start examing 151: playcanvas
05.Feb 2024 21:39:43 [DEBUG] Start examing 152: plottable.js
05.Feb 2024 21:39:54 [ERROR] Web page error.
