Glide.js
alt
blueimp-gallery
blueimp-md5
bricks.js
clarity-icons
clusterize.js
dragula
elevator.js
elfinder
embla-carousel
favico.js
fingerprintjs
flux
frappe-charts
gitment
grade-js
granim
heti
iframe-resizer
impress.js
jquery_lazyload
jsbarcode
jsmpeg
json2
jump.js
layzr.js
loadCSS
nanobar
parallax
pikaday
pyodide
quasar-framework
recharts
recorderjs
rellax
resumable.js
scrollama
signature_pad
slideout
sprint
swup
tagify
tarekraafat-autocomplete.js
tsparticles-move-base
tsparticles-move-parallax
tsparticles-path-curves
tsparticles-path-perlin-noise
tsparticles-path-polygon
tsparticles-path-simplex-noise
tsparticles-path-svg
tsparticles-plugin-absorbers
tsparticles-plugin-canvas-mask
tsparticles-plugin-easing-back
tsparticles-plugin-easing-circ
tsparticles-plugin-easing-cubic
tsparticles-plugin-easing-expo
tsparticles-plugin-easing-quad
tsparticles-plugin-easing-quart
tsparticles-plugin-easing-quint
tsparticles-plugin-easing-sine
tsparticles-plugin-emitters
tsparticles-plugin-export-image
tsparticles-plugin-export-json
tsparticles-plugin-export-video
tsparticles-plugin-hsv-color
tsparticles-plugin-motion
tsparticles-plugin-sounds
tsparticles-shape-arrow
tsparticles-shape-bubble
tsparticles-shape-cards
tsparticles-shape-circle
tsparticles-shape-cog
tsparticles-shape-heart
tsparticles-shape-image
tsparticles-shape-line
tsparticles-shape-multiline-text
tsparticles-shape-path
tsparticles-shape-rounded-polygon
tsparticles-shape-rounded-rect
tsparticles-shape-spiral
tsparticles-shape-square
tsparticles-shape-star
tsparticles-shape-text
tsparticles-updater-angle
tsparticles-updater-color
tsparticles-updater-gradient
tsparticles-updater-life
tsparticles-updater-opacity
tsparticles-updater-orbit
tsparticles-updater-out-modes
tsparticles-updater-roll
tsparticles-updater-size
tsparticles-updater-stroke-color
tsparticles-updater-tilt
tsparticles-updater-twinkle
tsparticles-updater-wobble
turndown
typed.js
vditor
wangEditor
winjs
