73 nutui: 2.3.14    {'nutui': 46}
73 nutui: 2.3.15    {'nutui': 46}
73 nutui: 2.3.16    {'nutui': 46}
73 nutui: 2.3.17-beta.1    {'nutui': 46}
73 nutui: 2.3.17-beta.2    {'nutui': 46}
75 react-autosuggest: 10.0.0    {'autosuggest': 83}
75 react-autosuggest: 10.0.1    {'autosuggest': 83}
75 react-autosuggest: 10.0.2    {'autosuggest': 83}
75 react-autosuggest: 10.0.3    {'autosuggest': 83}
75 react-autosuggest: 10.0.4    {'autosuggest': 83}
75 react-autosuggest: 10.1.0    {'autosuggest': 83}
82 json5: 1.0.0    {'json5': 8, 'index': 4}
82 json5: 1.0.0-beta    {'json5': 8, 'index': 4}
82 json5: 1.0.0-beta-2    {'json5': 8, 'index': 4}
82 json5: 1.0.0-beta.4    {'json5': 8, 'index': 4}
82 json5: 1.0.0-dates    {'json5': 8, 'index': 4}
82 json5: 1.0.0-dates-2    {'json5': 8, 'index': 4}
82 json5: 1.0.0-regexps    {'json5': 8, 'index': 4}
82 json5: 1.0.0-regexps-2    {'json5': 8, 'index': 4}
82 json5: 1.0.1    {'json5': 8, 'index': 4}
82 json5: 2.0.0    {'json5': 8, 'index': 4}
82 json5: 2.0.1    {'json5': 8, 'index': 4}
82 json5: 2.1.0    {'json5': 8, 'index': 4}
82 json5: 2.1.1    {'json5': 8, 'index': 4}
82 json5: 2.1.2    {'json5': 8, 'index': 4}
82 json5: 2.1.3    {'json5': 8, 'index': 4}
82 json5: 2.2.0    {'json5': 8, 'index': 4}
85 heatmap.js: 2.0.5    {'heatmap': 3}
89 basscss: 1    {}
89 basscss: 2    {}
89 basscss: 3    {}
89 basscss: 3.1    {}
89 basscss: 3.1.1    {}
89 basscss: 4.0.0    {}
89 basscss: 4.0.1    {}
89 basscss: 4.0.2    {}
89 basscss: 4.0.3    {}
89 basscss: 4.0.4    {}
89 basscss: 4.0.5    {}
89 basscss: 4.0.6    {}
89 basscss: 4.0.7    {}
89 basscss: 4.0.8    {}
89 basscss: 4.0.9    {}
89 basscss: 4.1.0    {}
89 basscss: 4.1.1    {}
89 basscss: 4.1.2    {}
89 basscss: 4.1.3    {}
89 basscss: 4.1.4    {}
89 basscss: 4.1.5    {}
89 basscss: 4.1.6    {}
89 basscss: 4.1.7    {}
89 basscss: 4.1.8    {}
89 basscss: 4.2.0    {}
89 basscss: 4.2.1    {}
89 basscss: 4.2.3    {}
89 basscss: 4.2.4    {}
89 basscss: 5.0.0    {}
89 basscss: 5.0.0-beta1    {}
89 basscss: 5.0.1    {}
89 basscss: 5.1.0    {}
89 basscss: 5.2.0    {}
89 basscss: 5.2.1    {}
89 basscss: 6.0.0    {}
89 basscss: 6.0.0-beta.1    {}
89 basscss: 6.0.0-beta.2    {}
89 basscss: 6.0.0-beta.3    {}
89 basscss: 6.0.1    {}
89 basscss: 6.0.2    {}
89 basscss: 6.1.0    {}
89 basscss: 6.1.1    {}
89 basscss: 6.1.2    {}
89 basscss: 6.1.3    {}
89 basscss: 6.1.4    {}
89 basscss: 6.1.5    {}
89 basscss: 6.1.6    {}
89 basscss: 7.0.0    {}
89 basscss: 7.0.0-beta.0    {}
89 basscss: 7.0.0-beta.1    {}
89 basscss: 7.0.0-beta.10    {}
89 basscss: 7.0.0-beta.11    {}
89 basscss: 7.0.0-beta.2    {}
89 basscss: 7.0.0-beta.3    {}
89 basscss: 7.0.0-beta.4    {}
89 basscss: 7.0.0-beta.5    {}
89 basscss: 7.0.0-beta.6    {}
89 basscss: 7.0.0-beta.7    {}
89 basscss: 7.0.0-beta.8    {}
89 basscss: 7.0.0-beta.9    {}
89 basscss: 7.0.1    {}
89 basscss: 7.0.2    {}
89 basscss: 7.0.3    {}
89 basscss: 7.0.4    {}
89 basscss: 7.1.0    {}
89 basscss: 7.1.1    {}
89 basscss: 8.0.0    {}
89 basscss: 8.0.0-beta1    {}
89 basscss: 8.0.0-beta2    {}
89 basscss: 8.0.0-beta3    {}
89 basscss: 8.0.0-beta4    {}
89 basscss: 8.0.0-beta5    {}
89 basscss: 8.0.1    {}
89 basscss: 8.0.10    {}
89 basscss: 8.0.2    {}
89 basscss: 8.0.3    {}
89 basscss: 8.0.4    {}
89 basscss: 8.0.6    {}
89 basscss: 8.0.7    {}
89 basscss: 8.0.8    {}
89 basscss: 8.0.9    {}
89 basscss: 8.1.0    {}
92 react-day-picker: 8.0.0    {'index': 24, 'react-day-picker': 2, 'daypicker': 1}
92 react-day-picker: 8.0.0-beta.26    {'index': 24, 'react-day-picker': 2, 'daypicker': 1}
92 react-day-picker: 8.0.0-beta.27    {'index': 24, 'react-day-picker': 2, 'daypicker': 1}
92 react-day-picker: 8.0.0-beta.29    {'index': 24, 'react-day-picker': 2, 'daypicker': 1}
92 react-day-picker: 8.0.0-beta.30    {'index': 24, 'react-day-picker': 2, 'daypicker': 1}
92 react-day-picker: 8.0.0-beta.31    {'index': 24, 'react-day-picker': 2, 'daypicker': 1}
92 react-day-picker: 8.0.0-beta.32    {'index': 24, 'react-day-picker': 2, 'daypicker': 1}
92 react-day-picker: 8.0.0-beta.33    {'index': 24, 'react-day-picker': 2, 'daypicker': 1}
92 react-day-picker: 8.0.0-beta.35    {'index': 24, 'react-day-picker': 2, 'daypicker': 1}
92 react-day-picker: 8.0.0-beta.36    {'index': 24, 'react-day-picker': 2, 'daypicker': 1}
92 react-day-picker: 8.0.0-beta.37    {'index': 24, 'react-day-picker': 2, 'daypicker': 1}
92 react-day-picker: 8.0.0-beta.38    {'index': 24, 'react-day-picker': 2, 'daypicker': 1}
92 react-day-picker: 8.0.0-beta.39    {'index': 24, 'react-day-picker': 2, 'daypicker': 1}
92 react-day-picker: 8.0.0-beta.40    {'index': 24, 'react-day-picker': 2, 'daypicker': 1}
92 react-day-picker: 8.0.0-beta.41    {'index': 24, 'react-day-picker': 2, 'daypicker': 1}
92 react-day-picker: 8.0.0-rc.0    {'index': 24, 'react-day-picker': 2, 'daypicker': 1}
92 react-day-picker: 8.0.1    {'index': 24, 'react-day-picker': 2, 'daypicker': 1}
92 react-day-picker: 8.0.2    {'index': 24, 'react-day-picker': 2, 'daypicker': 1}
92 react-day-picker: 8.0.3    {'index': 24, 'react-day-picker': 2, 'daypicker': 1}
92 react-day-picker: 8.0.4    {'index': 24, 'react-day-picker': 2, 'daypicker': 1}
92 react-day-picker: 8.0.5    {'index': 24, 'react-day-picker': 2, 'daypicker': 1}
92 react-day-picker: 8.0.6    {'index': 24, 'react-day-picker': 2, 'daypicker': 1}
92 react-day-picker: 8.0.7    {'index': 24, 'react-day-picker': 2, 'daypicker': 1}
92 react-day-picker: 8.1.0    {'index': 24, 'react-day-picker': 2, 'daypicker': 1}
92 react-day-picker: 8.1.1    {'index': 24, 'react-day-picker': 2, 'daypicker': 1}
92 react-day-picker: 8.1.2    {'index': 24, 'react-day-picker': 2, 'daypicker': 1}
92 react-day-picker: 8.1.3    {'index': 24, 'react-day-picker': 2, 'daypicker': 1}
92 react-day-picker: 8.1.4    {'index': 24, 'react-day-picker': 2, 'daypicker': 1}
92 react-day-picker: 8.10.0    {'index': 24, 'react-day-picker': 2, 'daypicker': 1}
92 react-day-picker: 8.2.0    {'index': 24, 'react-day-picker': 2, 'daypicker': 1}
92 react-day-picker: 8.2.1    {'index': 24, 'react-day-picker': 2, 'daypicker': 1}
92 react-day-picker: 8.3.0    {'index': 24, 'react-day-picker': 2, 'daypicker': 1}
92 react-day-picker: 8.3.1    {'index': 24, 'react-day-picker': 2, 'daypicker': 1}
92 react-day-picker: 8.3.2    {'index': 24, 'react-day-picker': 2, 'daypicker': 1}
92 react-day-picker: 8.3.3    {'index': 24, 'react-day-picker': 2, 'daypicker': 1}
92 react-day-picker: 8.3.4    {'index': 24, 'react-day-picker': 2, 'daypicker': 1}
92 react-day-picker: 8.3.5    {'index': 24, 'react-day-picker': 2, 'daypicker': 1}
92 react-day-picker: 8.3.6    {'index': 24, 'react-day-picker': 2, 'daypicker': 1}
92 react-day-picker: 8.3.7    {'index': 24, 'react-day-picker': 2, 'daypicker': 1}
92 react-day-picker: 8.4.0    {'index': 24, 'react-day-picker': 2, 'daypicker': 1}
92 react-day-picker: 8.4.1    {'index': 24, 'react-day-picker': 2, 'daypicker': 1}
92 react-day-picker: 8.5.0    {'index': 24, 'react-day-picker': 2, 'daypicker': 1}
92 react-day-picker: 8.5.1    {'index': 24, 'react-day-picker': 2, 'daypicker': 1}
92 react-day-picker: 8.6.0    {'index': 24, 'react-day-picker': 2, 'daypicker': 1}
92 react-day-picker: 8.7.0    {'index': 24, 'react-day-picker': 2, 'daypicker': 1}
92 react-day-picker: 8.7.1    {'index': 24, 'react-day-picker': 2, 'daypicker': 1}
92 react-day-picker: 8.8.0    {'index': 24, 'react-day-picker': 2, 'daypicker': 1}
92 react-day-picker: 8.8.1    {'index': 24, 'react-day-picker': 2, 'daypicker': 1}
92 react-day-picker: 8.8.2    {'index': 24, 'react-day-picker': 2, 'daypicker': 1}
92 react-day-picker: 8.9.0    {'index': 24, 'react-day-picker': 2, 'daypicker': 1}
92 react-day-picker: 8.9.1    {'index': 24, 'react-day-picker': 2, 'daypicker': 1}
94 gridstack.js: 4.0.1    {'gridstack': 52, 'gridstack-engine': 42, 'types': 42, 'utils': 42, 'dd-manager': 39, 'dd-element': 39, 'dd-resizable-handle': 39, 'dd-base-impl': 39, 'dd-gridstack': 39, 'dd-resizable': 39, 'gridstack-all': 39, 'dd-droppable': 39, 'dd-touch': 39, 'dd-draggable': 39, 'gridstack-dd': 3, 'gridstack-static': 3, 'gridstack-jq': 3, 'gridstack-h5': 3, 'gridstack-ddi': 3}
94 gridstack.js: 4.0.2    {'gridstack': 52, 'gridstack-engine': 42, 'types': 42, 'utils': 42, 'dd-manager': 39, 'dd-element': 39, 'dd-resizable-handle': 39, 'dd-base-impl': 39, 'dd-gridstack': 39, 'dd-resizable': 39, 'gridstack-all': 39, 'dd-droppable': 39, 'dd-touch': 39, 'dd-draggable': 39, 'gridstack-dd': 3, 'gridstack-static': 3, 'gridstack-jq': 3, 'gridstack-h5': 3, 'gridstack-ddi': 3}
94 gridstack.js: 4.0.3    {'gridstack': 52, 'gridstack-engine': 42, 'types': 42, 'utils': 42, 'dd-manager': 39, 'dd-element': 39, 'dd-resizable-handle': 39, 'dd-base-impl': 39, 'dd-gridstack': 39, 'dd-resizable': 39, 'gridstack-all': 39, 'dd-droppable': 39, 'dd-touch': 39, 'dd-draggable': 39, 'gridstack-dd': 3, 'gridstack-static': 3, 'gridstack-jq': 3, 'gridstack-h5': 3, 'gridstack-ddi': 3}
94 gridstack.js: 4.1.0    {'gridstack': 52, 'gridstack-engine': 42, 'types': 42, 'utils': 42, 'dd-manager': 39, 'dd-element': 39, 'dd-resizable-handle': 39, 'dd-base-impl': 39, 'dd-gridstack': 39, 'dd-resizable': 39, 'gridstack-all': 39, 'dd-droppable': 39, 'dd-touch': 39, 'dd-draggable': 39, 'gridstack-dd': 3, 'gridstack-static': 3, 'gridstack-jq': 3, 'gridstack-h5': 3, 'gridstack-ddi': 3}
94 gridstack.js: 4.2.0    {'gridstack': 52, 'gridstack-engine': 42, 'types': 42, 'utils': 42, 'dd-manager': 39, 'dd-element': 39, 'dd-resizable-handle': 39, 'dd-base-impl': 39, 'dd-gridstack': 39, 'dd-resizable': 39, 'gridstack-all': 39, 'dd-droppable': 39, 'dd-touch': 39, 'dd-draggable': 39, 'gridstack-dd': 3, 'gridstack-static': 3, 'gridstack-jq': 3, 'gridstack-h5': 3, 'gridstack-ddi': 3}
94 gridstack.js: 4.2.1    {'gridstack': 52, 'gridstack-engine': 42, 'types': 42, 'utils': 42, 'dd-manager': 39, 'dd-element': 39, 'dd-resizable-handle': 39, 'dd-base-impl': 39, 'dd-gridstack': 39, 'dd-resizable': 39, 'gridstack-all': 39, 'dd-droppable': 39, 'dd-touch': 39, 'dd-draggable': 39, 'gridstack-dd': 3, 'gridstack-static': 3, 'gridstack-jq': 3, 'gridstack-h5': 3, 'gridstack-ddi': 3}
94 gridstack.js: 4.2.2    {'gridstack': 52, 'gridstack-engine': 42, 'types': 42, 'utils': 42, 'dd-manager': 39, 'dd-element': 39, 'dd-resizable-handle': 39, 'dd-base-impl': 39, 'dd-gridstack': 39, 'dd-resizable': 39, 'gridstack-all': 39, 'dd-droppable': 39, 'dd-touch': 39, 'dd-draggable': 39, 'gridstack-dd': 3, 'gridstack-static': 3, 'gridstack-jq': 3, 'gridstack-h5': 3, 'gridstack-ddi': 3}
94 gridstack.js: 4.2.3    {'gridstack': 52, 'gridstack-engine': 42, 'types': 42, 'utils': 42, 'dd-manager': 39, 'dd-element': 39, 'dd-resizable-handle': 39, 'dd-base-impl': 39, 'dd-gridstack': 39, 'dd-resizable': 39, 'gridstack-all': 39, 'dd-droppable': 39, 'dd-touch': 39, 'dd-draggable': 39, 'gridstack-dd': 3, 'gridstack-static': 3, 'gridstack-jq': 3, 'gridstack-h5': 3, 'gridstack-ddi': 3}
94 gridstack.js: 4.2.4    {'gridstack': 52, 'gridstack-engine': 42, 'types': 42, 'utils': 42, 'dd-manager': 39, 'dd-element': 39, 'dd-resizable-handle': 39, 'dd-base-impl': 39, 'dd-gridstack': 39, 'dd-resizable': 39, 'gridstack-all': 39, 'dd-droppable': 39, 'dd-touch': 39, 'dd-draggable': 39, 'gridstack-dd': 3, 'gridstack-static': 3, 'gridstack-jq': 3, 'gridstack-h5': 3, 'gridstack-ddi': 3}
94 gridstack.js: 4.2.5    {'gridstack': 52, 'gridstack-engine': 42, 'types': 42, 'utils': 42, 'dd-manager': 39, 'dd-element': 39, 'dd-resizable-handle': 39, 'dd-base-impl': 39, 'dd-gridstack': 39, 'dd-resizable': 39, 'gridstack-all': 39, 'dd-droppable': 39, 'dd-touch': 39, 'dd-draggable': 39, 'gridstack-dd': 3, 'gridstack-static': 3, 'gridstack-jq': 3, 'gridstack-h5': 3, 'gridstack-ddi': 3}
94 gridstack.js: 4.2.6    {'gridstack': 52, 'gridstack-engine': 42, 'types': 42, 'utils': 42, 'dd-manager': 39, 'dd-element': 39, 'dd-resizable-handle': 39, 'dd-base-impl': 39, 'dd-gridstack': 39, 'dd-resizable': 39, 'gridstack-all': 39, 'dd-droppable': 39, 'dd-touch': 39, 'dd-draggable': 39, 'gridstack-dd': 3, 'gridstack-static': 3, 'gridstack-jq': 3, 'gridstack-h5': 3, 'gridstack-ddi': 3}
94 gridstack.js: 4.2.7    {'gridstack': 52, 'gridstack-engine': 42, 'types': 42, 'utils': 42, 'dd-manager': 39, 'dd-element': 39, 'dd-resizable-handle': 39, 'dd-base-impl': 39, 'dd-gridstack': 39, 'dd-resizable': 39, 'gridstack-all': 39, 'dd-droppable': 39, 'dd-touch': 39, 'dd-draggable': 39, 'gridstack-dd': 3, 'gridstack-static': 3, 'gridstack-jq': 3, 'gridstack-h5': 3, 'gridstack-ddi': 3}
94 gridstack.js: 4.3    {'gridstack': 52, 'gridstack-engine': 42, 'types': 42, 'utils': 42, 'dd-manager': 39, 'dd-element': 39, 'dd-resizable-handle': 39, 'dd-base-impl': 39, 'dd-gridstack': 39, 'dd-resizable': 39, 'gridstack-all': 39, 'dd-droppable': 39, 'dd-touch': 39, 'dd-draggable': 39, 'gridstack-dd': 3, 'gridstack-static': 3, 'gridstack-jq': 3, 'gridstack-h5': 3, 'gridstack-ddi': 3}
94 gridstack.js: 4.3.0    {'gridstack': 52, 'gridstack-engine': 42, 'types': 42, 'utils': 42, 'dd-manager': 39, 'dd-element': 39, 'dd-resizable-handle': 39, 'dd-base-impl': 39, 'dd-gridstack': 39, 'dd-resizable': 39, 'gridstack-all': 39, 'dd-droppable': 39, 'dd-touch': 39, 'dd-draggable': 39, 'gridstack-dd': 3, 'gridstack-static': 3, 'gridstack-jq': 3, 'gridstack-h5': 3, 'gridstack-ddi': 3}
94 gridstack.js: 4.3.1    {'gridstack': 52, 'gridstack-engine': 42, 'types': 42, 'utils': 42, 'dd-manager': 39, 'dd-element': 39, 'dd-resizable-handle': 39, 'dd-base-impl': 39, 'dd-gridstack': 39, 'dd-resizable': 39, 'gridstack-all': 39, 'dd-droppable': 39, 'dd-touch': 39, 'dd-draggable': 39, 'gridstack-dd': 3, 'gridstack-static': 3, 'gridstack-jq': 3, 'gridstack-h5': 3, 'gridstack-ddi': 3}
94 gridstack.js: 4.4.0    {'gridstack': 52, 'gridstack-engine': 42, 'types': 42, 'utils': 42, 'dd-manager': 39, 'dd-element': 39, 'dd-resizable-handle': 39, 'dd-base-impl': 39, 'dd-gridstack': 39, 'dd-resizable': 39, 'gridstack-all': 39, 'dd-droppable': 39, 'dd-touch': 39, 'dd-draggable': 39, 'gridstack-dd': 3, 'gridstack-static': 3, 'gridstack-jq': 3, 'gridstack-h5': 3, 'gridstack-ddi': 3}
94 gridstack.js: 4.4.1    {'gridstack': 52, 'gridstack-engine': 42, 'types': 42, 'utils': 42, 'dd-manager': 39, 'dd-element': 39, 'dd-resizable-handle': 39, 'dd-base-impl': 39, 'dd-gridstack': 39, 'dd-resizable': 39, 'gridstack-all': 39, 'dd-droppable': 39, 'dd-touch': 39, 'dd-draggable': 39, 'gridstack-dd': 3, 'gridstack-static': 3, 'gridstack-jq': 3, 'gridstack-h5': 3, 'gridstack-ddi': 3}
95 openpgp: 5.0.0    {'openpgp': 123, 'elliptic': 18}
95 openpgp: 5.0.0-0    {'openpgp': 123, 'elliptic': 18}
95 openpgp: 5.0.0-1    {'openpgp': 123, 'elliptic': 18}
95 openpgp: 5.0.0-2    {'openpgp': 123, 'elliptic': 18}
95 openpgp: 5.0.0-3    {'openpgp': 123, 'elliptic': 18}
95 openpgp: 5.0.0-4    {'openpgp': 123, 'elliptic': 18}
95 openpgp: 5.0.0-5    {'openpgp': 123, 'elliptic': 18}
95 openpgp: 5.0.0-6    {'openpgp': 123, 'elliptic': 18}
95 openpgp: 5.0.1    {'openpgp': 123, 'elliptic': 18}
95 openpgp: 5.1.0    {'openpgp': 123, 'elliptic': 18}
95 openpgp: 5.10.0    {'openpgp': 123, 'elliptic': 18}
95 openpgp: 5.10.1    {'openpgp': 123, 'elliptic': 18}
95 openpgp: 5.10.2    {'openpgp': 123, 'elliptic': 18}
95 openpgp: 5.11.0    {'openpgp': 123, 'elliptic': 18}
95 openpgp: 5.2.0    {'openpgp': 123, 'elliptic': 18}
95 openpgp: 5.2.1    {'openpgp': 123, 'elliptic': 18}
95 openpgp: 5.3.0    {'openpgp': 123, 'elliptic': 18}
95 openpgp: 5.3.1    {'openpgp': 123, 'elliptic': 18}
95 openpgp: 5.4.0    {'openpgp': 123, 'elliptic': 18}
95 openpgp: 5.5.0    {'openpgp': 123, 'elliptic': 18}
95 openpgp: 5.6.0    {'openpgp': 123, 'elliptic': 18}
95 openpgp: 5.7.0    {'openpgp': 123, 'elliptic': 18}
95 openpgp: 5.8.0    {'openpgp': 123, 'elliptic': 18}
95 openpgp: 5.9.0    {'openpgp': 123, 'elliptic': 18}
95 openpgp: 6.0.0-alpha.0    {'openpgp': 123, 'elliptic': 18}
107 heti: 0.3.5    {'heti-addon': 10}
107 heti: 0.4.0    {'heti-addon': 10}
108 IBM-type: 0.1.0    {}
108 IBM-type: 0.1.1    {}
108 IBM-type: 0.1.2    {}
108 IBM-type: 0.1.3    {}
108 IBM-type: 0.1.4    {}
108 IBM-type: 0.2.0    {}
108 IBM-type: 0.2.1    {}
108 IBM-type: 0.2.2    {}
108 IBM-type: 0.2.3    {}
108 IBM-type: 0.2.4    {}
108 IBM-type: 0.2.5    {}
108 IBM-type: 0.3.0    {}
108 IBM-type: 0.3.1    {}
108 IBM-type: 0.4.0    {}
108 IBM-type: 0.4.1    {}
108 IBM-type: 0.4.2    {}
108 IBM-type: 0.4.3    {}
108 IBM-type: 0.5.0    {}
108 IBM-type: 0.5.1    {}
108 IBM-type: 0.5.2    {}
108 IBM-type: 0.5.3    {}
108 IBM-type: 0.5.4    {}
114 ng2-bootstrap: 1.6.3    {'ng2-bootstrap': 83}
121 modern-normalize: 0.1.0    {}
121 modern-normalize: 0.2.0    {}
121 modern-normalize: 0.3.0    {}
121 modern-normalize: 0.4.0    {}
121 modern-normalize: 0.5.0    {}
121 modern-normalize: 0.6.0    {}
121 modern-normalize: 0.7.0    {}
121 modern-normalize: 1.0.0    {}
121 modern-normalize: 1.1.0    {}
121 modern-normalize: 2.0.0    {}
130 bootstrap-switch: 3.3.5    {'bootstrap-switch': 22, 'bootstrapswitch': 1}
130 bootstrap-switch: 3.4.0    {'bootstrap-switch': 22, 'bootstrapswitch': 1}
135 cssgram: 0.1.0    {}
135 cssgram: 0.1.1    {}
135 cssgram: 0.1.10    {}
135 cssgram: 0.1.11    {}
135 cssgram: 0.1.12    {}
135 cssgram: 0.1.2    {}
135 cssgram: 0.1.3    {}
135 cssgram: 0.1.4    {}
135 cssgram: 0.1.5    {}
135 cssgram: 0.1.6    {}
135 cssgram: 0.1.7    {}
135 cssgram: 0.1.8    {}
135 cssgram: 0.1.9    {}
141 10up-sanitize.css: 1.0.0    {}
141 10up-sanitize.css: 1.1.0    {}
141 10up-sanitize.css: 10.0.0    {}
141 10up-sanitize.css: 11.0.0    {}
141 10up-sanitize.css: 11.0.1    {}
141 10up-sanitize.css: 12.0.0    {}
141 10up-sanitize.css: 12.0.1    {}
141 10up-sanitize.css: 13.0.0    {}
141 10up-sanitize.css: 2.0.0    {}
141 10up-sanitize.css: 2.1.0    {}
141 10up-sanitize.css: 2.1.1    {}
141 10up-sanitize.css: 3.0.0    {}
141 10up-sanitize.css: 3.1.0    {}
141 10up-sanitize.css: 3.1.1    {}
141 10up-sanitize.css: 3.2.0    {}
141 10up-sanitize.css: 3.3.0    {}
141 10up-sanitize.css: 4.0.0    {}
141 10up-sanitize.css: 4.1.0    {}
141 10up-sanitize.css: 5.0.0    {}
141 10up-sanitize.css: 6.0.0    {}
141 10up-sanitize.css: 7.0.0    {}
141 10up-sanitize.css: 7.0.1    {}
141 10up-sanitize.css: 7.0.2    {}
141 10up-sanitize.css: 7.0.3    {}
141 10up-sanitize.css: 8.0.0    {}
141 10up-sanitize.css: 8.0.1    {}
141 10up-sanitize.css: 9.0.0    {}
141 10up-sanitize.css: 9.0.0-rc1    {}
141 10up-sanitize.css: 9.0.0-rc2    {}
141 10up-sanitize.css: 9.0.0-rc3    {}
141 10up-sanitize.css: 9.0.0-rc4    {}
141 10up-sanitize.css: 9.0.0-rc5    {}
141 10up-sanitize.css: 9.0.0-rc6    {}
146 pts: 0.10.11    {'pts': 62, 'pts-bundle': 3}
146 pts: 0.10.12    {'pts': 62, 'pts-bundle': 3}
146 pts: 0.11.0    {'pts': 62, 'pts-bundle': 3}
146 pts: 0.11.1    {'pts': 62, 'pts-bundle': 3}
147 devicon: 1.0    {}
147 devicon: 2.0    {}
147 devicon: 2.1    {}
147 devicon: 2.10.0    {}
147 devicon: 2.10.1    {}
147 devicon: 2.11.0    {}
147 devicon: 2.12.0    {}
147 devicon: 2.13.0    {}
147 devicon: 2.14.0    {}
147 devicon: 2.15.0    {}
147 devicon: 2.15.1    {}
147 devicon: 2.2    {}
147 devicon: 2.3    {}
147 devicon: 2.4    {}
147 devicon: 2.5    {}
147 devicon: 2.6    {}
147 devicon: 2.7    {}
147 devicon: 2.8.0    {}
147 devicon: 2.8.1    {}
147 devicon: 2.8.2    {}
147 devicon: 2.9.0    {}
151 antv-x6-react-shape: 2.0.2    {'x6-react-shape': 101, 'index': 13}
151 antv-x6-react-shape: 3.0.0    {'x6-react-shape': 101, 'index': 13}
157 gl-matrix: 3.0.0    {'gl-matrix-min': 18, 'gl-matrix': 16}
157 gl-matrix: 3.0.0-0    {'gl-matrix-min': 18, 'gl-matrix': 16}
157 gl-matrix: 3.1.0    {'gl-matrix-min': 18, 'gl-matrix': 16}
157 gl-matrix: 3.2.0    {'gl-matrix-min': 18, 'gl-matrix': 16}
157 gl-matrix: 3.2.1    {'gl-matrix-min': 18, 'gl-matrix': 16}
157 gl-matrix: 3.3.0    {'gl-matrix-min': 18, 'gl-matrix': 16}
157 gl-matrix: 3.4.3    {'gl-matrix-min': 18, 'gl-matrix': 16}
157 gl-matrix: 4.0.0-beta.1    {'gl-matrix-min': 18, 'gl-matrix': 16}
160 tufte-css: 0.1    {}
160 tufte-css: 0.2    {}
160 tufte-css: 0.3    {}
160 tufte-css: 1.0    {}
160 tufte-css: 1.1    {}
160 tufte-css: 1.2    {}
160 tufte-css: 1.3    {}
160 tufte-css: 1.4    {}
160 tufte-css: 1.5    {}
160 tufte-css: 1.6    {}
160 tufte-css: 1.7    {}
160 tufte-css: 1.7.1    {}
160 tufte-css: 1.7.2    {}
160 tufte-css: 1.8.0    {}
181 balloon-css: 0.2.3    {}
181 balloon-css: 0.2.4    {}
181 balloon-css: 0.2.5    {}
181 balloon-css: 0.3.0    {}
181 balloon-css: 0.4.0    {}
181 balloon-css: 0.5.0    {}
181 balloon-css: 0.5.1    {}
181 balloon-css: 0.5.2    {}
181 balloon-css: 1.0.0    {}
181 balloon-css: 1.0.1    {}
181 balloon-css: 1.0.2    {}
181 balloon-css: 1.0.3    {}
181 balloon-css: 1.0.4    {}
181 balloon-css: 1.1.0    {}
181 balloon-css: 1.2.0    {}
182 mvp.css: 1.10.0    {}
182 mvp.css: 1.10.1    {}
182 mvp.css: 1.10.2    {}
182 mvp.css: 1.11.0    {}
182 mvp.css: 1.12.0    {}
182 mvp.css: 1.13.0    {}
182 mvp.css: 1.14.0    {}
182 mvp.css: 1.5.0    {}
182 mvp.css: 1.5.1    {}
182 mvp.css: 1.6.0    {}
182 mvp.css: 1.6.1    {}
182 mvp.css: 1.6.2    {}
182 mvp.css: 1.6.3    {}
182 mvp.css: 1.7.0    {}
182 mvp.css: 1.7.1    {}
182 mvp.css: 1.7.2    {}
182 mvp.css: 1.7.3    {}
182 mvp.css: 1.7.4    {}
182 mvp.css: 1.8.0    {}
182 mvp.css: 1.9.0    {}
186 csshake: 1.5.0    {}
186 csshake: 1.5.1    {}
186 csshake: 1.5.2    {}
186 csshake: 1.5.3    {}
186 csshake: 1.7.0    {}
188 js-xss: 0.3.4    {'xss': 42}
188 js-xss: 0.3.5    {'xss': 42}
188 js-xss: 0.3.6    {'xss': 42}
188 js-xss: 0.3.7    {'xss': 42}
188 js-xss: 0.3.8    {'xss': 42}
188 js-xss: 1.0.0    {'xss': 42}
188 js-xss: 1.0.1    {'xss': 42}
188 js-xss: 1.0.10    {'xss': 42}
188 js-xss: 1.0.11    {'xss': 42}
188 js-xss: 1.0.12    {'xss': 42}
188 js-xss: 1.0.13    {'xss': 42}
188 js-xss: 1.0.14    {'xss': 42}
188 js-xss: 1.0.2    {'xss': 42}
188 js-xss: 1.0.3    {'xss': 42}
188 js-xss: 1.0.4    {'xss': 42}
188 js-xss: 1.0.5    {'xss': 42}
188 js-xss: 1.0.6    {'xss': 42}
188 js-xss: 1.0.7    {'xss': 42}
188 js-xss: 1.0.8    {'xss': 42}
188 js-xss: 1.0.9    {'xss': 42}
190 squire-rte: 2.0.1    {'squire-raw': 40, 'squire': 40}
190 squire-rte: 2.0.2    {'squire-raw': 40, 'squire': 40}
190 squire-rte: 2.0.3    {'squire-raw': 40, 'squire': 40}
190 squire-rte: 2.1.0    {'squire-raw': 40, 'squire': 40}
190 squire-rte: 2.1.1    {'squire-raw': 40, 'squire': 40}
190 squire-rte: 2.2.0    {'squire-raw': 40, 'squire': 40}
190 squire-rte: 2.2.1    {'squire-raw': 40, 'squire': 40}
190 squire-rte: 2.2.2    {'squire-raw': 40, 'squire': 40}
190 squire-rte: 2.2.3    {'squire-raw': 40, 'squire': 40}
190 squire-rte: 2.2.4    {'squire-raw': 40, 'squire': 40}
190 squire-rte: 2.2.5    {'squire-raw': 40, 'squire': 40}
201 tinycolor: 1.5.0    {'tinycolor': 26}
201 tinycolor: 1.6.0-beta.1    {'tinycolor': 26}
202 jsondiffpatch: 0.3.6    {'jsondiffpatch': 46, 'jsondiffpatch-formatters': 38, 'jsondiffpatch-full': 38, 'empty': 4}
202 jsondiffpatch: 0.6.0    {'jsondiffpatch': 46, 'jsondiffpatch-formatters': 38, 'jsondiffpatch-full': 38, 'empty': 4}
205 sir-trevor-js: 0.9.0-beta8    {'sir-trevor': 49}
211 react-leaflet: 3.0.0    {'react-leaflet': 87}
211 react-leaflet: 3.0.0-rc.0    {'react-leaflet': 87}
211 react-leaflet: 3.0.1    {'react-leaflet': 87}
211 react-leaflet: 3.0.2    {'react-leaflet': 87}
211 react-leaflet: 3.0.3    {'react-leaflet': 87}
211 react-leaflet: 3.0.4    {'react-leaflet': 87}
211 react-leaflet: 3.0.5    {'react-leaflet': 87}
211 react-leaflet: 3.1.0    {'react-leaflet': 87}
211 react-leaflet: 3.2.0    {'react-leaflet': 87}
211 react-leaflet: 3.2.1    {'react-leaflet': 87}
211 react-leaflet: 3.2.2    {'react-leaflet': 87}
211 react-leaflet: 3.2.3    {'react-leaflet': 87}
211 react-leaflet: 3.2.4    {'react-leaflet': 87}
211 react-leaflet: 3.2.5    {'react-leaflet': 87}
211 react-leaflet: 4.0.0    {'react-leaflet': 87}
211 react-leaflet: 4.0.0-alpha.0    {'react-leaflet': 87}
211 react-leaflet: 4.0.0-alpha.1    {'react-leaflet': 87}
211 react-leaflet: 4.0.0-alpha.2    {'react-leaflet': 87}
211 react-leaflet: 4.0.0-beta.0    {'react-leaflet': 87}
211 react-leaflet: 4.0.0-beta.1    {'react-leaflet': 87}
211 react-leaflet: 4.0.1    {'react-leaflet': 87}
211 react-leaflet: 4.0.2    {'react-leaflet': 87}
211 react-leaflet: 4.1.0    {'react-leaflet': 87}
211 react-leaflet: 4.2.0    {'react-leaflet': 87}
211 react-leaflet: 4.2.1    {'react-leaflet': 87}
217 react-quill: 1.2.3    {'react-quill': 16}
217 react-quill: 1.2.4    {'react-quill': 16}
217 react-quill: 1.2.7    {'react-quill': 16}
217 react-quill: 1.3.0    {'react-quill': 16}
217 react-quill: 1.3.1    {'react-quill': 16}
217 react-quill: 1.3.3    {'react-quill': 16}
217 react-quill: 1.3.4    {'react-quill': 16}
217 react-quill: 1.3.5    {'react-quill': 16}
217 react-quill: 2.0.0-beta.1    {'react-quill': 16}
217 react-quill: 2.0.0-beta.2    {'react-quill': 16}
219 open-color: 1.3.0    {'open-color': 2}
219 open-color: 1.3.1    {'open-color': 2}
219 open-color: 1.3.2    {'open-color': 2}
219 open-color: 1.4.0    {'open-color': 2}
219 open-color: 1.4.1    {'open-color': 2}
219 open-color: 1.4.2    {'open-color': 2}
219 open-color: 1.5.0    {'open-color': 2}
219 open-color: 1.5.1    {'open-color': 2}
219 open-color: 1.6.0    {'open-color': 2}
219 open-color: 1.6.1    {'open-color': 2}
219 open-color: 1.6.2    {'open-color': 2}
219 open-color: 1.6.3    {'open-color': 2}
219 open-color: 1.7.0    {'open-color': 2}
219 open-color: 1.8.0    {'open-color': 2}
234 topcoat: 0.6    {}
234 topcoat: 0.8.0    {}
279 icono: 1.3.0    {}
293 embla-carousel: 3.0.14    {'index': 22, 'embla-carousel': 11, 'react': 6, 'embla-carousel-react': 5}
293 embla-carousel: 3.0.15    {'index': 22, 'embla-carousel': 11, 'react': 6, 'embla-carousel-react': 5}
293 embla-carousel: 3.0.16    {'index': 22, 'embla-carousel': 11, 'react': 6, 'embla-carousel-react': 5}
293 embla-carousel: 3.0.17    {'index': 22, 'embla-carousel': 11, 'react': 6, 'embla-carousel-react': 5}
293 embla-carousel: 3.0.18    {'index': 22, 'embla-carousel': 11, 'react': 6, 'embla-carousel-react': 5}
293 embla-carousel: 3.0.19    {'index': 22, 'embla-carousel': 11, 'react': 6, 'embla-carousel-react': 5}
293 embla-carousel: 3.0.20    {'index': 22, 'embla-carousel': 11, 'react': 6, 'embla-carousel-react': 5}
293 embla-carousel: 3.0.21    {'index': 22, 'embla-carousel': 11, 'react': 6, 'embla-carousel-react': 5}
293 embla-carousel: 3.0.22    {'index': 22, 'embla-carousel': 11, 'react': 6, 'embla-carousel-react': 5}
293 embla-carousel: 3.0.23    {'index': 22, 'embla-carousel': 11, 'react': 6, 'embla-carousel-react': 5}
293 embla-carousel: 3.0.24    {'index': 22, 'embla-carousel': 11, 'react': 6, 'embla-carousel-react': 5}
293 embla-carousel: 3.0.25    {'index': 22, 'embla-carousel': 11, 'react': 6, 'embla-carousel-react': 5}
293 embla-carousel: 3.0.26    {'index': 22, 'embla-carousel': 11, 'react': 6, 'embla-carousel-react': 5}
293 embla-carousel: 3.0.27    {'index': 22, 'embla-carousel': 11, 'react': 6, 'embla-carousel-react': 5}
293 embla-carousel: 3.0.28    {'index': 22, 'embla-carousel': 11, 'react': 6, 'embla-carousel-react': 5}
293 embla-carousel: 4.0.0    {'index': 22, 'embla-carousel': 11, 'react': 6, 'embla-carousel-react': 5}
293 embla-carousel: 4.0.1    {'index': 22, 'embla-carousel': 11, 'react': 6, 'embla-carousel-react': 5}
293 embla-carousel: 4.0.2    {'index': 22, 'embla-carousel': 11, 'react': 6, 'embla-carousel-react': 5}
293 embla-carousel: 4.0.3    {'index': 22, 'embla-carousel': 11, 'react': 6, 'embla-carousel-react': 5}
293 embla-carousel: 4.0.4    {'index': 22, 'embla-carousel': 11, 'react': 6, 'embla-carousel-react': 5}
293 embla-carousel: 4.0.5    {'index': 22, 'embla-carousel': 11, 'react': 6, 'embla-carousel-react': 5}
293 embla-carousel: 4.0.6    {'index': 22, 'embla-carousel': 11, 'react': 6, 'embla-carousel-react': 5}
293 embla-carousel: 4.1.0    {'index': 22, 'embla-carousel': 11, 'react': 6, 'embla-carousel-react': 5}
293 embla-carousel: 4.1.1    {'index': 22, 'embla-carousel': 11, 'react': 6, 'embla-carousel-react': 5}
293 embla-carousel: 4.1.2    {'index': 22, 'embla-carousel': 11, 'react': 6, 'embla-carousel-react': 5}
293 embla-carousel: 4.1.3    {'index': 22, 'embla-carousel': 11, 'react': 6, 'embla-carousel-react': 5}
293 embla-carousel: 4.1.4    {'index': 22, 'embla-carousel': 11, 'react': 6, 'embla-carousel-react': 5}
293 embla-carousel: 4.1.5    {'index': 22, 'embla-carousel': 11, 'react': 6, 'embla-carousel-react': 5}
293 embla-carousel: 4.2.0    {'index': 22, 'embla-carousel': 11, 'react': 6, 'embla-carousel-react': 5}
293 embla-carousel: 4.2.1    {'index': 22, 'embla-carousel': 11, 'react': 6, 'embla-carousel-react': 5}
293 embla-carousel: 4.3.0    {'index': 22, 'embla-carousel': 11, 'react': 6, 'embla-carousel-react': 5}
293 embla-carousel: 4.3.1    {'index': 22, 'embla-carousel': 11, 'react': 6, 'embla-carousel-react': 5}
293 embla-carousel: 4.3.2    {'index': 22, 'embla-carousel': 11, 'react': 6, 'embla-carousel-react': 5}
293 embla-carousel: 4.4.0    {'index': 22, 'embla-carousel': 11, 'react': 6, 'embla-carousel-react': 5}
293 embla-carousel: 4.4.1    {'index': 22, 'embla-carousel': 11, 'react': 6, 'embla-carousel-react': 5}
293 embla-carousel: 4.5.0    {'index': 22, 'embla-carousel': 11, 'react': 6, 'embla-carousel-react': 5}
293 embla-carousel: 4.5.1    {'index': 22, 'embla-carousel': 11, 'react': 6, 'embla-carousel-react': 5}
293 embla-carousel: 4.5.2    {'index': 22, 'embla-carousel': 11, 'react': 6, 'embla-carousel-react': 5}
293 embla-carousel: 4.5.3    {'index': 22, 'embla-carousel': 11, 'react': 6, 'embla-carousel-react': 5}
293 embla-carousel: 5.0.0    {'index': 22, 'embla-carousel': 11, 'react': 6, 'embla-carousel-react': 5}
293 embla-carousel: 5.0.1    {'index': 22, 'embla-carousel': 11, 'react': 6, 'embla-carousel-react': 5}
293 embla-carousel: 6.0.0    {'index': 22, 'embla-carousel': 11, 'react': 6, 'embla-carousel-react': 5}
293 embla-carousel: 6.0.1    {'index': 22, 'embla-carousel': 11, 'react': 6, 'embla-carousel-react': 5}
293 embla-carousel: 6.0.2    {'index': 22, 'embla-carousel': 11, 'react': 6, 'embla-carousel-react': 5}
293 embla-carousel: 6.1.0    {'index': 22, 'embla-carousel': 11, 'react': 6, 'embla-carousel-react': 5}
293 embla-carousel: 6.1.1    {'index': 22, 'embla-carousel': 11, 'react': 6, 'embla-carousel-react': 5}
293 embla-carousel: 6.2.0    {'index': 22, 'embla-carousel': 11, 'react': 6, 'embla-carousel-react': 5}
293 embla-carousel: 7.0.0    {'index': 22, 'embla-carousel': 11, 'react': 6, 'embla-carousel-react': 5}
293 embla-carousel: 7.0.0-rc01    {'index': 22, 'embla-carousel': 11, 'react': 6, 'embla-carousel-react': 5}
293 embla-carousel: 7.0.0-rc03    {'index': 22, 'embla-carousel': 11, 'react': 6, 'embla-carousel-react': 5}
293 embla-carousel: 7.0.0-rc04    {'index': 22, 'embla-carousel': 11, 'react': 6, 'embla-carousel-react': 5}
293 embla-carousel: 7.0.0-rc05    {'index': 22, 'embla-carousel': 11, 'react': 6, 'embla-carousel-react': 5}
293 embla-carousel: 7.0.1    {'index': 22, 'embla-carousel': 11, 'react': 6, 'embla-carousel-react': 5}
293 embla-carousel: 7.0.2    {'index': 22, 'embla-carousel': 11, 'react': 6, 'embla-carousel-react': 5}
293 embla-carousel: 7.0.3    {'index': 22, 'embla-carousel': 11, 'react': 6, 'embla-carousel-react': 5}
293 embla-carousel: 7.0.4    {'index': 22, 'embla-carousel': 11, 'react': 6, 'embla-carousel-react': 5}
293 embla-carousel: 7.0.5    {'index': 22, 'embla-carousel': 11, 'react': 6, 'embla-carousel-react': 5}
293 embla-carousel: 7.0.6    {'index': 22, 'embla-carousel': 11, 'react': 6, 'embla-carousel-react': 5}
293 embla-carousel: 7.0.7    {'index': 22, 'embla-carousel': 11, 'react': 6, 'embla-carousel-react': 5}
293 embla-carousel: 7.0.8    {'index': 22, 'embla-carousel': 11, 'react': 6, 'embla-carousel-react': 5}
293 embla-carousel: 7.0.9    {'index': 22, 'embla-carousel': 11, 'react': 6, 'embla-carousel-react': 5}
293 embla-carousel: 7.1.0    {'index': 22, 'embla-carousel': 11, 'react': 6, 'embla-carousel-react': 5}
293 embla-carousel: 8.0.0-rc01    {'index': 22, 'embla-carousel': 11, 'react': 6, 'embla-carousel-react': 5}
293 embla-carousel: 8.0.0-rc02    {'index': 22, 'embla-carousel': 11, 'react': 6, 'embla-carousel-react': 5}
293 embla-carousel: 8.0.0-rc03    {'index': 22, 'embla-carousel': 11, 'react': 6, 'embla-carousel-react': 5}
293 embla-carousel: 8.0.0-rc04    {'index': 22, 'embla-carousel': 11, 'react': 6, 'embla-carousel-react': 5}
293 embla-carousel: 8.0.0-rc05    {'index': 22, 'embla-carousel': 11, 'react': 6, 'embla-carousel-react': 5}
293 embla-carousel: 8.0.0-rc06    {'index': 22, 'embla-carousel': 11, 'react': 6, 'embla-carousel-react': 5}
293 embla-carousel: 8.0.0-rc07    {'index': 22, 'embla-carousel': 11, 'react': 6, 'embla-carousel-react': 5}
293 embla-carousel: 8.0.0-rc08    {'index': 22, 'embla-carousel': 11, 'react': 6, 'embla-carousel-react': 5}
293 embla-carousel: 8.0.0-rc09    {'index': 22, 'embla-carousel': 11, 'react': 6, 'embla-carousel-react': 5}
293 embla-carousel: 8.0.0-rc10    {'index': 22, 'embla-carousel': 11, 'react': 6, 'embla-carousel-react': 5}
293 embla-carousel: 8.0.0-rc11    {'index': 22, 'embla-carousel': 11, 'react': 6, 'embla-carousel-react': 5}
293 embla-carousel: 8.0.0-rc12    {'index': 22, 'embla-carousel': 11, 'react': 6, 'embla-carousel-react': 5}
293 embla-carousel: 8.0.0-rc13    {'index': 22, 'embla-carousel': 11, 'react': 6, 'embla-carousel-react': 5}
293 embla-carousel: 8.0.0-rc14    {'index': 22, 'embla-carousel': 11, 'react': 6, 'embla-carousel-react': 5}
293 embla-carousel: 8.0.0-rc15    {'index': 22, 'embla-carousel': 11, 'react': 6, 'embla-carousel-react': 5}
293 embla-carousel: 8.0.0-rc16    {'index': 22, 'embla-carousel': 11, 'react': 6, 'embla-carousel-react': 5}
293 embla-carousel: 8.0.0-rc17    {'index': 22, 'embla-carousel': 11, 'react': 6, 'embla-carousel-react': 5}
298 gitment: 0.0.1    {'gitment': 2}
308 gifshot: 0.4.5    {'gifshot': 6}
313 chrono-node: 1.4.4    {'chrono': 48}
313 chrono-node: 1.4.5    {'chrono': 48}
313 chrono-node: 1.4.6    {'chrono': 48}
313 chrono-node: 1.4.7    {'chrono': 48}
313 chrono-node: 1.4.8    {'chrono': 48}
313 chrono-node: 2.0.0    {'chrono': 48}
313 chrono-node: 2.0.1    {'chrono': 48}
313 chrono-node: 2.0.2    {'chrono': 48}
313 chrono-node: 2.0.3    {'chrono': 48}
313 chrono-node: 2.1.0    {'chrono': 48}
313 chrono-node: 2.1.1    {'chrono': 48}
313 chrono-node: 2.1.10    {'chrono': 48}
313 chrono-node: 2.1.11    {'chrono': 48}
313 chrono-node: 2.1.2    {'chrono': 48}
313 chrono-node: 2.1.3    {'chrono': 48}
313 chrono-node: 2.1.4    {'chrono': 48}
313 chrono-node: 2.1.5    {'chrono': 48}
313 chrono-node: 2.1.6    {'chrono': 48}
313 chrono-node: 2.1.7    {'chrono': 48}
313 chrono-node: 2.1.8    {'chrono': 48}
313 chrono-node: 2.1.9    {'chrono': 48}
313 chrono-node: 2.2.0    {'chrono': 48}
313 chrono-node: 2.2.1    {'chrono': 48}
313 chrono-node: 2.2.2    {'chrono': 48}
313 chrono-node: 2.2.3    {'chrono': 48}
313 chrono-node: 2.2.4    {'chrono': 48}
313 chrono-node: 2.2.5    {'chrono': 48}
313 chrono-node: 2.2.6    {'chrono': 48}
313 chrono-node: 2.2.7    {'chrono': 48}
313 chrono-node: 2.3.0    {'chrono': 48}
313 chrono-node: 2.3.1    {'chrono': 48}
313 chrono-node: 2.3.2    {'chrono': 48}
313 chrono-node: 2.3.3    {'chrono': 48}
313 chrono-node: 2.3.4    {'chrono': 48}
313 chrono-node: 2.3.5    {'chrono': 48}
313 chrono-node: 2.3.6    {'chrono': 48}
313 chrono-node: 2.3.7    {'chrono': 48}
313 chrono-node: 2.3.8    {'chrono': 48}
313 chrono-node: 2.3.9    {'chrono': 48}
313 chrono-node: 2.4.1    {'chrono': 48}
313 chrono-node: 2.4.2    {'chrono': 48}
313 chrono-node: 2.5.0    {'chrono': 48}
313 chrono-node: 2.5.1    {'chrono': 48}
313 chrono-node: 2.6.0    {'chrono': 48}
313 chrono-node: 2.6.0-0    {'chrono': 48}
313 chrono-node: 2.6.0-1    {'chrono': 48}
313 chrono-node: 2.6.1    {'chrono': 48}
313 chrono-node: 2.6.2    {'chrono': 48}
313 chrono-node: 2.6.3    {'chrono': 48}
313 chrono-node: 2.6.4    {'chrono': 48}
313 chrono-node: 2.6.5    {'chrono': 48}
313 chrono-node: 2.6.6    {'chrono': 48}
313 chrono-node: 2.7.0    {'chrono': 48}
313 chrono-node: 2.7.1    {'chrono': 48}
313 chrono-node: 2.7.2    {'chrono': 48}
313 chrono-node: 2.7.3    {'chrono': 48}
318 device.js: 0.10.0    {'device': 10}
318 device.js: 0.10.1    {'device': 10}
318 device.js: 0.10.2    {'device': 10}
318 device.js: 0.7.8    {'device': 10}
318 device.js: 0.7.9    {'device': 10}
318 device.js: 0.8.0    {'device': 10}
318 device.js: 0.8.1    {'device': 10}
318 device.js: 0.8.2    {'device': 10}
318 device.js: 0.9.0    {'device': 10}
318 device.js: 0.9.1    {'device': 10}
321 mdui: 2.0.0    {'mdui': 12}
321 mdui: 2.0.1    {'mdui': 12}
321 mdui: 2.0.2    {'mdui': 12}
321 mdui: 2.0.3    {'mdui': 12}
329 960gs: 0    {}
330 lz-string: 2.0.0-rc.0    {'base64-string': 13, 'lz-string': 13}
339 vexflow: 4.0.0    {'vexflow-min': 108, 'vexflow-debug': 108, 'vexflow-legacy-debug': 31, 'vexflow-legacy-min': 31, 'vexflow': 5}
339 vexflow: 4.0.1    {'vexflow-min': 108, 'vexflow-debug': 108, 'vexflow-legacy-debug': 31, 'vexflow-legacy-min': 31, 'vexflow': 5}
339 vexflow: 4.0.1-alpha.0    {'vexflow-min': 108, 'vexflow-debug': 108, 'vexflow-legacy-debug': 31, 'vexflow-legacy-min': 31, 'vexflow': 5}
339 vexflow: 4.0.1-alpha.1    {'vexflow-min': 108, 'vexflow-debug': 108, 'vexflow-legacy-debug': 31, 'vexflow-legacy-min': 31, 'vexflow': 5}
339 vexflow: 4.0.1-alpha.2    {'vexflow-min': 108, 'vexflow-debug': 108, 'vexflow-legacy-debug': 31, 'vexflow-legacy-min': 31, 'vexflow': 5}
339 vexflow: 4.0.1-beta.0    {'vexflow-min': 108, 'vexflow-debug': 108, 'vexflow-legacy-debug': 31, 'vexflow-legacy-min': 31, 'vexflow': 5}
339 vexflow: 4.0.1-beta.1    {'vexflow-min': 108, 'vexflow-debug': 108, 'vexflow-legacy-debug': 31, 'vexflow-legacy-min': 31, 'vexflow': 5}
339 vexflow: 4.0.1-beta.2    {'vexflow-min': 108, 'vexflow-debug': 108, 'vexflow-legacy-debug': 31, 'vexflow-legacy-min': 31, 'vexflow': 5}
339 vexflow: 4.0.1-rc.0    {'vexflow-min': 108, 'vexflow-debug': 108, 'vexflow-legacy-debug': 31, 'vexflow-legacy-min': 31, 'vexflow': 5}
339 vexflow: 4.2.0-beta.1    {'vexflow-min': 108, 'vexflow-debug': 108, 'vexflow-legacy-debug': 31, 'vexflow-legacy-min': 31, 'vexflow': 5}
343 zuck.js: 1.5.0    {'zuck': 10}
343 zuck.js: 1.5.1    {'zuck': 10}
343 zuck.js: 1.5.2    {'zuck': 10}
343 zuck.js: 1.5.3    {'zuck': 10}
343 zuck.js: 1.5.4    {'zuck': 10}
343 zuck.js: 1.5.5    {'zuck': 10}
343 zuck.js: 1.5.6    {'zuck': 10}
343 zuck.js: 1.6.0    {'zuck': 10}
343 zuck.js: 2.0.0    {'zuck': 10}
343 zuck.js: 2.0.1    {'zuck': 10}
343 zuck.js: 2.0.2    {'zuck': 10}
343 zuck.js: 2.0.3    {'zuck': 10}
345 simpledotcss: 2.0.3    {}
345 simpledotcss: 2.0.4    {}
345 simpledotcss: 2.0.5    {}
345 simpledotcss: 2.0.6    {}
345 simpledotcss: 2.0.7    {}
345 simpledotcss: 2.1.0    {}
345 simpledotcss: 2.1.1    {}
345 simpledotcss: 2.1.2    {}
345 simpledotcss: 2.2.0    {}
345 simpledotcss: 2.2.1    {}
346 pnotify: 5.0.0    {'pnotify': 7, 'jquery': 1}
346 pnotify: 5.0.0-alpha.6    {'pnotify': 7, 'jquery': 1}
346 pnotify: 5.0.0-alpha.7    {'pnotify': 7, 'jquery': 1}
346 pnotify: 5.0.1    {'pnotify': 7, 'jquery': 1}
346 pnotify: 5.1.0    {'pnotify': 7, 'jquery': 1}
346 pnotify: 5.1.1    {'pnotify': 7, 'jquery': 1}
346 pnotify: 5.1.2    {'pnotify': 7, 'jquery': 1}
346 pnotify: 5.2.0    {'pnotify': 7, 'jquery': 1}
347 jslint: 2021.6.22    {'jslint': 20}
352 polyglot.js: 2.3.0    {'polyglot': 19}
352 polyglot.js: 2.3.1    {'polyglot': 19}
352 polyglot.js: 2.4.0    {'polyglot': 19}
352 polyglot.js: 2.4.1    {'polyglot': 19}
352 polyglot.js: 2.4.2    {'polyglot': 19}
352 polyglot.js: 2.5.0    {'polyglot': 19}
354 bytemd: 1.12.2    {'index': 12}
354 bytemd: 1.12.3    {'index': 12}
354 bytemd: 1.12.4    {'index': 12}
354 bytemd: 1.13.0    {'index': 12}
354 bytemd: 1.13.1    {'index': 12}
354 bytemd: 1.14.0    {'index': 12}
354 bytemd: 1.15.0    {'index': 12}
363 docsearch-css: 3.0.0    {}
363 docsearch-css: 3.1.0    {}
363 docsearch-css: 3.1.1    {}
363 docsearch-css: 3.2.0    {}
363 docsearch-css: 3.2.1    {}
363 docsearch-css: 3.2.2    {}
363 docsearch-css: 3.3.0    {}
363 docsearch-css: 3.3.1    {}
363 docsearch-css: 3.3.2    {}
363 docsearch-css: 3.3.3    {}
363 docsearch-css: 3.3.4    {}
363 docsearch-css: 3.3.5    {}
363 docsearch-css: 3.4.0    {}
363 docsearch-css: 3.5.0    {}
363 docsearch-css: 3.5.1    {}
363 docsearch-css: 3.5.2    {}
365 iconoir: 4.2    {}
365 iconoir: 4.2.1    {}
365 iconoir: 4.2.2    {}
365 iconoir: 4.3.0    {}
365 iconoir: 4.3.1    {}
365 iconoir: 4.4    {}
365 iconoir: 4.5    {}
365 iconoir: 4.5.1    {}
365 iconoir: 4.6    {}
365 iconoir: 4.7    {}
365 iconoir: 4.7.1    {}
365 iconoir: 4.8    {}
365 iconoir: 4.8.1    {}
365 iconoir: 4.9    {}
365 iconoir: 4.9.1    {}
365 iconoir: 4.9.2    {}
365 iconoir: 5.0    {}
365 iconoir: 5.1.1    {}
365 iconoir: 5.1.2    {}
365 iconoir: 5.1.3    {}
365 iconoir: 5.1.4    {}
365 iconoir: 5.2.0    {}
365 iconoir: 5.3.0    {}
365 iconoir: 5.3.1    {}
365 iconoir: 5.3.2    {}
365 iconoir: 5.4    {}
365 iconoir: 5.4.1    {}
365 iconoir: 5.5    {}
365 iconoir: 5.5.1    {}
365 iconoir: 5.5.2    {}
365 iconoir: 6.0    {}
365 iconoir: 6.1.0    {}
365 iconoir: 6.1.1    {}
365 iconoir: 6.10.0    {}
365 iconoir: 6.11.0    {}
365 iconoir: 6.2.0    {}
365 iconoir: 6.2.1    {}
365 iconoir: 6.3.0    {}
365 iconoir: 6.4.0    {}
365 iconoir: 6.4.1    {}
365 iconoir: 6.5.0    {}
365 iconoir: 6.6.0    {}
365 iconoir: 6.7.0    {}
365 iconoir: 6.8.0    {}
365 iconoir: 6.9.0    {}
365 iconoir: 7.0.0    {}
365 iconoir: 7.0.1    {}
365 iconoir: 7.0.2    {}
365 iconoir: 7.0.3    {}
365 iconoir: 7.1.0    {}
365 iconoir: 7.2.0    {}
366 html5-qrcode: 2.0.10    {'html5-qrcode': 43}
366 html5-qrcode: 2.0.11    {'html5-qrcode': 43}
366 html5-qrcode: 2.0.12    {'html5-qrcode': 43}
366 html5-qrcode: 2.0.13    {'html5-qrcode': 43}
366 html5-qrcode: 2.0.4    {'html5-qrcode': 43}
366 html5-qrcode: 2.0.5    {'html5-qrcode': 43}
366 html5-qrcode: 2.0.6    {'html5-qrcode': 43}
366 html5-qrcode: 2.0.7    {'html5-qrcode': 43}
366 html5-qrcode: 2.0.8    {'html5-qrcode': 43}
366 html5-qrcode: 2.0.9    {'html5-qrcode': 43}
369 html5-device-mockups: 2.0.0    {}
369 html5-device-mockups: 3.0.0    {}
369 html5-device-mockups: 3.0.1    {}
369 html5-device-mockups: 3.0.2    {}
369 html5-device-mockups: 3.0.3    {}
369 html5-device-mockups: 3.1.0    {}
369 html5-device-mockups: 3.1.1    {}
369 html5-device-mockups: 3.2.0    {}
369 html5-device-mockups: 3.2.1    {}
369 html5-device-mockups: 3.3    {}
370 tarekraafat-autocomplete.js: 10.0.0    {'autocomplete': 50, 'index': 10}
374 design-system: 0.10.0    {}
374 design-system: 0.10.1    {}
374 design-system: 0.11.0    {}
374 design-system: 0.12.0    {}
374 design-system: 0.12.1    {}
374 design-system: 0.12.2    {}
374 design-system: 0.9.0    {}
374 design-system: 0.9.1    {}
374 design-system: 0.9.2    {}
374 design-system: 1.0.0    {}
374 design-system: 1.0.1    {}
374 design-system: 1.0.2    {}
374 design-system: 1.0.3    {}
374 design-system: 1.0.4    {}
374 design-system: 1.0.5    {}
374 design-system: 2.0.0    {}
374 design-system: 2.0.1    {}
374 design-system: 2.0.2    {}
374 design-system: 2.0.3    {}
374 design-system: 2.1.2    {}
374 design-system: 2.1.3    {}
374 design-system: 2.1.4    {}
374 design-system: 2.10.0-alpha.1    {}
374 design-system: 2.10.0-alpha.2    {}
374 design-system: 2.10.0-alpha.3    {}
374 design-system: 2.11.2    {}
374 design-system: 2.11.3    {}
374 design-system: 2.11.4    {}
374 design-system: 2.11.5    {}
374 design-system: 2.11.6    {}
374 design-system: 2.11.8    {}
374 design-system: 2.12.0    {}
374 design-system: 2.12.1    {}
374 design-system: 2.13.6    {}
374 design-system: 2.13.7    {}
374 design-system: 2.14.0    {}
374 design-system: 2.14.0-alpha.2    {}
374 design-system: 2.14.0-beta.1    {}
374 design-system: 2.14.0-beta.2    {}
374 design-system: 2.14.0-rc.1    {}
374 design-system: 2.14.0-rc.2    {}
374 design-system: 2.14.0-rc.3    {}
374 design-system: 2.14.1    {}
374 design-system: 2.14.2    {}
374 design-system: 2.14.3    {}
374 design-system: 2.15.0    {}
374 design-system: 2.15.0-alpha.1    {}
374 design-system: 2.15.0-alpha.2    {}
374 design-system: 2.15.0-alpha.3    {}
374 design-system: 2.15.0-alpha.4    {}
374 design-system: 2.15.0-alpha.5    {}
374 design-system: 2.15.0-alpha.6    {}
374 design-system: 2.15.0-beta.1    {}
374 design-system: 2.15.1    {}
374 design-system: 2.15.2    {}
374 design-system: 2.15.3    {}
374 design-system: 2.15.4    {}
374 design-system: 2.15.5    {}
374 design-system: 2.15.6    {}
374 design-system: 2.15.7    {}
374 design-system: 2.15.8    {}
374 design-system: 2.15.9    {}
374 design-system: 2.16.0    {}
374 design-system: 2.16.0-alpha.1    {}
374 design-system: 2.16.0-alpha.2    {}
374 design-system: 2.16.0-alpha.3    {}
374 design-system: 2.16.0-alpha.4    {}
374 design-system: 2.16.0-alpha.5    {}
374 design-system: 2.16.0-beta.1    {}
374 design-system: 2.16.0-beta.2    {}
374 design-system: 2.16.0-rc.1    {}
374 design-system: 2.16.1    {}
374 design-system: 2.16.2    {}
374 design-system: 2.17.0    {}
374 design-system: 2.17.0-alpha.1    {}
374 design-system: 2.17.0-alpha.2    {}
374 design-system: 2.17.0-alpha.3    {}
374 design-system: 2.17.0-alpha.5    {}
374 design-system: 2.17.0-alpha.6    {}
374 design-system: 2.17.0-beta.1    {}
374 design-system: 2.17.0-rc.1    {}
374 design-system: 2.17.0-rc.2    {}
374 design-system: 2.17.1    {}
374 design-system: 2.17.2    {}
374 design-system: 2.17.3    {}
374 design-system: 2.17.4    {}
374 design-system: 2.17.5    {}
374 design-system: 2.18.0    {}
374 design-system: 2.18.0-alpha.1    {}
374 design-system: 2.18.0-alpha.2    {}
374 design-system: 2.18.0-beta.1    {}
374 design-system: 2.18.0-beta.2    {}
374 design-system: 2.18.1    {}
374 design-system: 2.19.0    {}
374 design-system: 2.19.0-alpha.2    {}
374 design-system: 2.19.0-beta.1    {}
374 design-system: 2.19.0-beta.1.1    {}
374 design-system: 2.2.0    {}
374 design-system: 2.2.1    {}
374 design-system: 2.2.2    {}
374 design-system: 2.20.0    {}
374 design-system: 2.20.0-alpha.2    {}
374 design-system: 2.20.0-beta.1    {}
374 design-system: 2.20.0-rc.1    {}
374 design-system: 2.20.1    {}
374 design-system: 2.21.0    {}
374 design-system: 2.21.0-alpha.1    {}
374 design-system: 2.21.0-alpha.2    {}
374 design-system: 2.21.0-beta.1    {}
374 design-system: 2.21.0-beta.2    {}
374 design-system: 2.21.0-rc.1    {}
374 design-system: 2.21.1    {}
374 design-system: 2.21.2    {}
374 design-system: 2.21.2-fix    {}
374 design-system: 2.21.3    {}
374 design-system: 2.21.3-wcag    {}
374 design-system: 2.21.4    {}
374 design-system: 2.21.4-fix    {}
374 design-system: 2.21.5    {}
374 design-system: 2.21.5-wcag    {}
374 design-system: 2.22.0    {}
374 design-system: 2.22.0-alpha.1    {}
374 design-system: 2.22.0-alpha.2    {}
374 design-system: 2.22.0-beta.1    {}
374 design-system: 2.22.0-rc.1    {}
374 design-system: 2.22.1    {}
374 design-system: 2.22.2    {}
374 design-system: 2.23.0    {}
374 design-system: 2.23.0-alpha.1    {}
374 design-system: 2.23.0-alpha.2    {}
374 design-system: 2.23.0-alpha.3    {}
374 design-system: 2.23.0-alpha.4    {}
374 design-system: 2.23.0-alpha.5    {}
374 design-system: 2.23.0-beta.1    {}
374 design-system: 2.3.0    {}
374 design-system: 2.3.1    {}
374 design-system: 2.4.0-rc.3    {}
374 design-system: 2.4.1    {}
374 design-system: 2.4.2    {}
374 design-system: 2.4.3    {}
374 design-system: 2.4.4    {}
374 design-system: 2.4.5    {}
374 design-system: 2.5.0    {}
374 design-system: 2.5.0-alpha.11    {}
374 design-system: 2.5.2    {}
374 design-system: 2.6.0    {}
374 design-system: 2.6.0-alpha    {}
374 design-system: 2.6.1    {}
374 design-system: 2.6.2    {}
374 design-system: 2.7.0    {}
374 design-system: 2.7.1    {}
374 design-system: 2.7.2    {}
374 design-system: 2.7.4    {}
374 design-system: 2.7.5    {}
374 design-system: 2.8.0    {}
374 design-system: 2.8.0-alpha.7    {}
374 design-system: 2.8.1    {}
374 design-system: 2.8.2    {}
374 design-system: 2.8.3    {}
374 design-system: 2.9.0    {}
374 design-system: 2.9.0-alpha.4    {}
374 design-system: 2.9.0-alpha.5    {}
374 design-system: 2.9.0-alpha.6    {}
374 design-system: 2.9.0-beta.1    {}
374 design-system: 2.9.0-beta.2    {}
374 design-system: 2.9.0-beta.3    {}
374 design-system: 2.9.0-dev    {}
374 design-system: 2.9.1    {}
374 design-system: 2.9.2    {}
374 design-system: 2.9.3    {}
374 design-system: 2.9.4    {}
374 design-system: 2.9.5    {}
374 design-system: 3.0.0-alpha.1    {}
374 design-system: 3.0.0-alpha.2    {}
374 design-system: 3.0.0-alpha.3    {}
374 design-system: 3.0.0-alpha.4    {}
374 design-system: 3.0.0-dev    {}
378 picnic: 4.1.2    {}
378 picnic: 6.1.1    {}
378 picnic: 6.1.2    {}
378 picnic: 6.1.4    {}
378 picnic: 6.1.5    {}
378 picnic: 6.1.6    {}
378 picnic: 6.1.7    {}
378 picnic: 6.2.0    {}
378 picnic: 6.2.1    {}
378 picnic: 6.2.2    {}
378 picnic: 6.2.3    {}
378 picnic: 6.2.4    {}
378 picnic: 6.2.5    {}
378 picnic: 6.3.0    {}
378 picnic: 6.3.1    {}
378 picnic: 6.3.2    {}
378 picnic: 6.4.0    {}
378 picnic: 6.5.0    {}
378 picnic: 6.5.1    {}
378 picnic: 6.5.2    {}
378 picnic: 6.5.3    {}
378 picnic: 6.5.4    {}
378 picnic: 6.5.5    {}
378 picnic: 7.0.0    {}
378 picnic: 7.1.0    {}
380 html-to-image: 1.8.0    {'html-to-image': 30}
380 html-to-image: 1.8.1    {'html-to-image': 30}
380 html-to-image: 1.8.2    {'html-to-image': 30}
380 html-to-image: 1.8.3    {'html-to-image': 30}
387 iamdustan-smoothscroll: 0.4.1    {'smoothscroll': 13}
387 iamdustan-smoothscroll: 0.4.2    {'smoothscroll': 13}
387 iamdustan-smoothscroll: 0.4.3    {'smoothscroll': 13}
387 iamdustan-smoothscroll: 0.4.4    {'smoothscroll': 13}
393 chess.js: 1.0.0-alpha.0    {'chess': 18}
393 chess.js: 1.0.0-beta.0    {'chess': 18}
393 chess.js: 1.0.0-beta.1    {'chess': 18}
393 chess.js: 1.0.0-beta.2    {'chess': 18}
393 chess.js: 1.0.0-beta.3    {'chess': 18}
393 chess.js: 1.0.0-beta.4    {'chess': 18}
393 chess.js: 1.0.0-beta.5    {'chess': 18}
393 chess.js: 1.0.0-beta.6    {'chess': 18}
393 chess.js: 1.0.0-beta.7    {'chess': 18}
397 sanitize-html: 2.0.0    {'sanitize-html': 18, 'sanitize-html-es2015': 14, 'index': 4}
397 sanitize-html: 2.1.0    {'sanitize-html': 18, 'sanitize-html-es2015': 14, 'index': 4}
397 sanitize-html: 2.1.1    {'sanitize-html': 18, 'sanitize-html-es2015': 14, 'index': 4}
397 sanitize-html: 2.1.2    {'sanitize-html': 18, 'sanitize-html-es2015': 14, 'index': 4}
397 sanitize-html: 2.10.0    {'sanitize-html': 18, 'sanitize-html-es2015': 14, 'index': 4}
397 sanitize-html: 2.11.0    {'sanitize-html': 18, 'sanitize-html-es2015': 14, 'index': 4}
397 sanitize-html: 2.2.0    {'sanitize-html': 18, 'sanitize-html-es2015': 14, 'index': 4}
397 sanitize-html: 2.3.0    {'sanitize-html': 18, 'sanitize-html-es2015': 14, 'index': 4}
397 sanitize-html: 2.3.1    {'sanitize-html': 18, 'sanitize-html-es2015': 14, 'index': 4}
397 sanitize-html: 2.3.2    {'sanitize-html': 18, 'sanitize-html-es2015': 14, 'index': 4}
397 sanitize-html: 2.3.3    {'sanitize-html': 18, 'sanitize-html-es2015': 14, 'index': 4}
397 sanitize-html: 2.4.0    {'sanitize-html': 18, 'sanitize-html-es2015': 14, 'index': 4}
397 sanitize-html: 2.5.0    {'sanitize-html': 18, 'sanitize-html-es2015': 14, 'index': 4}
397 sanitize-html: 2.5.1    {'sanitize-html': 18, 'sanitize-html-es2015': 14, 'index': 4}
397 sanitize-html: 2.5.2    {'sanitize-html': 18, 'sanitize-html-es2015': 14, 'index': 4}
397 sanitize-html: 2.5.3    {'sanitize-html': 18, 'sanitize-html-es2015': 14, 'index': 4}
397 sanitize-html: 2.6.0    {'sanitize-html': 18, 'sanitize-html-es2015': 14, 'index': 4}
397 sanitize-html: 2.6.1    {'sanitize-html': 18, 'sanitize-html-es2015': 14, 'index': 4}
397 sanitize-html: 2.7.0    {'sanitize-html': 18, 'sanitize-html-es2015': 14, 'index': 4}
397 sanitize-html: 2.7.1    {'sanitize-html': 18, 'sanitize-html-es2015': 14, 'index': 4}
397 sanitize-html: 2.7.2    {'sanitize-html': 18, 'sanitize-html-es2015': 14, 'index': 4}
397 sanitize-html: 2.7.3    {'sanitize-html': 18, 'sanitize-html-es2015': 14, 'index': 4}
397 sanitize-html: 2.8.0    {'sanitize-html': 18, 'sanitize-html-es2015': 14, 'index': 4}
397 sanitize-html: 2.8.1    {'sanitize-html': 18, 'sanitize-html-es2015': 14, 'index': 4}
397 sanitize-html: 2.9.0    {'sanitize-html': 18, 'sanitize-html-es2015': 14, 'index': 4}
411 instafeed.js: 2.0.0    {'instafeed': 3}
411 instafeed.js: 2.0.0-rc2    {'instafeed': 3}
411 instafeed.js: 2.0.0-rc3    {'instafeed': 3}
414 scrollmonitor: 1.2.10    {'scrollmonitor': 23}
414 scrollmonitor: 1.2.5    {'scrollmonitor': 23}
414 scrollmonitor: 1.2.6    {'scrollmonitor': 23}
414 scrollmonitor: 1.2.7    {'scrollmonitor': 23}
414 scrollmonitor: 1.2.8    {'scrollmonitor': 23}
