8 open-iconic: 1.0.0    {}
8 open-iconic: 1.1.0    {}
8 open-iconic: 1.1.1    {}
9 zone.js: 0.13.2    {'long-stack-trace-zone': 109, 'zone': 109, 'jasmine-patch': 95, 'wtf': 80, 'task-tracking': 67, 'proxy': 66, 'mocha-patch': 54, 'webapis-notification': 48, 'webapis-media-query': 48, 'zone-mix': 47, 'zone-bluebird': 46, 'zone_externs': 38, 'zone-error': 35, 'webapis-shadydom': 34, 'zone-patch-cordova': 33, 'zone-patch-rxjs': 30, 'webapis-rtc-peer-connection': 28, 'zone-testing-bundle': 27, 'zone-testing-node-bundle': 27, 'zone-patch-electron': 27, 'zone-testing': 27, 'zone-patch-user-media': 26, 'zone-patch-resize-observer': 25, 'zone-patch-socket-io': 25, 'zone-patch-rxjs-fake-async': 25, 'zone-patch-jsonp': 25, 'zone-patch-promise-test': 25, 'web-api': 18, 'zone-legacy': 16, 'zone-evergreen': 16, 'zone-evergreen-testing-bundle': 16, 'zone-patch-fetch': 16, 'zone-patch-canvas': 16, 'zone-microtask': 16, 'counting-zone': 14, 'zone-node': 14, 'sync-test': 14, 'async-test': 14, 'fake-async-test': 14, 'except-zone': 12, 'zone-patch-message-port': 11, 'async-stack-tagging': 2, 'proxy-zone': 2, 'zone-async-testing': 2, 'zone-fake-async': 2}
9 zone.js: 0.13.3    {'long-stack-trace-zone': 109, 'zone': 109, 'jasmine-patch': 95, 'wtf': 80, 'task-tracking': 67, 'proxy': 66, 'mocha-patch': 54, 'webapis-notification': 48, 'webapis-media-query': 48, 'zone-mix': 47, 'zone-bluebird': 46, 'zone_externs': 38, 'zone-error': 35, 'webapis-shadydom': 34, 'zone-patch-cordova': 33, 'zone-patch-rxjs': 30, 'webapis-rtc-peer-connection': 28, 'zone-testing-bundle': 27, 'zone-testing-node-bundle': 27, 'zone-patch-electron': 27, 'zone-testing': 27, 'zone-patch-user-media': 26, 'zone-patch-resize-observer': 25, 'zone-patch-socket-io': 25, 'zone-patch-rxjs-fake-async': 25, 'zone-patch-jsonp': 25, 'zone-patch-promise-test': 25, 'web-api': 18, 'zone-legacy': 16, 'zone-evergreen': 16, 'zone-evergreen-testing-bundle': 16, 'zone-patch-fetch': 16, 'zone-patch-canvas': 16, 'zone-microtask': 16, 'counting-zone': 14, 'zone-node': 14, 'sync-test': 14, 'async-test': 14, 'fake-async-test': 14, 'except-zone': 12, 'zone-patch-message-port': 11, 'async-stack-tagging': 2, 'proxy-zone': 2, 'zone-async-testing': 2, 'zone-fake-async': 2}
9 zone.js: 0.14.0    {'long-stack-trace-zone': 109, 'zone': 109, 'jasmine-patch': 95, 'wtf': 80, 'task-tracking': 67, 'proxy': 66, 'mocha-patch': 54, 'webapis-notification': 48, 'webapis-media-query': 48, 'zone-mix': 47, 'zone-bluebird': 46, 'zone_externs': 38, 'zone-error': 35, 'webapis-shadydom': 34, 'zone-patch-cordova': 33, 'zone-patch-rxjs': 30, 'webapis-rtc-peer-connection': 28, 'zone-testing-bundle': 27, 'zone-testing-node-bundle': 27, 'zone-patch-electron': 27, 'zone-testing': 27, 'zone-patch-user-media': 26, 'zone-patch-resize-observer': 25, 'zone-patch-socket-io': 25, 'zone-patch-rxjs-fake-async': 25, 'zone-patch-jsonp': 25, 'zone-patch-promise-test': 25, 'web-api': 18, 'zone-legacy': 16, 'zone-evergreen': 16, 'zone-evergreen-testing-bundle': 16, 'zone-patch-fetch': 16, 'zone-patch-canvas': 16, 'zone-microtask': 16, 'counting-zone': 14, 'zone-node': 14, 'sync-test': 14, 'async-test': 14, 'fake-async-test': 14, 'except-zone': 12, 'zone-patch-message-port': 11, 'async-stack-tagging': 2, 'proxy-zone': 2, 'zone-async-testing': 2, 'zone-fake-async': 2}
9 zone.js: 0.14.1    {'long-stack-trace-zone': 109, 'zone': 109, 'jasmine-patch': 95, 'wtf': 80, 'task-tracking': 67, 'proxy': 66, 'mocha-patch': 54, 'webapis-notification': 48, 'webapis-media-query': 48, 'zone-mix': 47, 'zone-bluebird': 46, 'zone_externs': 38, 'zone-error': 35, 'webapis-shadydom': 34, 'zone-patch-cordova': 33, 'zone-patch-rxjs': 30, 'webapis-rtc-peer-connection': 28, 'zone-testing-bundle': 27, 'zone-testing-node-bundle': 27, 'zone-patch-electron': 27, 'zone-testing': 27, 'zone-patch-user-media': 26, 'zone-patch-resize-observer': 25, 'zone-patch-socket-io': 25, 'zone-patch-rxjs-fake-async': 25, 'zone-patch-jsonp': 25, 'zone-patch-promise-test': 25, 'web-api': 18, 'zone-legacy': 16, 'zone-evergreen': 16, 'zone-evergreen-testing-bundle': 16, 'zone-patch-fetch': 16, 'zone-patch-canvas': 16, 'zone-microtask': 16, 'counting-zone': 14, 'zone-node': 14, 'sync-test': 14, 'async-test': 14, 'fake-async-test': 14, 'except-zone': 12, 'zone-patch-message-port': 11, 'async-stack-tagging': 2, 'proxy-zone': 2, 'zone-async-testing': 2, 'zone-fake-async': 2}
9 zone.js: 0.14.2    {'long-stack-trace-zone': 109, 'zone': 109, 'jasmine-patch': 95, 'wtf': 80, 'task-tracking': 67, 'proxy': 66, 'mocha-patch': 54, 'webapis-notification': 48, 'webapis-media-query': 48, 'zone-mix': 47, 'zone-bluebird': 46, 'zone_externs': 38, 'zone-error': 35, 'webapis-shadydom': 34, 'zone-patch-cordova': 33, 'zone-patch-rxjs': 30, 'webapis-rtc-peer-connection': 28, 'zone-testing-bundle': 27, 'zone-testing-node-bundle': 27, 'zone-patch-electron': 27, 'zone-testing': 27, 'zone-patch-user-media': 26, 'zone-patch-resize-observer': 25, 'zone-patch-socket-io': 25, 'zone-patch-rxjs-fake-async': 25, 'zone-patch-jsonp': 25, 'zone-patch-promise-test': 25, 'web-api': 18, 'zone-legacy': 16, 'zone-evergreen': 16, 'zone-evergreen-testing-bundle': 16, 'zone-patch-fetch': 16, 'zone-patch-canvas': 16, 'zone-microtask': 16, 'counting-zone': 14, 'zone-node': 14, 'sync-test': 14, 'async-test': 14, 'fake-async-test': 14, 'except-zone': 12, 'zone-patch-message-port': 11, 'async-stack-tagging': 2, 'proxy-zone': 2, 'zone-async-testing': 2, 'zone-fake-async': 2}
13 rainbow: 2.0.0    {'generic': 10, 'ruby': 10, 'rainbow': 10, 'css': 10, 'python': 10, 'javascript': 10, 'shell': 10, 'php': 10, 'html': 10, 'c': 6, 'haskell': 2, 'lua': 2, 'java': 2, 'scheme': 2, 'coffeescript': 2, 'smalltalk': 2, 'd': 2, 'go': 2, 'r': 2, 'csharp': 2}
13 rainbow: 2.1.0    {'generic': 10, 'ruby': 10, 'rainbow': 10, 'css': 10, 'python': 10, 'javascript': 10, 'shell': 10, 'php': 10, 'html': 10, 'c': 6, 'haskell': 2, 'lua': 2, 'java': 2, 'scheme': 2, 'coffeescript': 2, 'smalltalk': 2, 'd': 2, 'go': 2, 'r': 2, 'csharp': 2}
13 rainbow: 2.1.1    {'generic': 10, 'ruby': 10, 'rainbow': 10, 'css': 10, 'python': 10, 'javascript': 10, 'shell': 10, 'php': 10, 'html': 10, 'c': 6, 'haskell': 2, 'lua': 2, 'java': 2, 'scheme': 2, 'coffeescript': 2, 'smalltalk': 2, 'd': 2, 'go': 2, 'r': 2, 'csharp': 2}
13 rainbow: 2.1.2    {'generic': 10, 'ruby': 10, 'rainbow': 10, 'css': 10, 'python': 10, 'javascript': 10, 'shell': 10, 'php': 10, 'html': 10, 'c': 6, 'haskell': 2, 'lua': 2, 'java': 2, 'scheme': 2, 'coffeescript': 2, 'smalltalk': 2, 'd': 2, 'go': 2, 'r': 2, 'csharp': 2}
13 rainbow: 2.1.3    {'generic': 10, 'ruby': 10, 'rainbow': 10, 'css': 10, 'python': 10, 'javascript': 10, 'shell': 10, 'php': 10, 'html': 10, 'c': 6, 'haskell': 2, 'lua': 2, 'java': 2, 'scheme': 2, 'coffeescript': 2, 'smalltalk': 2, 'd': 2, 'go': 2, 'r': 2, 'csharp': 2}
13 rainbow: 2.1.4    {'generic': 10, 'ruby': 10, 'rainbow': 10, 'css': 10, 'python': 10, 'javascript': 10, 'shell': 10, 'php': 10, 'html': 10, 'c': 6, 'haskell': 2, 'lua': 2, 'java': 2, 'scheme': 2, 'coffeescript': 2, 'smalltalk': 2, 'd': 2, 'go': 2, 'r': 2, 'csharp': 2}
13 rainbow: 2.1.5    {'generic': 10, 'ruby': 10, 'rainbow': 10, 'css': 10, 'python': 10, 'javascript': 10, 'shell': 10, 'php': 10, 'html': 10, 'c': 6, 'haskell': 2, 'lua': 2, 'java': 2, 'scheme': 2, 'coffeescript': 2, 'smalltalk': 2, 'd': 2, 'go': 2, 'r': 2, 'csharp': 2}
13 rainbow: 2.1.6    {'generic': 10, 'ruby': 10, 'rainbow': 10, 'css': 10, 'python': 10, 'javascript': 10, 'shell': 10, 'php': 10, 'html': 10, 'c': 6, 'haskell': 2, 'lua': 2, 'java': 2, 'scheme': 2, 'coffeescript': 2, 'smalltalk': 2, 'd': 2, 'go': 2, 'r': 2, 'csharp': 2}
13 rainbow: 2.1.7    {'generic': 10, 'ruby': 10, 'rainbow': 10, 'css': 10, 'python': 10, 'javascript': 10, 'shell': 10, 'php': 10, 'html': 10, 'c': 6, 'haskell': 2, 'lua': 2, 'java': 2, 'scheme': 2, 'coffeescript': 2, 'smalltalk': 2, 'd': 2, 'go': 2, 'r': 2, 'csharp': 2}
15 overlayscrollbars: 2.0.0    {'overlayscrollbars': 53, 'jquery': 37}
15 overlayscrollbars: 2.0.0-beta.0    {'overlayscrollbars': 53, 'jquery': 37}
15 overlayscrollbars: 2.0.0-beta.1    {'overlayscrollbars': 53, 'jquery': 37}
15 overlayscrollbars: 2.0.0-beta.2    {'overlayscrollbars': 53, 'jquery': 37}
15 overlayscrollbars: 2.0.0-beta.3    {'overlayscrollbars': 53, 'jquery': 37}
15 overlayscrollbars: 2.0.1    {'overlayscrollbars': 53, 'jquery': 37}
29 canvg: 4.0.0    {'umd': 13, 'canvg': 6, 'rgbcolor': 5}
29 canvg: 4.0.1    {'umd': 13, 'canvg': 6, 'rgbcolor': 5}
30 json-schema-faker: 0.5.0    {'json-schema-faker': 41, 'nb_no': 23, 'en': 23, 'es': 23, 'ja': 23, 'zh_cn': 23, 'ge': 23, 'fa': 23, 'de_at': 23, 'en_bork': 23, 'ko': 23, 'uk': 23, 'es_mx': 23, 'sv': 23, 'en_ca': 23, 'en_ie': 23, 'de': 23, 'ru': 23, 'en_gb': 23, 'zh_tw': 23, 'tr': 23, 'pl': 23, 'en_us': 23, 'nep': 23, 'en_au': 23, 'it': 23, 'pt_br': 23, 'sk': 23, 'fr_ca': 23, 'de_ch': 23, 'nl': 23, 'en_au_ocker': 23, 'vi': 23, 'fr': 23, 'en_ind': 23, 'id_id': 16, 'index': 5, 'bundle': 5, 'cz': 3, 'az': 3, 'json-schema-faker-min': 1}
30 json-schema-faker: 0.5.0-rcv.25    {'json-schema-faker': 41, 'nb_no': 23, 'en': 23, 'es': 23, 'ja': 23, 'zh_cn': 23, 'ge': 23, 'fa': 23, 'de_at': 23, 'en_bork': 23, 'ko': 23, 'uk': 23, 'es_mx': 23, 'sv': 23, 'en_ca': 23, 'en_ie': 23, 'de': 23, 'ru': 23, 'en_gb': 23, 'zh_tw': 23, 'tr': 23, 'pl': 23, 'en_us': 23, 'nep': 23, 'en_au': 23, 'it': 23, 'pt_br': 23, 'sk': 23, 'fr_ca': 23, 'de_ch': 23, 'nl': 23, 'en_au_ocker': 23, 'vi': 23, 'fr': 23, 'en_ind': 23, 'id_id': 16, 'index': 5, 'bundle': 5, 'cz': 3, 'az': 3, 'json-schema-faker-min': 1}
30 json-schema-faker: 0.5.0-rcv.26    {'json-schema-faker': 41, 'nb_no': 23, 'en': 23, 'es': 23, 'ja': 23, 'zh_cn': 23, 'ge': 23, 'fa': 23, 'de_at': 23, 'en_bork': 23, 'ko': 23, 'uk': 23, 'es_mx': 23, 'sv': 23, 'en_ca': 23, 'en_ie': 23, 'de': 23, 'ru': 23, 'en_gb': 23, 'zh_tw': 23, 'tr': 23, 'pl': 23, 'en_us': 23, 'nep': 23, 'en_au': 23, 'it': 23, 'pt_br': 23, 'sk': 23, 'fr_ca': 23, 'de_ch': 23, 'nl': 23, 'en_au_ocker': 23, 'vi': 23, 'fr': 23, 'en_ind': 23, 'id_id': 16, 'index': 5, 'bundle': 5, 'cz': 3, 'az': 3, 'json-schema-faker-min': 1}
30 json-schema-faker: 0.5.0-rcv.27    {'json-schema-faker': 41, 'nb_no': 23, 'en': 23, 'es': 23, 'ja': 23, 'zh_cn': 23, 'ge': 23, 'fa': 23, 'de_at': 23, 'en_bork': 23, 'ko': 23, 'uk': 23, 'es_mx': 23, 'sv': 23, 'en_ca': 23, 'en_ie': 23, 'de': 23, 'ru': 23, 'en_gb': 23, 'zh_tw': 23, 'tr': 23, 'pl': 23, 'en_us': 23, 'nep': 23, 'en_au': 23, 'it': 23, 'pt_br': 23, 'sk': 23, 'fr_ca': 23, 'de_ch': 23, 'nl': 23, 'en_au_ocker': 23, 'vi': 23, 'fr': 23, 'en_ind': 23, 'id_id': 16, 'index': 5, 'bundle': 5, 'cz': 3, 'az': 3, 'json-schema-faker-min': 1}
30 json-schema-faker: 0.5.0-rcv.28    {'json-schema-faker': 41, 'nb_no': 23, 'en': 23, 'es': 23, 'ja': 23, 'zh_cn': 23, 'ge': 23, 'fa': 23, 'de_at': 23, 'en_bork': 23, 'ko': 23, 'uk': 23, 'es_mx': 23, 'sv': 23, 'en_ca': 23, 'en_ie': 23, 'de': 23, 'ru': 23, 'en_gb': 23, 'zh_tw': 23, 'tr': 23, 'pl': 23, 'en_us': 23, 'nep': 23, 'en_au': 23, 'it': 23, 'pt_br': 23, 'sk': 23, 'fr_ca': 23, 'de_ch': 23, 'nl': 23, 'en_au_ocker': 23, 'vi': 23, 'fr': 23, 'en_ind': 23, 'id_id': 16, 'index': 5, 'bundle': 5, 'cz': 3, 'az': 3, 'json-schema-faker-min': 1}
30 json-schema-faker: 0.5.0-rcv.29    {'json-schema-faker': 41, 'nb_no': 23, 'en': 23, 'es': 23, 'ja': 23, 'zh_cn': 23, 'ge': 23, 'fa': 23, 'de_at': 23, 'en_bork': 23, 'ko': 23, 'uk': 23, 'es_mx': 23, 'sv': 23, 'en_ca': 23, 'en_ie': 23, 'de': 23, 'ru': 23, 'en_gb': 23, 'zh_tw': 23, 'tr': 23, 'pl': 23, 'en_us': 23, 'nep': 23, 'en_au': 23, 'it': 23, 'pt_br': 23, 'sk': 23, 'fr_ca': 23, 'de_ch': 23, 'nl': 23, 'en_au_ocker': 23, 'vi': 23, 'fr': 23, 'en_ind': 23, 'id_id': 16, 'index': 5, 'bundle': 5, 'cz': 3, 'az': 3, 'json-schema-faker-min': 1}
30 json-schema-faker: 0.5.0-rcv.30    {'json-schema-faker': 41, 'nb_no': 23, 'en': 23, 'es': 23, 'ja': 23, 'zh_cn': 23, 'ge': 23, 'fa': 23, 'de_at': 23, 'en_bork': 23, 'ko': 23, 'uk': 23, 'es_mx': 23, 'sv': 23, 'en_ca': 23, 'en_ie': 23, 'de': 23, 'ru': 23, 'en_gb': 23, 'zh_tw': 23, 'tr': 23, 'pl': 23, 'en_us': 23, 'nep': 23, 'en_au': 23, 'it': 23, 'pt_br': 23, 'sk': 23, 'fr_ca': 23, 'de_ch': 23, 'nl': 23, 'en_au_ocker': 23, 'vi': 23, 'fr': 23, 'en_ind': 23, 'id_id': 16, 'index': 5, 'bundle': 5, 'cz': 3, 'az': 3, 'json-schema-faker-min': 1}
30 json-schema-faker: 0.5.0-rcv.31    {'json-schema-faker': 41, 'nb_no': 23, 'en': 23, 'es': 23, 'ja': 23, 'zh_cn': 23, 'ge': 23, 'fa': 23, 'de_at': 23, 'en_bork': 23, 'ko': 23, 'uk': 23, 'es_mx': 23, 'sv': 23, 'en_ca': 23, 'en_ie': 23, 'de': 23, 'ru': 23, 'en_gb': 23, 'zh_tw': 23, 'tr': 23, 'pl': 23, 'en_us': 23, 'nep': 23, 'en_au': 23, 'it': 23, 'pt_br': 23, 'sk': 23, 'fr_ca': 23, 'de_ch': 23, 'nl': 23, 'en_au_ocker': 23, 'vi': 23, 'fr': 23, 'en_ind': 23, 'id_id': 16, 'index': 5, 'bundle': 5, 'cz': 3, 'az': 3, 'json-schema-faker-min': 1}
30 json-schema-faker: 0.5.0-rcv.32    {'json-schema-faker': 41, 'nb_no': 23, 'en': 23, 'es': 23, 'ja': 23, 'zh_cn': 23, 'ge': 23, 'fa': 23, 'de_at': 23, 'en_bork': 23, 'ko': 23, 'uk': 23, 'es_mx': 23, 'sv': 23, 'en_ca': 23, 'en_ie': 23, 'de': 23, 'ru': 23, 'en_gb': 23, 'zh_tw': 23, 'tr': 23, 'pl': 23, 'en_us': 23, 'nep': 23, 'en_au': 23, 'it': 23, 'pt_br': 23, 'sk': 23, 'fr_ca': 23, 'de_ch': 23, 'nl': 23, 'en_au_ocker': 23, 'vi': 23, 'fr': 23, 'en_ind': 23, 'id_id': 16, 'index': 5, 'bundle': 5, 'cz': 3, 'az': 3, 'json-schema-faker-min': 1}
30 json-schema-faker: 0.5.0-rcv.33    {'json-schema-faker': 41, 'nb_no': 23, 'en': 23, 'es': 23, 'ja': 23, 'zh_cn': 23, 'ge': 23, 'fa': 23, 'de_at': 23, 'en_bork': 23, 'ko': 23, 'uk': 23, 'es_mx': 23, 'sv': 23, 'en_ca': 23, 'en_ie': 23, 'de': 23, 'ru': 23, 'en_gb': 23, 'zh_tw': 23, 'tr': 23, 'pl': 23, 'en_us': 23, 'nep': 23, 'en_au': 23, 'it': 23, 'pt_br': 23, 'sk': 23, 'fr_ca': 23, 'de_ch': 23, 'nl': 23, 'en_au_ocker': 23, 'vi': 23, 'fr': 23, 'en_ind': 23, 'id_id': 16, 'index': 5, 'bundle': 5, 'cz': 3, 'az': 3, 'json-schema-faker-min': 1}
30 json-schema-faker: 0.5.0-rcv.34    {'json-schema-faker': 41, 'nb_no': 23, 'en': 23, 'es': 23, 'ja': 23, 'zh_cn': 23, 'ge': 23, 'fa': 23, 'de_at': 23, 'en_bork': 23, 'ko': 23, 'uk': 23, 'es_mx': 23, 'sv': 23, 'en_ca': 23, 'en_ie': 23, 'de': 23, 'ru': 23, 'en_gb': 23, 'zh_tw': 23, 'tr': 23, 'pl': 23, 'en_us': 23, 'nep': 23, 'en_au': 23, 'it': 23, 'pt_br': 23, 'sk': 23, 'fr_ca': 23, 'de_ch': 23, 'nl': 23, 'en_au_ocker': 23, 'vi': 23, 'fr': 23, 'en_ind': 23, 'id_id': 16, 'index': 5, 'bundle': 5, 'cz': 3, 'az': 3, 'json-schema-faker-min': 1}
30 json-schema-faker: 0.5.0-rcv.35    {'json-schema-faker': 41, 'nb_no': 23, 'en': 23, 'es': 23, 'ja': 23, 'zh_cn': 23, 'ge': 23, 'fa': 23, 'de_at': 23, 'en_bork': 23, 'ko': 23, 'uk': 23, 'es_mx': 23, 'sv': 23, 'en_ca': 23, 'en_ie': 23, 'de': 23, 'ru': 23, 'en_gb': 23, 'zh_tw': 23, 'tr': 23, 'pl': 23, 'en_us': 23, 'nep': 23, 'en_au': 23, 'it': 23, 'pt_br': 23, 'sk': 23, 'fr_ca': 23, 'de_ch': 23, 'nl': 23, 'en_au_ocker': 23, 'vi': 23, 'fr': 23, 'en_ind': 23, 'id_id': 16, 'index': 5, 'bundle': 5, 'cz': 3, 'az': 3, 'json-schema-faker-min': 1}
30 json-schema-faker: 0.5.0-rcv.36    {'json-schema-faker': 41, 'nb_no': 23, 'en': 23, 'es': 23, 'ja': 23, 'zh_cn': 23, 'ge': 23, 'fa': 23, 'de_at': 23, 'en_bork': 23, 'ko': 23, 'uk': 23, 'es_mx': 23, 'sv': 23, 'en_ca': 23, 'en_ie': 23, 'de': 23, 'ru': 23, 'en_gb': 23, 'zh_tw': 23, 'tr': 23, 'pl': 23, 'en_us': 23, 'nep': 23, 'en_au': 23, 'it': 23, 'pt_br': 23, 'sk': 23, 'fr_ca': 23, 'de_ch': 23, 'nl': 23, 'en_au_ocker': 23, 'vi': 23, 'fr': 23, 'en_ind': 23, 'id_id': 16, 'index': 5, 'bundle': 5, 'cz': 3, 'az': 3, 'json-schema-faker-min': 1}
30 json-schema-faker: 0.5.0-rcv.37    {'json-schema-faker': 41, 'nb_no': 23, 'en': 23, 'es': 23, 'ja': 23, 'zh_cn': 23, 'ge': 23, 'fa': 23, 'de_at': 23, 'en_bork': 23, 'ko': 23, 'uk': 23, 'es_mx': 23, 'sv': 23, 'en_ca': 23, 'en_ie': 23, 'de': 23, 'ru': 23, 'en_gb': 23, 'zh_tw': 23, 'tr': 23, 'pl': 23, 'en_us': 23, 'nep': 23, 'en_au': 23, 'it': 23, 'pt_br': 23, 'sk': 23, 'fr_ca': 23, 'de_ch': 23, 'nl': 23, 'en_au_ocker': 23, 'vi': 23, 'fr': 23, 'en_ind': 23, 'id_id': 16, 'index': 5, 'bundle': 5, 'cz': 3, 'az': 3, 'json-schema-faker-min': 1}
30 json-schema-faker: 0.5.0-rcv.38    {'json-schema-faker': 41, 'nb_no': 23, 'en': 23, 'es': 23, 'ja': 23, 'zh_cn': 23, 'ge': 23, 'fa': 23, 'de_at': 23, 'en_bork': 23, 'ko': 23, 'uk': 23, 'es_mx': 23, 'sv': 23, 'en_ca': 23, 'en_ie': 23, 'de': 23, 'ru': 23, 'en_gb': 23, 'zh_tw': 23, 'tr': 23, 'pl': 23, 'en_us': 23, 'nep': 23, 'en_au': 23, 'it': 23, 'pt_br': 23, 'sk': 23, 'fr_ca': 23, 'de_ch': 23, 'nl': 23, 'en_au_ocker': 23, 'vi': 23, 'fr': 23, 'en_ind': 23, 'id_id': 16, 'index': 5, 'bundle': 5, 'cz': 3, 'az': 3, 'json-schema-faker-min': 1}
30 json-schema-faker: 0.5.0-rcv.39    {'json-schema-faker': 41, 'nb_no': 23, 'en': 23, 'es': 23, 'ja': 23, 'zh_cn': 23, 'ge': 23, 'fa': 23, 'de_at': 23, 'en_bork': 23, 'ko': 23, 'uk': 23, 'es_mx': 23, 'sv': 23, 'en_ca': 23, 'en_ie': 23, 'de': 23, 'ru': 23, 'en_gb': 23, 'zh_tw': 23, 'tr': 23, 'pl': 23, 'en_us': 23, 'nep': 23, 'en_au': 23, 'it': 23, 'pt_br': 23, 'sk': 23, 'fr_ca': 23, 'de_ch': 23, 'nl': 23, 'en_au_ocker': 23, 'vi': 23, 'fr': 23, 'en_ind': 23, 'id_id': 16, 'index': 5, 'bundle': 5, 'cz': 3, 'az': 3, 'json-schema-faker-min': 1}
30 json-schema-faker: 0.5.0-rcv.40    {'json-schema-faker': 41, 'nb_no': 23, 'en': 23, 'es': 23, 'ja': 23, 'zh_cn': 23, 'ge': 23, 'fa': 23, 'de_at': 23, 'en_bork': 23, 'ko': 23, 'uk': 23, 'es_mx': 23, 'sv': 23, 'en_ca': 23, 'en_ie': 23, 'de': 23, 'ru': 23, 'en_gb': 23, 'zh_tw': 23, 'tr': 23, 'pl': 23, 'en_us': 23, 'nep': 23, 'en_au': 23, 'it': 23, 'pt_br': 23, 'sk': 23, 'fr_ca': 23, 'de_ch': 23, 'nl': 23, 'en_au_ocker': 23, 'vi': 23, 'fr': 23, 'en_ind': 23, 'id_id': 16, 'index': 5, 'bundle': 5, 'cz': 3, 'az': 3, 'json-schema-faker-min': 1}
30 json-schema-faker: 0.5.0-rcv.41    {'json-schema-faker': 41, 'nb_no': 23, 'en': 23, 'es': 23, 'ja': 23, 'zh_cn': 23, 'ge': 23, 'fa': 23, 'de_at': 23, 'en_bork': 23, 'ko': 23, 'uk': 23, 'es_mx': 23, 'sv': 23, 'en_ca': 23, 'en_ie': 23, 'de': 23, 'ru': 23, 'en_gb': 23, 'zh_tw': 23, 'tr': 23, 'pl': 23, 'en_us': 23, 'nep': 23, 'en_au': 23, 'it': 23, 'pt_br': 23, 'sk': 23, 'fr_ca': 23, 'de_ch': 23, 'nl': 23, 'en_au_ocker': 23, 'vi': 23, 'fr': 23, 'en_ind': 23, 'id_id': 16, 'index': 5, 'bundle': 5, 'cz': 3, 'az': 3, 'json-schema-faker-min': 1}
30 json-schema-faker: 0.5.0-rcv.42    {'json-schema-faker': 41, 'nb_no': 23, 'en': 23, 'es': 23, 'ja': 23, 'zh_cn': 23, 'ge': 23, 'fa': 23, 'de_at': 23, 'en_bork': 23, 'ko': 23, 'uk': 23, 'es_mx': 23, 'sv': 23, 'en_ca': 23, 'en_ie': 23, 'de': 23, 'ru': 23, 'en_gb': 23, 'zh_tw': 23, 'tr': 23, 'pl': 23, 'en_us': 23, 'nep': 23, 'en_au': 23, 'it': 23, 'pt_br': 23, 'sk': 23, 'fr_ca': 23, 'de_ch': 23, 'nl': 23, 'en_au_ocker': 23, 'vi': 23, 'fr': 23, 'en_ind': 23, 'id_id': 16, 'index': 5, 'bundle': 5, 'cz': 3, 'az': 3, 'json-schema-faker-min': 1}
30 json-schema-faker: 0.5.0-rcv.43    {'json-schema-faker': 41, 'nb_no': 23, 'en': 23, 'es': 23, 'ja': 23, 'zh_cn': 23, 'ge': 23, 'fa': 23, 'de_at': 23, 'en_bork': 23, 'ko': 23, 'uk': 23, 'es_mx': 23, 'sv': 23, 'en_ca': 23, 'en_ie': 23, 'de': 23, 'ru': 23, 'en_gb': 23, 'zh_tw': 23, 'tr': 23, 'pl': 23, 'en_us': 23, 'nep': 23, 'en_au': 23, 'it': 23, 'pt_br': 23, 'sk': 23, 'fr_ca': 23, 'de_ch': 23, 'nl': 23, 'en_au_ocker': 23, 'vi': 23, 'fr': 23, 'en_ind': 23, 'id_id': 16, 'index': 5, 'bundle': 5, 'cz': 3, 'az': 3, 'json-schema-faker-min': 1}
30 json-schema-faker: 0.5.0-rcv.44    {'json-schema-faker': 41, 'nb_no': 23, 'en': 23, 'es': 23, 'ja': 23, 'zh_cn': 23, 'ge': 23, 'fa': 23, 'de_at': 23, 'en_bork': 23, 'ko': 23, 'uk': 23, 'es_mx': 23, 'sv': 23, 'en_ca': 23, 'en_ie': 23, 'de': 23, 'ru': 23, 'en_gb': 23, 'zh_tw': 23, 'tr': 23, 'pl': 23, 'en_us': 23, 'nep': 23, 'en_au': 23, 'it': 23, 'pt_br': 23, 'sk': 23, 'fr_ca': 23, 'de_ch': 23, 'nl': 23, 'en_au_ocker': 23, 'vi': 23, 'fr': 23, 'en_ind': 23, 'id_id': 16, 'index': 5, 'bundle': 5, 'cz': 3, 'az': 3, 'json-schema-faker-min': 1}
30 json-schema-faker: 0.5.0-rcv.45    {'json-schema-faker': 41, 'nb_no': 23, 'en': 23, 'es': 23, 'ja': 23, 'zh_cn': 23, 'ge': 23, 'fa': 23, 'de_at': 23, 'en_bork': 23, 'ko': 23, 'uk': 23, 'es_mx': 23, 'sv': 23, 'en_ca': 23, 'en_ie': 23, 'de': 23, 'ru': 23, 'en_gb': 23, 'zh_tw': 23, 'tr': 23, 'pl': 23, 'en_us': 23, 'nep': 23, 'en_au': 23, 'it': 23, 'pt_br': 23, 'sk': 23, 'fr_ca': 23, 'de_ch': 23, 'nl': 23, 'en_au_ocker': 23, 'vi': 23, 'fr': 23, 'en_ind': 23, 'id_id': 16, 'index': 5, 'bundle': 5, 'cz': 3, 'az': 3, 'json-schema-faker-min': 1}
30 json-schema-faker: 0.5.0-rcv.46    {'json-schema-faker': 41, 'nb_no': 23, 'en': 23, 'es': 23, 'ja': 23, 'zh_cn': 23, 'ge': 23, 'fa': 23, 'de_at': 23, 'en_bork': 23, 'ko': 23, 'uk': 23, 'es_mx': 23, 'sv': 23, 'en_ca': 23, 'en_ie': 23, 'de': 23, 'ru': 23, 'en_gb': 23, 'zh_tw': 23, 'tr': 23, 'pl': 23, 'en_us': 23, 'nep': 23, 'en_au': 23, 'it': 23, 'pt_br': 23, 'sk': 23, 'fr_ca': 23, 'de_ch': 23, 'nl': 23, 'en_au_ocker': 23, 'vi': 23, 'fr': 23, 'en_ind': 23, 'id_id': 16, 'index': 5, 'bundle': 5, 'cz': 3, 'az': 3, 'json-schema-faker-min': 1}
30 json-schema-faker: 0.5.1    {'json-schema-faker': 41, 'nb_no': 23, 'en': 23, 'es': 23, 'ja': 23, 'zh_cn': 23, 'ge': 23, 'fa': 23, 'de_at': 23, 'en_bork': 23, 'ko': 23, 'uk': 23, 'es_mx': 23, 'sv': 23, 'en_ca': 23, 'en_ie': 23, 'de': 23, 'ru': 23, 'en_gb': 23, 'zh_tw': 23, 'tr': 23, 'pl': 23, 'en_us': 23, 'nep': 23, 'en_au': 23, 'it': 23, 'pt_br': 23, 'sk': 23, 'fr_ca': 23, 'de_ch': 23, 'nl': 23, 'en_au_ocker': 23, 'vi': 23, 'fr': 23, 'en_ind': 23, 'id_id': 16, 'index': 5, 'bundle': 5, 'cz': 3, 'az': 3, 'json-schema-faker-min': 1}
30 json-schema-faker: 0.5.2    {'json-schema-faker': 41, 'nb_no': 23, 'en': 23, 'es': 23, 'ja': 23, 'zh_cn': 23, 'ge': 23, 'fa': 23, 'de_at': 23, 'en_bork': 23, 'ko': 23, 'uk': 23, 'es_mx': 23, 'sv': 23, 'en_ca': 23, 'en_ie': 23, 'de': 23, 'ru': 23, 'en_gb': 23, 'zh_tw': 23, 'tr': 23, 'pl': 23, 'en_us': 23, 'nep': 23, 'en_au': 23, 'it': 23, 'pt_br': 23, 'sk': 23, 'fr_ca': 23, 'de_ch': 23, 'nl': 23, 'en_au_ocker': 23, 'vi': 23, 'fr': 23, 'en_ind': 23, 'id_id': 16, 'index': 5, 'bundle': 5, 'cz': 3, 'az': 3, 'json-schema-faker-min': 1}
30 json-schema-faker: 0.5.3    {'json-schema-faker': 41, 'nb_no': 23, 'en': 23, 'es': 23, 'ja': 23, 'zh_cn': 23, 'ge': 23, 'fa': 23, 'de_at': 23, 'en_bork': 23, 'ko': 23, 'uk': 23, 'es_mx': 23, 'sv': 23, 'en_ca': 23, 'en_ie': 23, 'de': 23, 'ru': 23, 'en_gb': 23, 'zh_tw': 23, 'tr': 23, 'pl': 23, 'en_us': 23, 'nep': 23, 'en_au': 23, 'it': 23, 'pt_br': 23, 'sk': 23, 'fr_ca': 23, 'de_ch': 23, 'nl': 23, 'en_au_ocker': 23, 'vi': 23, 'fr': 23, 'en_ind': 23, 'id_id': 16, 'index': 5, 'bundle': 5, 'cz': 3, 'az': 3, 'json-schema-faker-min': 1}
30 json-schema-faker: 0.5.4    {'json-schema-faker': 41, 'nb_no': 23, 'en': 23, 'es': 23, 'ja': 23, 'zh_cn': 23, 'ge': 23, 'fa': 23, 'de_at': 23, 'en_bork': 23, 'ko': 23, 'uk': 23, 'es_mx': 23, 'sv': 23, 'en_ca': 23, 'en_ie': 23, 'de': 23, 'ru': 23, 'en_gb': 23, 'zh_tw': 23, 'tr': 23, 'pl': 23, 'en_us': 23, 'nep': 23, 'en_au': 23, 'it': 23, 'pt_br': 23, 'sk': 23, 'fr_ca': 23, 'de_ch': 23, 'nl': 23, 'en_au_ocker': 23, 'vi': 23, 'fr': 23, 'en_ind': 23, 'id_id': 16, 'index': 5, 'bundle': 5, 'cz': 3, 'az': 3, 'json-schema-faker-min': 1}
34 xregexp: 4.0.0    {'xregexp-all': 5, 'unicode-blocks': 1, 'unicode-properties': 1, 'unicode-scripts': 1, 'backcompat': 1, 'unicode-base': 1, 'xregexp': 1, 'unicode-categories': 1, 'xregexp-min': 1, 'prototypes': 1, 'matchrecursive': 1, 'build': 1, 'xregexp-all-min': 1}
34 xregexp: 4.1.0    {'xregexp-all': 5, 'unicode-blocks': 1, 'unicode-properties': 1, 'unicode-scripts': 1, 'backcompat': 1, 'unicode-base': 1, 'xregexp': 1, 'unicode-categories': 1, 'xregexp-min': 1, 'prototypes': 1, 'matchrecursive': 1, 'build': 1, 'xregexp-all-min': 1}
34 xregexp: 4.1.1    {'xregexp-all': 5, 'unicode-blocks': 1, 'unicode-properties': 1, 'unicode-scripts': 1, 'backcompat': 1, 'unicode-base': 1, 'xregexp': 1, 'unicode-categories': 1, 'xregexp-min': 1, 'prototypes': 1, 'matchrecursive': 1, 'build': 1, 'xregexp-all-min': 1}
34 xregexp: 4.2.0    {'xregexp-all': 5, 'unicode-blocks': 1, 'unicode-properties': 1, 'unicode-scripts': 1, 'backcompat': 1, 'unicode-base': 1, 'xregexp': 1, 'unicode-categories': 1, 'xregexp-min': 1, 'prototypes': 1, 'matchrecursive': 1, 'build': 1, 'xregexp-all-min': 1}
34 xregexp: 4.2.1    {'xregexp-all': 5, 'unicode-blocks': 1, 'unicode-properties': 1, 'unicode-scripts': 1, 'backcompat': 1, 'unicode-base': 1, 'xregexp': 1, 'unicode-categories': 1, 'xregexp-min': 1, 'prototypes': 1, 'matchrecursive': 1, 'build': 1, 'xregexp-all-min': 1}
34 xregexp: 4.2.2    {'xregexp-all': 5, 'unicode-blocks': 1, 'unicode-properties': 1, 'unicode-scripts': 1, 'backcompat': 1, 'unicode-base': 1, 'xregexp': 1, 'unicode-categories': 1, 'xregexp-min': 1, 'prototypes': 1, 'matchrecursive': 1, 'build': 1, 'xregexp-all-min': 1}
34 xregexp: 4.2.3    {'xregexp-all': 5, 'unicode-blocks': 1, 'unicode-properties': 1, 'unicode-scripts': 1, 'backcompat': 1, 'unicode-base': 1, 'xregexp': 1, 'unicode-categories': 1, 'xregexp-min': 1, 'prototypes': 1, 'matchrecursive': 1, 'build': 1, 'xregexp-all-min': 1}
34 xregexp: 4.2.4    {'xregexp-all': 5, 'unicode-blocks': 1, 'unicode-properties': 1, 'unicode-scripts': 1, 'backcompat': 1, 'unicode-base': 1, 'xregexp': 1, 'unicode-categories': 1, 'xregexp-min': 1, 'prototypes': 1, 'matchrecursive': 1, 'build': 1, 'xregexp-all-min': 1}
34 xregexp: 4.3.0    {'xregexp-all': 5, 'unicode-blocks': 1, 'unicode-properties': 1, 'unicode-scripts': 1, 'backcompat': 1, 'unicode-base': 1, 'xregexp': 1, 'unicode-categories': 1, 'xregexp-min': 1, 'prototypes': 1, 'matchrecursive': 1, 'build': 1, 'xregexp-all-min': 1}
34 xregexp: 4.4.0    {'xregexp-all': 5, 'unicode-blocks': 1, 'unicode-properties': 1, 'unicode-scripts': 1, 'backcompat': 1, 'unicode-base': 1, 'xregexp': 1, 'unicode-categories': 1, 'xregexp-min': 1, 'prototypes': 1, 'matchrecursive': 1, 'build': 1, 'xregexp-all-min': 1}
34 xregexp: 4.4.1    {'xregexp-all': 5, 'unicode-blocks': 1, 'unicode-properties': 1, 'unicode-scripts': 1, 'backcompat': 1, 'unicode-base': 1, 'xregexp': 1, 'unicode-categories': 1, 'xregexp-min': 1, 'prototypes': 1, 'matchrecursive': 1, 'build': 1, 'xregexp-all-min': 1}
34 xregexp: 5.0.0    {'xregexp-all': 5, 'unicode-blocks': 1, 'unicode-properties': 1, 'unicode-scripts': 1, 'backcompat': 1, 'unicode-base': 1, 'xregexp': 1, 'unicode-categories': 1, 'xregexp-min': 1, 'prototypes': 1, 'matchrecursive': 1, 'build': 1, 'xregexp-all-min': 1}
34 xregexp: 5.0.1    {'xregexp-all': 5, 'unicode-blocks': 1, 'unicode-properties': 1, 'unicode-scripts': 1, 'backcompat': 1, 'unicode-base': 1, 'xregexp': 1, 'unicode-categories': 1, 'xregexp-min': 1, 'prototypes': 1, 'matchrecursive': 1, 'build': 1, 'xregexp-all-min': 1}
34 xregexp: 5.0.2    {'xregexp-all': 5, 'unicode-blocks': 1, 'unicode-properties': 1, 'unicode-scripts': 1, 'backcompat': 1, 'unicode-base': 1, 'xregexp': 1, 'unicode-categories': 1, 'xregexp-min': 1, 'prototypes': 1, 'matchrecursive': 1, 'build': 1, 'xregexp-all-min': 1}
34 xregexp: 5.1.0    {'xregexp-all': 5, 'unicode-blocks': 1, 'unicode-properties': 1, 'unicode-scripts': 1, 'backcompat': 1, 'unicode-base': 1, 'xregexp': 1, 'unicode-categories': 1, 'xregexp-min': 1, 'prototypes': 1, 'matchrecursive': 1, 'build': 1, 'xregexp-all-min': 1}
34 xregexp: 5.1.1    {'xregexp-all': 5, 'unicode-blocks': 1, 'unicode-properties': 1, 'unicode-scripts': 1, 'backcompat': 1, 'unicode-base': 1, 'xregexp': 1, 'unicode-categories': 1, 'xregexp-min': 1, 'prototypes': 1, 'matchrecursive': 1, 'build': 1, 'xregexp-all-min': 1}
37 cuid: 2.0.1    {'browser-cuid': 18}
37 cuid: 2.0.2    {'browser-cuid': 18}
37 cuid: 2.1.0    {'browser-cuid': 18}
37 cuid: 2.1.1    {'browser-cuid': 18}
37 cuid: 2.1.2    {'browser-cuid': 18}
37 cuid: 2.1.3    {'browser-cuid': 18}
37 cuid: 2.1.4    {'browser-cuid': 18}
37 cuid: 2.1.5    {'browser-cuid': 18}
37 cuid: 2.1.6    {'browser-cuid': 18}
37 cuid: 2.1.8    {'browser-cuid': 18}
37 cuid: 3.0.0    {'browser-cuid': 18}
40 startbootstrap-sb-admin: 6.0.1    {'sb-admin': 8, 'sb-admin-datatables': 2, 'sb-admin-charts': 2, 'jquery': 1, 'bootstrap': 1}
40 startbootstrap-sb-admin: 6.0.2    {'sb-admin': 8, 'sb-admin-datatables': 2, 'sb-admin-charts': 2, 'jquery': 1, 'bootstrap': 1}
40 startbootstrap-sb-admin: 6.0.3    {'sb-admin': 8, 'sb-admin-datatables': 2, 'sb-admin-charts': 2, 'jquery': 1, 'bootstrap': 1}
40 startbootstrap-sb-admin: 7.0.0    {'sb-admin': 8, 'sb-admin-datatables': 2, 'sb-admin-charts': 2, 'jquery': 1, 'bootstrap': 1}
40 startbootstrap-sb-admin: 7.0.1    {'sb-admin': 8, 'sb-admin-datatables': 2, 'sb-admin-charts': 2, 'jquery': 1, 'bootstrap': 1}
40 startbootstrap-sb-admin: 7.0.2    {'sb-admin': 8, 'sb-admin-datatables': 2, 'sb-admin-charts': 2, 'jquery': 1, 'bootstrap': 1}
40 startbootstrap-sb-admin: 7.0.3    {'sb-admin': 8, 'sb-admin-datatables': 2, 'sb-admin-charts': 2, 'jquery': 1, 'bootstrap': 1}
40 startbootstrap-sb-admin: 7.0.4    {'sb-admin': 8, 'sb-admin-datatables': 2, 'sb-admin-charts': 2, 'jquery': 1, 'bootstrap': 1}
40 startbootstrap-sb-admin: 7.0.5    {'sb-admin': 8, 'sb-admin-datatables': 2, 'sb-admin-charts': 2, 'jquery': 1, 'bootstrap': 1}
40 startbootstrap-sb-admin: 7.0.6    {'sb-admin': 8, 'sb-admin-datatables': 2, 'sb-admin-charts': 2, 'jquery': 1, 'bootstrap': 1}
40 startbootstrap-sb-admin: 7.0.7    {'sb-admin': 8, 'sb-admin-datatables': 2, 'sb-admin-charts': 2, 'jquery': 1, 'bootstrap': 1}
50 stampit: 4.0.1    {'stampit': 34}
50 stampit: 4.0.2    {'stampit': 34}
50 stampit: 4.1.0    {'stampit': 34}
50 stampit: 4.1.1    {'stampit': 34}
50 stampit: 4.1.2    {'stampit': 34}
50 stampit: 4.2.0    {'stampit': 34}
50 stampit: 4.3.0    {'stampit': 34}
50 stampit: 4.3.1    {'stampit': 34}
50 stampit: 4.3.2    {'stampit': 34}
53 FrozenUI: 1.0.0    {'zepto': 1, 'frozen': 1}
53 FrozenUI: 1.1.0    {'zepto': 1, 'frozen': 1}
53 FrozenUI: 1.1.1    {'zepto': 1, 'frozen': 1}
53 FrozenUI: 1.2.0    {'zepto': 1, 'frozen': 1}
53 FrozenUI: 1.2.1    {'zepto': 1, 'frozen': 1}
53 FrozenUI: 1.2.2    {'zepto': 1, 'frozen': 1}
59 peaks.js: 0.27.0    {'peaks': 55}
59 peaks.js: 0.28.0    {'peaks': 55}
59 peaks.js: 0.28.1    {'peaks': 55}
59 peaks.js: 1.0.0    {'peaks': 55}
59 peaks.js: 1.1.0    {'peaks': 55}
59 peaks.js: 2.0.0    {'peaks': 55}
59 peaks.js: 2.0.1    {'peaks': 55}
59 peaks.js: 2.0.2    {'peaks': 55}
59 peaks.js: 2.0.3    {'peaks': 55}
59 peaks.js: 2.0.4    {'peaks': 55}
59 peaks.js: 2.0.5    {'peaks': 55}
59 peaks.js: 2.0.6    {'peaks': 55}
59 peaks.js: 2.1.0    {'peaks': 55}
59 peaks.js: 3.0.0    {'peaks': 55}
59 peaks.js: 3.0.0-beta.0    {'peaks': 55}
59 peaks.js: 3.0.0-beta.1    {'peaks': 55}
59 peaks.js: 3.0.0-beta.10    {'peaks': 55}
59 peaks.js: 3.0.0-beta.11    {'peaks': 55}
59 peaks.js: 3.0.0-beta.12    {'peaks': 55}
59 peaks.js: 3.0.0-beta.13    {'peaks': 55}
59 peaks.js: 3.0.0-beta.2    {'peaks': 55}
59 peaks.js: 3.0.0-beta.3    {'peaks': 55}
59 peaks.js: 3.0.0-beta.4    {'peaks': 55}
59 peaks.js: 3.0.0-beta.5    {'peaks': 55}
59 peaks.js: 3.0.0-beta.6    {'peaks': 55}
59 peaks.js: 3.0.0-beta.7    {'peaks': 55}
59 peaks.js: 3.0.0-beta.8    {'peaks': 55}
59 peaks.js: 3.0.0-beta.9    {'peaks': 55}
59 peaks.js: 3.1.0    {'peaks': 55}
59 peaks.js: 3.2.0    {'peaks': 55}
59 peaks.js: 3.2.1    {'peaks': 55}
60 ngInfiniteScroll: 1.3.1    {'ng-infinite-scroll': 10}
60 ngInfiniteScroll: 1.3.2    {'ng-infinite-scroll': 10}
60 ngInfiniteScroll: 1.3.3    {'ng-infinite-scroll': 10}
60 ngInfiniteScroll: 1.3.4    {'ng-infinite-scroll': 10}
78 Halfmoon: 2.0.0    {'halfmoon': 7, 'halfmoon-module': 2}
78 Halfmoon: 2.0.1    {'halfmoon': 7, 'halfmoon-module': 2}
81 rome: 0.3.3    {'rome': 89, 'ripe-date': 4}
81 rome: 2.1.7    {'rome': 89, 'ripe-date': 4}
86 mini.css: 1.0.0    {}
86 mini.css: 1.0.1    {}
86 mini.css: 1.0.2    {}
86 mini.css: 1.1.0    {}
86 mini.css: 2.0.0    {}
86 mini.css: 2.0.1    {}
86 mini.css: 2.0.2    {}
86 mini.css: 2.1.0    {}
86 mini.css: 2.1.1    {}
86 mini.css: 2.1.2    {}
86 mini.css: 2.1.3    {}
86 mini.css: 2.1.4    {}
86 mini.css: 2.1.5    {}
86 mini.css: 2.2.0    {}
86 mini.css: 2.3.0    {}
86 mini.css: 2.3.1    {}
86 mini.css: 2.3.2    {}
86 mini.css: 2.3.3    {}
86 mini.css: 2.3.4    {}
86 mini.css: 2.3.5    {}
86 mini.css: 2.3.6    {}
86 mini.css: 2.3.7    {}
86 mini.css: 3.0.0    {}
86 mini.css: 3.0.0-alpha.1    {}
86 mini.css: 3.0.0-alpha.2    {}
86 mini.css: 3.0.1    {}
93 bootstrap-social: 4.0.2    {}
93 bootstrap-social: 4.0.3    {}
93 bootstrap-social: 4.0.4    {}
93 bootstrap-social: 4.0.5    {}
93 bootstrap-social: 4.0.6    {}
93 bootstrap-social: 4.1.0    {}
93 bootstrap-social: 4.1.1    {}
93 bootstrap-social: 4.10.0    {}
93 bootstrap-social: 4.10.1    {}
93 bootstrap-social: 4.11.0    {}
93 bootstrap-social: 4.12.0    {}
93 bootstrap-social: 4.2.0    {}
93 bootstrap-social: 4.2.1    {}
93 bootstrap-social: 4.3.0    {}
93 bootstrap-social: 4.4.0    {}
93 bootstrap-social: 4.5.0    {}
93 bootstrap-social: 4.5.1    {}
93 bootstrap-social: 4.6.0    {}
93 bootstrap-social: 4.6.1    {}
93 bootstrap-social: 4.7.0    {}
93 bootstrap-social: 4.8.0    {}
93 bootstrap-social: 4.9.0    {}
93 bootstrap-social: 4.9.1    {}
93 bootstrap-social: 4.9.2    {}
93 bootstrap-social: 5.0.0    {}
93 bootstrap-social: 5.1.0    {}
93 bootstrap-social: 5.1.1    {}
94 ng-table: 2.0.0    {'ng-table': 42}
94 ng-table: 2.0.1    {'ng-table': 42}
94 ng-table: 2.0.2    {'ng-table': 42}
94 ng-table: 2.1.0    {'ng-table': 42}
94 ng-table: 2.2.0    {'ng-table': 42}
94 ng-table: 3.0.0    {'ng-table': 42}
94 ng-table: 3.0.1    {'ng-table': 42}
94 ng-table: 3.1.0    {'ng-table': 42}
94 ng-table: 4.0.0    {'ng-table': 42}
96 plottable.js: .2.4.1    {'plottable': 190}
